 $$$$$$\$$\     $$\$$\      $$\$$$$$$$\  $$$$$$\ $$\      $$$$$$\ $$$$$$\
$$  __$$\$$\   $$  $$$\    $$$ $$  __$$\$$  __$$\$$ |     \_$$  _$$  __$$\
$$ /  \__\$$\ $$  /$$$$\  $$$$ $$ |  $$ $$ /  $$ $$ |       $$ | $$ /  \__|
\$$$$$$\  \$$$$  / $$\$$\$$ $$ $$$$$$$\ $$ |  $$ $$ |       $$ | $$ |
 \____$$\  \$$  /  $$ \$$$  $$ $$  __$$\$$ |  $$ $$ |       $$ | $$ |
$$\   $$ |  $$ |   $$ |\$  /$$ $$ |  $$ $$ |  $$ $$ |       $$ | $$ |  $$\
\$$$$$$  |  $$ |   $$ | \_/ $$ $$$$$$$  |$$$$$$  $$$$$$$$\$$$$$$\\$$$$$$  |
 \______/   \__|   \__|     \__\_______/ \______/\________\______|\______/

                               $$$$$$\ $$$$$$\
                              $$  __$$\\_$$  _|
                              $$ /  \__| $$ |
                              $$ |       $$ |
                              $$ |       $$ |
                              $$ |  $$\  $$ |
                              \$$$$$$  $$$$$$\
                               \______/\______|    


           #######################################################
           #                        -***-                        #
           #   Institute of Physical and Theoretical Chemistry   #
           #            Core code : Johannes Greiner             #
           #  Institut für Physikalische und Theoretische Chemie #
           #         Emil-Fischer-Straße 42, Hubland Nord        #
           #                  D-97074 Würzburg                   #
           #                       Germany                       #
           #                                                     #
           #                  All rights reserved                #
           #                        -***-                        #
           #######################################################

                   Program Version 0.2-97-gab9ab34-dirty

Multi-threading enabled. Program will use 20 threads.

--------------
Fragment: anth
--------------

Multiplicity        ...             1   
Charge              ...             0   
Number of Electrons ...            94   
Energy (Hartree)    ...  -1276.257469   
Number of Atoms     ...            24   
Number of Sites     ...             4   


---------
Aggregate
---------

Starting setting up Fragments
Finished setting up Fragments
Measured time:   0 hours  0 minutes  0 seconds  29 msec

Starting preparing aggregate orbitals
Finished preparing aggregate orbitals
Measured time:   0 hours  0 minutes  0 seconds  11 msec

Starting orthogonalization aggregate orbitals
Finished orthogonalization aggregate orbitals
Measured time:   0 hours  0 minutes  0 seconds 161 msec

Starting finalizing aggregate orbitals
Finished finalizing aggregate orbitals
Measured time:   0 hours  0 minutes  0 seconds  24 msec

Starting generating diabatic states
Finished generating diabatic states
Measured time:   0 hours  0 minutes  0 seconds   1 msec

Number of Sides           ...   20   
Number of Basis Functions ... 1230   
Number of Atoms           ...  120   
Dimension of Hamiltonian  ...  251   

Starting calculation of integrals
Finished calculation of integrals

-------
Timings
-------

Integral                   ...                                 Duration        %   
                           ...                                                     
Non Relativistic Integrals ...   0 hours  5 minutes 42 seconds 114 msec   100.0%   
Kinetic                    ...   0 hours  0 minutes  0 seconds  77 msec     0.0%   
Nuclear                    ...   0 hours  0 minutes  1 seconds 428 msec     0.4%   
Electron-Electron          ...   0 hours  5 minutes 40 seconds 483 msec    99.5%   
Dipoles                    ...   0 hours  0 minutes  0 seconds  74 msec     0.0%   
Electrostatic Potential    ...   0 hours  0 minutes  0 seconds   0 msec     0.0%   
QM-MM Potential            ...   0 hours  0 minutes  0 seconds  48 msec     0.0%   
Embedded Potential         ...   0 hours  0 minutes  0 seconds   2 msec     0.0%   

Starting processing state names
Finished processing state names
Measured time:   0 hours  0 minutes  0 seconds   1 msec

Starting building Hamiltonian
Finished building Hamiltonian
Measured time:   0 hours  0 minutes  0 seconds   0 msec

Starting adding correlation correction
Finished adding correlation correction
Measured time:   0 hours  0 minutes  0 seconds   0 msec

Starting writing Hamiltonian to disk
Finished writing Hamiltonian to disk
Measured time:   0 hours  0 minutes  0 seconds  36 msec

Starting diagonalizing Hamiltonian
Finished diagonalizing Hamiltonian
Measured time:   0 hours  0 minutes  0 seconds  19 msec


-----------------------
Adiabatic Wavefunctions
-----------------------

 Psi   0: E = -2689.2492 au  ΔE=     0.0000 au      0.000 eV        0.0 cm**-1
   E0E0E0E0E0 S2= 0.0 Sz= 0.0 P=0 :    99.5316 (c=-0.8490-0.5239i)
 Psi   1: E = -2689.1147 au  ΔE=     0.1345 au      3.661 eV    29524.3 cm**-1
   E0E0E1E0E0 S2= 0.0 Sz= 0.0 P=0 :    32.0436 (c= 0.5646+0.0405i)
   E0E1E0E0E0 S2= 0.0 Sz= 0.0 P=0 :    24.4471 (c= 0.4932+0.0354i)
   E0E0E0E1E0 S2= 0.0 Sz= 0.0 P=0 :    24.4403 (c= 0.4931+0.0354i)
   E1E0E0E0E0 S2= 0.0 Sz= 0.0 P=0 :    8.44093 (c= 0.2898+0.0208i)
   E0E0E0E0E1 S2= 0.0 Sz= 0.0 P=0 :    8.43778 (c= 0.2897+0.0208i)
 Psi   2: E = -2689.1123 au  ΔE=     0.1368 au      3.724 eV    30032.7 cm**-1
   E0E0E0E1E0 S2= 0.0 Sz= 0.0 P=0 :    25.1442 (c= 0.3023+0.4000i)
   E0E1E0E0E0 S2= 0.0 Sz= 0.0 P=0 :    25.1377 (c=-0.3023-0.4000i)
   E0E0E0E0E1 S2= 0.0 Sz= 0.0 P=0 :    24.0474 (c= 0.2957+0.3912i)
   E1E0E0E0E0 S2= 0.0 Sz= 0.0 P=0 :    24.0461 (c=-0.2957-0.3912i)
 Psi   3: E = -2689.1101 au  ΔE=     0.1391 au      3.785 eV    30529.0 cm**-1
   E0E0E1E0E0 S2= 0.0 Sz= 0.0 P=0 :     34.895 (c= 0.0237-0.5902i)
   E0E0E0E0E1 S2= 0.0 Sz= 0.0 P=0 :    32.0878 (c=-0.0228+0.5660i)
   E1E0E0E0E0 S2= 0.0 Sz= 0.0 P=0 :    32.0854 (c=-0.0228+0.5660i)
 Psi   4: E = -2689.1083 au  ΔE=     0.1408 au      3.833 eV    30912.5 cm**-1
   E1E0E0E0E0 S2= 0.0 Sz= 0.0 P=0 :    25.5183 (c=-0.4113+0.2934i)
   E0E0E0E0E1 S2= 0.0 Sz= 0.0 P=0 :    25.5181 (c= 0.4113-0.2934i)
   E0E1E0E0E0 S2= 0.0 Sz= 0.0 P=0 :     24.228 (c= 0.4007-0.2858i)
   E0E0E0E1E0 S2= 0.0 Sz= 0.0 P=0 :    24.2277 (c=-0.4007+0.2858i)
 Psi   5: E = -2689.1073 au  ΔE=     0.1419 au      3.861 eV    31141.6 cm**-1
   E0E0E1E0E0 S2= 0.0 Sz= 0.0 P=0 :    31.7643 (c= 0.4911+0.2766i)
   E0E0E0E1E0 S2= 0.0 Sz= 0.0 P=0 :    24.8996 (c=-0.4348-0.2449i)
   E0E1E0E0E0 S2= 0.0 Sz= 0.0 P=0 :    24.8978 (c=-0.4348-0.2448i)
   E0E0E0E0E1 S2= 0.0 Sz= 0.0 P=0 :    9.09586 (c= 0.2628+0.1480i)
   E1E0E0E0E0 S2= 0.0 Sz= 0.0 P=0 :    9.09552 (c= 0.2628+0.1480i)
 Psi   6: E = -2689.0640 au  ΔE=     0.1851 au      5.038 eV    40631.6 cm**-1
   E1-E0+E0E0E0 S2= 0.0 Sz= 0.0 P=0 :    94.1985 (c=-0.2457+0.9390i)
   E0E1-E0+E0E0 S2= 0.0 Sz= 0.0 P=0 :    2.47979 (c=-0.0399+0.1523i)
 Psi   7: E = -2689.0639 au  ΔE=     0.1853 au      5.042 eV    40666.4 cm**-1
   E0E0E0E0+E1- S2= 0.0 Sz= 0.0 P=0 :     97.271 (c= 0.8343-0.5260i)
 Psi   8: E = -2689.0632 au  ΔE=     0.1859 au      5.060 eV    40809.2 cm**-1
   E0E1-E0+E0E0 S2= 0.0 Sz= 0.0 P=0 :    68.6554 (c= 0.7063-0.4333i)
   E0E0E0+E1-E0 S2= 0.0 Sz= 0.0 P=0 :    13.1631 (c=-0.3093+0.1897i)
   E0E0E1-E0+E0 S2= 0.0 Sz= 0.0 P=0 :    7.61397 (c= 0.2352-0.1443i)
   E0E0+E1-E0E0 S2= 0.0 Sz= 0.0 P=0 :    4.54783 (c=-0.1818+0.1115i)
   E1-E0+E0E0E0 S2= 0.0 Sz= 0.0 P=0 :    3.02442 (c=-0.1482+0.0909i)
 Psi   9: E = -2689.0629 au  ΔE=     0.1863 au      5.069 eV    40882.9 cm**-1
   E0E0E0+E1-E0 S2= 0.0 Sz= 0.0 P=0 :    67.6796 (c= 0.3992+0.7194i)
   E0E1-E0+E0E0 S2= 0.0 Sz= 0.0 P=0 :    18.5076 (c= 0.2087+0.3762i)
   E0E0E1-E0+E0 S2= 0.0 Sz= 0.0 P=0 :     10.146 (c=-0.1545-0.2785i)
 Psi  10: E = -2689.0624 au  ΔE=     0.1868 au      5.083 eV    41000.6 cm**-1
   E0E0E1-E0+E0 S2= 0.0 Sz= 0.0 P=0 :      66.78 (c=-0.2061-0.7908i)
   E0E0E0+E1-E0 S2= 0.0 Sz= 0.0 P=0 :    14.4247 (c=-0.0958-0.3675i)
   E0E0+E1-E0E0 S2= 0.0 Sz= 0.0 P=0 :    12.0881 (c= 0.0877+0.3364i)
   E0E1-E0+E0E0 S2= 0.0 Sz= 0.0 P=0 :    4.16586 (c= 0.0515+0.1975i)
 Psi  11: E = -2689.0621 au  ΔE=     0.1871 au      5.091 eV    41059.7 cm**-1
   E0E0+E1-E0E0 S2= 0.0 Sz= 0.0 P=0 :    79.7257 (c= 0.5354-0.7146i)
   E0E0E1-E0+E0 S2= 0.0 Sz= 0.0 P=0 :    12.0272 (c= 0.2080-0.2775i)
   E0E1-E0+E0E0 S2= 0.0 Sz= 0.0 P=0 :    3.03394 (c= 0.1044-0.1394i)
   E0E0E0+E1-E0 S2= 0.0 Sz= 0.0 P=0 :    2.09287 (c= 0.0867-0.1158i)
 Psi  12: E = -2689.0602 au  ΔE=     0.1890 au      5.143 eV    41483.5 cm**-1
   E0E0E0E1-E0+ S2= 0.0 Sz= 0.0 P=0 :    97.4843 (c= 0.5051+0.8484i)
 Psi  13: E = -2689.0600 au  ΔE=     0.1891 au      5.147 eV    41510.9 cm**-1
   E0+E1-E0E0E0 S2= 0.0 Sz= 0.0 P=0 :    97.9667 (c= 0.5608+0.8156i)
 Psi  14: E = -2689.0275 au  ΔE=     0.2217 au      6.033 eV    48659.2 cm**-1
   E1-E0E0+E0E0 S2= 0.0 Sz= 0.0 P=0 :    80.5797 (c= 0.3295+0.8350i)
   E0E1-E0E0+E0 S2= 0.0 Sz= 0.0 P=0 :    8.82115 (c= 0.1090+0.2763i)
   E1-E0E0E0+E0 S2= 0.0 Sz= 0.0 P=0 :    6.16305 (c=-0.0911-0.2309i)
 Psi  15: E = -2689.0274 au  ΔE=     0.2218 au      6.036 eV    48683.9 cm**-1
   E0E0E0+E0E1- S2= 0.0 Sz= 0.0 P=0 :    87.4545 (c=-0.5507+0.7558i)
   E0E0+E0E1-E0 S2= 0.0 Sz= 0.0 P=0 :    4.66407 (c=-0.1272+0.1745i)
   E0E0+E0E0E1- S2= 0.0 Sz= 0.0 P=0 :    4.54812 (c= 0.1256-0.1724i)
 Psi  16: E = -2689.0264 au  ΔE=     0.2228 au      6.063 eV    48898.4 cm**-1
   E0E1-E0E0+E0 S2= 0.0 Sz= 0.0 P=0 :    79.5343 (c=-0.6129+0.6478i)
   E1-E0E0+E0E0 S2= 0.0 Sz= 0.0 P=0 :    12.0025 (c= 0.2381-0.2517i)
   E0E1-E0E0E0+ S2= 0.0 Sz= 0.0 P=0 :    3.20426 (c= 0.1230-0.1300i)
 Psi  17: E = -2689.0262 au  ΔE=     0.2230 au      6.068 eV    48944.5 cm**-1
   E0E0+E0E1-E0 S2= 0.0 Sz= 0.0 P=0 :    85.9648 (c=-0.9270+0.0197i)
   E0E0E0+E0E1- S2= 0.0 Sz= 0.0 P=0 :    6.40444 (c= 0.2530-0.0054i)
   E0+E0E0E1-E0 S2= 0.0 Sz= 0.0 P=0 :    2.72542 (c= 0.1651-0.0035i)
 Psi  18: E = -2689.0233 au  ΔE=     0.2258 au      6.145 eV    49566.7 cm**-1
   E0E0E1-E0E0+ S2= 0.0 Sz= 0.0 P=0 :    92.6425 (c= 0.7132+0.6464i)
   E0E1-E0E0E0+ S2= 0.0 Sz= 0.0 P=0 :    2.61312 (c=-0.1198-0.1086i)
 Psi  19: E = -2689.0233 au  ΔE=     0.2259 au      6.147 eV    49579.4 cm**-1
   E0+E0E1-E0E0 S2= 0.0 Sz= 0.0 P=0 :    94.0222 (c= 0.8227-0.5132i)
   E0+E0E0E1-E0 S2= 0.0 Sz= 0.0 P=0 :    2.06127 (c=-0.1218+0.0760i)
 Psi  20: E = -2689.0122 au  ΔE=     0.2370 au      6.449 eV    52014.5 cm**-1
   E1-E0E0E0+E0 S2= 0.0 Sz= 0.0 P=0 :    80.7124 (c=-0.7761+0.4526i)
   E1-E0E0E0E0+ S2= 0.0 Sz= 0.0 P=0 :     9.3417 (c= 0.2640-0.1540i)
   E0E1-E0E0+E0 S2= 0.0 Sz= 0.0 P=0 :    4.01588 (c=-0.1731+0.1010i)
   E1-E0E0+E0E0 S2= 0.0 Sz= 0.0 P=0 :    3.89228 (c=-0.1704+0.0994i)
 Psi  21: E = -2689.0122 au  ΔE=     0.2370 au      6.449 eV    52015.6 cm**-1
   E0E0+E0E0E1- S2= 0.0 Sz= 0.0 P=0 :      84.31 (c=-0.3778+0.8369i)
   E0+E0E0E0E1- S2= 0.0 Sz= 0.0 P=0 :    7.72056 (c= 0.1143-0.2533i)
   E0E0E0+E0E1- S2= 0.0 Sz= 0.0 P=0 :    3.07825 (c=-0.0722+0.1599i)
   E0E0+E0E1-E0 S2= 0.0 Sz= 0.0 P=0 :    2.99322 (c=-0.0712+0.1577i)
 Psi  22: E = -2689.0091 au  ΔE=     0.2401 au      6.533 eV    52689.7 cm**-1
   E0E1-E0E0E0+ S2= 0.0 Sz= 0.0 P=0 :    80.9614 (c= 0.4376+0.7862i)
   E1-E0E0E0E0+ S2= 0.0 Sz= 0.0 P=0 :    8.23906 (c=-0.1396-0.2508i)
   E1-E0E0E0+E0 S2= 0.0 Sz= 0.0 P=0 :     3.3382 (c=-0.0889-0.1596i)
   E0E0E1-E0E0+ S2= 0.0 Sz= 0.0 P=0 :    3.19617 (c= 0.0870+0.1562i)
   E0E1-E0E0+E0 S2= 0.0 Sz= 0.0 P=0 :    2.05042 (c= 0.0696+0.1251i)
 Psi  23: E = -2689.0091 au  ΔE=     0.2401 au      6.534 eV    52701.4 cm**-1
   E0+E0E0E1-E0 S2= 0.0 Sz= 0.0 P=0 :    84.1439 (c=-0.6938-0.6001i)
   E0+E0E0E0E1- S2= 0.0 Sz= 0.0 P=0 :    7.30176 (c= 0.2044+0.1768i)
   E0+E0E1-E0E0 S2= 0.0 Sz= 0.0 P=0 :    2.37053 (c=-0.1164-0.1007i)
   E0E0+E0E0E1- S2= 0.0 Sz= 0.0 P=0 :    2.32226 (c= 0.1153+0.0997i)
 Psi  24: E = -2689.0010 au  ΔE=     0.2481 au      6.752 eV    54459.5 cm**-1
   E0+E0E0E0E1- S2= 0.0 Sz= 0.0 P=0 :    83.6159 (c= 0.7165-0.5681i)
   E0+E0E0E1-E0 S2= 0.0 Sz= 0.0 P=0 :    8.63753 (c= 0.2303-0.1826i)
   E0E0+E0E0E1- S2= 0.0 Sz= 0.0 P=0 :    5.91583 (c= 0.1906-0.1511i)
 Psi  25: E = -2689.0007 au  ΔE=     0.2485 au      6.762 eV    54537.7 cm**-1
   E1-E0E0E0E0+ S2= 0.0 Sz= 0.0 P=0 :    80.9267 (c= 0.7933+0.4242i)
   E0E1-E0E0E0+ S2= 0.0 Sz= 0.0 P=0 :    10.3845 (c= 0.2842+0.1519i)
   E1-E0E0E0+E0 S2= 0.0 Sz= 0.0 P=0 :    6.97946 (c= 0.2330+0.1246i)
 Psi  26: E = -2688.9808 au  ΔE=     0.2684 au      7.303 eV    58905.0 cm**-1
   E0E1E0E1E0 S2= 0.0 Sz= 0.0 P=0 :    24.2523 (c= 0.2418+0.4290i)
   E0E1E0E0E1 S2= 0.0 Sz= 0.0 P=0 :    14.3496 (c= 0.1860+0.3300i)
   E1E0E0E1E0 S2= 0.0 Sz= 0.0 P=0 :    14.3495 (c= 0.1860+0.3300i)
   E0E1E1E0E0 S2= 0.0 Sz= 0.0 P=0 :    8.51531 (c= 0.1433+0.2542i)
   E0E0E1E1E0 S2= 0.0 Sz= 0.0 P=0 :    8.51481 (c= 0.1433+0.2542i)
   E1E0E1E0E0 S2= 0.0 Sz= 0.0 P=0 :    8.35811 (c= 0.1420+0.2519i)
   E0E0E1E0E1 S2= 0.0 Sz= 0.0 P=0 :     8.3577 (c= 0.1420+0.2518i)
   E1E0E0E0E1 S2= 0.0 Sz= 0.0 P=0 :    7.24979 (c= 0.1322+0.2346i)
 Psi  27: E = -2688.9781 au  ΔE=     0.2711 au      7.376 eV    59494.8 cm**-1
   E1E0E1E0E0 S2= 0.0 Sz= 0.0 P=0 :    24.8732 (c= 0.4617+0.1887i)
   E0E0E1E0E1 S2= 0.0 Sz= 0.0 P=0 :    24.8708 (c=-0.4616-0.1887i)
   E1E0E0E1E0 S2= 0.0 Sz= 0.0 P=0 :    9.11121 (c= 0.2794+0.1142i)
   E0E1E0E0E1 S2= 0.0 Sz= 0.0 P=0 :    9.11102 (c=-0.2794-0.1142i)
   E1E1E0E0E0 S2= 0.0 Sz= 0.0 P=0 :    8.22361 (c= 0.2655+0.1085i)
   E0E0E0E1E1 S2= 0.0 Sz= 0.0 P=0 :    8.22167 (c=-0.2654-0.1085i)
   E0E0E1E1E0 S2= 0.0 Sz= 0.0 P=0 :    6.65079 (c=-0.2387-0.0976i)
   E0E1E1E0E0 S2= 0.0 Sz= 0.0 P=0 :    6.64902 (c= 0.2387+0.0976i)
 Psi  28: E = -2688.9763 au  ΔE=     0.2729 au      7.425 eV    59887.0 cm**-1
   E1E0E0E0E1 S2= 0.0 Sz= 0.0 P=0 :    39.1972 (c=-0.0784-0.6211i)
   E0E1E1E0E0 S2= 0.0 Sz= 0.0 P=0 :    15.5485 (c= 0.0494+0.3912i)
   E0E0E1E1E0 S2= 0.0 Sz= 0.0 P=0 :    15.5454 (c= 0.0494+0.3912i)
   E0E1E0E0E1 S2= 0.0 Sz= 0.0 P=0 :    9.74785 (c=-0.0391-0.3098i)
   E1E0E0E1E0 S2= 0.0 Sz= 0.0 P=0 :     9.7471 (c=-0.0391-0.3097i)
   E0E1E0E1E0 S2= 0.0 Sz= 0.0 P=0 :    7.61466 (c= 0.0346+0.2738i)
 Psi  29: E = -2688.9761 au  ΔE=     0.2731 au      7.431 eV    59938.6 cm**-1
   E0E1E0E1E0 S2= 0.0 Sz= 0.0 P=0 :    25.0955 (c= 0.4059+0.2936i)
   E0E0E1E0E1 S2= 0.0 Sz= 0.0 P=0 :    18.8527 (c=-0.3518-0.2544i)
   E1E0E1E0E0 S2= 0.0 Sz= 0.0 P=0 :    18.8497 (c=-0.3518-0.2544i)
   E1E1E0E0E0 S2= 0.0 Sz= 0.0 P=0 :    16.5502 (c=-0.3297-0.2384i)
   E0E0E0E1E1 S2= 0.0 Sz= 0.0 P=0 :    16.5473 (c=-0.3296-0.2384i)
 Psi  30: E = -2688.9748 au  ΔE=     0.2744 au      7.466 eV    60219.7 cm**-1
   E1E0E0E1E0 S2= 0.0 Sz= 0.0 P=0 :    27.8672 (c=-0.5234-0.0688i)
   E0E1E0E0E1 S2= 0.0 Sz= 0.0 P=0 :    27.8664 (c= 0.5234+0.0688i)
   E0E0E1E1E0 S2= 0.0 Sz= 0.0 P=0 :    20.3263 (c=-0.4470-0.0588i)
   E0E1E1E0E0 S2= 0.0 Sz= 0.0 P=0 :    20.3234 (c= 0.4470+0.0587i)
 Psi  31: E = -2688.9738 au  ΔE=     0.2753 au      7.492 eV    60428.4 cm**-1
   E0E0E0E1E1 S2= 0.0 Sz= 0.0 P=0 :    31.9744 (c= 0.5441-0.1539i)
   E1E1E0E0E0 S2= 0.0 Sz= 0.0 P=0 :    31.9588 (c=-0.5440+0.1538i)
   E0E0E1E1E0 S2= 0.0 Sz= 0.0 P=0 :    13.3447 (c=-0.3515+0.0994i)
   E0E1E1E0E0 S2= 0.0 Sz= 0.0 P=0 :    13.3415 (c= 0.3515-0.0994i)
   E0E1E0E0E1 S2= 0.0 Sz= 0.0 P=0 :    4.18313 (c=-0.1968+0.0556i)
   E1E0E0E1E0 S2= 0.0 Sz= 0.0 P=0 :    4.18276 (c= 0.1968-0.0556i)
 Psi  32: E = -2688.9731 au  ΔE=     0.2761 au      7.513 eV    60593.7 cm**-1
   E1E1E0E0E0 S2= 0.0 Sz= 0.0 P=0 :     20.178 (c= 0.3008+0.3336i)
   E0E0E0E1E1 S2= 0.0 Sz= 0.0 P=0 :    20.1723 (c= 0.3008+0.3335i)
   E0E1E0E1E0 S2= 0.0 Sz= 0.0 P=0 :    17.0236 (c= 0.2763+0.3064i)
   E0E1E1E0E0 S2= 0.0 Sz= 0.0 P=0 :    10.6409 (c=-0.2185-0.2423i)
   E0E0E1E1E0 S2= 0.0 Sz= 0.0 P=0 :    10.6358 (c=-0.2184-0.2422i)
   E1E0E0E0E1 S2= 0.0 Sz= 0.0 P=0 :    10.4374 (c=-0.2164-0.2399i)
   E1E0E1E0E0 S2= 0.0 Sz= 0.0 P=0 :    4.02791 (c=-0.1344-0.1490i)
   E0E0E1E0E1 S2= 0.0 Sz= 0.0 P=0 :    4.02754 (c=-0.1344-0.1490i)
 Psi  33: E = -2688.9722 au  ΔE=     0.2770 au      7.538 eV    60799.7 cm**-1
   E1E0E0E0E1 S2= 0.0 Sz= 0.0 P=0 :    31.7785 (c=-0.0921+0.5562i)
   E1E1E0E0E0 S2= 0.0 Sz= 0.0 P=0 :    10.3076 (c=-0.0524+0.3167i)
   E0E0E0E1E1 S2= 0.0 Sz= 0.0 P=0 :    10.3052 (c=-0.0524+0.3167i)
   E1E0E1E0E0 S2= 0.0 Sz= 0.0 P=0 :    9.51863 (c= 0.0504-0.3044i)
   E0E0E1E0E1 S2= 0.0 Sz= 0.0 P=0 :    9.51778 (c= 0.0504-0.3044i)
   E0E1E0E0E1 S2= 0.0 Sz= 0.0 P=0 :    6.94562 (c= 0.0430-0.2600i)
   E1E0E0E1E0 S2= 0.0 Sz= 0.0 P=0 :    6.94527 (c= 0.0430-0.2600i)
   E0E0E1E1E0 S2= 0.0 Sz= 0.0 P=0 :    6.94326 (c=-0.0430+0.2600i)
   E0E1E1E0E0 S2= 0.0 Sz= 0.0 P=0 :    6.94228 (c=-0.0430+0.2599i)
 Psi  34: E = -2688.9710 au  ΔE=     0.2781 au      7.569 eV    61044.6 cm**-1
   E0E0E1E0E1 S2= 0.0 Sz= 0.0 P=0 :    24.1839 (c=-0.4907-0.0322i)
   E1E0E1E0E0 S2= 0.0 Sz= 0.0 P=0 :    24.1814 (c= 0.4907+0.0322i)
   E0E0E1E1E0 S2= 0.0 Sz= 0.0 P=0 :    9.05915 (c= 0.3003+0.0197i)
   E0E1E1E0E0 S2= 0.0 Sz= 0.0 P=0 :    9.05777 (c=-0.3003-0.0197i)
   E1E1E0E0E0 S2= 0.0 Sz= 0.0 P=0 :    8.47203 (c=-0.2904-0.0191i)
   E0E0E0E1E1 S2= 0.0 Sz= 0.0 P=0 :    8.47133 (c= 0.2904+0.0191i)
   E1E0E0E1E0 S2= 0.0 Sz= 0.0 P=0 :    8.00066 (c=-0.2822-0.0185i)
   E0E1E0E0E1 S2= 0.0 Sz= 0.0 P=0 :          8 (c= 0.2822+0.0185i)
 Psi  35: E = -2688.9694 au  ΔE=     0.2798 au      7.614 eV    61407.6 cm**-1
   E0E1E0E1E0 S2= 0.0 Sz= 0.0 P=0 :    23.8563 (c=-0.4241+0.2423i)
   E0E1E0E0E1 S2= 0.0 Sz= 0.0 P=0 :    16.2363 (c= 0.3499-0.1999i)
   E1E0E0E1E0 S2= 0.0 Sz= 0.0 P=0 :    16.2358 (c= 0.3499-0.1999i)
   E1E0E0E0E1 S2= 0.0 Sz= 0.0 P=0 :    9.88102 (c=-0.2729+0.1559i)
   E0E0E1E0E1 S2= 0.0 Sz= 0.0 P=0 :    8.11785 (c=-0.2474+0.1413i)
   E1E0E1E0E0 S2= 0.0 Sz= 0.0 P=0 :    8.11764 (c=-0.2474+0.1413i)
   E0E1E1E0E0 S2= 0.0 Sz= 0.0 P=0 :    7.71358 (c= 0.2412-0.1378i)
   E0E0E1E1E0 S2= 0.0 Sz= 0.0 P=0 :    7.71296 (c= 0.2412-0.1378i)
 Psi  36: E = -2688.9428 au  ΔE=     0.3064 au      8.337 eV    67242.1 cm**-1
   E1-E1E0+E0E0 S2= 0.0 Sz= 0.0 P=0 :    87.6684 (c= 0.9348+0.0538i)
   E1-E1E0E0+E0 S2= 0.0 Sz= 0.0 P=0 :    3.93387 (c=-0.1980-0.0114i)
   E0E1-E1E0+E0 S2= 0.0 Sz= 0.0 P=0 :    2.77328 (c=-0.1663-0.0096i)
 Psi  37: E = -2688.9425 au  ΔE=     0.3067 au      8.346 eV    67315.1 cm**-1
   E0E0E0+E1E1- S2= 0.0 Sz= 0.0 P=0 :      92.88 (c=-0.7765+0.5708i)
   E0E0+E0E1E1- S2= 0.0 Sz= 0.0 P=0 :    4.06396 (c= 0.1624-0.1194i)
 Psi  38: E = -2688.9412 au  ΔE=     0.3080 au      8.381 eV    67598.1 cm**-1
   E0E1-E1E0+E0 S2= 0.0 Sz= 0.0 P=0 :    84.0831 (c= 0.2403-0.8849i)
   E1-E1E0+E0E0 S2= 0.0 Sz= 0.0 P=0 :    3.19583 (c= 0.0468-0.1725i)
   E1-E0E1E0+E0 S2= 0.0 Sz= 0.0 P=0 :     2.8887 (c=-0.0445+0.1640i)
   E0E1-E1E0E0+ S2= 0.0 Sz= 0.0 P=0 :    2.83139 (c=-0.0441+0.1624i)
   E0E1E1-E0+E0 S2= 0.0 Sz= 0.0 P=0 :    2.32512 (c=-0.0400+0.1472i)
 Psi  39: E = -2688.9409 au  ΔE=     0.3083 au      8.389 eV    67664.2 cm**-1
   E0E0+E1E1-E0 S2= 0.0 Sz= 0.0 P=0 :    90.0581 (c=-0.7531-0.5775i)
   E0E0+E1E0E1- S2= 0.0 Sz= 0.0 P=0 :    3.30533 (c= 0.1443+0.1106i)
   E0+E0E1E1-E0 S2= 0.0 Sz= 0.0 P=0 :    2.99807 (c= 0.1374+0.1054i)
 Psi  40: E = -2688.9385 au  ΔE=     0.3107 au      8.453 eV    68179.9 cm**-1
   E0E0E1-E1E0+ S2= 0.0 Sz= 0.0 P=0 :    89.8074 (c= 0.5551-0.7681i)
   E0E0E1E1-E0+ S2= 0.0 Sz= 0.0 P=0 :    2.61737 (c=-0.0948+0.1311i)
   E0E1-E0E1E0+ S2= 0.0 Sz= 0.0 P=0 :    2.52639 (c=-0.0931+0.1288i)
   E0E0E1-E0+E1 S2= 0.0 Sz= 0.0 P=0 :    2.03288 (c=-0.0835+0.1156i)
 Psi  41: E = -2688.9382 au  ΔE=     0.3110 au      8.463 eV    68255.4 cm**-1
   E0+E1E1-E0E0 S2= 0.0 Sz= 0.0 P=0 :    93.6425 (c= 0.7761+0.5781i)
   E0+E1E0E1-E0 S2= 0.0 Sz= 0.0 P=0 :    2.73708 (c=-0.1327-0.0988i)
 Psi  42: E = -2688.9307 au  ΔE=     0.3185 au      8.667 eV    69902.5 cm**-1
   E1-E0+E0E1E0 S2= 0.0 Sz= 0.0 P=0 :    41.6273 (c=-0.2475-0.5958i)
   E1-E0+E0E0E1 S2= 0.0 Sz= 0.0 P=0 :    22.0888 (c=-0.1803-0.4340i)
   E1-E0+E1E0E0 S2= 0.0 Sz= 0.0 P=0 :    12.8237 (c=-0.1374-0.3307i)
   E0E1E0E0+E1- S2= 0.0 Sz= 0.0 P=0 :     8.5029 (c= 0.1119+0.2693i)
   E1E0E0E0+E1- S2= 0.0 Sz= 0.0 P=0 :    4.82253 (c= 0.0842+0.2028i)
   E0E0E1E0+E1- S2= 0.0 Sz= 0.0 P=0 :    2.57888 (c= 0.0616+0.1483i)
   E1-E0E1E0+E0 S2= 0.0 Sz= 0.0 P=0 :    2.14156 (c=-0.0561-0.1351i)
 Psi  43: E = -2688.9306 au  ΔE=     0.3185 au      8.668 eV    69912.2 cm**-1
   E0E1E0E0+E1- S2= 0.0 Sz= 0.0 P=0 :    42.0506 (c= 0.3154+0.5666i)
   E1E0E0E0+E1- S2= 0.0 Sz= 0.0 P=0 :     22.425 (c= 0.2303+0.4138i)
   E0E0E1E0+E1- S2= 0.0 Sz= 0.0 P=0 :    14.6154 (c= 0.1860+0.3340i)
   E1-E0+E0E1E0 S2= 0.0 Sz= 0.0 P=0 :    8.06051 (c= 0.1381+0.2481i)
   E1-E0+E0E0E1 S2= 0.0 Sz= 0.0 P=0 :    4.02324 (c= 0.0976+0.1753i)
   E1-E0+E1E0E0 S2= 0.0 Sz= 0.0 P=0 :    2.83681 (c= 0.0819+0.1472i)
 Psi  44: E = -2688.9292 au  ΔE=     0.3200 au      8.708 eV    70237.1 cm**-1
   E1-E1E0E0+E0 S2= 0.0 Sz= 0.0 P=0 :    66.1395 (c= 0.7025-0.4097i)
   E1-E0E1E0+E0 S2= 0.0 Sz= 0.0 P=0 :     12.503 (c= 0.3055-0.1781i)
   E1-E1E0E0E0+ S2= 0.0 Sz= 0.0 P=0 :    6.01492 (c=-0.2119+0.1235i)
   E1E0E1-E0+E0 S2= 0.0 Sz= 0.0 P=0 :    3.01465 (c= 0.1500-0.0875i)
   E1-E1E0+E0E0 S2= 0.0 Sz= 0.0 P=0 :    2.22969 (c= 0.1290-0.0752i)
 Psi  45: E = -2688.9288 au  ΔE=     0.3204 au      8.718 eV    70312.8 cm**-1
   E0E0+E0E1E1- S2= 0.0 Sz= 0.0 P=0 :    84.9388 (c=-0.7979+0.4612i)
   E0+E0E0E1E1- S2= 0.0 Sz= 0.0 P=0 :    7.65369 (c= 0.2395-0.1384i)
   E0E0E0+E1E1- S2= 0.0 Sz= 0.0 P=0 :    3.63389 (c=-0.1650+0.0954i)
 Psi  46: E = -2688.9283 au  ΔE=     0.3208 au      8.730 eV    70414.0 cm**-1
   E1-E0E1E0+E0 S2= 0.0 Sz= 0.0 P=0 :    54.4546 (c=-0.4239+0.6040i)
   E0E0+E1E0E1- S2= 0.0 Sz= 0.0 P=0 :    13.4518 (c=-0.2107+0.3002i)
   E1-E1E0E0+E0 S2= 0.0 Sz= 0.0 P=0 :      11.44 (c= 0.1943-0.2769i)
   E1-E0E1E0E0+ S2= 0.0 Sz= 0.0 P=0 :    5.91343 (c= 0.1397-0.1990i)
 Psi  47: E = -2688.9283 au  ΔE=     0.3209 au      8.731 eV    70418.7 cm**-1
   E0E0+E1E0E1- S2= 0.0 Sz= 0.0 P=0 :     67.598 (c=-0.2150+0.7936i)
   E1-E0E1E0+E0 S2= 0.0 Sz= 0.0 P=0 :    10.6533 (c= 0.0854-0.3150i)
   E0+E0E1E0E1- S2= 0.0 Sz= 0.0 P=0 :    7.32881 (c= 0.0708-0.2613i)
   E1-E1E0E0+E0 S2= 0.0 Sz= 0.0 P=0 :    2.92966 (c=-0.0448+0.1652i)
   E0E0+E1E1-E0 S2= 0.0 Sz= 0.0 P=0 :    2.74574 (c=-0.0433+0.1599i)
 Psi  48: E = -2688.9279 au  ΔE=     0.3213 au      8.742 eV    70507.2 cm**-1
   E0E1-E0+E0E1 S2= 0.0 Sz= 0.0 P=0 :    22.1491 (c=-0.1156-0.4562i)
   E0E1-E0+E1E0 S2= 0.0 Sz= 0.0 P=0 :    14.6863 (c=-0.0941-0.3715i)
   E1E0E0+E1-E0 S2= 0.0 Sz= 0.0 P=0 :    13.1308 (c=-0.0890-0.3513i)
   E0E1E0+E1-E0 S2= 0.0 Sz= 0.0 P=0 :    9.30682 (c=-0.0749-0.2957i)
   E0E0+E1-E1E0 S2= 0.0 Sz= 0.0 P=0 :     8.5605 (c= 0.0719+0.2836i)
   E0E0+E1-E0E1 S2= 0.0 Sz= 0.0 P=0 :    8.23139 (c= 0.0705+0.2781i)
   E0E1E1-E0+E0 S2= 0.0 Sz= 0.0 P=0 :    6.63701 (c= 0.0633+0.2497i)
   E1E0E1-E0+E0 S2= 0.0 Sz= 0.0 P=0 :    5.14419 (c= 0.0557+0.2199i)
 Psi  49: E = -2688.9278 au  ΔE=     0.3214 au      8.745 eV    70530.3 cm**-1
   E1E0E0+E1-E0 S2= 0.0 Sz= 0.0 P=0 :    30.9884 (c= 0.1810+0.5264i)
   E0E1E0+E1-E0 S2= 0.0 Sz= 0.0 P=0 :     21.916 (c= 0.1522+0.4427i)
   E0E1-E0+E0E1 S2= 0.0 Sz= 0.0 P=0 :    18.3994 (c=-0.1394-0.4056i)
   E0E1-E0+E1E0 S2= 0.0 Sz= 0.0 P=0 :    11.6632 (c=-0.1110-0.3230i)
 Psi  50: E = -2688.9275 au  ΔE=     0.3217 au      8.755 eV    70610.5 cm**-1
   E0E0+E1-E0E1 S2= 0.0 Sz= 0.0 P=0 :    32.2967 (c=-0.5675-0.0300i)
   E0E0+E1-E1E0 S2= 0.0 Sz= 0.0 P=0 :    29.0891 (c=-0.5386-0.0285i)
   E1E0E1-E0+E0 S2= 0.0 Sz= 0.0 P=0 :    11.7564 (c= 0.3424+0.0181i)
   E0E1E1-E0+E0 S2= 0.0 Sz= 0.0 P=0 :    11.3619 (c= 0.3366+0.0178i)
   E0E1-E0+E1E0 S2= 0.0 Sz= 0.0 P=0 :     2.4992 (c=-0.1579-0.0083i)
   E0E1-E0+E0E1 S2= 0.0 Sz= 0.0 P=0 :    2.36456 (c=-0.1536-0.0081i)
 Psi  51: E = -2688.9272 au  ΔE=     0.3220 au      8.763 eV    70674.6 cm**-1
   E1E0E1-E0+E0 S2= 0.0 Sz= 0.0 P=0 :    28.9834 (c=-0.3915-0.3695i)
   E0E1E1-E0+E0 S2= 0.0 Sz= 0.0 P=0 :    18.7054 (c=-0.3145-0.2969i)
   E0E1-E0+E0E1 S2= 0.0 Sz= 0.0 P=0 :    9.36966 (c=-0.2226-0.2101i)
   E1E0E0+E1-E0 S2= 0.0 Sz= 0.0 P=0 :    7.45266 (c=-0.1985-0.1874i)
   E0E0+E1-E0E1 S2= 0.0 Sz= 0.0 P=0 :    5.53456 (c=-0.1711-0.1615i)
   E0E1E0+E1-E0 S2= 0.0 Sz= 0.0 P=0 :    4.49914 (c=-0.1542-0.1456i)
   E0E0+E1-E1E0 S2= 0.0 Sz= 0.0 P=0 :    3.60662 (c=-0.1381-0.1304i)
   E1-E0+E0E0E1 S2= 0.0 Sz= 0.0 P=0 :    3.40732 (c= 0.1342+0.1267i)
   E0E1-E0+E1E0 S2= 0.0 Sz= 0.0 P=0 :    3.25625 (c=-0.1312-0.1239i)
   E1-E0+E1E0E0 S2= 0.0 Sz= 0.0 P=0 :    2.53886 (c=-0.1159-0.1094i)
 Psi  52: E = -2688.9268 au  ΔE=     0.3224 au      8.773 eV    70758.4 cm**-1
   E0E1E0E1-E0+ S2= 0.0 Sz= 0.0 P=0 :    39.7307 (c=-0.3811-0.5021i)
   E1E0E0E1-E0+ S2= 0.0 Sz= 0.0 P=0 :    17.9197 (c=-0.2560-0.3372i)
   E0E0E1E1-E0+ S2= 0.0 Sz= 0.0 P=0 :    13.6202 (c=-0.2231-0.2940i)
   E1-E0+E0E0E1 S2= 0.0 Sz= 0.0 P=0 :    6.32336 (c=-0.1520-0.2003i)
   E1-E0+E1E0E0 S2= 0.0 Sz= 0.0 P=0 :    5.71186 (c= 0.1445+0.1904i)
   E0E1-E1E0E0+ S2= 0.0 Sz= 0.0 P=0 :     2.9934 (c=-0.1046-0.1378i)
   E0E0E1E0+E1- S2= 0.0 Sz= 0.0 P=0 :    2.29141 (c=-0.0915-0.1206i)
 Psi  53: E = -2688.9268 au  ΔE=     0.3224 au      8.773 eV    70762.0 cm**-1
   E0+E1-E0E1E0 S2= 0.0 Sz= 0.0 P=0 :    27.3914 (c= 0.3812+0.3586i)
   E1E0E0E0+E1- S2= 0.0 Sz= 0.0 P=0 :    20.3476 (c= 0.3286+0.3090i)
   E0E0E1E0+E1- S2= 0.0 Sz= 0.0 P=0 :    18.3836 (c=-0.3123-0.2938i)
   E0+E1-E0E0E1 S2= 0.0 Sz= 0.0 P=0 :    12.0235 (c= 0.2526+0.2376i)
   E0+E1-E1E0E0 S2= 0.0 Sz= 0.0 P=0 :    10.9295 (c= 0.2408+0.2265i)
 Psi  54: E = -2688.9267 au  ΔE=     0.3225 au      8.775 eV    70776.8 cm**-1
   E1E0E0E0+E1- S2= 0.0 Sz= 0.0 P=0 :    22.6988 (c= 0.4731+0.0563i)
   E0+E1-E0E1E0 S2= 0.0 Sz= 0.0 P=0 :    19.2449 (c=-0.4356-0.0519i)
   E0E0E1E0+E1- S2= 0.0 Sz= 0.0 P=0 :    19.0219 (c=-0.4331-0.0516i)
   E0+E1-E0E0E1 S2= 0.0 Sz= 0.0 P=0 :    9.73001 (c=-0.3097-0.0369i)
   E0+E1-E1E0E0 S2= 0.0 Sz= 0.0 P=0 :    6.39811 (c=-0.2512-0.0299i)
   E1-E0+E1E0E0 S2= 0.0 Sz= 0.0 P=0 :    5.91148 (c=-0.2414-0.0287i)
   E1-E0+E0E0E1 S2= 0.0 Sz= 0.0 P=0 :    5.28646 (c= 0.2283+0.0272i)
 Psi  55: E = -2688.9266 au  ΔE=     0.3226 au      8.777 eV    70792.1 cm**-1
   E1-E0+E0E0E1 S2= 0.0 Sz= 0.0 P=0 :    33.5918 (c= 0.5394-0.2121i)
   E1-E0+E1E0E0 S2= 0.0 Sz= 0.0 P=0 :    26.8814 (c=-0.4825+0.1898i)
   E0E1E0E1-E0+ S2= 0.0 Sz= 0.0 P=0 :     8.3379 (c=-0.2687+0.1057i)
   E1E0E0E1-E0+ S2= 0.0 Sz= 0.0 P=0 :    3.48771 (c=-0.1738+0.0684i)
   E0+E1-E0E1E0 S2= 0.0 Sz= 0.0 P=0 :    3.42276 (c= 0.1722-0.0677i)
   E1E0E0E0+E1- S2= 0.0 Sz= 0.0 P=0 :    2.95122 (c=-0.1599+0.0629i)
   E0E0E1E1-E0+ S2= 0.0 Sz= 0.0 P=0 :    2.73803 (c=-0.1540+0.0606i)
   E0E1-E0+E0E1 S2= 0.0 Sz= 0.0 P=0 :    2.21707 (c= 0.1386-0.0545i)
   E1E0E1-E0+E0 S2= 0.0 Sz= 0.0 P=0 :    2.19434 (c= 0.1379-0.0542i)
 Psi  56: E = -2688.9252 au  ΔE=     0.3239 au      8.815 eV    71097.6 cm**-1
   E0E1-E1E0E0+ S2= 0.0 Sz= 0.0 P=0 :    60.3466 (c= 0.7683+0.1146i)
   E0E1-E0E1E0+ S2= 0.0 Sz= 0.0 P=0 :     14.393 (c= 0.3752+0.0560i)
   E1-E0E1E0E0+ S2= 0.0 Sz= 0.0 P=0 :      6.021 (c=-0.2427-0.0362i)
   E1E0E0E1-E0+ S2= 0.0 Sz= 0.0 P=0 :    3.17173 (c=-0.1761-0.0263i)
   E1-E0E1E0+E0 S2= 0.0 Sz= 0.0 P=0 :    2.76559 (c=-0.1645-0.0245i)
   E1-E0E0E1E0+ S2= 0.0 Sz= 0.0 P=0 :    2.45594 (c=-0.1550-0.0231i)
 Psi  57: E = -2688.9252 au  ΔE=     0.3240 au      8.817 eV    71110.9 cm**-1
   E0E0E0+E1-E1 S2= 0.0 Sz= 0.0 P=0 :    70.5167 (c= 0.0355-0.8390i)
   E1E1-E0+E0E0 S2= 0.0 Sz= 0.0 P=0 :    5.00807 (c=-0.0095+0.2236i)
   E0E0E1-E0+E1 S2= 0.0 Sz= 0.0 P=0 :    4.32012 (c=-0.0088+0.2077i)
   E0E1E0E0+E1- S2= 0.0 Sz= 0.0 P=0 :    3.22801 (c= 0.0076-0.1795i)
   E0+E0E1E1-E0 S2= 0.0 Sz= 0.0 P=0 :    3.20182 (c=-0.0076+0.1788i)
   E1E0E0+E1-E0 S2= 0.0 Sz= 0.0 P=0 :    3.12912 (c= 0.0075-0.1767i)
 Psi  58: E = -2688.9250 au  ΔE=     0.3241 au      8.821 eV    71142.2 cm**-1
   E0+E0E1E1-E0 S2= 0.0 Sz= 0.0 P=0 :    52.6559 (c=-0.7230+0.0623i)
   E1E1-E0+E0E0 S2= 0.0 Sz= 0.0 P=0 :    20.1505 (c= 0.4472-0.0385i)
   E0+E0E1E0E1- S2= 0.0 Sz= 0.0 P=0 :    5.56487 (c= 0.2350-0.0203i)
   E1E0+E1-E0E0 S2= 0.0 Sz= 0.0 P=0 :    4.57306 (c=-0.2131+0.0184i)
   E1-E0+E0E1E0 S2= 0.0 Sz= 0.0 P=0 :    4.00703 (c= 0.1994-0.0172i)
   E1-E0+E0E0E1 S2= 0.0 Sz= 0.0 P=0 :    2.47837 (c=-0.1568+0.0135i)
 Psi  59: E = -2688.9250 au  ΔE=     0.3242 au      8.822 eV    71150.7 cm**-1
   E1E1-E0+E0E0 S2= 0.0 Sz= 0.0 P=0 :    32.5083 (c=-0.3884-0.4174i)
   E0+E0E1E1-E0 S2= 0.0 Sz= 0.0 P=0 :    25.5779 (c=-0.3445-0.3703i)
   E0E0E0+E1-E1 S2= 0.0 Sz= 0.0 P=0 :    9.43788 (c=-0.2093-0.2249i)
   E1-E0+E0E1E0 S2= 0.0 Sz= 0.0 P=0 :    9.07929 (c=-0.2053-0.2206i)
   E1-E0+E0E0E1 S2= 0.0 Sz= 0.0 P=0 :    5.40885 (c= 0.1584+0.1703i)
   E1-E0+E1E0E0 S2= 0.0 Sz= 0.0 P=0 :    3.41804 (c= 0.1259+0.1353i)
   E0+E0E1E0E1- S2= 0.0 Sz= 0.0 P=0 :    2.71478 (c= 0.1122+0.1206i)
   E1E0+E1-E0E0 S2= 0.0 Sz= 0.0 P=0 :    2.26586 (c= 0.1025+0.1102i)
 Psi  60: E = -2688.9247 au  ΔE=     0.3244 au      8.829 eV    71208.1 cm**-1
   E0E1E0E0+E1- S2= 0.0 Sz= 0.0 P=0 :    21.7249 (c= 0.4090+0.2236i)
   E0E0E1E0+E1- S2= 0.0 Sz= 0.0 P=0 :    17.7653 (c=-0.3698-0.2022i)
   E1E0+E1-E0E0 S2= 0.0 Sz= 0.0 P=0 :    14.8849 (c= 0.3385+0.1851i)
   E0E0E1-E0+E1 S2= 0.0 Sz= 0.0 P=0 :    8.55819 (c= 0.2567+0.1403i)
   E1E0E0E0+E1- S2= 0.0 Sz= 0.0 P=0 :    8.48577 (c=-0.2556-0.1397i)
   E0+E1E0E1-E0 S2= 0.0 Sz= 0.0 P=0 :    8.05949 (c= 0.2491+0.1362i)
   E1-E0+E0E1E0 S2= 0.0 Sz= 0.0 P=0 :    4.31671 (c= 0.1823+0.0997i)
   E1-E0+E1E0E0 S2= 0.0 Sz= 0.0 P=0 :    3.42496 (c=-0.1624-0.0888i)
   E0E1-E0E1E0+ S2= 0.0 Sz= 0.0 P=0 :    2.37237 (c=-0.1351-0.0739i)
 Psi  61: E = -2688.9247 au  ΔE=     0.3245 au      8.829 eV    71213.6 cm**-1
   E1E0+E1-E0E0 S2= 0.0 Sz= 0.0 P=0 :    24.7496 (c=-0.2393-0.4362i)
   E0+E1E0E1-E0 S2= 0.0 Sz= 0.0 P=0 :    15.5783 (c=-0.1899-0.3460i)
   E0E1-E0E1E0+ S2= 0.0 Sz= 0.0 P=0 :    11.0199 (c=-0.1597-0.2910i)
   E0E0E1-E0+E1 S2= 0.0 Sz= 0.0 P=0 :     7.9263 (c= 0.1354+0.2468i)
   E0E1E0E0+E1- S2= 0.0 Sz= 0.0 P=0 :    6.94977 (c= 0.1268+0.2311i)
   E1-E0+E0E1E0 S2= 0.0 Sz= 0.0 P=0 :    6.53772 (c=-0.1230-0.2242i)
   E1-E0+E1E0E0 S2= 0.0 Sz= 0.0 P=0 :    5.30658 (c= 0.1108+0.2020i)
   E0E0E1E0+E1- S2= 0.0 Sz= 0.0 P=0 :    5.10352 (c=-0.1087-0.1981i)
   E1E0E0E0+E1- S2= 0.0 Sz= 0.0 P=0 :    3.15842 (c=-0.0855-0.1558i)
   E0E1-E1E0E0+ S2= 0.0 Sz= 0.0 P=0 :    3.00239 (c= 0.0833+0.1519i)
   E1-E0+E0E0E1 S2= 0.0 Sz= 0.0 P=0 :    2.77987 (c= 0.0802+0.1462i)
   E0+E1E0E0E1- S2= 0.0 Sz= 0.0 P=0 :    2.30727 (c= 0.0731+0.1332i)
 Psi  62: E = -2688.9246 au  ΔE=     0.3246 au      8.833 eV    71244.1 cm**-1
   E0E1-E0E1E0+ S2= 0.0 Sz= 0.0 P=0 :    34.0279 (c=-0.5195-0.2653i)
   E0+E1E0E1-E0 S2= 0.0 Sz= 0.0 P=0 :    14.9073 (c= 0.3438+0.1756i)
   E0E1-E1E0E0+ S2= 0.0 Sz= 0.0 P=0 :    8.30926 (c= 0.2567+0.1311i)
   E0E1E0E0+E1- S2= 0.0 Sz= 0.0 P=0 :    7.67916 (c=-0.2468-0.1260i)
   E0E0E1E0+E1- S2= 0.0 Sz= 0.0 P=0 :    7.67207 (c= 0.2467+0.1260i)
   E1-E0E0E1E0+ S2= 0.0 Sz= 0.0 P=0 :    5.03161 (c= 0.1998+0.1020i)
   E0E0E0+E1-E1 S2= 0.0 Sz= 0.0 P=0 :    4.66719 (c= 0.1924+0.0983i)
   E0E0E1-E0+E1 S2= 0.0 Sz= 0.0 P=0 :    3.09371 (c= 0.1566+0.0800i)
   E1E0E0E0+E1- S2= 0.0 Sz= 0.0 P=0 :    2.79537 (c= 0.1489+0.0761i)
   E0+E1E0E0E1- S2= 0.0 Sz= 0.0 P=0 :    2.33556 (c=-0.1361-0.0695i)
 Psi  63: E = -2688.9245 au  ΔE=     0.3247 au      8.835 eV    71261.5 cm**-1
   E0+E1E0E1-E0 S2= 0.0 Sz= 0.0 P=0 :    40.3883 (c=-0.2303+0.5923i)
   E1E0+E1-E0E0 S2= 0.0 Sz= 0.0 P=0 :    15.1688 (c= 0.1411-0.3630i)
   E0+E1E0E0E1- S2= 0.0 Sz= 0.0 P=0 :      6.521 (c= 0.0925-0.2380i)
   E1-E0+E1E0E0 S2= 0.0 Sz= 0.0 P=0 :    5.98268 (c=-0.0886+0.2280i)
   E1-E0+E0E1E0 S2= 0.0 Sz= 0.0 P=0 :    5.45486 (c= 0.0846-0.2177i)
   E0E1-E0E1E0+ S2= 0.0 Sz= 0.0 P=0 :    3.81423 (c=-0.0708+0.1820i)
   E1E1-E0+E0E0 S2= 0.0 Sz= 0.0 P=0 :    3.57608 (c=-0.0685+0.1763i)
   E0E1E0E0+E1- S2= 0.0 Sz= 0.0 P=0 :    2.16725 (c=-0.0533+0.1372i)
   E0E0E1-E0+E1 S2= 0.0 Sz= 0.0 P=0 :    2.09498 (c= 0.0524-0.1349i)
   E0E0E1E0+E1- S2= 0.0 Sz= 0.0 P=0 :    2.05294 (c= 0.0519-0.1335i)
   E0+E1E1-E0E0 S2= 0.0 Sz= 0.0 P=0 :    2.01953 (c=-0.0515+0.1325i)
 Psi  64: E = -2688.9243 au  ΔE=     0.3249 au      8.840 eV    71300.6 cm**-1
   E0E0E1-E0+E1 S2= 0.0 Sz= 0.0 P=0 :    56.4011 (c=-0.4797-0.5779i)
   E0E1-E0E1E0+ S2= 0.0 Sz= 0.0 P=0 :    9.94184 (c=-0.2014-0.2426i)
   E0E0E1E1-E0+ S2= 0.0 Sz= 0.0 P=0 :    6.91481 (c= 0.1680+0.2023i)
   E1E0E0E1-E0+ S2= 0.0 Sz= 0.0 P=0 :    4.96211 (c=-0.1423-0.1714i)
   E0E0E0+E1-E1 S2= 0.0 Sz= 0.0 P=0 :    3.53867 (c=-0.1201-0.1447i)
   E1E0+E1-E0E0 S2= 0.0 Sz= 0.0 P=0 :    2.91216 (c= 0.1090+0.1313i)
 Psi  65: E = -2688.9243 au  ΔE=     0.3249 au      8.841 eV    71309.4 cm**-1
   E1E0+E1-E0E0 S2= 0.0 Sz= 0.0 P=0 :    26.2571 (c=-0.5108+0.0411i)
   E1E1-E0+E0E0 S2= 0.0 Sz= 0.0 P=0 :    22.7051 (c=-0.4750+0.0382i)
   E1-E0+E1E0E0 S2= 0.0 Sz= 0.0 P=0 :    15.4837 (c=-0.3922+0.0315i)
   E1-E0+E0E1E0 S2= 0.0 Sz= 0.0 P=0 :    11.3752 (c= 0.3362-0.0270i)
   E1-E0+E0E0E1 S2= 0.0 Sz= 0.0 P=0 :    3.51307 (c=-0.1868+0.0150i)
   E0+E1-E1E0E0 S2= 0.0 Sz= 0.0 P=0 :    2.85283 (c= 0.1684-0.0135i)
 Psi  66: E = -2688.9237 au  ΔE=     0.3254 au      8.856 eV    71425.4 cm**-1
   E0E0+E1-E1E0 S2= 0.0 Sz= 0.0 P=0 :    28.2439 (c=-0.4779-0.2324i)
   E0E0+E1-E0E1 S2= 0.0 Sz= 0.0 P=0 :     25.351 (c= 0.4528+0.2202i)
   E0E1E1-E0+E0 S2= 0.0 Sz= 0.0 P=0 :    8.74693 (c=-0.2660-0.1294i)
   E0E1-E0+E1E0 S2= 0.0 Sz= 0.0 P=0 :    8.25973 (c= 0.2585+0.1257i)
   E1E0E1-E0+E0 S2= 0.0 Sz= 0.0 P=0 :    7.71296 (c= 0.2498+0.1215i)
   E0E1-E0+E0E1 S2= 0.0 Sz= 0.0 P=0 :    5.87317 (c=-0.2179-0.1060i)
   E0E1E0+E1-E0 S2= 0.0 Sz= 0.0 P=0 :     5.4143 (c= 0.2093+0.1018i)
   E1E0E0+E1-E0 S2= 0.0 Sz= 0.0 P=0 :    4.06845 (c=-0.1814-0.0882i)
   E1E1-E0+E0E0 S2= 0.0 Sz= 0.0 P=0 :     2.1348 (c= 0.1314+0.0639i)
 Psi  67: E = -2688.9236 au  ΔE=     0.3256 au      8.861 eV    71466.6 cm**-1
   E0E1E1-E0+E0 S2= 0.0 Sz= 0.0 P=0 :     28.575 (c=-0.4771-0.2411i)
   E1E0E1-E0+E0 S2= 0.0 Sz= 0.0 P=0 :    23.2399 (c= 0.4303+0.2174i)
   E0E0+E1-E1E0 S2= 0.0 Sz= 0.0 P=0 :    18.3802 (c= 0.3826+0.1934i)
   E0E0+E1-E0E1 S2= 0.0 Sz= 0.0 P=0 :    15.8314 (c=-0.3551-0.1795i)
   E0E1-E0+E0E1 S2= 0.0 Sz= 0.0 P=0 :    2.07609 (c=-0.1286-0.0650i)
   E0E1E0+E1-E0 S2= 0.0 Sz= 0.0 P=0 :    2.06759 (c= 0.1283+0.0649i)
 Psi  68: E = -2688.9234 au  ΔE=     0.3258 au      8.866 eV    71505.3 cm**-1
   E0+E1-E0E0E1 S2= 0.0 Sz= 0.0 P=0 :    31.0986 (c= 0.5566+0.0350i)
   E0+E1-E1E0E0 S2= 0.0 Sz= 0.0 P=0 :    26.5868 (c=-0.5146-0.0324i)
   E0E1E0+E1-E0 S2= 0.0 Sz= 0.0 P=0 :    11.3051 (c=-0.3356-0.0211i)
   E1E0E0+E1-E0 S2= 0.0 Sz= 0.0 P=0 :    9.72068 (c= 0.3112+0.0196i)
   E0E1-E0+E1E0 S2= 0.0 Sz= 0.0 P=0 :    6.04498 (c= 0.2454+0.0154i)
   E0E1-E0+E0E1 S2= 0.0 Sz= 0.0 P=0 :    3.95526 (c=-0.1985-0.0125i)
   E1E0E0E1-E0+ S2= 0.0 Sz= 0.0 P=0 :    2.27847 (c=-0.1506-0.0095i)
 Psi  69: E = -2688.9233 au  ΔE=     0.3259 au      8.869 eV    71532.2 cm**-1
   E0E1E0+E1-E0 S2= 0.0 Sz= 0.0 P=0 :    20.2535 (c= 0.1535+0.4230i)
   E0+E1-E1E0E0 S2= 0.0 Sz= 0.0 P=0 :    15.6348 (c=-0.1349-0.3717i)
   E0+E1-E0E0E1 S2= 0.0 Sz= 0.0 P=0 :    14.8703 (c= 0.1315+0.3625i)
   E1E0E0+E1-E0 S2= 0.0 Sz= 0.0 P=0 :    12.3313 (c=-0.1198-0.3301i)
   E0E1-E0+E1E0 S2= 0.0 Sz= 0.0 P=0 :    8.11531 (c=-0.0972-0.2678i)
   E0E1-E0+E0E1 S2= 0.0 Sz= 0.0 P=0 :    7.22805 (c= 0.0917+0.2527i)
   E1E0E0E1-E0+ S2= 0.0 Sz= 0.0 P=0 :     5.6509 (c= 0.0811+0.2235i)
   E0E0E1E1-E0+ S2= 0.0 Sz= 0.0 P=0 :    3.28117 (c=-0.0618-0.1703i)
   E1E1-E0+E0E0 S2= 0.0 Sz= 0.0 P=0 :    2.46362 (c=-0.0535-0.1475i)
   E1E0+E1-E0E0 S2= 0.0 Sz= 0.0 P=0 :    2.01114 (c=-0.0484-0.1333i)
 Psi  70: E = -2688.9230 au  ΔE=     0.3261 au      8.875 eV    71578.7 cm**-1
   E1E0E0E1-E0+ S2= 0.0 Sz= 0.0 P=0 :    37.8297 (c= 0.5169+0.3334i)
   E0E0E1E1-E0+ S2= 0.0 Sz= 0.0 P=0 :    31.3954 (c=-0.4709-0.3037i)
   E0E0E1-E0+E1 S2= 0.0 Sz= 0.0 P=0 :    7.88498 (c=-0.2360-0.1522i)
   E0E1E0+E1-E0 S2= 0.0 Sz= 0.0 P=0 :    5.73725 (c=-0.2013-0.1298i)
   E1E0E0+E1-E0 S2= 0.0 Sz= 0.0 P=0 :     4.2164 (c= 0.1726+0.1113i)
   E0E0E1-E1E0+ S2= 0.0 Sz= 0.0 P=0 :    2.58486 (c=-0.1351-0.0872i)
 Psi  71: E = -2688.9228 au  ΔE=     0.3264 au      8.882 eV    71634.8 cm**-1
   E0E1-E0+E1E0 S2= 0.0 Sz= 0.0 P=0 :    30.1001 (c=-0.0880+0.5415i)
   E0E1-E0+E0E1 S2= 0.0 Sz= 0.0 P=0 :     15.864 (c= 0.0639-0.3931i)
   E0E1E1-E0+E0 S2= 0.0 Sz= 0.0 P=0 :    14.4048 (c=-0.0609+0.3746i)
   E0E1E0+E1-E0 S2= 0.0 Sz= 0.0 P=0 :    10.6461 (c=-0.0523+0.3221i)
   E1E0E1-E0+E0 S2= 0.0 Sz= 0.0 P=0 :    8.00198 (c= 0.0454-0.2792i)
   E1E0E0+E1-E0 S2= 0.0 Sz= 0.0 P=0 :    6.14766 (c= 0.0398-0.2447i)
   E0E0+E1-E1E0 S2= 0.0 Sz= 0.0 P=0 :     4.5298 (c=-0.0341+0.2101i)
   E0E0+E1-E0E1 S2= 0.0 Sz= 0.0 P=0 :    2.96913 (c= 0.0276-0.1701i)
   E0E1-E1E0+E0 S2= 0.0 Sz= 0.0 P=0 :    2.06679 (c=-0.0231+0.1419i)
 Psi  72: E = -2688.9210 au  ΔE=     0.3282 au      8.931 eV    72035.9 cm**-1
   E0+E1-E0E1E0 S2= 0.0 Sz= 0.0 P=0 :    42.8009 (c= 0.1417-0.6387i)
   E0+E1-E1E0E0 S2= 0.0 Sz= 0.0 P=0 :    28.2695 (c=-0.1152+0.5191i)
   E0+E1-E0E0E1 S2= 0.0 Sz= 0.0 P=0 :    24.1096 (c=-0.1063+0.4794i)
 Psi  73: E = -2688.9208 au  ΔE=     0.3283 au      8.935 eV    72063.2 cm**-1
   E0E1E0E1-E0+ S2= 0.0 Sz= 0.0 P=0 :    40.7463 (c= 0.5457-0.3311i)
   E0E0E1E1-E0+ S2= 0.0 Sz= 0.0 P=0 :    32.4416 (c=-0.4869+0.2955i)
   E1E0E0E1-E0+ S2= 0.0 Sz= 0.0 P=0 :    20.4404 (c=-0.3865+0.2345i)
 Psi  74: E = -2688.9188 au  ΔE=     0.3304 au      8.991 eV    72514.0 cm**-1
   E1-E1E0E0E0+ S2= 0.0 Sz= 0.0 P=0 :    74.2422 (c= 0.6768-0.5333i)
   E1-E0E1E0E0+ S2= 0.0 Sz= 0.0 P=0 :    14.7415 (c= 0.3016-0.2376i)
   E1-E1E0E0+E0 S2= 0.0 Sz= 0.0 P=0 :    6.19791 (c= 0.1955-0.1541i)
 Psi  75: E = -2688.9187 au  ΔE=     0.3305 au      8.992 eV    72525.5 cm**-1
   E0+E0E0E1E1- S2= 0.0 Sz= 0.0 P=0 :    80.1307 (c=-0.5826-0.6797i)
   E0+E1E0E0E1- S2= 0.0 Sz= 0.0 P=0 :     9.1673 (c= 0.1970+0.2299i)
   E0E0+E0E1E1- S2= 0.0 Sz= 0.0 P=0 :    6.86387 (c=-0.1705-0.1989i)
 Psi  76: E = -2688.9181 au  ΔE=     0.3311 au      9.008 eV    72658.4 cm**-1
   E1-E0E0E1E0+ S2= 0.0 Sz= 0.0 P=0 :    48.9735 (c= 0.1632+0.6805i)
   E1-E0E1E0E0+ S2= 0.0 Sz= 0.0 P=0 :    26.7018 (c= 0.1205+0.5025i)
   E0E1-E0E1E0+ S2= 0.0 Sz= 0.0 P=0 :    8.11648 (c= 0.0664+0.2770i)
   E1-E1E0E0E0+ S2= 0.0 Sz= 0.0 P=0 :    7.46003 (c=-0.0637-0.2656i)
   E0E1-E1E0E0+ S2= 0.0 Sz= 0.0 P=0 :    3.96767 (c= 0.0464+0.1937i)
 Psi  77: E = -2688.9179 au  ΔE=     0.3313 au      9.014 eV    72704.5 cm**-1
   E0+E0E1E0E1- S2= 0.0 Sz= 0.0 P=0 :    47.2627 (c= 0.1765+0.6644i)
   E0+E1E0E0E1- S2= 0.0 Sz= 0.0 P=0 :    32.9848 (c= 0.1474+0.5551i)
   E0+E0E1E1-E0 S2= 0.0 Sz= 0.0 P=0 :    6.95198 (c= 0.0677+0.2548i)
   E0+E1E0E1-E0 S2= 0.0 Sz= 0.0 P=0 :    5.47211 (c= 0.0600+0.2261i)
   E0E0+E1E0E1- S2= 0.0 Sz= 0.0 P=0 :    4.62639 (c= 0.0552+0.2079i)
 Psi  78: E = -2688.9173 au  ΔE=     0.3319 au      9.031 eV    72838.2 cm**-1
   E0+E1E0E0E1- S2= 0.0 Sz= 0.0 P=0 :     43.828 (c= 0.5841-0.3117i)
   E0+E0E1E0E1- S2= 0.0 Sz= 0.0 P=0 :    32.5009 (c=-0.5030+0.2684i)
   E0+E0E0E1E1- S2= 0.0 Sz= 0.0 P=0 :    10.2151 (c= 0.2820-0.1505i)
   E0+E1E0E1-E0 S2= 0.0 Sz= 0.0 P=0 :    6.21655 (c= 0.2200-0.1174i)
   E0+E0E1E1-E0 S2= 0.0 Sz= 0.0 P=0 :    3.55339 (c=-0.1663+0.0888i)
   E0E0+E1E0E1- S2= 0.0 Sz= 0.0 P=0 :    2.27464 (c=-0.1331+0.0710i)
 Psi  79: E = -2688.9173 au  ΔE=     0.3319 au      9.032 eV    72848.4 cm**-1
   E1-E0E1E0E0+ S2= 0.0 Sz= 0.0 P=0 :     39.348 (c= 0.4461-0.4409i)
   E1-E0E0E1E0+ S2= 0.0 Sz= 0.0 P=0 :    36.6514 (c=-0.4306+0.4256i)
   E1-E1E0E0E0+ S2= 0.0 Sz= 0.0 P=0 :     9.0353 (c=-0.2138+0.2113i)
   E0E1-E1E0E0+ S2= 0.0 Sz= 0.0 P=0 :    5.36336 (c= 0.1647-0.1628i)
   E0E1-E0E1E0+ S2= 0.0 Sz= 0.0 P=0 :    4.50175 (c=-0.1509+0.1491i)
   E1-E0E1E0+E0 S2= 0.0 Sz= 0.0 P=0 :    3.56788 (c= 0.1343-0.1328i)
 Psi  80: E = -2688.9020 au  ΔE=     0.3472 au      9.448 eV    76206.6 cm**-1
   E0E0+E1-E0+E1- S2= 0.0 Sz= 0.0 P=0 :    94.7984 (c= 0.7146-0.6613i)
 Psi  81: E = -2688.9016 au  ΔE=     0.3475 au      9.457 eV    76275.6 cm**-1
   E1-E0+E1-E0+E0 S2= 0.0 Sz= 0.0 P=0 :    93.6972 (c=-0.0704-0.9654i)
 Psi  82: E = -2688.8984 au  ΔE=     0.3508 au      9.545 eV    76985.0 cm**-1
   E0+E1-E0+E1-E0 S2= 0.0 Sz= 0.0 P=0 :    95.2552 (c=-0.1010-0.9707i)
 Psi  83: E = -2688.8981 au  ΔE=     0.3511 au      9.554 eV    77054.7 cm**-1
   E0E1-E0+E1-E0+ S2= 0.0 Sz= 0.0 P=0 :    94.0969 (c=-0.3506+0.9044i)
 Psi  84: E = -2688.8913 au  ΔE=     0.3579 au      9.738 eV    78545.6 cm**-1
   E1E0E0+E0E1- S2= 0.0 Sz= 0.0 P=0 :    60.0038 (c= 0.5336-0.5615i)
   E0E1E0+E0E1- S2= 0.0 Sz= 0.0 P=0 :     34.161 (c= 0.4026-0.4237i)
   E0+E1-E0+E0E1- S2= 0.0 Sz= 0.0 P=0 :     2.5323 (c=-0.1096+0.1154i)
 Psi  85: E = -2688.8913 au  ΔE=     0.3579 au      9.739 eV    78554.1 cm**-1
   E1-E0E0+E0E1 S2= 0.0 Sz= 0.0 P=0 :    60.7692 (c= 0.6922+0.3586i)
   E1-E0E0+E1E0 S2= 0.0 Sz= 0.0 P=0 :    33.3772 (c= 0.5130+0.2658i)
   E1-E0E0+E1-E0+ S2= 0.0 Sz= 0.0 P=0 :    2.43577 (c=-0.1386-0.0718i)
 Psi  86: E = -2688.8873 au  ΔE=     0.3618 au      9.846 eV    79412.8 cm**-1
   E0E0+E0E1-E1 S2= 0.0 Sz= 0.0 P=0 :    29.9329 (c= 0.5380+0.0993i)
   E0+E0E1-E0E1 S2= 0.0 Sz= 0.0 P=0 :    25.0828 (c= 0.4925+0.0909i)
   E1E0+E0E1-E0 S2= 0.0 Sz= 0.0 P=0 :    18.0669 (c=-0.4180-0.0771i)
   E0+E0E1-E1E0 S2= 0.0 Sz= 0.0 P=0 :    16.5695 (c= 0.4003+0.0739i)
   E0+E0E0E1-E1 S2= 0.0 Sz= 0.0 P=0 :    2.55317 (c=-0.1571-0.0290i)
   E0E1E0+E0E1- S2= 0.0 Sz= 0.0 P=0 :    2.33916 (c= 0.1504+0.0277i)
 Psi  87: E = -2688.8873 au  ΔE=     0.3619 au      9.848 eV    79433.3 cm**-1
   E1E0E1-E0E0+ S2= 0.0 Sz= 0.0 P=0 :    35.1518 (c= 0.5874+0.0807i)
   E0E1E1-E0E0+ S2= 0.0 Sz= 0.0 P=0 :    22.7964 (c= 0.4730+0.0650i)
   E1E1-E0E0+E0 S2= 0.0 Sz= 0.0 P=0 :    21.0027 (c= 0.4540+0.0623i)
   E0E1-E0E0+E1 S2= 0.0 Sz= 0.0 P=0 :     11.263 (c=-0.3325-0.0457i)
   E1-E0+E1-E0E0+ S2= 0.0 Sz= 0.0 P=0 :    2.44223 (c=-0.1548-0.0213i)
   E1E1-E0E0E0+ S2= 0.0 Sz= 0.0 P=0 :    2.41117 (c=-0.1538-0.0211i)
 Psi  88: E = -2688.8871 au  ΔE=     0.3621 au      9.853 eV    79467.5 cm**-1
   E0+E0E1-E0E1 S2= 0.0 Sz= 0.0 P=0 :    26.7467 (c= 0.5026-0.1220i)
   E0+E0E1-E1E0 S2= 0.0 Sz= 0.0 P=0 :    21.8728 (c= 0.4545-0.1103i)
   E1E0+E0E1-E0 S2= 0.0 Sz= 0.0 P=0 :    21.0233 (c= 0.4456-0.1081i)
   E0E0+E0E1-E1 S2= 0.0 Sz= 0.0 P=0 :    14.7731 (c=-0.3735+0.0907i)
   E0E1E0+E0E1- S2= 0.0 Sz= 0.0 P=0 :    7.63691 (c=-0.2686+0.0652i)
   E1E0E0+E0E1- S2= 0.0 Sz= 0.0 P=0 :    2.71054 (c= 0.1600-0.0388i)
   E0+E0E1-E0+E1- S2= 0.0 Sz= 0.0 P=0 :    2.05259 (c=-0.1392+0.0338i)
 Psi  89: E = -2688.8870 au  ΔE=     0.3622 au      9.855 eV    79489.0 cm**-1
   E0E1-E0E0+E1 S2= 0.0 Sz= 0.0 P=0 :    27.0876 (c=-0.4898-0.1760i)
   E1E1-E0E0+E0 S2= 0.0 Sz= 0.0 P=0 :    19.7498 (c= 0.4182+0.1503i)
   E1E0E1-E0E0+ S2= 0.0 Sz= 0.0 P=0 :    17.7948 (c=-0.3970-0.1427i)
   E0E1E1-E0E0+ S2= 0.0 Sz= 0.0 P=0 :    14.0946 (c=-0.3533-0.1270i)
   E1-E0E0+E1E0 S2= 0.0 Sz= 0.0 P=0 :    11.7487 (c= 0.3226+0.1159i)
   E1-E0E0+E0E1 S2= 0.0 Sz= 0.0 P=0 :    4.30376 (c=-0.1952-0.0702i)
   E1-E0E0E0+E1 S2= 0.0 Sz= 0.0 P=0 :    2.03432 (c= 0.1342+0.0482i)
 Psi  90: E = -2688.8868 au  ΔE=     0.3624 au      9.861 eV    79532.5 cm**-1
   E0E1E0+E0E1- S2= 0.0 Sz= 0.0 P=0 :    50.0731 (c= 0.4487+0.5472i)
   E1E0E0+E0E1- S2= 0.0 Sz= 0.0 P=0 :    28.9981 (c=-0.3415-0.4164i)
   E0E0+E0E1-E1 S2= 0.0 Sz= 0.0 P=0 :    14.9037 (c=-0.2448-0.2985i)
 Psi  91: E = -2688.8867 au  ΔE=     0.3624 au      9.863 eV    79547.1 cm**-1
   E1-E0E0+E1E0 S2= 0.0 Sz= 0.0 P=0 :    47.3045 (c= 0.6274+0.2819i)
   E1-E0E0+E0E1 S2= 0.0 Sz= 0.0 P=0 :     26.971 (c=-0.4737-0.2129i)
   E1E1-E0E0+E0 S2= 0.0 Sz= 0.0 P=0 :    18.3145 (c=-0.3904-0.1754i)
   E0E1-E0E0+E1 S2= 0.0 Sz= 0.0 P=0 :    2.01178 (c= 0.1294+0.0581i)
 Psi  92: E = -2688.8861 au  ΔE=     0.3631 au      9.881 eV    79693.5 cm**-1
   E1E0+E0E1-E0 S2= 0.0 Sz= 0.0 P=0 :    55.4256 (c=-0.4159+0.6175i)
   E0E0+E0E1-E1 S2= 0.0 Sz= 0.0 P=0 :    35.4414 (c=-0.3326+0.4938i)
   E1E0E0+E0E1- S2= 0.0 Sz= 0.0 P=0 :    2.47515 (c= 0.0879-0.1305i)
   E0E1E0+E0E1- S2= 0.0 Sz= 0.0 P=0 :     2.1936 (c=-0.0827+0.1228i)
 Psi  93: E = -2688.8860 au  ΔE=     0.3632 au      9.883 eV    79708.3 cm**-1
   E0E1-E0E0+E1 S2= 0.0 Sz= 0.0 P=0 :    54.8256 (c= 0.7240+0.1552i)
   E1E1-E0E0+E0 S2= 0.0 Sz= 0.0 P=0 :    35.7415 (c= 0.5846+0.1253i)
   E1-E0E0+E0E1 S2= 0.0 Sz= 0.0 P=0 :    2.45499 (c=-0.1532-0.0328i)
   E1-E0E0+E1E0 S2= 0.0 Sz= 0.0 P=0 :    2.22471 (c= 0.1458+0.0313i)
 Psi  94: E = -2688.8840 au  ΔE=     0.3651 au      9.936 eV    80136.3 cm**-1
   E0+E1-E0E0+E1- S2= 0.0 Sz= 0.0 P=0 :    85.0017 (c=-0.8624+0.3259i)
   E1-E0+E0E1-E0+ S2= 0.0 Sz= 0.0 P=0 :    7.59844 (c=-0.2579+0.0974i)
   E0+E1-E0+E0E1- S2= 0.0 Sz= 0.0 P=0 :    2.69574 (c= 0.1536-0.0580i)
 Psi  95: E = -2688.8840 au  ΔE=     0.3651 au      9.936 eV    80141.1 cm**-1
   E1-E0+E0E1-E0+ S2= 0.0 Sz= 0.0 P=0 :    85.2047 (c= 0.8182-0.4273i)
   E0+E1-E0E0+E1- S2= 0.0 Sz= 0.0 P=0 :    7.60135 (c=-0.2444+0.1276i)
   E1-E0E0+E1-E0+ S2= 0.0 Sz= 0.0 P=0 :    2.59245 (c=-0.1427+0.0745i)
 Psi  96: E = -2688.8834 au  ΔE=     0.3658 au      9.955 eV    80288.8 cm**-1
   E0+E0E1-E1E0 S2= 0.0 Sz= 0.0 P=0 :    56.1055 (c= 0.7058+0.2507i)
   E0+E0E1-E0E1 S2= 0.0 Sz= 0.0 P=0 :    41.1754 (c=-0.6047-0.2148i)
 Psi  97: E = -2688.8833 au  ΔE=     0.3659 au      9.957 eV    80309.2 cm**-1
   E0E1E1-E0E0+ S2= 0.0 Sz= 0.0 P=0 :    57.3518 (c= 0.0684-0.7542i)
   E1E0E1-E0E0+ S2= 0.0 Sz= 0.0 P=0 :    39.8528 (c=-0.0571+0.6287i)
 Psi  98: E = -2688.8736 au  ΔE=     0.3756 au     10.220 eV    82429.6 cm**-1
   E1-E0+E0E0+E1- S2= 0.0 Sz= 0.0 P=0 :    98.5168 (c= 0.7735+0.6219i)
 Psi  99: E = -2688.8732 au  ΔE=     0.3760 au     10.231 eV    82521.0 cm**-1
   E1E0+E0E0E1- S2= 0.0 Sz= 0.0 P=0 :    92.9405 (c= 0.7122+0.6497i)
   E1E0+E0E1-E0 S2= 0.0 Sz= 0.0 P=0 :    3.08092 (c= 0.1297+0.1183i)
   E1E0E0+E0E1- S2= 0.0 Sz= 0.0 P=0 :    2.73435 (c= 0.1222+0.1114i)
 Psi 100: E = -2688.8731 au  ΔE=     0.3760 au     10.233 eV    82533.1 cm**-1
   E1-E0E0E0+E1 S2= 0.0 Sz= 0.0 P=0 :    92.6282 (c= 0.7819-0.5612i)
   E0E1-E0E0+E1 S2= 0.0 Sz= 0.0 P=0 :    3.07915 (c= 0.1426-0.1023i)
   E1-E0E0+E0E1 S2= 0.0 Sz= 0.0 P=0 :    2.62489 (c= 0.1316-0.0945i)
 Psi 101: E = -2688.8697 au  ΔE=     0.3795 au     10.327 eV    83292.1 cm**-1
   E0+E0E0E1-E1 S2= 0.0 Sz= 0.0 P=0 :    84.7607 (c=-0.8995+0.1962i)
   E0+E0E1-E0+E1- S2= 0.0 Sz= 0.0 P=0 :    9.18257 (c= 0.2961-0.0646i)
   E0E0+E0E1-E1 S2= 0.0 Sz= 0.0 P=0 :    2.43484 (c=-0.1525+0.0333i)
 Psi 102: E = -2688.8696 au  ΔE=     0.3795 au     10.328 eV    83300.9 cm**-1
   E1E1-E0E0E0+ S2= 0.0 Sz= 0.0 P=0 :    82.4063 (c= 0.6595+0.6238i)
   E1-E0+E1-E0E0+ S2= 0.0 Sz= 0.0 P=0 :    11.1896 (c=-0.2430-0.2299i)
   E1E1-E0E0+E0 S2= 0.0 Sz= 0.0 P=0 :    2.37215 (c= 0.1119+0.1058i)
 Psi 103: E = -2688.8687 au  ΔE=     0.3804 au     10.352 eV    83496.6 cm**-1
   E0+E1-E0+E0E1- S2= 0.0 Sz= 0.0 P=0 :    58.2121 (c=-0.2061+0.7346i)
   E0+E0E1-E0+E1- S2= 0.0 Sz= 0.0 P=0 :    29.6934 (c= 0.1472-0.5247i)
   E0+E0E0E1-E1 S2= 0.0 Sz= 0.0 P=0 :    6.71795 (c= 0.0700-0.2496i)
 Psi 104: E = -2688.8686 au  ΔE=     0.3806 au     10.356 eV    83528.1 cm**-1
   E1-E0E0+E1-E0+ S2= 0.0 Sz= 0.0 P=0 :    57.0439 (c=-0.4466+0.6091i)
   E1-E0+E1-E0E0+ S2= 0.0 Sz= 0.0 P=0 :    28.5094 (c= 0.3158-0.4306i)
   E1E1-E0E0E0+ S2= 0.0 Sz= 0.0 P=0 :    8.56612 (c= 0.1731-0.2360i)
 Psi 105: E = -2688.8678 au  ΔE=     0.3814 au     10.378 eV    83703.6 cm**-1
   E0+E0E1-E0+E1- S2= 0.0 Sz= 0.0 P=0 :    54.5578 (c= 0.7386-0.0077i)
   E0+E1-E0+E0E1- S2= 0.0 Sz= 0.0 P=0 :    33.2411 (c= 0.5765-0.0060i)
   E0+E1-E0E0+E1- S2= 0.0 Sz= 0.0 P=0 :    4.74725 (c= 0.2179-0.0023i)
   E0+E0E0E1-E1 S2= 0.0 Sz= 0.0 P=0 :    2.64075 (c= 0.1625-0.0017i)
 Psi 106: E = -2688.8675 au  ΔE=     0.3817 au     10.385 eV    83762.9 cm**-1
   E1-E0+E1-E0E0+ S2= 0.0 Sz= 0.0 P=0 :    53.5307 (c=-0.5949-0.4259i)
   E1-E0E0+E1-E0+ S2= 0.0 Sz= 0.0 P=0 :    33.4663 (c=-0.4704-0.3368i)
   E1-E0+E0E1-E0+ S2= 0.0 Sz= 0.0 P=0 :    4.55437 (c=-0.1735-0.1242i)
   E1E1-E0E0E0+ S2= 0.0 Sz= 0.0 P=0 :    3.08863 (c=-0.1429-0.1023i)
 Psi 107: E = -2688.8660 au  ΔE=     0.3832 au     10.426 eV    84093.6 cm**-1
   E0+E1-E0E1-E0+ S2= 0.0 Sz= 0.0 P=0 :     98.612 (c= 0.0320+0.9925i)
 Psi 108: E = -2688.8543 au  ΔE=     0.3948 au     10.744 eV    86654.7 cm**-1
   E1-E0+E0+E1-E0 S2= 0.0 Sz= 0.0 P=0 :    68.5721 (c= 0.2223-0.7977i)
   E0E1-E0+E0+E1- S2= 0.0 Sz= 0.0 P=0 :    30.5313 (c=-0.1485+0.5322i)
 Psi 109: E = -2688.8543 au  ΔE=     0.3948 au     10.744 eV    86654.7 cm**-1
   E0E1-E0+E0+E1- S2= 0.0 Sz= 0.0 P=0 :    68.5701 (c=-0.6361+0.5302i)
   E1-E0+E0+E1-E0 S2= 0.0 Sz= 0.0 P=0 :    30.5293 (c=-0.4243+0.3539i)
 Psi 110: E = -2688.8510 au  ΔE=     0.3982 au     10.834 eV    87385.0 cm**-1
   E0E0+E1-E1-E0+ S2= 0.0 Sz= 0.0 P=0 :    94.5591 (c=-0.8132-0.5332i)
   E0+E1-E1-E0+E0 S2= 0.0 Sz= 0.0 P=0 :    4.46803 (c=-0.1768-0.1159i)
 Psi 111: E = -2688.8510 au  ΔE=     0.3982 au     10.834 eV    87385.0 cm**-1
   E0+E1-E1-E0+E0 S2= 0.0 Sz= 0.0 P=0 :    94.5601 (c=-0.7402-0.6306i)
   E0E0+E1-E1-E0+ S2= 0.0 Sz= 0.0 P=0 :    4.46911 (c= 0.1609+0.1371i)
 Psi 112: E = -2688.8111 au  ΔE=     0.4381 au     11.922 eV    96154.9 cm**-1
   E1-E0+E0+E0E1- S2= 0.0 Sz= 0.0 P=0 :    49.7261 (c=-0.5193-0.4770i)
   E1-E0E0+E0+E1- S2= 0.0 Sz= 0.0 P=0 :     49.724 (c= 0.5193+0.4770i)
 Psi 113: E = -2688.8108 au  ΔE=     0.4384 au     11.928 eV    96209.0 cm**-1
   E1-E0E0+E0+E1- S2= 0.0 Sz= 0.0 P=0 :    49.5251 (c=-0.6534-0.2615i)
   E1-E0+E0+E0E1- S2= 0.0 Sz= 0.0 P=0 :     49.523 (c=-0.6533-0.2615i)
 Psi 114: E = -2688.8038 au  ΔE=     0.4453 au     12.118 eV    97738.5 cm**-1
   E0+E0E1-E1-E0+ S2= 0.0 Sz= 0.0 P=0 :    49.6934 (c= 0.6141-0.3462i)
   E0+E1-E1-E0E0+ S2= 0.0 Sz= 0.0 P=0 :    49.6866 (c=-0.6140+0.3462i)
 Psi 115: E = -2688.8037 au  ΔE=     0.4455 au     12.123 eV    97775.3 cm**-1
   E0+E1-E1-E0E0+ S2= 0.0 Sz= 0.0 P=0 :    49.5512 (c=-0.5926+0.3800i)
   E0+E0E1-E1-E0+ S2= 0.0 Sz= 0.0 P=0 :    49.5443 (c=-0.5925+0.3799i)
 Psi 116: E = -2688.7659 au  ΔE=     0.4832 au     13.150 eV   106060.3 cm**-1
   E1-E1-E0+E0E0+ S2= 0.0 Sz= 0.0 P=0 :    96.6182 (c=-0.9805+0.0692i)
   E1-E1-E0+E0+E0 S2= 0.0 Sz= 0.0 P=0 :    3.07972 (c= 0.1751-0.0124i)
 Psi 117: E = -2688.7659 au  ΔE=     0.4833 au     13.152 eV   106076.4 cm**-1
   E0+E0E0+E1-E1- S2= 0.0 Sz= 0.0 P=0 :    96.7363 (c=-0.9682+0.1732i)
   E0E0+E0+E1-E1- S2= 0.0 Sz= 0.0 P=0 :    3.08818 (c= 0.1730-0.0310i)
 Psi 118: E = -2688.7648 au  ΔE=     0.4844 au     13.181 eV   106314.6 cm**-1
   E1-E0E1-E0+E0+ S2= 0.0 Sz= 0.0 P=0 :    98.1446 (c= 0.7413-0.6572i)
 Psi 119: E = -2688.7647 au  ΔE=     0.4845 au     13.183 eV   106329.5 cm**-1
   E0+E0+E1-E0E1- S2= 0.0 Sz= 0.0 P=0 :    98.2648 (c= 0.7837+0.6070i)
 Psi 120: E = -2688.7497 au  ΔE=     0.4995 au     13.592 eV   109624.8 cm**-1
   E1-E1-E0+E0+E0 S2= 0.0 Sz= 0.0 P=0 :    96.8983 (c= 0.8033+0.5689i)
   E1-E1-E0+E0E0+ S2= 0.0 Sz= 0.0 P=0 :    3.08231 (c= 0.1433+0.1015i)
 Psi 121: E = -2688.7496 au  ΔE=     0.4995 au     13.593 eV   109638.5 cm**-1
   E0E0+E0+E1-E1- S2= 0.0 Sz= 0.0 P=0 :    96.8597 (c=-0.9841-0.0136i)
   E0+E0E0+E1-E1- S2= 0.0 Sz= 0.0 P=0 :    3.08423 (c=-0.1756-0.0024i)
 Psi 122: E = -2688.7458 au  ΔE=     0.5034 au     13.699 eV   110485.9 cm**-1
   E0E1-E1-E0+E0+ S2= 0.0 Sz= 0.0 P=0 :    98.3962 (c= 0.0941+0.9875i)
 Psi 123: E = -2688.7457 au  ΔE=     0.5035 au     13.700 eV   110499.6 cm**-1
   E0+E0+E1-E1-E0 S2= 0.0 Sz= 0.0 P=0 :    98.3592 (c= 0.8137+0.5670i)
 Psi 124: E = -2688.6740 au  ΔE=     0.5752 au     15.651 eV   126231.8 cm**-1
   E1-E1-E0E0+E0+ S2= 0.0 Sz= 0.0 P=0 :    99.8354 (c=-0.3572+0.9332i)
 Psi 125: E = -2688.6740 au  ΔE=     0.5752 au     15.651 eV   126231.8 cm**-1
   E0+E0+E0E1-E1- S2= 0.0 Sz= 0.0 P=0 :    99.8351 (c= 0.9350+0.3523i)
 Psi 126: E = -2687.1551 au  ΔE=     2.0940 au     56.982 eV   459587.0 cm**-1
   E0E2E0E0E0 S2= 0.0 Sz= 0.0 P=0 :    48.9607 (c= 0.3313+0.6163i)
   E0E0E0E2E0 S2= 0.0 Sz= 0.0 P=0 :    48.9031 (c=-0.3311-0.6159i)
 Psi 127: E = -2687.1551 au  ΔE=     2.0940 au     56.982 eV   459588.1 cm**-1
   E0E0E2E0E0 S2= 0.0 Sz= 0.0 P=0 :    65.9323 (c= 0.5247-0.6197i)
   E0E0E0E2E0 S2= 0.0 Sz= 0.0 P=0 :    16.0297 (c=-0.2587+0.3055i)
   E0E2E0E0E0 S2= 0.0 Sz= 0.0 P=0 :     15.973 (c=-0.2583+0.3050i)
 Psi 128: E = -2687.1547 au  ΔE=     2.0944 au     56.992 eV   459675.1 cm**-1
   E0E0E0E0E2 S2= 0.0 Sz= 0.0 P=0 :     23.274 (c=-0.4553-0.1595i)
   E2E0E0E0E0 S2= 0.0 Sz= 0.0 P=0 :    23.2733 (c=-0.4553-0.1595i)
   E0E0E0E2E0 S2= 0.0 Sz= 0.0 P=0 :    17.6044 (c= 0.3960+0.1387i)
   E0E2E0E0E0 S2= 0.0 Sz= 0.0 P=0 :    17.6036 (c= 0.3960+0.1387i)
   E0E0E2E0E0 S2= 0.0 Sz= 0.0 P=0 :    16.6459 (c= 0.3850+0.1349i)
 Psi 129: E = -2687.1544 au  ΔE=     2.0948 au     57.002 eV   459751.7 cm**-1
   E2E0E0E0E0 S2= 0.0 Sz= 0.0 P=0 :    49.5046 (c=-0.6297+0.3138i)
   E0E0E0E0E2 S2= 0.0 Sz= 0.0 P=0 :     49.504 (c= 0.6297-0.3138i)
 Psi 130: E = -2687.1518 au  ΔE=     2.0974 au     57.072 eV   460317.7 cm**-1
   E2E0E0E0E0 S2= 0.0 Sz= 0.0 P=0 :    26.1679 (c= 0.3759-0.3470i)
   E0E0E0E0E2 S2= 0.0 Sz= 0.0 P=0 :    26.1678 (c= 0.3759-0.3470i)
   E0E0E2E0E0 S2= 0.0 Sz= 0.0 P=0 :    15.2512 (c= 0.2869-0.2649i)
   E0E0E0E2E0 S2= 0.0 Sz= 0.0 P=0 :    15.2268 (c= 0.2867-0.2647i)
   E0E2E0E0E0 S2= 0.0 Sz= 0.0 P=0 :    15.2267 (c= 0.2867-0.2647i)
 Psi 131: E = -2687.1204 au  ΔE=     2.1288 au     57.926 eV   467206.9 cm**-1
   E1-E1+E0E0E0 S2= 0.0 Sz= 0.0 P=0 :    75.1258 (c= 0.0915+0.8619i)
   E0E0E0E1+E1- S2= 0.0 Sz= 0.0 P=0 :    21.9319 (c=-0.0494-0.4657i)
 Psi 132: E = -2687.1204 au  ΔE=     2.1288 au     57.927 eV   467209.4 cm**-1
   E0E0E0E1+E1- S2= 0.0 Sz= 0.0 P=0 :    75.0047 (c= 0.8643+0.0550i)
   E1-E1+E0E0E0 S2= 0.0 Sz= 0.0 P=0 :    21.8378 (c= 0.4664+0.0297i)
 Psi 133: E = -2687.1191 au  ΔE=     2.1301 au     57.962 eV   467495.8 cm**-1
   E0E1-E1+E0E0 S2= 0.0 Sz= 0.0 P=0 :    50.3366 (c=-0.4397+0.5568i)
   E0E0E1+E1-E0 S2= 0.0 Sz= 0.0 P=0 :    49.1833 (c= 0.4347-0.5504i)
 Psi 134: E = -2687.1186 au  ΔE=     2.1306 au     57.977 eV   467612.6 cm**-1
   E0E0E1+E1-E0 S2= 0.0 Sz= 0.0 P=0 :    41.6166 (c= 0.6425-0.0579i)
   E0E1-E1+E0E0 S2= 0.0 Sz= 0.0 P=0 :    40.7098 (c= 0.6355-0.0573i)
   E0E0E1-E1+E0 S2= 0.0 Sz= 0.0 P=0 :     8.2716 (c=-0.2864+0.0258i)
   E0E1+E1-E0E0 S2= 0.0 Sz= 0.0 P=0 :    7.02376 (c=-0.2640+0.0238i)
 Psi 135: E = -2687.1185 au  ΔE=     2.1307 au     57.979 eV   467629.1 cm**-1
   E0E0E1-E1+E0 S2= 0.0 Sz= 0.0 P=0 :    55.2041 (c= 0.6351-0.3855i)
   E0E1+E1-E0E0 S2= 0.0 Sz= 0.0 P=0 :    41.0351 (c=-0.5476+0.3324i)
 Psi 136: E = -2687.1185 au  ΔE=     2.1307 au     57.980 eV   467636.2 cm**-1
   E0E1+E1-E0E0 S2= 0.0 Sz= 0.0 P=0 :    48.3343 (c= 0.3174-0.6186i)
   E0E0E1-E1+E0 S2= 0.0 Sz= 0.0 P=0 :    32.8892 (c= 0.2618-0.5103i)
   E0E0E1+E1-E0 S2= 0.0 Sz= 0.0 P=0 :    7.57878 (c= 0.1257-0.2449i)
   E0E1-E1+E0E0 S2= 0.0 Sz= 0.0 P=0 :    7.56462 (c= 0.1256-0.2447i)
 Psi 137: E = -2687.1165 au  ΔE=     2.1326 au     58.032 eV   468059.3 cm**-1
   E0E0E0E1-E1+ S2= 0.0 Sz= 0.0 P=0 :    49.4498 (c= 0.5338+0.4578i)
   E1+E1-E0E0E0 S2= 0.0 Sz= 0.0 P=0 :    49.3656 (c=-0.5333-0.4574i)
 Psi 138: E = -2687.1165 au  ΔE=     2.1326 au     58.032 eV   468061.8 cm**-1
   E1+E1-E0E0E0 S2= 0.0 Sz= 0.0 P=0 :    49.4109 (c=-0.4559-0.5350i)
   E0E0E0E1-E1+ S2= 0.0 Sz= 0.0 P=0 :    49.3268 (c=-0.4555-0.5346i)
 Psi 139: E = -2687.0822 au  ΔE=     2.1670 au     58.968 eV   475604.7 cm**-1
   E1-E0E1+E0E0 S2= 0.0 Sz= 0.0 P=0 :    98.8674 (c= 0.9762-0.1890i)
 Psi 140: E = -2687.0822 au  ΔE=     2.1670 au     58.968 eV   475606.1 cm**-1
   E0E0E1+E0E1- S2= 0.0 Sz= 0.0 P=0 :    98.8664 (c= 0.2940-0.9499i)
 Psi 141: E = -2687.0806 au  ΔE=     2.1686 au     59.010 eV   475949.3 cm**-1
   E0E1-E0E1+E0 S2= 0.0 Sz= 0.0 P=0 :    96.2698 (c= 0.8928-0.4070i)
   E1-E0E0E1+E0 S2= 0.0 Sz= 0.0 P=0 :    3.32145 (c=-0.1658+0.0756i)
 Psi 142: E = -2687.0806 au  ΔE=     2.1686 au     59.010 eV   475950.8 cm**-1
   E0E1+E0E1-E0 S2= 0.0 Sz= 0.0 P=0 :    96.2694 (c= 0.8582+0.4756i)
   E0E1+E0E0E1- S2= 0.0 Sz= 0.0 P=0 :    3.32146 (c=-0.1594-0.0883i)
 Psi 143: E = -2687.0783 au  ΔE=     2.1709 au     59.073 eV   476458.6 cm**-1
   E0E0E1-E0E1+ S2= 0.0 Sz= 0.0 P=0 :    48.5564 (c=-0.2396+0.6543i)
   E1+E0E1-E0E0 S2= 0.0 Sz= 0.0 P=0 :     48.316 (c= 0.2388-0.6528i)
 Psi 144: E = -2687.0783 au  ΔE=     2.1709 au     59.073 eV   476458.6 cm**-1
   E1+E0E1-E0E0 S2= 0.0 Sz= 0.0 P=0 :    48.5563 (c= 0.6968-0.0077i)
   E0E0E1-E0E1+ S2= 0.0 Sz= 0.0 P=0 :     48.316 (c= 0.6951-0.0074i)
 Psi 145: E = -2687.0675 au  ΔE=     2.1817 au     59.367 eV   478823.8 cm**-1
   E1-E0E0E1+E0 S2= 0.0 Sz= 0.0 P=0 :    96.6315 (c= 0.4865-0.8542i)
   E0E1-E0E1+E0 S2= 0.0 Sz= 0.0 P=0 :    3.31495 (c= 0.0901-0.1582i)
 Psi 146: E = -2687.0675 au  ΔE=     2.1817 au     59.367 eV   478825.2 cm**-1
   E0E1+E0E0E1- S2= 0.0 Sz= 0.0 P=0 :    96.6312 (c=-0.8507-0.4926i)
   E0E1+E0E1-E0 S2= 0.0 Sz= 0.0 P=0 :    3.31495 (c=-0.1576-0.0912i)
 Psi 147: E = -2687.0645 au  ΔE=     2.1847 au     59.449 eV   479490.6 cm**-1
   E1+E0E0E1-E0 S2= 0.0 Sz= 0.0 P=0 :    84.1689 (c=-0.5204+0.7556i)
   E1+E0E0E0E1- S2= 0.0 Sz= 0.0 P=0 :    13.1114 (c= 0.2054-0.2982i)
   E1+E0E1-E0E0 S2= 0.0 Sz= 0.0 P=0 :    2.56659 (c=-0.0909+0.1319i)
 Psi 148: E = -2687.0645 au  ΔE=     2.1847 au     59.449 eV   479490.6 cm**-1
   E0E1-E0E0E1+ S2= 0.0 Sz= 0.0 P=0 :     84.169 (c= 0.8894+0.2252i)
   E1-E0E0E0E1+ S2= 0.0 Sz= 0.0 P=0 :    13.1113 (c=-0.3510-0.0889i)
   E0E0E1-E0E1+ S2= 0.0 Sz= 0.0 P=0 :     2.5666 (c= 0.1553+0.0393i)
 Psi 149: E = -2687.0631 au  ΔE=     2.1860 au     59.485 eV   479780.1 cm**-1
   E0E0E0E0+E2- S2= 0.0 Sz= 0.0 P=0 :     49.799 (c=-0.7031+0.0609i)
   E2-E0+E0E0E0 S2= 0.0 Sz= 0.0 P=0 :    49.4133 (c= 0.7003-0.0607i)
 Psi 150: E = -2687.0631 au  ΔE=     2.1860 au     59.485 eV   479780.6 cm**-1
   E2-E0+E0E0E0 S2= 0.0 Sz= 0.0 P=0 :    49.7963 (c=-0.7030-0.0612i)
   E0E0E0E0+E2- S2= 0.0 Sz= 0.0 P=0 :    49.4106 (c=-0.7003-0.0609i)
 Psi 151: E = -2687.0616 au  ΔE=     2.1876 au     59.527 eV   480119.1 cm**-1
   E0E2-E0+E0E0 S2= 0.0 Sz= 0.0 P=0 :    93.0389 (c= 0.6319+0.7288i)
   E0E0E0+E2-E0 S2= 0.0 Sz= 0.0 P=0 :    5.75344 (c=-0.1571-0.1812i)
 Psi 152: E = -2687.0616 au  ΔE=     2.1876 au     59.527 eV   480120.1 cm**-1
   E0E0E0+E2-E0 S2= 0.0 Sz= 0.0 P=0 :    93.0637 (c= 0.5882+0.7646i)
   E0E2-E0+E0E0 S2= 0.0 Sz= 0.0 P=0 :    5.78551 (c= 0.1467+0.1906i)
 Psi 153: E = -2687.0614 au  ΔE=     2.1878 au     59.532 eV   480157.1 cm**-1
   E0E0E2-E0+E0 S2= 0.0 Sz= 0.0 P=0 :    50.4833 (c=-0.2169+0.6766i)
   E0E0+E2-E0E0 S2= 0.0 Sz= 0.0 P=0 :    48.8314 (c= 0.2133-0.6654i)
 Psi 154: E = -2687.0612 au  ΔE=     2.1880 au     59.539 eV   480214.4 cm**-1
   E0E0+E2-E0E0 S2= 0.0 Sz= 0.0 P=0 :     50.337 (c= 0.4884+0.5147i)
   E0E0E2-E0+E0 S2= 0.0 Sz= 0.0 P=0 :    48.6819 (c= 0.4803+0.5061i)
 Psi 155: E = -2687.0592 au  ΔE=     2.1899 au     59.591 eV   480633.5 cm**-1
   E0E0E0E2-E0+ S2= 0.0 Sz= 0.0 P=0 :    92.9066 (c= 0.2957-0.9174i)
   E0+E2-E0E0E0 S2= 0.0 Sz= 0.0 P=0 :    6.53791 (c=-0.0784+0.2434i)
 Psi 156: E = -2687.0592 au  ΔE=     2.1899 au     59.591 eV   480634.6 cm**-1
   E0+E2-E0E0E0 S2= 0.0 Sz= 0.0 P=0 :    92.9045 (c=-0.8638+0.4277i)
   E0E0E0E2-E0+ S2= 0.0 Sz= 0.0 P=0 :    6.53384 (c=-0.2291+0.1134i)
 Psi 157: E = -2687.0576 au  ΔE=     2.1916 au     59.637 eV   481001.4 cm**-1
   E1+E0E0E0E1- S2= 0.0 Sz= 0.0 P=0 :    86.8136 (c=-0.4276+0.8278i)
   E1+E0E0E1-E0 S2= 0.0 Sz= 0.0 P=0 :    12.9884 (c=-0.1654+0.3202i)
 Psi 158: E = -2687.0576 au  ΔE=     2.1916 au     59.637 eV   481001.4 cm**-1
   E1-E0E0E0E1+ S2= 0.0 Sz= 0.0 P=0 :    86.8137 (c=-0.6786-0.6385i)
   E0E1-E0E0E1+ S2= 0.0 Sz= 0.0 P=0 :    12.9883 (c=-0.2625-0.2470i)
 Psi 159: E = -2687.0257 au  ΔE=     2.2235 au     60.504 eV   487993.3 cm**-1
   E0E0E0+E0E2- S2= 0.0 Sz= 0.0 P=0 :    83.4531 (c= 0.3457-0.8456i)
   E2-E0E0+E0E0 S2= 0.0 Sz= 0.0 P=0 :    12.2018 (c=-0.1322+0.3233i)
   E0E0+E0E0E2- S2= 0.0 Sz= 0.0 P=0 :    3.25312 (c=-0.0683+0.1669i)
 Psi 160: E = -2687.0257 au  ΔE=     2.2235 au     60.504 eV   487993.3 cm**-1
   E2-E0E0+E0E0 S2= 0.0 Sz= 0.0 P=0 :    83.4531 (c= 0.8689+0.2820i)
   E0E0E0+E0E2- S2= 0.0 Sz= 0.0 P=0 :    12.2018 (c= 0.3322+0.1079i)
   E2-E0E0E0+E0 S2= 0.0 Sz= 0.0 P=0 :    3.25311 (c=-0.1716-0.0557i)
 Psi 161: E = -2687.0238 au  ΔE=     2.2254 au     60.556 eV   488413.6 cm**-1
   E0E2-E0E0+E0 S2= 0.0 Sz= 0.0 P=0 :    96.5501 (c=-0.0583-0.9809i)
   E0E2-E0E0E0+ S2= 0.0 Sz= 0.0 P=0 :    2.87011 (c= 0.0100+0.1691i)
 Psi 162: E = -2687.0238 au  ΔE=     2.2254 au     60.556 eV   488414.5 cm**-1
   E0E0+E0E2-E0 S2= 0.0 Sz= 0.0 P=0 :    96.5499 (c= 0.8801-0.4370i)
   E0+E0E0E2-E0 S2= 0.0 Sz= 0.0 P=0 :    2.87011 (c=-0.1517+0.0753i)
 Psi 163: E = -2687.0212 au  ΔE=     2.2280 au     60.626 eV   488980.8 cm**-1
   E0E0E2-E0E0+ S2= 0.0 Sz= 0.0 P=0 :    98.5027 (c=-0.7158-0.6875i)
 Psi 164: E = -2687.0212 au  ΔE=     2.2280 au     60.626 eV   488981.8 cm**-1
   E0+E0E2-E0E0 S2= 0.0 Sz= 0.0 P=0 :     98.502 (c= 0.0735+0.9898i)
 Psi 165: E = -2687.0114 au  ΔE=     2.2378 au     60.894 eV   491141.1 cm**-1
   E0E0+E0E0E2- S2= 0.0 Sz= 0.0 P=0 :    88.5358 (c= 0.9364+0.0925i)
   E0+E0E0E0E2- S2= 0.0 Sz= 0.0 P=0 :    7.77048 (c=-0.2774-0.0274i)
   E0E0E0+E0E2- S2= 0.0 Sz= 0.0 P=0 :    3.66539 (c= 0.1905+0.0188i)
 Psi 166: E = -2687.0114 au  ΔE=     2.2378 au     60.894 eV   491141.1 cm**-1
   E2-E0E0E0+E0 S2= 0.0 Sz= 0.0 P=0 :    88.5358 (c=-0.0860+0.9370i)
   E2-E0E0E0E0+ S2= 0.0 Sz= 0.0 P=0 :    7.77043 (c= 0.0255-0.2776i)
   E2-E0E0+E0E0 S2= 0.0 Sz= 0.0 P=0 :    3.66538 (c=-0.0175+0.1907i)
 Psi 167: E = -2687.0070 au  ΔE=     2.2422 au     61.014 eV   492111.1 cm**-1
   E0E2-E0E0E0+ S2= 0.0 Sz= 0.0 P=0 :    97.0927 (c= 0.5073+0.8447i)
   E0E2-E0E0+E0 S2= 0.0 Sz= 0.0 P=0 :    2.86381 (c= 0.0871+0.1451i)
 Psi 168: E = -2687.0069 au  ΔE=     2.2422 au     61.014 eV   492112.0 cm**-1
   E0+E0E0E2-E0 S2= 0.0 Sz= 0.0 P=0 :    97.0925 (c=-0.4517+0.8757i)
   E0E0+E0E2-E0 S2= 0.0 Sz= 0.0 P=0 :    2.86381 (c=-0.0776+0.1504i)
 Psi 169: E = -2687.0044 au  ΔE=     2.2448 au     61.084 eV   492672.8 cm**-1
   E0E0E1-E0++E1- S2= 0.0 Sz= 0.0 P=0 :    99.7409 (c=-0.5023-0.8632i)
 Psi 170: E = -2687.0044 au  ΔE=     2.2448 au     61.084 eV   492672.8 cm**-1
   E1-E0++E1-E0E0 S2= 0.0 Sz= 0.0 P=0 :    99.7409 (c= 0.9118-0.4074i)
 Psi 171: E = -2687.0031 au  ΔE=     2.2461 au     61.120 eV   492964.6 cm**-1
   E0E1-E0++E1-E0 S2= 0.0 Sz= 0.0 P=0 :     99.627 (c=-0.7427+0.6668i)
 Psi 172: E = -2687.0010 au  ΔE=     2.2481 au     61.175 eV   493409.0 cm**-1
   E0+E0E0E0E2- S2= 0.0 Sz= 0.0 P=0 :    92.1603 (c= 0.7432+0.6076i)
   E0E0+E0E0E2- S2= 0.0 Sz= 0.0 P=0 :    7.71665 (c= 0.2151+0.1758i)
 Psi 173: E = -2687.0010 au  ΔE=     2.2481 au     61.175 eV   493409.0 cm**-1
   E2-E0E0E0E0+ S2= 0.0 Sz= 0.0 P=0 :    92.1603 (c= 0.5120+0.8121i)
   E2-E0E0E0+E0 S2= 0.0 Sz= 0.0 P=0 :    7.71661 (c= 0.1482+0.2350i)
 Psi 174: E = -2686.9424 au  ΔE=     2.3068 au     62.771 eV   506285.4 cm**-1
   E0E1-E0++E0E1- S2= 0.0 Sz= 0.0 P=0 :    49.7786 (c= 0.4462+0.5465i)
   E1-E0E0++E1-E0 S2= 0.0 Sz= 0.0 P=0 :    49.5236 (c=-0.4451-0.5451i)
 Psi 175: E = -2686.9424 au  ΔE=     2.3068 au     62.772 eV   506289.4 cm**-1
   E1-E0E0++E1-E0 S2= 0.0 Sz= 0.0 P=0 :    49.3547 (c=-0.5263+0.4654i)
   E0E1-E0++E0E1- S2= 0.0 Sz= 0.0 P=0 :    49.1006 (c=-0.5249+0.4642i)
 Psi 176: E = -2686.9423 au  ΔE=     2.3069 au     62.774 eV   506307.6 cm**-1
   E1-E0++E0E1-E0 S2= 0.0 Sz= 0.0 P=0 :    51.7415 (c= 0.5063-0.5109i)
   E0E1-E0E0++E1- S2= 0.0 Sz= 0.0 P=0 :    45.9942 (c=-0.4774+0.4817i)
 Psi 177: E = -2686.9423 au  ΔE=     2.3069 au     62.774 eV   506307.6 cm**-1
   E0E1-E0E0++E1- S2= 0.0 Sz= 0.0 P=0 :    51.5794 (c= 0.3128-0.6465i)
   E1-E0++E0E1-E0 S2= 0.0 Sz= 0.0 P=0 :     45.831 (c= 0.2949-0.6094i)
 Psi 178: E = -2686.9226 au  ΔE=     2.3266 au     63.310 eV   510628.3 cm**-1
   E1-E0++E0E0E1- S2= 0.0 Sz= 0.0 P=0 :    98.4289 (c=-0.6557-0.7445i)
 Psi 179: E = -2686.9226 au  ΔE=     2.3266 au     63.310 eV   510628.3 cm**-1
   E1-E0E0E0++E1- S2= 0.0 Sz= 0.0 P=0 :    98.4289 (c= 0.2026+0.9712i)
 Psi 180: E = -2686.9000 au  ΔE=     2.3492 au     63.925 eV   515588.8 cm**-1
   E1-E0E1-E0++E0 S2= 0.0 Sz= 0.0 P=0 :     96.168 (c=-0.9635-0.1828i)
   E0E1-E1-E0++E0 S2= 0.0 Sz= 0.0 P=0 :    3.77188 (c= 0.1908+0.0362i)
 Psi 181: E = -2686.9000 au  ΔE=     2.3492 au     63.925 eV   515590.1 cm**-1
   E0E0++E1-E0E1- S2= 0.0 Sz= 0.0 P=0 :    96.1678 (c= 0.9192+0.3416i)
   E0E0++E1-E1-E0 S2= 0.0 Sz= 0.0 P=0 :    3.77185 (c=-0.1820-0.0676i)
 Psi 182: E = -2686.8972 au  ΔE=     2.3520 au     64.001 eV   516202.6 cm**-1
   E1-E0E0E1-E0++ S2= 0.0 Sz= 0.0 P=0 :    59.1648 (c=-0.3821+0.6676i)
   E0E1-E0E1-E0++ S2= 0.0 Sz= 0.0 P=0 :    39.4765 (c= 0.3121-0.5453i)
 Psi 183: E = -2686.8972 au  ΔE=     2.3520 au     64.001 eV   516203.9 cm**-1
   E0++E1-E0E0E1- S2= 0.0 Sz= 0.0 P=0 :     59.165 (c=-0.7184-0.2749i)
   E0++E1-E0E1-E0 S2= 0.0 Sz= 0.0 P=0 :    39.4761 (c= 0.5868+0.2245i)
 Psi 184: E = -2686.8925 au  ΔE=     2.3567 au     64.128 eV   517228.3 cm**-1
   E0E1-E0E1-E0++ S2= 0.0 Sz= 0.0 P=0 :     55.025 (c=-0.5547+0.4925i)
   E1-E0E0E1-E0++ S2= 0.0 Sz= 0.0 P=0 :    40.5242 (c=-0.4760+0.4227i)
   E0E0E1-E1-E0++ S2= 0.0 Sz= 0.0 P=0 :    4.38212 (c= 0.1565-0.1390i)
 Psi 185: E = -2686.8925 au  ΔE=     2.3567 au     64.128 eV   517229.6 cm**-1
   E0++E1-E0E1-E0 S2= 0.0 Sz= 0.0 P=0 :    55.0252 (c= 0.0946-0.7357i)
   E0++E1-E0E0E1- S2= 0.0 Sz= 0.0 P=0 :    40.5238 (c= 0.0811-0.6314i)
   E0++E1-E1-E0E0 S2= 0.0 Sz= 0.0 P=0 :     4.3821 (c=-0.0267+0.2076i)
 Psi 186: E = -2686.8903 au  ΔE=     2.3589 au     64.189 eV   517714.8 cm**-1
   E1-E1-E0++E0E0 S2= 0.0 Sz= 0.0 P=0 :    99.9833 (c= 0.9926-0.1205i)
 Psi 187: E = -2686.8903 au  ΔE=     2.3589 au     64.189 eV   517716.1 cm**-1
   E0E0E0++E1-E1- S2= 0.0 Sz= 0.0 P=0 :    99.9831 (c=-0.6268+0.7791i)
 Psi 188: E = -2686.8875 au  ΔE=     2.3616 au     64.264 eV   518322.2 cm**-1
   E0E1-E1-E0++E0 S2= 0.0 Sz= 0.0 P=0 :    96.2115 (c= 0.4941+0.8474i)
   E1-E0E1-E0++E0 S2= 0.0 Sz= 0.0 P=0 :     3.7698 (c= 0.0978+0.1677i)
 Psi 189: E = -2686.8875 au  ΔE=     2.3617 au     64.264 eV   518323.5 cm**-1
   E0E0++E1-E1-E0 S2= 0.0 Sz= 0.0 P=0 :    96.2112 (c=-0.0046-0.9809i)
   E0E0++E1-E0E1- S2= 0.0 Sz= 0.0 P=0 :    3.76976 (c=-0.0009-0.1942i)
 Psi 190: E = -2686.8835 au  ΔE=     2.3657 au     64.373 eV   519206.1 cm**-1
   E0E0E1-E1-E0++ S2= 0.0 Sz= 0.0 P=0 :     94.318 (c= 0.1792-0.9545i)
   E0E1-E0E1-E0++ S2= 0.0 Sz= 0.0 P=0 :    5.43772 (c= 0.0430-0.2292i)
 Psi 191: E = -2686.8835 au  ΔE=     2.3657 au     64.374 eV   519207.4 cm**-1
   E0++E1-E1-E0E0 S2= 0.0 Sz= 0.0 P=0 :    94.3178 (c= 0.6028-0.7614i)
   E0++E1-E0E1-E0 S2= 0.0 Sz= 0.0 P=0 :    5.43768 (c= 0.1447-0.1828i)
 Psi 192: E = -2686.8823 au  ΔE=     2.3669 au     64.407 eV   519475.4 cm**-1
   E0E0+E2--E0+E0 S2= 0.0 Sz= 0.0 P=0 :    99.5587 (c=-0.9018-0.4271i)
 Psi 193: E = -2686.8806 au  ΔE=     2.3686 au     64.452 eV   519840.8 cm**-1
   E0+E2--E0+E0E0 S2= 0.0 Sz= 0.0 P=0 :    99.7395 (c= 0.9342-0.3532i)
 Psi 194: E = -2686.8806 au  ΔE=     2.3686 au     64.452 eV   519840.8 cm**-1
   E0E0E0+E2--E0+ S2= 0.0 Sz= 0.0 P=0 :    99.7395 (c= 0.9659-0.2538i)
 Psi 195: E = -2686.8748 au  ΔE=     2.3743 au     64.609 eV   521106.8 cm**-1
   E1-E0E0++E0E1- S2= 0.0 Sz= 0.0 P=0 :    99.7672 (c= 0.1333-0.9899i)
 Psi 196: E = -2686.8183 au  ΔE=     2.4309 au     66.148 eV   533521.4 cm**-1
   E0E0+E0E2--E0+ S2= 0.0 Sz= 0.0 P=0 :    93.1869 (c= 0.3198+0.9108i)
   E0+E2--E0E0+E0 S2= 0.0 Sz= 0.0 P=0 :    5.10089 (c=-0.0748-0.2131i)
 Psi 197: E = -2686.8183 au  ΔE=     2.4309 au     66.148 eV   533521.4 cm**-1
   E0+E2--E0E0+E0 S2= 0.0 Sz= 0.0 P=0 :    93.1876 (c=-0.4106-0.8736i)
   E0E0+E0E2--E0+ S2= 0.0 Sz= 0.0 P=0 :    5.10153 (c=-0.0961-0.2044i)
 Psi 198: E = -2686.8178 au  ΔE=     2.4314 au     66.162 eV   533630.5 cm**-1
   E0+E0E2--E0+E0 S2= 0.0 Sz= 0.0 P=0 :     50.067 (c= 0.5128+0.4875i)
   E0E0+E2--E0E0+ S2= 0.0 Sz= 0.0 P=0 :    49.8765 (c=-0.5119-0.4866i)
 Psi 199: E = -2686.8178 au  ΔE=     2.4314 au     66.162 eV   533635.7 cm**-1
   E0E0+E2--E0E0+ S2= 0.0 Sz= 0.0 P=0 :    49.7167 (c=-0.3395-0.6180i)
   E0+E0E2--E0+E0 S2= 0.0 Sz= 0.0 P=0 :    49.5262 (c=-0.3389-0.6168i)

--------------------------------------------------------------------------------------------------
                     ABSORPTION SPECTRUM VIA TRANSITION ELECTRIC DIPOLE MOMENTS                   
--------------------------------------------------------------------------------------------------
       Transition        Energy     Energy  Wavelength fosc(D2)      D2      |DX|    |DY|    |DZ| 
                          (eV)      (cm-1)    (nm)                 (au**2)   (au)    (au)    (au)  
--------------------------------------------------------------------------------------------------
  Psi   0 -> Psi   1    3.660546   29524.3   338.7   1.713035295  19.10129  0.0000  4.3702  0.0474
  Psi   0 -> Psi   2    3.723583   30032.7   333.0   0.000000006   0.00000  0.0000  0.0003  0.0000
  Psi   0 -> Psi   3    3.785113   30529.0   327.6   0.114097608   1.23038  0.0000  1.1092  0.0001
  Psi   0 -> Psi   4    3.832661   30912.5   323.5   0.000000000   0.00000  0.0000  0.0000  0.0000
  Psi   0 -> Psi   5    3.861073   31141.6   321.1   0.010339436   0.10930  0.0000  0.3306  0.0031
  Psi   0 -> Psi   6    5.037679   40631.6   246.1   0.002681006   0.02172  0.0000  0.0765  0.1260
  Psi   0 -> Psi   7    5.041999   40666.4   245.9   0.002105223   0.01704  0.0000  0.0672  0.1119
  Psi   0 -> Psi   8    5.059700   40809.2   245.0   0.000446850   0.00360  0.0000  0.0311  0.0514
  Psi   0 -> Psi   9    5.068832   40882.9   244.6   0.001238968   0.00998  0.0000  0.0509  0.0860
  Psi   0 -> Psi  10    5.083430   41000.6   243.9   0.001388396   0.01115  0.0000  0.0531  0.0912
  Psi   0 -> Psi  11    5.090756   41059.7   243.5   0.006608381   0.05299  0.0000  0.1150  0.1994
  Psi   0 -> Psi  12    5.143302   41483.5   241.1   0.002657484   0.02109  0.0000  0.0698  0.1274
  Psi   0 -> Psi  13    5.146705   41510.9   240.9   0.002969852   0.02355  0.0000  0.0734  0.1348
  Psi   0 -> Psi  14    6.032981   48659.2   205.5   0.000055315   0.00037  0.0000  0.0040  0.0189
  Psi   0 -> Psi  15    6.036045   48683.9   205.4   0.000034827   0.00024  0.0000  0.0038  0.0149
  Psi   0 -> Psi  16    6.062637   48898.4   204.5   0.000014338   0.00010  0.0000  0.0021  0.0096
  Psi   0 -> Psi  17    6.068352   48944.5   204.3   0.000013789   0.00009  0.0000  0.0023  0.0093
  Psi   0 -> Psi  18    6.145495   49566.7   201.7   0.000023062   0.00015  0.0000  0.0023  0.0122
  Psi   0 -> Psi  19    6.147066   49579.4   201.7   0.000016180   0.00011  0.0000  0.0024  0.0101
  Psi   0 -> Psi  20    6.448980   52014.5   192.3   0.000002405   0.00002  0.0000  0.0005  0.0039
  Psi   0 -> Psi  21    6.449120   52015.6   192.2   0.000001250   0.00001  0.0000  0.0006  0.0028
  Psi   0 -> Psi  22    6.532702   52689.7   189.8   0.000001059   0.00001  0.0000  0.0003  0.0026
  Psi   0 -> Psi  23    6.534147   52701.4   189.7   0.000000570   0.00000  0.0000  0.0004  0.0019
  Psi   0 -> Psi  24    6.752124   54459.5   183.6   0.000000065   0.00000  0.0000  0.0001  0.0006
  Psi   0 -> Psi  25    6.761813   54537.7   183.4   0.000000154   0.00000  0.0000  0.0001  0.0010
  Psi   0 -> Psi  26    7.303299   58905.0   169.8   0.000000000   0.00000  0.0000  0.0000  0.0000
  Psi   0 -> Psi  27    7.376421   59494.8   168.1   0.000000613   0.00000  0.0000  0.0018  0.0000
  Psi   0 -> Psi  28    7.425051   59887.0   167.0   0.000000000   0.00000  0.0000  0.0000  0.0000
  Psi   0 -> Psi  29    7.431445   59938.6   166.8   0.000000000   0.00000  0.0000  0.0000  0.0000
  Psi   0 -> Psi  30    7.466302   60219.7   166.1   0.000000385   0.00000  0.0000  0.0015  0.0000
  Psi   0 -> Psi  31    7.492170   60428.4   165.5   0.000000027   0.00000  0.0000  0.0004  0.0001
  Psi   0 -> Psi  32    7.512662   60593.7   165.0   0.000000000   0.00000  0.0000  0.0000  0.0000
  Psi   0 -> Psi  33    7.538213   60799.7   164.5   0.000000000   0.00000  0.0000  0.0000  0.0000
  Psi   0 -> Psi  34    7.568571   61044.6   163.8   0.000000034   0.00000  0.0000  0.0004  0.0001
  Psi   0 -> Psi  35    7.613576   61407.6   162.8   0.000000000   0.00000  0.0000  0.0000  0.0000
  Psi   0 -> Psi  36    8.336969   67242.1   148.7   0.000000695   0.00000  0.0000  0.0002  0.0018
  Psi   0 -> Psi  37    8.346021   67315.1   148.6   0.000000654   0.00000  0.0000  0.0008  0.0016
  Psi   0 -> Psi  38    8.381099   67598.1   147.9   0.000001257   0.00001  0.0000  0.0002  0.0025
  Psi   0 -> Psi  39    8.389293   67664.2   147.8   0.000000516   0.00000  0.0000  0.0007  0.0014
  Psi   0 -> Psi  40    8.453233   68179.9   146.7   0.000001330   0.00001  0.0000  0.0001  0.0025
  Psi   0 -> Psi  41    8.462603   68255.4   146.5   0.000000611   0.00000  0.0000  0.0007  0.0016
  Psi   0 -> Psi  42    8.666817   69902.5   143.1   0.000002020   0.00001  0.0000  0.0008  0.0030
  Psi   0 -> Psi  43    8.668020   69912.2   143.0   0.000000382   0.00000  0.0000  0.0004  0.0013
  Psi   0 -> Psi  44    8.708293   70237.1   142.4   0.000000054   0.00000  0.0000  0.0000  0.0005
  Psi   0 -> Psi  45    8.717683   70312.8   142.2   0.000000017   0.00000  0.0000  0.0002  0.0002
  Psi   0 -> Psi  46    8.730233   70414.0   142.0   0.000000429   0.00000  0.0000  0.0002  0.0014
  Psi   0 -> Psi  47    8.730815   70418.7   142.0   0.000000049   0.00000  0.0000  0.0001  0.0005
  Psi   0 -> Psi  48    8.741791   70507.2   141.8   0.000000061   0.00000  0.0000  0.0000  0.0005
  Psi   0 -> Psi  49    8.744647   70530.3   141.8   0.000003590   0.00002  0.0000  0.0008  0.0040
  Psi   0 -> Psi  50    8.754595   70610.5   141.6   0.000002922   0.00001  0.0000  0.0006  0.0036
  Psi   0 -> Psi  51    8.762535   70674.6   141.5   0.000000423   0.00000  0.0000  0.0002  0.0014
  Psi   0 -> Psi  52    8.772928   70758.4   141.3   0.000000010   0.00000  0.0000  0.0002  0.0000
  Psi   0 -> Psi  53    8.773381   70762.0   141.3   0.000000023   0.00000  0.0000  0.0002  0.0003
  Psi   0 -> Psi  54    8.775214   70776.8   141.3   0.000000562   0.00000  0.0000  0.0004  0.0016
  Psi   0 -> Psi  55    8.777113   70792.1   141.3   0.000001124   0.00001  0.0000  0.0006  0.0022
  Psi   0 -> Psi  56    8.814984   71097.6   140.7   0.000000163   0.00000  0.0000  0.0001  0.0009
  Psi   0 -> Psi  57    8.816630   71110.9   140.6   0.000003039   0.00001  0.0000  0.0004  0.0037
  Psi   0 -> Psi  58    8.820518   71142.2   140.6   0.000000999   0.00000  0.0000  0.0001  0.0021
  Psi   0 -> Psi  59    8.821566   71150.7   140.5   0.000000123   0.00000  0.0000  0.0001  0.0007
  Psi   0 -> Psi  60    8.828692   71208.1   140.4   0.000000022   0.00000  0.0000  0.0000  0.0003
  Psi   0 -> Psi  61    8.829373   71213.6   140.4   0.000003517   0.00002  0.0000  0.0003  0.0040
  Psi   0 -> Psi  62    8.833145   71244.1   140.4   0.000000091   0.00000  0.0000  0.0000  0.0006
  Psi   0 -> Psi  63    8.835308   71261.5   140.3   0.000000975   0.00000  0.0000  0.0003  0.0021
  Psi   0 -> Psi  64    8.840153   71300.6   140.3   0.000000090   0.00000  0.0000  0.0000  0.0006
  Psi   0 -> Psi  65    8.841242   71309.4   140.2   0.000000530   0.00000  0.0000  0.0001  0.0016
  Psi   0 -> Psi  66    8.855624   71425.4   140.0   0.000000300   0.00000  0.0000  0.0002  0.0012
  Psi   0 -> Psi  67    8.860742   71466.6   139.9   0.000001603   0.00001  0.0000  0.0006  0.0027
  Psi   0 -> Psi  68    8.865535   71505.3   139.8   0.000004609   0.00002  0.0000  0.0008  0.0045
  Psi   0 -> Psi  69    8.868866   71532.2   139.8   0.000000887   0.00000  0.0000  0.0001  0.0020
  Psi   0 -> Psi  70    8.874635   71578.7   139.7   0.000000241   0.00000  0.0000  0.0003  0.0010
  Psi   0 -> Psi  71    8.881590   71634.8   139.6   0.000000193   0.00000  0.0000  0.0001  0.0009
  Psi   0 -> Psi  72    8.931324   72035.9   138.8   0.000000379   0.00000  0.0000  0.0001  0.0013
  Psi   0 -> Psi  73    8.934711   72063.2   138.8   0.000000896   0.00000  0.0000  0.0002  0.0020
  Psi   0 -> Psi  74    8.990593   72514.0   137.9   0.000000001   0.00000  0.0000  0.0000  0.0001
  Psi   0 -> Psi  75    8.992026   72525.5   137.9   0.000000000   0.00000  0.0000  0.0000  0.0000
  Psi   0 -> Psi  76    9.008500   72658.4   137.6   0.000000000   0.00000  0.0000  0.0000  0.0000
  Psi   0 -> Psi  77    9.014214   72704.5   137.5   0.000000001   0.00000  0.0000  0.0001  0.0000
  Psi   0 -> Psi  78    9.030792   72838.2   137.3   0.000000000   0.00000  0.0000  0.0000  0.0000
  Psi   0 -> Psi  79    9.032058   72848.4   137.3   0.000000000   0.00000  0.0000  0.0000  0.0000
  Psi   0 -> Psi  80    9.448418   76206.6   131.2   0.000000020   0.00000  0.0000  0.0001  0.0003
  Psi   0 -> Psi  81    9.456981   76275.6   131.1   0.000000018   0.00000  0.0000  0.0001  0.0003
  Psi   0 -> Psi  82    9.544934   76985.0   129.9   0.000000013   0.00000  0.0000  0.0001  0.0002
  Psi   0 -> Psi  83    9.553570   77054.7   129.8   0.000000012   0.00000  0.0000  0.0001  0.0002
  Psi   0 -> Psi  84    9.738415   78545.6   127.3   0.000000007   0.00000  0.0000  0.0000  0.0002
  Psi   0 -> Psi  85    9.739475   78554.1   127.3   0.000000010   0.00000  0.0000  0.0001  0.0002
  Psi   0 -> Psi  86    9.845944   79412.8   125.9   0.000000010   0.00000  0.0000  0.0000  0.0002
  Psi   0 -> Psi  87    9.848484   79433.3   125.9   0.000000016   0.00000  0.0000  0.0001  0.0002
  Psi   0 -> Psi  88    9.852718   79467.5   125.8   0.000000002   0.00000  0.0000  0.0000  0.0001
  Psi   0 -> Psi  89    9.855382   79489.0   125.8   0.000000001   0.00000  0.0000  0.0000  0.0000
  Psi   0 -> Psi  90    9.860777   79532.5   125.7   0.000000001   0.00000  0.0000  0.0000  0.0001
  Psi   0 -> Psi  91    9.862589   79547.1   125.7   0.000000002   0.00000  0.0000  0.0000  0.0001
  Psi   0 -> Psi  92    9.880745   79693.5   125.5   0.000000022   0.00000  0.0000  0.0000  0.0003
  Psi   0 -> Psi  93    9.882579   79708.3   125.5   0.000000024   0.00000  0.0000  0.0001  0.0003
  Psi   0 -> Psi  94    9.935645   80136.3   124.8   0.000000001   0.00000  0.0000  0.0000  0.0001
  Psi   0 -> Psi  95    9.936233   80141.1   124.8   0.000000002   0.00000  0.0000  0.0000  0.0001
  Psi   0 -> Psi  96    9.954552   80288.8   124.6   0.000000005   0.00000  0.0000  0.0000  0.0001
  Psi   0 -> Psi  97    9.957078   80309.2   124.5   0.000000006   0.00000  0.0000  0.0000  0.0002
  Psi   0 -> Psi  98   10.219972   82429.6   121.3   0.000000000   0.00000  0.0000  0.0000  0.0000
  Psi   0 -> Psi  99   10.231312   82521.0   121.2   0.000000000   0.00000  0.0000  0.0000  0.0000
  Psi   0 -> Psi 100   10.232812   82533.1   121.2   0.000000000   0.00000  0.0000  0.0000  0.0000
  Psi   0 -> Psi 101   10.326907   83292.1   120.1   0.000000000   0.00000  0.0000  0.0000  0.0000
  Psi   0 -> Psi 102   10.328008   83300.9   120.0   0.000000000   0.00000  0.0000  0.0000  0.0000
  Psi   0 -> Psi 103   10.352264   83496.6   119.8   0.000000000   0.00000  0.0000  0.0000  0.0000
  Psi   0 -> Psi 104   10.356172   83528.1   119.7   0.000000000   0.00000  0.0000  0.0000  0.0000
  Psi   0 -> Psi 105   10.377931   83703.6   119.5   0.000000000   0.00000  0.0000  0.0000  0.0000
  Psi   0 -> Psi 106   10.385287   83762.9   119.4   0.000000000   0.00000  0.0000  0.0000  0.0000
  Psi   0 -> Psi 107   10.426289   84093.6   118.9   0.000000000   0.00000  0.0000  0.0000  0.0000
  Psi   0 -> Psi 108   10.743822   86654.7   115.4   0.000000000   0.00000  0.0000  0.0000  0.0000
  Psi   0 -> Psi 109   10.743823   86654.7   115.4   0.000000000   0.00000  0.0000  0.0000  0.0000
  Psi   0 -> Psi 110   10.834369   87385.0   114.4   0.000000000   0.00000  0.0000  0.0000  0.0000
  Psi   0 -> Psi 111   10.834370   87385.0   114.4   0.000000000   0.00000  0.0000  0.0000  0.0000
  Psi   0 -> Psi 112   11.921698   96154.9   104.0   0.000000000   0.00000  0.0000  0.0000  0.0000
  Psi   0 -> Psi 113   11.928408   96209.0   103.9   0.000000000   0.00000  0.0000  0.0000  0.0000
  Psi   0 -> Psi 114   12.118039   97738.5   102.3   0.000000000   0.00000  0.0000  0.0000  0.0000
  Psi   0 -> Psi 115   12.122604   97775.3   102.3   0.000000000   0.00000  0.0000  0.0000  0.0000
  Psi   0 -> Psi 116   13.149808  106060.3    94.3   0.000000001   0.00000  0.0000  0.0000  0.0000
  Psi   0 -> Psi 117   13.151806  106076.4    94.3   0.000000001   0.00000  0.0000  0.0000  0.0000
  Psi   0 -> Psi 118   13.181345  106314.6    94.1   0.000000001   0.00000  0.0000  0.0000  0.0000
  Psi   0 -> Psi 119   13.183185  106329.5    94.0   0.000000001   0.00000  0.0000  0.0000  0.0000
  Psi   0 -> Psi 120   13.591751  109624.8    91.2   0.000000000   0.00000  0.0000  0.0000  0.0000
  Psi   0 -> Psi 121   13.593456  109638.5    91.2   0.000000000   0.00000  0.0000  0.0000  0.0000
  Psi   0 -> Psi 122   13.698515  110485.9    90.5   0.000000000   0.00000  0.0000  0.0000  0.0000
  Psi   0 -> Psi 123   13.700214  110499.6    90.5   0.000000000   0.00000  0.0000  0.0000  0.0000
  Psi   0 -> Psi 124   15.650765  126231.8    79.2   0.000000000   0.00000  0.0000  0.0000  0.0000
  Psi   0 -> Psi 125   15.650765  126231.8    79.2   0.000000000   0.00000  0.0000  0.0000  0.0000
  Psi   0 -> Psi 126   56.981567  459587.0    21.8   0.000032169   0.00002  0.0000  0.0048  0.0000
  Psi   0 -> Psi 127   56.981702  459588.1    21.8   0.000000000   0.00000  0.0000  0.0000  0.0000
  Psi   0 -> Psi 128   56.992499  459675.1    21.8   0.000000000   0.00000  0.0000  0.0000  0.0000
  Psi   0 -> Psi 129   57.001995  459751.7    21.8   0.002605476   0.00187  0.0000  0.0432  0.0000
  Psi   0 -> Psi 130   57.072162  460317.7    21.7   0.000000000   0.00000  0.0000  0.0000  0.0000
  Psi   0 -> Psi 131   57.926321  467206.9    21.4   0.001865208   0.00131  0.0000  0.0363  0.0002
  Psi   0 -> Psi 132   57.926624  467209.4    21.4   0.000166685   0.00012  0.0000  0.0108  0.0001
  Psi   0 -> Psi 133   57.962140  467495.8    21.4   0.001624271   0.00114  0.0000  0.0338  0.0002
  Psi   0 -> Psi 134   57.976616  467612.6    21.4   0.000000527   0.00000  0.0000  0.0006  0.0000
  Psi   0 -> Psi 135   57.978662  467629.1    21.4   0.001042316   0.00073  0.0000  0.0271  0.0001
  Psi   0 -> Psi 136   57.979543  467636.2    21.4   0.000008535   0.00001  0.0000  0.0025  0.0000
  Psi   0 -> Psi 137   58.032002  468059.3    21.4   0.001862720   0.00131  0.0000  0.0362  0.0000
  Psi   0 -> Psi 138   58.032315  468061.8    21.4   0.000000000   0.00000  0.0000  0.0000  0.0000
  Psi   0 -> Psi 139   58.967511  475604.7    21.0   0.000001531   0.00000  0.0000  0.0010  0.0000
  Psi   0 -> Psi 140   58.967687  475606.1    21.0   0.000001184   0.00000  0.0000  0.0009  0.0000
  Psi   0 -> Psi 141   59.010246  475949.3    21.0   0.000001180   0.00000  0.0000  0.0009  0.0000
  Psi   0 -> Psi 142   59.010421  475950.8    21.0   0.000001279   0.00000  0.0000  0.0009  0.0000
  Psi   0 -> Psi 143   59.073386  476458.6    21.0   0.000002928   0.00000  0.0000  0.0014  0.0000
  Psi   0 -> Psi 144   59.073387  476458.6    21.0   0.000000002   0.00000  0.0000  0.0000  0.0000
  Psi   0 -> Psi 145   59.366636  478823.8    20.9   0.000000026   0.00000  0.0000  0.0001  0.0000
  Psi   0 -> Psi 146   59.366809  478825.2    20.9   0.000000028   0.00000  0.0000  0.0001  0.0000
  Psi   0 -> Psi 147   59.449308  479490.6    20.9   0.000000014   0.00000  0.0000  0.0001  0.0001
  Psi   0 -> Psi 148   59.449308  479490.6    20.9   0.000000032   0.00000  0.0000  0.0001  0.0000
  Psi   0 -> Psi 149   59.485194  479780.1    20.8   0.001360666   0.00093  0.0000  0.0306  0.0000
  Psi   0 -> Psi 150   59.485258  479780.6    20.8   0.000000007   0.00000  0.0000  0.0001  0.0000
  Psi   0 -> Psi 151   59.527225  480119.1    20.8   0.001270726   0.00087  0.0000  0.0295  0.0002
  Psi   0 -> Psi 152   59.527358  480120.1    20.8   0.000459804   0.00032  0.0000  0.0178  0.0001
  Psi   0 -> Psi 153   59.531937  480157.1    20.8   0.001334857   0.00092  0.0000  0.0303  0.0002
  Psi   0 -> Psi 154   59.539042  480214.4    20.8   0.000000091   0.00000  0.0000  0.0003  0.0000
  Psi   0 -> Psi 155   59.591006  480633.5    20.8   0.000934002   0.00064  0.0000  0.0253  0.0002
  Psi   0 -> Psi 156   59.591141  480634.6    20.8   0.000314909   0.00022  0.0000  0.0147  0.0001
  Psi   0 -> Psi 157   59.636625  481001.4    20.8   0.000000002   0.00000  0.0000  0.0000  0.0000
  Psi   0 -> Psi 158   59.636625  481001.4    20.8   0.000000000   0.00000  0.0000  0.0000  0.0000
  Psi   0 -> Psi 159   60.503501  487993.3    20.5   0.000003077   0.00000  0.0000  0.0014  0.0000
  Psi   0 -> Psi 160   60.503501  487993.3    20.5   0.000000562   0.00000  0.0000  0.0006  0.0000
  Psi   0 -> Psi 161   60.555614  488413.6    20.5   0.000001785   0.00000  0.0000  0.0011  0.0000
  Psi   0 -> Psi 162   60.555733  488414.5    20.5   0.000001980   0.00000  0.0000  0.0012  0.0000
  Psi   0 -> Psi 163   60.625941  488980.8    20.5   0.000002004   0.00000  0.0000  0.0012  0.0000
  Psi   0 -> Psi 164   60.626062  488981.8    20.5   0.000001435   0.00000  0.0000  0.0010  0.0000
  Psi   0 -> Psi 165   60.893789  491141.1    20.4   0.000000031   0.00000  0.0000  0.0001  0.0000
  Psi   0 -> Psi 166   60.893790  491141.1    20.4   0.000000031   0.00000  0.0000  0.0001  0.0000
  Psi   0 -> Psi 167   61.014047  492111.1    20.3   0.000000129   0.00000  0.0000  0.0003  0.0001
  Psi   0 -> Psi 168   61.014165  492112.0    20.3   0.000000024   0.00000  0.0000  0.0001  0.0000
  Psi   0 -> Psi 169   61.083697  492672.8    20.3   0.000000000   0.00000  0.0000  0.0000  0.0000
  Psi   0 -> Psi 170   61.083697  492672.8    20.3   0.000000000   0.00000  0.0000  0.0000  0.0000
  Psi   0 -> Psi 171   61.119873  492964.6    20.3   0.000000000   0.00000  0.0000  0.0000  0.0000
  Psi   0 -> Psi 172   61.174969  493409.0    20.3   0.000000002   0.00000  0.0000  0.0000  0.0000
  Psi   0 -> Psi 173   61.174970  493409.0    20.3   0.000000000   0.00000  0.0000  0.0000  0.0000
  Psi   0 -> Psi 174   62.771434  506285.4    19.8   0.000000000   0.00000  0.0000  0.0000  0.0000
  Psi   0 -> Psi 175   62.771930  506289.4    19.8   0.000000000   0.00000  0.0000  0.0000  0.0000
  Psi   0 -> Psi 176   62.774189  506307.6    19.8   0.000000000   0.00000  0.0000  0.0000  0.0000
  Psi   0 -> Psi 177   62.774193  506307.6    19.8   0.000000000   0.00000  0.0000  0.0000  0.0000
  Psi   0 -> Psi 178   63.309894  510628.3    19.6   0.000000000   0.00000  0.0000  0.0000  0.0000
  Psi   0 -> Psi 179   63.309895  510628.3    19.6   0.000000000   0.00000  0.0000  0.0000  0.0000
  Psi   0 -> Psi 180   63.924921  515588.8    19.4   0.000000000   0.00000  0.0000  0.0000  0.0000
  Psi   0 -> Psi 181   63.925079  515590.1    19.4   0.000000000   0.00000  0.0000  0.0000  0.0000
  Psi   0 -> Psi 182   64.001021  516202.6    19.4   0.000000000   0.00000  0.0000  0.0000  0.0000
  Psi   0 -> Psi 183   64.001179  516203.9    19.4   0.000000000   0.00000  0.0000  0.0000  0.0000
  Psi   0 -> Psi 184   64.128190  517228.3    19.3   0.000000000   0.00000  0.0000  0.0000  0.0000
  Psi   0 -> Psi 185   64.128348  517229.6    19.3   0.000000000   0.00000  0.0000  0.0000  0.0000
  Psi   0 -> Psi 186   64.188512  517714.8    19.3   0.000000000   0.00000  0.0000  0.0000  0.0000
  Psi   0 -> Psi 187   64.188671  517716.1    19.3   0.000000000   0.00000  0.0000  0.0000  0.0000
  Psi   0 -> Psi 188   64.263812  518322.2    19.3   0.000000000   0.00000  0.0000  0.0000  0.0000
  Psi   0 -> Psi 189   64.263971  518323.5    19.3   0.000000000   0.00000  0.0000  0.0000  0.0000
  Psi   0 -> Psi 190   64.373409  519206.1    19.3   0.000000000   0.00000  0.0000  0.0000  0.0000
  Psi   0 -> Psi 191   64.373567  519207.4    19.3   0.000000000   0.00000  0.0000  0.0000  0.0000
  Psi   0 -> Psi 192   64.406788  519475.4    19.3   0.000000000   0.00000  0.0000  0.0000  0.0000
  Psi   0 -> Psi 193   64.452096  519840.8    19.2   0.000000000   0.00000  0.0000  0.0000  0.0000
  Psi   0 -> Psi 194   64.452096  519840.8    19.2   0.000000000   0.00000  0.0000  0.0000  0.0000
  Psi   0 -> Psi 195   64.609063  521106.8    19.2   0.000000065   0.00000  0.0000  0.0002  0.0001
  Psi   0 -> Psi 196   66.148280  533521.4    18.7   0.000000000   0.00000  0.0000  0.0000  0.0000
  Psi   0 -> Psi 197   66.148280  533521.4    18.7   0.000000000   0.00000  0.0000  0.0000  0.0000
  Psi   0 -> Psi 198   66.161800  533630.5    18.7   0.000000000   0.00000  0.0000  0.0000  0.0000
  Psi   0 -> Psi 199   66.162451  533635.7    18.7   0.000000000   0.00000  0.0000  0.0000  0.0000

       *** SymbolicCI terminated normally ***
Total time:  0 days  0 hours  5 minutes 42 seconds 443 msec
