 $$$$$$\$$\     $$\$$\      $$\$$$$$$$\  $$$$$$\ $$\      $$$$$$\ $$$$$$\
$$  __$$\$$\   $$  $$$\    $$$ $$  __$$\$$  __$$\$$ |     \_$$  _$$  __$$\
$$ /  \__\$$\ $$  /$$$$\  $$$$ $$ |  $$ $$ /  $$ $$ |       $$ | $$ /  \__|
\$$$$$$\  \$$$$  / $$\$$\$$ $$ $$$$$$$\ $$ |  $$ $$ |       $$ | $$ |
 \____$$\  \$$  /  $$ \$$$  $$ $$  __$$\$$ |  $$ $$ |       $$ | $$ |
$$\   $$ |  $$ |   $$ |\$  /$$ $$ |  $$ $$ |  $$ $$ |       $$ | $$ |  $$\
\$$$$$$  |  $$ |   $$ | \_/ $$ $$$$$$$  |$$$$$$  $$$$$$$$\$$$$$$\\$$$$$$  |
 \______/   \__|   \__|     \__\_______/ \______/\________\______|\______/

                               $$$$$$\ $$$$$$\
                              $$  __$$\\_$$  _|
                              $$ /  \__| $$ |
                              $$ |       $$ |
                              $$ |       $$ |
                              $$ |  $$\  $$ |
                              \$$$$$$  $$$$$$\
                               \______/\______|    


           #######################################################
           #                        -***-                        #
           #   Institute of Physical and Theoretical Chemistry   #
           #            Core code : Johannes Greiner             #
           #  Institut für Physikalische und Theoretische Chemie #
           #         Emil-Fischer-Straße 42, Hubland Nord        #
           #                  D-97074 Würzburg                   #
           #                       Germany                       #
           #                                                     #
           #                  All rights reserved                #
           #                        -***-                        #
           #######################################################

                   Program Version 0.2-97-gab9ab34-dirty

Multi-threading enabled. Program will use 20 threads.

--------------
Fragment: anth
--------------

Multiplicity        ...             1   
Charge              ...             0   
Number of Electrons ...            94   
Energy (Hartree)    ...  -1276.257469   
Number of Atoms     ...            24   
Number of Sites     ...             4   


---------
Aggregate
---------

Starting setting up Fragments
Finished setting up Fragments
Measured time:   0 hours  0 minutes  0 seconds  15 msec

Starting preparing aggregate orbitals
Finished preparing aggregate orbitals
Measured time:   0 hours  0 minutes  0 seconds   9 msec

Starting orthogonalization aggregate orbitals
Finished orthogonalization aggregate orbitals
Measured time:   0 hours  0 minutes  0 seconds 296 msec

Starting finalizing aggregate orbitals
Finished finalizing aggregate orbitals
Measured time:   0 hours  0 minutes  0 seconds  17 msec

Starting generating diabatic states
Finished generating diabatic states
Measured time:   0 hours  0 minutes  0 seconds   1 msec

Number of Sides           ...   20   
Number of Basis Functions ... 1230   
Number of Atoms           ...  120   
Dimension of Hamiltonian  ...  251   

Starting calculation of integrals
Finished calculation of integrals

-------
Timings
-------

Integral                   ...                                 Duration        %   
                           ...                                                     
Non Relativistic Integrals ...   0 hours  5 minutes 41 seconds 592 msec   100.0%   
Kinetic                    ...   0 hours  0 minutes  0 seconds  73 msec     0.0%   
Nuclear                    ...   0 hours  0 minutes  1 seconds 413 msec     0.4%   
Electron-Electron          ...   0 hours  5 minutes 39 seconds 987 msec    99.5%   
Dipoles                    ...   0 hours  0 minutes  0 seconds  69 msec     0.0%   
Electrostatic Potential    ...   0 hours  0 minutes  0 seconds   0 msec     0.0%   
QM-MM Potential            ...   0 hours  0 minutes  0 seconds  46 msec     0.0%   
Embedded Potential         ...   0 hours  0 minutes  0 seconds   1 msec     0.0%   

Starting processing state names
Finished processing state names
Measured time:   0 hours  0 minutes  0 seconds   2 msec

Starting building Hamiltonian
Finished building Hamiltonian
Measured time:   0 hours  0 minutes  0 seconds   0 msec

Starting writing Hamiltonian to disk
Finished writing Hamiltonian to disk
Measured time:   0 hours  0 minutes  0 seconds  37 msec

Starting diagonalizing Hamiltonian
Finished diagonalizing Hamiltonian
Measured time:   0 hours  0 minutes  0 seconds  19 msec


-----------------------
Adiabatic Wavefunctions
-----------------------

 Psi   0: E = -2680.1745 au  ΔE=     0.0000 au      0.000 eV        0.0 cm**-1
   E0E0E0E0E0 S2= 0.0 Sz= 0.0 P=0 :    93.0082 (c=-0.9050-0.3333i)
 Psi   1: E = -2679.9882 au  ΔE=     0.1864 au      5.071 eV    40903.5 cm**-1
   E0E0E1E0E0 S2= 0.0 Sz= 0.0 P=0 :    32.0398 (c=-0.5644-0.0426i)
   E0E1E0E0E0 S2= 0.0 Sz= 0.0 P=0 :    24.4642 (c=-0.4932-0.0372i)
   E0E0E0E1E0 S2= 0.0 Sz= 0.0 P=0 :    24.4582 (c=-0.4932-0.0372i)
   E1E0E0E0E0 S2= 0.0 Sz= 0.0 P=0 :    8.46234 (c=-0.2901-0.0219i)
   E0E0E0E0E1 S2= 0.0 Sz= 0.0 P=0 :    8.45908 (c=-0.2900-0.0219i)
 Psi   2: E = -2679.9859 au  ΔE=     0.1886 au      5.133 eV    41401.6 cm**-1
   E0E0E0E1E0 S2= 0.0 Sz= 0.0 P=0 :    24.8741 (c=-0.2988-0.3993i)
   E0E1E0E0E0 S2= 0.0 Sz= 0.0 P=0 :    24.8679 (c= 0.2988+0.3993i)
   E0E0E0E0E1 S2= 0.0 Sz= 0.0 P=0 :    24.3361 (c=-0.2955-0.3950i)
   E1E0E0E0E0 S2= 0.0 Sz= 0.0 P=0 :    24.3344 (c= 0.2955+0.3950i)
 Psi   3: E = -2679.9836 au  ΔE=     0.1909 au      5.195 eV    41900.4 cm**-1
   E0E0E1E0E0 S2= 0.0 Sz= 0.0 P=0 :    34.8987 (c= 0.0435+0.5891i)
   E0E0E0E0E1 S2= 0.0 Sz= 0.0 P=0 :    32.0763 (c=-0.0417-0.5648i)
   E1E0E0E0E0 S2= 0.0 Sz= 0.0 P=0 :    32.0739 (c=-0.0417-0.5648i)
 Psi   4: E = -2679.9819 au  ΔE=     0.1926 au      5.242 eV    42279.0 cm**-1
   E1E0E0E0E0 S2= 0.0 Sz= 0.0 P=0 :     25.241 (c= 0.4126-0.2866i)
   E0E0E0E0E1 S2= 0.0 Sz= 0.0 P=0 :    25.2408 (c=-0.4126+0.2866i)
   E0E1E0E0E0 S2= 0.0 Sz= 0.0 P=0 :    24.5017 (c=-0.4066+0.2824i)
   E0E0E0E1E0 S2= 0.0 Sz= 0.0 P=0 :    24.5014 (c= 0.4065-0.2824i)
 Psi   5: E = -2679.9808 au  ΔE=     0.1937 au      5.271 eV    42512.1 cm**-1
   E0E0E1E0E0 S2= 0.0 Sz= 0.0 P=0 :    31.7883 (c=-0.4919-0.2755i)
   E0E0E0E1E0 S2= 0.0 Sz= 0.0 P=0 :    24.9006 (c= 0.4354+0.2438i)
   E0E1E0E0E0 S2= 0.0 Sz= 0.0 P=0 :    24.8995 (c= 0.4354+0.2438i)
   E0E0E0E0E1 S2= 0.0 Sz= 0.0 P=0 :    9.07776 (c=-0.2629-0.1472i)
   E1E0E0E0E0 S2= 0.0 Sz= 0.0 P=0 :    9.07775 (c=-0.2629-0.1472i)
 Psi   6: E = -2679.9389 au  ΔE=     0.2356 au      6.412 eV    51716.0 cm**-1
   E1-E0+E0E0E0 S2= 0.0 Sz= 0.0 P=0 :    91.9823 (c= 0.3028-0.9100i)
   E0E1-E0+E0E0 S2= 0.0 Sz= 0.0 P=0 :      2.346 (c= 0.0484-0.1453i)
 Psi   7: E = -2679.9388 au  ΔE=     0.2358 au      6.415 eV    51742.8 cm**-1
   E0E0E0E0+E1- S2= 0.0 Sz= 0.0 P=0 :    94.6278 (c=-0.8516+0.4701i)
 Psi   8: E = -2679.9381 au  ΔE=     0.2364 au      6.433 eV    51884.4 cm**-1
   E0E1-E0+E0E0 S2= 0.0 Sz= 0.0 P=0 :    59.2456 (c= 0.6429-0.4232i)
   E0E0E0+E1-E0 S2= 0.0 Sz= 0.0 P=0 :    19.8215 (c=-0.3719+0.2448i)
   E0E0E1-E0+E0 S2= 0.0 Sz= 0.0 P=0 :    8.91999 (c= 0.2495-0.1642i)
   E0E0+E1-E0E0 S2= 0.0 Sz= 0.0 P=0 :    5.42693 (c=-0.1946+0.1281i)
   E1-E0+E0E0E0 S2= 0.0 Sz= 0.0 P=0 :    3.05976 (c=-0.1461+0.0962i)
 Psi   9: E = -2679.9378 au  ΔE=     0.2367 au      6.442 eV    51957.6 cm**-1
   E0E0E0+E1-E0 S2= 0.0 Sz= 0.0 P=0 :    60.2138 (c= 0.4914+0.6006i)
   E0E1-E0+E0E0 S2= 0.0 Sz= 0.0 P=0 :    26.8944 (c= 0.3284+0.4014i)
   E0E0E1-E0+E0 S2= 0.0 Sz= 0.0 P=0 :    8.51423 (c=-0.1848-0.2258i)
 Psi  10: E = -2679.9373 au  ΔE=     0.2372 au      6.454 eV    52055.8 cm**-1
   E0E0E1-E0+E0 S2= 0.0 Sz= 0.0 P=0 :    58.5251 (c=-0.0211+0.7647i)
   E0E0+E1-E0E0 S2= 0.0 Sz= 0.0 P=0 :    19.6415 (c= 0.0122-0.4430i)
   E0E0E0+E1-E0 S2= 0.0 Sz= 0.0 P=0 :    13.9612 (c=-0.0103+0.3735i)
   E0E1-E0+E0E0 S2= 0.0 Sz= 0.0 P=0 :     5.1969 (c= 0.0063-0.2279i)
 Psi  11: E = -2679.9371 au  ΔE=     0.2374 au      6.461 eV    52112.3 cm**-1
   E0E0+E1-E0E0 S2= 0.0 Sz= 0.0 P=0 :     70.362 (c=-0.5318+0.6487i)
   E0E0E1-E0+E0 S2= 0.0 Sz= 0.0 P=0 :    20.1133 (c=-0.2843+0.3468i)
   E0E1-E0+E0E0 S2= 0.0 Sz= 0.0 P=0 :     3.0953 (c=-0.1115+0.1361i)
   E0E0E0+E1-E0 S2= 0.0 Sz= 0.0 P=0 :    2.84562 (c=-0.1069+0.1305i)
 Psi  12: E = -2679.9353 au  ΔE=     0.2392 au      6.508 eV    52492.7 cm**-1
   E0E0E0E1-E0+ S2= 0.0 Sz= 0.0 P=0 :    95.8291 (c= 0.5066+0.8376i)
 Psi  13: E = -2679.9353 au  ΔE=     0.2393 au      6.511 eV    52513.1 cm**-1
   E0+E1-E0E0E0 S2= 0.0 Sz= 0.0 P=0 :    96.2203 (c= 0.5728+0.7963i)
 Psi  14: E = -2679.9014 au  ΔE=     0.2731 au      7.431 eV    59935.9 cm**-1
   E1-E0E0+E0E0 S2= 0.0 Sz= 0.0 P=0 :    83.7753 (c= 0.3592+0.8419i)
   E0E1-E0E0+E0 S2= 0.0 Sz= 0.0 P=0 :     7.2061 (c= 0.1054+0.2469i)
   E1-E0E0E0+E0 S2= 0.0 Sz= 0.0 P=0 :    5.82595 (c=-0.0947-0.2220i)
 Psi  15: E = -2679.9013 au  ΔE=     0.2732 au      7.434 eV    59958.1 cm**-1
   E0E0E0+E0E1- S2= 0.0 Sz= 0.0 P=0 :    88.3599 (c=-0.5466+0.7647i)
   E0E0+E0E0E1- S2= 0.0 Sz= 0.0 P=0 :    4.66291 (c= 0.1256-0.1757i)
   E0E0+E0E1-E0 S2= 0.0 Sz= 0.0 P=0 :    4.49335 (c=-0.1233+0.1725i)
 Psi  16: E = -2679.9003 au  ΔE=     0.2743 au      7.463 eV    60194.5 cm**-1
   E0E1-E0E0+E0 S2= 0.0 Sz= 0.0 P=0 :    82.4447 (c= 0.5907-0.6896i)
   E1-E0E0+E0E0 S2= 0.0 Sz= 0.0 P=0 :    9.92894 (c=-0.2050+0.2393i)
   E0E1-E0E0E0+ S2= 0.0 Sz= 0.0 P=0 :    3.21718 (c=-0.1167+0.1362i)
 Psi  17: E = -2679.9001 au  ΔE=     0.2744 au      7.468 eV    60233.5 cm**-1
   E0E0+E0E1-E0 S2= 0.0 Sz= 0.0 P=0 :    86.7951 (c= 0.9298-0.0592i)
   E0E0E0+E0E1- S2= 0.0 Sz= 0.0 P=0 :    6.25144 (c=-0.2495+0.0159i)
   E0+E0E0E1-E0 S2= 0.0 Sz= 0.0 P=0 :    2.83302 (c=-0.1680+0.0107i)
 Psi  18: E = -2679.8973 au  ΔE=     0.2772 au      7.542 eV    60832.7 cm**-1
   E0E0E1-E0E0+ S2= 0.0 Sz= 0.0 P=0 :    93.7763 (c=-0.7268-0.6400i)
   E0E1-E0E0E0+ S2= 0.0 Sz= 0.0 P=0 :    2.45215 (c= 0.1175+0.1035i)
 Psi  19: E = -2679.8973 au  ΔE=     0.2772 au      7.544 eV    60845.8 cm**-1
   E0+E0E1-E0E0 S2= 0.0 Sz= 0.0 P=0 :     94.763 (c=-0.8455+0.4824i)
   E0+E0E0E1-E0 S2= 0.0 Sz= 0.0 P=0 :    2.06193 (c= 0.1247-0.0712i)
 Psi  20: E = -2679.8862 au  ΔE=     0.2883 au      7.844 eV    63269.6 cm**-1
   E1-E0E0E0+E0 S2= 0.0 Sz= 0.0 P=0 :    81.8826 (c=-0.8003+0.4224i)
   E1-E0E0E0E0+ S2= 0.0 Sz= 0.0 P=0 :     9.2204 (c= 0.2685-0.1417i)
   E0E1-E0E0+E0 S2= 0.0 Sz= 0.0 P=0 :     3.8623 (c=-0.1738+0.0917i)
   E1-E0E0+E0E0 S2= 0.0 Sz= 0.0 P=0 :    3.75597 (c=-0.1714+0.0905i)
 Psi  21: E = -2679.8862 au  ΔE=     0.2883 au      7.845 eV    63272.8 cm**-1
   E0E0+E0E0E1- S2= 0.0 Sz= 0.0 P=0 :    84.4777 (c=-0.3631+0.8444i)
   E0+E0E0E0E1- S2= 0.0 Sz= 0.0 P=0 :    8.02346 (c= 0.1119-0.2602i)
   E0E0E0+E0E1- S2= 0.0 Sz= 0.0 P=0 :    3.18475 (c=-0.0705+0.1639i)
   E0E0+E0E1-E0 S2= 0.0 Sz= 0.0 P=0 :    3.14199 (c=-0.0700+0.1628i)
 Psi  22: E = -2679.8831 au  ΔE=     0.2914 au      7.931 eV    63964.7 cm**-1
   E0E1-E0E0E0+ S2= 0.0 Sz= 0.0 P=0 :    81.9972 (c= 0.4184+0.8031i)
   E1-E0E0E0E0+ S2= 0.0 Sz= 0.0 P=0 :    8.45651 (c=-0.1344-0.2579i)
   E1-E0E0E0+E0 S2= 0.0 Sz= 0.0 P=0 :    3.18978 (c=-0.0825-0.1584i)
   E0E0E1-E0E0+ S2= 0.0 Sz= 0.0 P=0 :    2.98239 (c= 0.0798+0.1532i)
   E0E1-E0E0+E0 S2= 0.0 Sz= 0.0 P=0 :    2.01572 (c= 0.0656+0.1259i)
 Psi  23: E = -2679.8830 au  ΔE=     0.2915 au      7.932 eV    63974.9 cm**-1
   E0+E0E0E1-E0 S2= 0.0 Sz= 0.0 P=0 :    84.2895 (c=-0.7205-0.5690i)
   E0+E0E0E0E1- S2= 0.0 Sz= 0.0 P=0 :     7.7452 (c= 0.2184+0.1725i)
   E0E0+E0E0E1- S2= 0.0 Sz= 0.0 P=0 :    2.46261 (c= 0.1231+0.0973i)
   E0+E0E1-E0E0 S2= 0.0 Sz= 0.0 P=0 :    2.41372 (c=-0.1219-0.0963i)
 Psi  24: E = -2679.8805 au  ΔE=     0.2940 au      8.001 eV    64529.6 cm**-1
   E0E0E0E2E0 S2= 0.0 Sz= 0.0 P=0 :      49.13 (c=-0.4912-0.5001i)
   E0E2E0E0E0 S2= 0.0 Sz= 0.0 P=0 :    49.0939 (c= 0.4910+0.4999i)
 Psi  25: E = -2679.8804 au  ΔE=     0.2941 au      8.002 eV    64544.2 cm**-1
   E0E0E2E0E0 S2= 0.0 Sz= 0.0 P=0 :     72.901 (c= 0.6223-0.5846i)
   E0E2E0E0E0 S2= 0.0 Sz= 0.0 P=0 :    12.6228 (c=-0.2589+0.2433i)
   E0E0E0E2E0 S2= 0.0 Sz= 0.0 P=0 :    12.5871 (c=-0.2586+0.2429i)
 Psi  26: E = -2679.8801 au  ΔE=     0.2944 au      8.012 eV    64624.3 cm**-1
   E2E0E0E0E0 S2= 0.0 Sz= 0.0 P=0 :    28.3945 (c=-0.4885-0.2128i)
   E0E0E0E0E2 S2= 0.0 Sz= 0.0 P=0 :    28.3935 (c=-0.4885-0.2128i)
   E0E2E0E0E0 S2= 0.0 Sz= 0.0 P=0 :    17.7531 (c= 0.3863+0.1683i)
   E0E0E0E2E0 S2= 0.0 Sz= 0.0 P=0 :    17.7526 (c= 0.3863+0.1683i)
   E0E0E2E0E0 S2= 0.0 Sz= 0.0 P=0 :    6.94961 (c= 0.2417+0.1053i)
 Psi  27: E = -2679.8798 au  ΔE=     0.2947 au      8.020 eV    64683.8 cm**-1
   E0E0E0E0E2 S2= 0.0 Sz= 0.0 P=0 :    49.3515 (c= 0.6303-0.3101i)
   E2E0E0E0E0 S2= 0.0 Sz= 0.0 P=0 :    49.3505 (c=-0.6303+0.3101i)
 Psi  28: E = -2679.8752 au  ΔE=     0.2993 au      8.146 eV    65698.5 cm**-1
   E0+E0E0E0E1- S2= 0.0 Sz= 0.0 P=0 :     83.381 (c=-0.7083+0.5763i)
   E0+E0E0E1-E0 S2= 0.0 Sz= 0.0 P=0 :    9.22451 (c=-0.2356+0.1917i)
   E0E0+E0E0E1- S2= 0.0 Sz= 0.0 P=0 :    6.12699 (c=-0.1920+0.1562i)
 Psi  29: E = -2679.8749 au  ΔE=     0.2996 au      8.152 eV    65753.7 cm**-1
   E1-E0E0E0E0+ S2= 0.0 Sz= 0.0 P=0 :    81.3755 (c=-0.8223-0.3710i)
   E0E1-E0E0E0+ S2= 0.0 Sz= 0.0 P=0 :    10.4825 (c=-0.2951-0.1331i)
   E1-E0E0E0+E0 S2= 0.0 Sz= 0.0 P=0 :    6.88049 (c=-0.2391-0.1079i)
 Psi  30: E = -2679.8591 au  ΔE=     0.3154 au      8.584 eV    69231.9 cm**-1
   E2E0E0E0E0 S2= 0.0 Sz= 0.0 P=0 :    19.2517 (c= 0.2576-0.3552i)
   E0E0E0E0E2 S2= 0.0 Sz= 0.0 P=0 :    19.2516 (c= 0.2576-0.3552i)
   E0E2E0E0E0 S2= 0.0 Sz= 0.0 P=0 :    17.4344 (c= 0.2452-0.3380i)
   E0E0E0E2E0 S2= 0.0 Sz= 0.0 P=0 :    17.4339 (c= 0.2452-0.3380i)
   E0E0E2E0E0 S2= 0.0 Sz= 0.0 P=0 :    17.3951 (c= 0.2449-0.3376i)
   E0E0E0E0E0 S2= 0.0 Sz= 0.0 P=0 :    6.68817 (c= 0.1519-0.2093i)
 Psi  31: E = -2679.8209 au  ΔE=     0.3536 au      9.623 eV    77611.7 cm**-1
   E0E1E0E1E0 S2= 0.0 Sz= 0.0 P=0 :    24.1611 (c= 0.2999+0.3894i)
   E0E1E0E0E1 S2= 0.0 Sz= 0.0 P=0 :    13.9772 (c= 0.2281+0.2962i)
   E1E0E0E1E0 S2= 0.0 Sz= 0.0 P=0 :    13.9765 (c= 0.2281+0.2962i)
   E0E0E1E1E0 S2= 0.0 Sz= 0.0 P=0 :    8.89954 (c= 0.1820+0.2363i)
   E0E1E1E0E0 S2= 0.0 Sz= 0.0 P=0 :    8.89723 (c= 0.1820+0.2363i)
   E0E0E1E0E1 S2= 0.0 Sz= 0.0 P=0 :    8.10051 (c= 0.1737+0.2255i)
   E1E0E1E0E0 S2= 0.0 Sz= 0.0 P=0 :    8.09888 (c= 0.1737+0.2255i)
   E1E0E0E0E1 S2= 0.0 Sz= 0.0 P=0 :     7.0026 (c= 0.1615+0.2096i)
 Psi  32: E = -2679.8184 au  ΔE=     0.3561 au      9.690 eV    78155.1 cm**-1
   E0E0E1E0E1 S2= 0.0 Sz= 0.0 P=0 :     23.106 (c= 0.3813+0.2927i)
   E1E0E1E0E0 S2= 0.0 Sz= 0.0 P=0 :    23.1056 (c=-0.3813-0.2927i)
   E0E0E0E1E1 S2= 0.0 Sz= 0.0 P=0 :    9.43614 (c= 0.2437+0.1870i)
   E1E1E0E0E0 S2= 0.0 Sz= 0.0 P=0 :    9.42574 (c=-0.2436-0.1869i)
   E0E1E1E0E0 S2= 0.0 Sz= 0.0 P=0 :    8.04319 (c=-0.2250-0.1727i)
   E0E0E1E1E0 S2= 0.0 Sz= 0.0 P=0 :    8.04195 (c= 0.2250+0.1727i)
   E1E0E0E1E0 S2= 0.0 Sz= 0.0 P=0 :    7.40876 (c=-0.2159-0.1657i)
   E0E1E0E0E1 S2= 0.0 Sz= 0.0 P=0 :    7.40241 (c= 0.2158+0.1656i)
 Psi  33: E = -2679.8166 au  ΔE=     0.3579 au      9.739 eV    78553.6 cm**-1
   E1E0E0E0E1 S2= 0.0 Sz= 0.0 P=0 :    28.3979 (c= 0.2421+0.4747i)
   E0E1E1E0E0 S2= 0.0 Sz= 0.0 P=0 :    15.8623 (c=-0.1809-0.3548i)
   E0E0E1E1E0 S2= 0.0 Sz= 0.0 P=0 :    15.8604 (c=-0.1809-0.3548i)
   E0E1E0E1E0 S2= 0.0 Sz= 0.0 P=0 :     14.501 (c=-0.1730-0.3392i)
   E0E1E0E0E1 S2= 0.0 Sz= 0.0 P=0 :    6.98685 (c= 0.1201+0.2355i)
   E1E0E0E1E0 S2= 0.0 Sz= 0.0 P=0 :    6.98582 (c= 0.1201+0.2355i)
   E1E1E0E0E0 S2= 0.0 Sz= 0.0 P=0 :    2.71152 (c= 0.0748+0.1467i)
   E0E0E0E1E1 S2= 0.0 Sz= 0.0 P=0 :    2.70995 (c= 0.0748+0.1466i)
 Psi  34: E = -2679.8164 au  ΔE=     0.3582 au      9.746 eV    78606.1 cm**-1
   E0E0E0E1E1 S2= 0.0 Sz= 0.0 P=0 :    17.7486 (c= 0.3634+0.2131i)
   E1E1E0E0E0 S2= 0.0 Sz= 0.0 P=0 :    17.7378 (c= 0.3633+0.2131i)
   E1E0E1E0E0 S2= 0.0 Sz= 0.0 P=0 :    15.3493 (c= 0.3380+0.1982i)
   E0E0E1E0E1 S2= 0.0 Sz= 0.0 P=0 :    15.3252 (c= 0.3377+0.1980i)
   E0E1E0E1E0 S2= 0.0 Sz= 0.0 P=0 :    10.8178 (c=-0.2837-0.1664i)
   E1E0E0E0E1 S2= 0.0 Sz= 0.0 P=0 :    8.45507 (c=-0.2508-0.1471i)
   E0E1E0E0E1 S2= 0.0 Sz= 0.0 P=0 :    4.18247 (c=-0.1764-0.1035i)
   E1E0E0E1E0 S2= 0.0 Sz= 0.0 P=0 :    4.16423 (c=-0.1760-0.1032i)
 Psi  35: E = -2679.8153 au  ΔE=     0.3592 au      9.775 eV    78841.8 cm**-1
   E0E1E1E0E0 S2= 0.0 Sz= 0.0 P=0 :    28.1036 (c= 0.5253+0.0715i)
   E0E0E1E1E0 S2= 0.0 Sz= 0.0 P=0 :    28.0965 (c=-0.5252-0.0714i)
   E1E0E0E1E0 S2= 0.0 Sz= 0.0 P=0 :     18.681 (c=-0.4283-0.0583i)
   E0E1E0E0E1 S2= 0.0 Sz= 0.0 P=0 :    18.6729 (c= 0.4282+0.0582i)
 Psi  36: E = -2679.8146 au  ΔE=     0.3599 au      9.793 eV    78987.7 cm**-1
   E0E0E0E1E1 S2= 0.0 Sz= 0.0 P=0 :    30.3431 (c= 0.5078-0.2135i)
   E1E1E0E0E0 S2= 0.0 Sz= 0.0 P=0 :    30.3323 (c=-0.5077+0.2135i)
   E1E0E0E1E0 S2= 0.0 Sz= 0.0 P=0 :    13.0994 (c= 0.3336-0.1403i)
   E0E1E0E0E1 S2= 0.0 Sz= 0.0 P=0 :    13.0929 (c=-0.3335+0.1403i)
   E0E0E1E1E0 S2= 0.0 Sz= 0.0 P=0 :    3.65335 (c=-0.1762+0.0741i)
   E0E1E1E0E0 S2= 0.0 Sz= 0.0 P=0 :    3.64661 (c= 0.1760-0.0740i)
 Psi  37: E = -2679.8136 au  ΔE=     0.3609 au      9.820 eV    79202.3 cm**-1
   E0E1E0E1E0 S2= 0.0 Sz= 0.0 P=0 :    24.4543 (c= 0.4895-0.0700i)
   E1E1E0E0E0 S2= 0.0 Sz= 0.0 P=0 :     16.418 (c= 0.4011-0.0574i)
   E0E0E0E1E1 S2= 0.0 Sz= 0.0 P=0 :    16.3925 (c= 0.4008-0.0573i)
   E1E0E0E0E1 S2= 0.0 Sz= 0.0 P=0 :    9.73111 (c=-0.3088+0.0442i)
   E0E0E1E1E0 S2= 0.0 Sz= 0.0 P=0 :    7.42595 (c=-0.2698+0.0386i)
   E0E1E1E0E0 S2= 0.0 Sz= 0.0 P=0 :    7.42266 (c=-0.2697+0.0386i)
   E0E0E1E0E1 S2= 0.0 Sz= 0.0 P=0 :     6.3796 (c=-0.2500+0.0358i)
   E1E0E1E0E0 S2= 0.0 Sz= 0.0 P=0 :    6.37242 (c=-0.2499+0.0358i)
 Psi  38: E = -2679.8124 au  ΔE=     0.3621 au      9.853 eV    79471.8 cm**-1
   E1E0E0E0E1 S2= 0.0 Sz= 0.0 P=0 :    33.8267 (c=-0.1578-0.5598i)
   E0E0E1E0E1 S2= 0.0 Sz= 0.0 P=0 :    10.4851 (c= 0.0878+0.3117i)
   E1E0E1E0E0 S2= 0.0 Sz= 0.0 P=0 :    10.4391 (c= 0.0876+0.3110i)
   E1E1E0E0E0 S2= 0.0 Sz= 0.0 P=0 :    7.50567 (c=-0.0743-0.2637i)
   E0E0E0E1E1 S2= 0.0 Sz= 0.0 P=0 :    7.49803 (c=-0.0743-0.2636i)
   E0E0E1E1E0 S2= 0.0 Sz= 0.0 P=0 :      7.396 (c=-0.0738-0.2618i)
   E0E1E1E0E0 S2= 0.0 Sz= 0.0 P=0 :    7.38507 (c=-0.0737-0.2616i)
   E1E0E0E1E0 S2= 0.0 Sz= 0.0 P=0 :    5.90598 (c= 0.0659+0.2339i)
   E0E1E0E0E1 S2= 0.0 Sz= 0.0 P=0 :    5.87174 (c= 0.0657+0.2332i)
 Psi  39: E = -2679.8114 au  ΔE=     0.3631 au      9.881 eV    79693.8 cm**-1
   E1E0E1E0E0 S2= 0.0 Sz= 0.0 P=0 :    25.6975 (c= 0.5069+0.0075i)
   E0E0E1E0E1 S2= 0.0 Sz= 0.0 P=0 :    25.6783 (c=-0.5067-0.0075i)
   E0E1E0E0E1 S2= 0.0 Sz= 0.0 P=0 :    9.97702 (c= 0.3158+0.0047i)
   E1E0E0E1E0 S2= 0.0 Sz= 0.0 P=0 :    9.93501 (c=-0.3152-0.0047i)
   E0E1E1E0E0 S2= 0.0 Sz= 0.0 P=0 :    6.75097 (c=-0.2598-0.0039i)
   E0E0E1E1E0 S2= 0.0 Sz= 0.0 P=0 :     6.7311 (c= 0.2594+0.0039i)
   E1E1E0E0E0 S2= 0.0 Sz= 0.0 P=0 :    6.02307 (c=-0.2454-0.0036i)
   E0E0E0E1E1 S2= 0.0 Sz= 0.0 P=0 :    5.99144 (c= 0.2447+0.0036i)
 Psi  40: E = -2679.8096 au  ΔE=     0.3649 au      9.931 eV    80095.5 cm**-1
   E0E1E0E1E0 S2= 0.0 Sz= 0.0 P=0 :    23.3875 (c= 0.4825+0.0326i)
   E1E0E0E1E0 S2= 0.0 Sz= 0.0 P=0 :    17.6259 (c=-0.4189-0.0283i)
   E0E1E0E0E1 S2= 0.0 Sz= 0.0 P=0 :    17.6144 (c=-0.4187-0.0283i)
   E1E0E0E0E1 S2= 0.0 Sz= 0.0 P=0 :    11.3816 (c= 0.3366+0.0227i)
   E1E0E1E0E0 S2= 0.0 Sz= 0.0 P=0 :    7.75037 (c= 0.2778+0.0187i)
   E0E0E1E0E1 S2= 0.0 Sz= 0.0 P=0 :    7.72672 (c= 0.2773+0.0187i)
   E0E1E1E0E0 S2= 0.0 Sz= 0.0 P=0 :    5.55563 (c=-0.2352-0.0159i)
   E0E0E1E1E0 S2= 0.0 Sz= 0.0 P=0 :     5.5356 (c=-0.2347-0.0158i)
 Psi  41: E = -2679.8038 au  ΔE=     0.3708 au     10.089 eV    81371.5 cm**-1
   E0E0E0E0+E2- S2= 0.0 Sz= 0.0 P=0 :    68.4735 (c=-0.8275+0.0056i)
   E2-E0+E0E0E0 S2= 0.0 Sz= 0.0 P=0 :    25.9841 (c= 0.5097-0.0035i)
 Psi  42: E = -2679.8038 au  ΔE=     0.3708 au     10.089 eV    81374.7 cm**-1
   E2-E0+E0E0E0 S2= 0.0 Sz= 0.0 P=0 :    69.1086 (c=-0.7053+0.4401i)
   E0E0E0E0+E2- S2= 0.0 Sz= 0.0 P=0 :    25.8396 (c=-0.4313+0.2691i)
 Psi  43: E = -2679.8030 au  ΔE=     0.3715 au     10.110 eV    81545.5 cm**-1
   E0E0E0+E2-E0 S2= 0.0 Sz= 0.0 P=0 :    71.2104 (c=-0.8335-0.1321i)
   E0E0E2-E0+E0 S2= 0.0 Sz= 0.0 P=0 :    10.5147 (c= 0.3203+0.0508i)
   E0E0+E2-E0E0 S2= 0.0 Sz= 0.0 P=0 :    6.65671 (c=-0.2548-0.0404i)
   E0E0E0+E1E1- S2= 0.0 Sz= 0.0 P=0 :    2.89011 (c= 0.1679+0.0266i)
   E0E2-E0+E0E0 S2= 0.0 Sz= 0.0 P=0 :    2.42093 (c= 0.1537+0.0244i)
 Psi  44: E = -2679.8027 au  ΔE=     0.3718 au     10.117 eV    81601.1 cm**-1
   E0E0+E2-E0E0 S2= 0.0 Sz= 0.0 P=0 :    46.6817 (c= 0.2894+0.6189i)
   E0E2-E0+E0E0 S2= 0.0 Sz= 0.0 P=0 :    36.0987 (c=-0.2545-0.5443i)
   E0E0E0+E2-E0 S2= 0.0 Sz= 0.0 P=0 :    10.7891 (c=-0.1391-0.2976i)
 Psi  45: E = -2679.8022 au  ΔE=     0.3723 au     10.131 eV    81715.0 cm**-1
   E0E2-E0+E0E0 S2= 0.0 Sz= 0.0 P=0 :    50.5988 (c=-0.6375+0.3156i)
   E0E0+E2-E0E0 S2= 0.0 Sz= 0.0 P=0 :    25.9152 (c=-0.4562+0.2259i)
   E0E0E2-E0+E0 S2= 0.0 Sz= 0.0 P=0 :    13.5243 (c= 0.3296-0.1632i)
   E0E0E0+E2-E0 S2= 0.0 Sz= 0.0 P=0 :    2.73073 (c= 0.1481-0.0733i)
   E0E1E1E0E0 S2= 0.0 Sz= 0.0 P=0 :     2.6963 (c= 0.1472-0.0729i)
 Psi  46: E = -2679.8019 au  ΔE=     0.3726 au     10.139 eV    81779.7 cm**-1
   E0E0E2-E0+E0 S2= 0.0 Sz= 0.0 P=0 :    70.8419 (c= 0.1607-0.8262i)
   E0E0+E2-E0E0 S2= 0.0 Sz= 0.0 P=0 :    12.9662 (c= 0.0688-0.3535i)
   E0E0E0+E2-E0 S2= 0.0 Sz= 0.0 P=0 :    5.07631 (c= 0.0430-0.2212i)
   E0E2-E0+E0E0 S2= 0.0 Sz= 0.0 P=0 :    4.87809 (c= 0.0422-0.2168i)
   E0E0E1E1E0 S2= 0.0 Sz= 0.0 P=0 :     2.1693 (c=-0.0281+0.1446i)
 Psi  47: E = -2679.8004 au  ΔE=     0.3741 au     10.180 eV    82105.4 cm**-1
   E0+E2-E0E0E0 S2= 0.0 Sz= 0.0 P=0 :    89.8817 (c= 0.6195+0.7177i)
   E0+E1E1-E0E0 S2= 0.0 Sz= 0.0 P=0 :    3.03282 (c=-0.1138-0.1318i)
 Psi  48: E = -2679.8000 au  ΔE=     0.3745 au     10.190 eV    82191.2 cm**-1
   E0E0E0E2-E0+ S2= 0.0 Sz= 0.0 P=0 :    91.3211 (c= 0.9351+0.1968i)
   E0E0E0E1+E1- S2= 0.0 Sz= 0.0 P=0 :    4.00182 (c= 0.1958+0.0412i)
 Psi  49: E = -2679.7985 au  ΔE=     0.3761 au     10.233 eV    82533.4 cm**-1
   E0E0E0E1+E1- S2= 0.0 Sz= 0.0 P=0 :    85.5105 (c=-0.7301-0.5675i)
   E0E0E0+E1E1- S2= 0.0 Sz= 0.0 P=0 :    4.76241 (c=-0.1723-0.1339i)
   E0E0E0E2-E0+ S2= 0.0 Sz= 0.0 P=0 :    4.20886 (c= 0.1620+0.1259i)
   E0E0E0+E2-E0 S2= 0.0 Sz= 0.0 P=0 :    2.04824 (c=-0.1130-0.0878i)
 Psi  50: E = -2679.7979 au  ΔE=     0.3767 au     10.249 eV    82667.4 cm**-1
   E1-E1+E0E0E0 S2= 0.0 Sz= 0.0 P=0 :    92.7607 (c=-0.6232+0.7343i)
   E1-E1E0+E0E0 S2= 0.0 Sz= 0.0 P=0 :    2.16822 (c= 0.0953-0.1123i)
 Psi  51: E = -2679.7970 au  ΔE=     0.3775 au     10.272 eV    82849.4 cm**-1
   E0E0E1+E1-E0 S2= 0.0 Sz= 0.0 P=0 :    87.0552 (c=-0.8178+0.4492i)
   E0E0+E1E1-E0 S2= 0.0 Sz= 0.0 P=0 :    4.92401 (c=-0.1945+0.1068i)
   E0E0E1-E1+E0 S2= 0.0 Sz= 0.0 P=0 :    2.68895 (c= 0.1437-0.0789i)
 Psi  52: E = -2679.7967 au  ΔE=     0.3779 au     10.282 eV    82932.3 cm**-1
   E0E1+E1-E0E0 S2= 0.0 Sz= 0.0 P=0 :    68.8084 (c=-0.0919+0.8244i)
   E0E1-E1+E0E0 S2= 0.0 Sz= 0.0 P=0 :    23.2574 (c= 0.0535-0.4793i)
   E0+E1E1-E0E0 S2= 0.0 Sz= 0.0 P=0 :    2.89208 (c=-0.0188+0.1690i)
 Psi  53: E = -2679.7962 au  ΔE=     0.3783 au     10.294 eV    83023.0 cm**-1
   E0E1-E1+E0E0 S2= 0.0 Sz= 0.0 P=0 :    70.7627 (c=-0.3953+0.7425i)
   E0E1+E1-E0E0 S2= 0.0 Sz= 0.0 P=0 :     21.856 (c=-0.2197+0.4127i)
   E0E1E1E0E0 S2= 0.0 Sz= 0.0 P=0 :     2.0618 (c=-0.0675+0.1267i)
 Psi  54: E = -2679.7960 au  ΔE=     0.3786 au     10.301 eV    83086.7 cm**-1
   E0E0E1-E1+E0 S2= 0.0 Sz= 0.0 P=0 :    92.1643 (c= 0.0417-0.9591i)
   E0E0E1+E1-E0 S2= 0.0 Sz= 0.0 P=0 :    2.48667 (c= 0.0068-0.1575i)
 Psi  55: E = -2679.7935 au  ΔE=     0.3810 au     10.369 eV    83629.2 cm**-1
   E0E0E0E1-E1+ S2= 0.0 Sz= 0.0 P=0 :    59.8072 (c=-0.6110-0.4741i)
   E1+E1-E0E0E0 S2= 0.0 Sz= 0.0 P=0 :    37.7482 (c= 0.4854+0.3766i)
 Psi  56: E = -2679.7935 au  ΔE=     0.3811 au     10.369 eV    83631.8 cm**-1
   E1+E1-E0E0E0 S2= 0.0 Sz= 0.0 P=0 :     59.774 (c= 0.6106+0.4742i)
   E0E0E0E1-E1+ S2= 0.0 Sz= 0.0 P=0 :    37.7456 (c= 0.4852+0.3768i)
 Psi  57: E = -2679.7836 au  ΔE=     0.3909 au     10.638 eV    85798.6 cm**-1
   E1-E1E0+E0E0 S2= 0.0 Sz= 0.0 P=0 :    85.8747 (c= 0.9201-0.1107i)
   E1-E1E0E0+E0 S2= 0.0 Sz= 0.0 P=0 :    3.99259 (c=-0.1984+0.0239i)
   E1-E1+E0E0E0 S2= 0.0 Sz= 0.0 P=0 :    2.38334 (c= 0.1533-0.0184i)
   E0E1-E1E0+E0 S2= 0.0 Sz= 0.0 P=0 :    2.09734 (c=-0.1438+0.0173i)
 Psi  58: E = -2679.7823 au  ΔE=     0.3923 au     10.674 eV    86092.2 cm**-1
   E0E0E0+E1E1- S2= 0.0 Sz= 0.0 P=0 :    83.8509 (c= 0.6881-0.6042i)
   E0E0E0E1+E1- S2= 0.0 Sz= 0.0 P=0 :    6.19073 (c=-0.1870+0.1642i)
   E0E0+E0E1E1- S2= 0.0 Sz= 0.0 P=0 :    4.78511 (c=-0.1644+0.1443i)
   E0E0E0+E2-E0 S2= 0.0 Sz= 0.0 P=0 :    2.82372 (c= 0.1263-0.1109i)
 Psi  59: E = -2679.7820 au  ΔE=     0.3925 au     10.681 eV    86149.6 cm**-1
   E0E1-E1E0+E0 S2= 0.0 Sz= 0.0 P=0 :    82.6081 (c= 0.2147-0.8832i)
   E1-E0E1E0+E0 S2= 0.0 Sz= 0.0 P=0 :    3.07589 (c=-0.0414+0.1704i)
   E0E1-E1E0E0+ S2= 0.0 Sz= 0.0 P=0 :    2.87338 (c=-0.0400+0.1647i)
   E1-E1E0+E0E0 S2= 0.0 Sz= 0.0 P=0 :    2.35803 (c= 0.0363-0.1492i)
   E0E1-E1+E0E0 S2= 0.0 Sz= 0.0 P=0 :    2.34107 (c= 0.0361-0.1487i)
   E0E1E1-E0+E0 S2= 0.0 Sz= 0.0 P=0 :    2.21917 (c=-0.0352+0.1448i)
 Psi  60: E = -2679.7807 au  ΔE=     0.3938 au     10.716 eV    86429.4 cm**-1
   E0E0+E1E1-E0 S2= 0.0 Sz= 0.0 P=0 :    81.2059 (c= 0.5463+0.7167i)
   E0E0E1+E1-E0 S2= 0.0 Sz= 0.0 P=0 :    6.16256 (c=-0.1505-0.1974i)
   E0E0+E1E0E1- S2= 0.0 Sz= 0.0 P=0 :    3.94592 (c=-0.1204-0.1580i)
   E0+E0E1E1-E0 S2= 0.0 Sz= 0.0 P=0 :     3.3456 (c=-0.1109-0.1455i)
   E0E0+E2-E0E0 S2= 0.0 Sz= 0.0 P=0 :    2.43565 (c= 0.0946+0.1241i)
 Psi  61: E = -2679.7794 au  ΔE=     0.3951 au     10.752 eV    86720.9 cm**-1
   E0E0E1-E1E0+ S2= 0.0 Sz= 0.0 P=0 :    88.1763 (c= 0.7399-0.5783i)
   E0E1-E0E1E0+ S2= 0.0 Sz= 0.0 P=0 :    2.61303 (c=-0.1274+0.0995i)
   E0E0E1E1-E0+ S2= 0.0 Sz= 0.0 P=0 :     2.4703 (c=-0.1238+0.0968i)
 Psi  62: E = -2679.7781 au  ΔE=     0.3964 au     10.787 eV    87000.9 cm**-1
   E0+E1E1-E0E0 S2= 0.0 Sz= 0.0 P=0 :    86.5951 (c= 0.9048+0.2175i)
   E0E1+E1-E0E0 S2= 0.0 Sz= 0.0 P=0 :    4.99037 (c=-0.2172-0.0522i)
   E0+E1E0E1-E0 S2= 0.0 Sz= 0.0 P=0 :    3.20241 (c=-0.1740-0.0418i)
   E0+E2-E0E0E0 S2= 0.0 Sz= 0.0 P=0 :    2.37945 (c= 0.1500+0.0361i)
 Psi  63: E = -2679.7719 au  ΔE=     0.4026 au     10.955 eV    88359.9 cm**-1
   E0E1E0E0+E1- S2= 0.0 Sz= 0.0 P=0 :    33.1557 (c= 0.1761+0.5482i)
   E1E0E0E0+E1- S2= 0.0 Sz= 0.0 P=0 :    15.6048 (c= 0.1208+0.3761i)
   E0E0E1E0+E1- S2= 0.0 Sz= 0.0 P=0 :    15.4811 (c= 0.1203+0.3746i)
   E0E0+E1E0E1- S2= 0.0 Sz= 0.0 P=0 :    9.94671 (c=-0.0964-0.3003i)
   E1-E0+E0E1E0 S2= 0.0 Sz= 0.0 P=0 :    4.94615 (c=-0.0680-0.2117i)
   E0E0+E0E1E1- S2= 0.0 Sz= 0.0 P=0 :    3.05629 (c=-0.0535-0.1664i)
   E0E0E1+E0E1- S2= 0.0 Sz= 0.0 P=0 :    2.97869 (c=-0.0528-0.1643i)
   E1-E0+E0E0E1 S2= 0.0 Sz= 0.0 P=0 :    2.47619 (c=-0.0481-0.1498i)
 Psi  64: E = -2679.7719 au  ΔE=     0.4026 au     10.957 eV    88371.0 cm**-1
   E1-E0+E0E1E0 S2= 0.0 Sz= 0.0 P=0 :    36.5498 (c= 0.2032+0.5694i)
   E1-E0+E0E0E1 S2= 0.0 Sz= 0.0 P=0 :    16.8934 (c= 0.1382+0.3871i)
   E1-E0+E1E0E0 S2= 0.0 Sz= 0.0 P=0 :    14.7826 (c= 0.1293+0.3621i)
   E1-E0E1E0+E0 S2= 0.0 Sz= 0.0 P=0 :    7.70768 (c= 0.0933+0.2615i)
   E0E1E0E0+E1- S2= 0.0 Sz= 0.0 P=0 :    4.38163 (c= 0.0704+0.1971i)
   E1-E1E0E0+E0 S2= 0.0 Sz= 0.0 P=0 :    2.71443 (c= 0.0554+0.1552i)
   E0E0E1E0+E1- S2= 0.0 Sz= 0.0 P=0 :    2.48848 (c= 0.0530+0.1486i)
   E1-E0+E1-E0+E0 S2= 0.0 Sz= 0.0 P=0 :    2.16696 (c=-0.0495-0.1386i)
 Psi  65: E = -2679.7718 au  ΔE=     0.4028 au     10.960 eV    88397.8 cm**-1
   E0E0+E0E1E1- S2= 0.0 Sz= 0.0 P=0 :    60.9264 (c= 0.7625-0.1668i)
   E0E0+E0E2-E0 S2= 0.0 Sz= 0.0 P=0 :    19.0151 (c=-0.4260+0.0932i)
   E0+E0E0E1E1- S2= 0.0 Sz= 0.0 P=0 :     4.9371 (c=-0.2171+0.0475i)
   E0E0E0+E1E1- S2= 0.0 Sz= 0.0 P=0 :    3.17084 (c= 0.1740-0.0381i)
   E0E0+E1-E1E0 S2= 0.0 Sz= 0.0 P=0 :    2.73479 (c=-0.1616+0.0353i)
 Psi  66: E = -2679.7710 au  ΔE=     0.4035 au     10.981 eV    88568.0 cm**-1
   E1-E1E0E0+E0 S2= 0.0 Sz= 0.0 P=0 :    59.1234 (c= 0.6503-0.4103i)
   E0E2-E0E0+E0 S2= 0.0 Sz= 0.0 P=0 :    8.75763 (c= 0.2503-0.1579i)
   E1-E1E0E0E0+ S2= 0.0 Sz= 0.0 P=0 :    5.00294 (c=-0.1892+0.1193i)
   E1-E0+E0E1E0 S2= 0.0 Sz= 0.0 P=0 :    4.63784 (c=-0.1821+0.1149i)
   E1-E0E1E0+E0 S2= 0.0 Sz= 0.0 P=0 :    4.15365 (c= 0.1724-0.1087i)
   E1-E0+E0E0E1 S2= 0.0 Sz= 0.0 P=0 :    4.03749 (c=-0.1699+0.1072i)
   E0E1E1-E0+E0 S2= 0.0 Sz= 0.0 P=0 :    3.44701 (c= 0.1570-0.0991i)
   E1E0E1-E0+E0 S2= 0.0 Sz= 0.0 P=0 :    2.73316 (c= 0.1398-0.0882i)
   E1-E0+E1E0E0 S2= 0.0 Sz= 0.0 P=0 :    2.33288 (c=-0.1292+0.0815i)
   E1-E1E0+E0E0 S2= 0.0 Sz= 0.0 P=0 :    2.00708 (c= 0.1198-0.0756i)
 Psi  67: E = -2679.7707 au  ΔE=     0.4039 au     10.990 eV    88638.1 cm**-1
   E0E0+E1E0E1- S2= 0.0 Sz= 0.0 P=0 :    61.3538 (c=-0.5907+0.5144i)
   E0E1E0E0+E1- S2= 0.0 Sz= 0.0 P=0 :    10.6845 (c=-0.2465+0.2147i)
   E1E0E0E0+E1- S2= 0.0 Sz= 0.0 P=0 :    10.1081 (c=-0.2398+0.2088i)
   E0E0E1+E0E1- S2= 0.0 Sz= 0.0 P=0 :    7.75386 (c=-0.2100+0.1829i)
   E0+E0E1E0E1- S2= 0.0 Sz= 0.0 P=0 :    4.73507 (c= 0.1641-0.1429i)
   E0E0+E1E1-E0 S2= 0.0 Sz= 0.0 P=0 :    3.08286 (c=-0.1324+0.1153i)
 Psi  68: E = -2679.7699 au  ΔE=     0.4047 au     11.011 eV    88810.4 cm**-1
   E1-E0E1E0+E0 S2= 0.0 Sz= 0.0 P=0 :    64.1819 (c= 0.3880-0.7009i)
   E1-E0+E0E0E1 S2= 0.0 Sz= 0.0 P=0 :    6.74625 (c=-0.1258+0.2272i)
   E1-E0E1E0E0+ S2= 0.0 Sz= 0.0 P=0 :    6.17946 (c=-0.1204+0.2175i)
   E1-E1E0E0+E0 S2= 0.0 Sz= 0.0 P=0 :    5.60157 (c=-0.1146+0.2071i)
   E1-E0+E0E1E0 S2= 0.0 Sz= 0.0 P=0 :    3.44726 (c=-0.0899+0.1624i)
   E1-E0E1+E0E0 S2= 0.0 Sz= 0.0 P=0 :    3.01113 (c=-0.0840+0.1518i)
   E0E1E1-E0+E0 S2= 0.0 Sz= 0.0 P=0 :    2.30401 (c=-0.0735+0.1328i)
   E0E1-E1E0+E0 S2= 0.0 Sz= 0.0 P=0 :    2.01017 (c= 0.0687-0.1240i)
 Psi  69: E = -2679.7692 au  ΔE=     0.4053 au     11.028 eV    88947.4 cm**-1
   E1E0E0+E1-E0 S2= 0.0 Sz= 0.0 P=0 :    30.5233 (c= 0.3917+0.3896i)
   E0E1E0+E1-E0 S2= 0.0 Sz= 0.0 P=0 :    29.1451 (c= 0.3828+0.3807i)
   E0+E1E0E1-E0 S2= 0.0 Sz= 0.0 P=0 :    6.22379 (c=-0.1769-0.1759i)
   E0E1+E0E1-E0 S2= 0.0 Sz= 0.0 P=0 :     3.7104 (c=-0.1366-0.1358i)
   E0E1-E0+E0E1 S2= 0.0 Sz= 0.0 P=0 :    3.41031 (c= 0.1309+0.1302i)
   E0E0+E1-E1E0 S2= 0.0 Sz= 0.0 P=0 :    3.30103 (c=-0.1288-0.1281i)
   E0E1E1-E0+E0 S2= 0.0 Sz= 0.0 P=0 :    2.91502 (c=-0.1211-0.1204i)
   E0E1-E0+E1E0 S2= 0.0 Sz= 0.0 P=0 :    2.87364 (c= 0.1202+0.1195i)
   E1E0E1-E0+E0 S2= 0.0 Sz= 0.0 P=0 :    2.74833 (c=-0.1175-0.1169i)
   E0E0+E1-E0E1 S2= 0.0 Sz= 0.0 P=0 :    2.22708 (c=-0.1058-0.1052i)
 Psi  70: E = -2679.7692 au  ΔE=     0.4054 au     11.031 eV    88967.8 cm**-1
   E0E1-E0+E0E1 S2= 0.0 Sz= 0.0 P=0 :     32.848 (c=-0.2275-0.5261i)
   E0E1-E0+E1E0 S2= 0.0 Sz= 0.0 P=0 :    26.9235 (c=-0.2059-0.4763i)
   E1E0E0+E1-E0 S2= 0.0 Sz= 0.0 P=0 :    5.17256 (c= 0.0903+0.2088i)
   E0E1E0+E1-E0 S2= 0.0 Sz= 0.0 P=0 :    5.09502 (c= 0.0896+0.2072i)
   E0E1-E0E1E0+ S2= 0.0 Sz= 0.0 P=0 :    3.94841 (c=-0.0789-0.1824i)
   E0E0+E1-E0E1 S2= 0.0 Sz= 0.0 P=0 :    2.59213 (c= 0.0639+0.1478i)
   E0E1-E0+E1-E0+ S2= 0.0 Sz= 0.0 P=0 :    2.34305 (c= 0.0607+0.1405i)
   E0E1E0E1-E0+ S2= 0.0 Sz= 0.0 P=0 :    2.15945 (c=-0.0583-0.1349i)
   E0E1-E0E1+E0 S2= 0.0 Sz= 0.0 P=0 :    2.01315 (c= 0.0563+0.1302i)
 Psi  71: E = -2679.7686 au  ΔE=     0.4059 au     11.045 eV    89086.8 cm**-1
   E0E0+E1-E1E0 S2= 0.0 Sz= 0.0 P=0 :    20.2119 (c= 0.3990-0.2072i)
   E0E0+E1-E0E1 S2= 0.0 Sz= 0.0 P=0 :     19.501 (c= 0.3919-0.2035i)
   E0+E0E1E1-E0 S2= 0.0 Sz= 0.0 P=0 :     17.849 (c= 0.3749-0.1947i)
   E0+E0E2-E0E0 S2= 0.0 Sz= 0.0 P=0 :    8.13878 (c=-0.2532+0.1315i)
   E0+E1-E0E1E0 S2= 0.0 Sz= 0.0 P=0 :    4.87328 (c=-0.1959+0.1017i)
   E0+E1-E1E0E0 S2= 0.0 Sz= 0.0 P=0 :     4.2579 (c=-0.1831+0.0951i)
   E0E1E1-E0+E0 S2= 0.0 Sz= 0.0 P=0 :    2.78584 (c=-0.1481+0.0769i)
   E0E0+E0E1E1- S2= 0.0 Sz= 0.0 P=0 :     2.4987 (c= 0.1403-0.0728i)
   E1E0E1-E0+E0 S2= 0.0 Sz= 0.0 P=0 :    2.28882 (c=-0.1343+0.0697i)
 Psi  72: E = -2679.7685 au  ΔE=     0.4060 au     11.049 eV    89115.5 cm**-1
   E0+E0E1E1-E0 S2= 0.0 Sz= 0.0 P=0 :    14.6884 (c=-0.3747-0.0807i)
   E1E0E1-E0+E0 S2= 0.0 Sz= 0.0 P=0 :    12.3433 (c=-0.3434-0.0740i)
   E0E1E1-E0+E0 S2= 0.0 Sz= 0.0 P=0 :    11.9285 (c=-0.3376-0.0728i)
   E0E0+E1-E0E1 S2= 0.0 Sz= 0.0 P=0 :    8.90441 (c= 0.2917+0.0629i)
   E0E0+E1-E1E0 S2= 0.0 Sz= 0.0 P=0 :    8.14683 (c= 0.2790+0.0601i)
   E0+E0E2-E0E0 S2= 0.0 Sz= 0.0 P=0 :    8.10345 (c= 0.2783+0.0600i)
   E0+E1-E0E1E0 S2= 0.0 Sz= 0.0 P=0 :    7.50821 (c= 0.2679+0.0577i)
   E0+E1-E1E0E0 S2= 0.0 Sz= 0.0 P=0 :    7.30121 (c= 0.2641+0.0569i)
   E1-E1E0E0+E0 S2= 0.0 Sz= 0.0 P=0 :    3.40773 (c= 0.1805+0.0389i)
   E0+E1-E0E0E1 S2= 0.0 Sz= 0.0 P=0 :    2.05837 (c= 0.1402+0.0302i)
 Psi  73: E = -2679.7684 au  ΔE=     0.4062 au     11.052 eV    89144.2 cm**-1
   E1E0E1-E0+E0 S2= 0.0 Sz= 0.0 P=0 :    19.6564 (c= 0.3812+0.2264i)
   E0E1E1-E0+E0 S2= 0.0 Sz= 0.0 P=0 :    15.9907 (c= 0.3438+0.2042i)
   E0E0+E1-E0E1 S2= 0.0 Sz= 0.0 P=0 :    9.03471 (c= 0.2584+0.1535i)
   E0E0+E1-E1E0 S2= 0.0 Sz= 0.0 P=0 :    7.21662 (c= 0.2310+0.1372i)
   E0E1-E0+E0E1 S2= 0.0 Sz= 0.0 P=0 :    5.31917 (c= 0.1983+0.1178i)
   E0+E0E1E1-E0 S2= 0.0 Sz= 0.0 P=0 :    4.82882 (c=-0.1889-0.1122i)
   E1-E1E0E0+E0 S2= 0.0 Sz= 0.0 P=0 :    4.42805 (c=-0.1809-0.1075i)
   E1-E0+E1E0E0 S2= 0.0 Sz= 0.0 P=0 :    2.80563 (c= 0.1440+0.0856i)
   E0+E0E2-E0E0 S2= 0.0 Sz= 0.0 P=0 :    2.61413 (c= 0.1390+0.0826i)
   E0E1-E0+E1E0 S2= 0.0 Sz= 0.0 P=0 :    2.61202 (c= 0.1389+0.0825i)
   E1-E0+E0E0E1 S2= 0.0 Sz= 0.0 P=0 :    2.59552 (c=-0.1385-0.0823i)
   E0+E1-E0E1E0 S2= 0.0 Sz= 0.0 P=0 :    2.48634 (c= 0.1356+0.0805i)
 Psi  74: E = -2679.7682 au  ΔE=     0.4064 au     11.058 eV    89186.3 cm**-1
   E0E1E0E1-E0+ S2= 0.0 Sz= 0.0 P=0 :    20.5573 (c= 0.3039+0.3365i)
   E2-E0E0+E0E0 S2= 0.0 Sz= 0.0 P=0 :    13.6455 (c= 0.2476+0.2741i)
   E0E0E1E1-E0+ S2= 0.0 Sz= 0.0 P=0 :    11.5437 (c= 0.2277+0.2521i)
   E0E1-E1E0E0+ S2= 0.0 Sz= 0.0 P=0 :    10.6562 (c= 0.2188+0.2422i)
   E1E1-E0+E0E0 S2= 0.0 Sz= 0.0 P=0 :     10.521 (c= 0.2174+0.2407i)
   E1E0E0E1-E0+ S2= 0.0 Sz= 0.0 P=0 :    7.10863 (c= 0.1787+0.1979i)
   E1-E0+E1E0E0 S2= 0.0 Sz= 0.0 P=0 :    5.63457 (c=-0.1591-0.1762i)
   E1-E0+E0E0E1 S2= 0.0 Sz= 0.0 P=0 :     4.7462 (c= 0.1460+0.1617i)
   E0E0E2-E0E0+ S2= 0.0 Sz= 0.0 P=0 :    4.40932 (c= 0.1408+0.1558i)
 Psi  75: E = -2679.7681 au  ΔE=     0.4065 au     11.061 eV    89209.5 cm**-1
   E2-E0E0+E0E0 S2= 0.0 Sz= 0.0 P=0 :    18.5088 (c= 0.0517+0.4271i)
   E0E0E0+E0E2- S2= 0.0 Sz= 0.0 P=0 :    15.2434 (c= 0.0469+0.3876i)
   E1E1-E0+E0E0 S2= 0.0 Sz= 0.0 P=0 :    12.0102 (c= 0.0417+0.3440i)
   E0E0E0+E1-E1 S2= 0.0 Sz= 0.0 P=0 :    10.9769 (c= 0.0398+0.3289i)
   E0E1E0E1-E0+ S2= 0.0 Sz= 0.0 P=0 :     8.1217 (c=-0.0343-0.2829i)
   E0E0E1E0+E1- S2= 0.0 Sz= 0.0 P=0 :    4.62276 (c=-0.0258-0.2134i)
   E0E0E1E1-E0+ S2= 0.0 Sz= 0.0 P=0 :    3.86224 (c=-0.0236-0.1951i)
   E1E0E0E1-E0+ S2= 0.0 Sz= 0.0 P=0 :    3.75235 (c=-0.0233-0.1923i)
   E1E0E0E0+E1- S2= 0.0 Sz= 0.0 P=0 :    3.48378 (c= 0.0224+0.1853i)
   E0E1-E0+E0E1 S2= 0.0 Sz= 0.0 P=0 :      3.272 (c= 0.0217+0.1796i)
   E0E1-E1E0E0+ S2= 0.0 Sz= 0.0 P=0 :    2.66728 (c=-0.0196-0.1621i)
 Psi  76: E = -2679.7680 au  ΔE=     0.4065 au     11.061 eV    89214.6 cm**-1
   E0E0E0+E0E2- S2= 0.0 Sz= 0.0 P=0 :     26.946 (c=-0.4374+0.2795i)
   E0E0E0+E1-E1 S2= 0.0 Sz= 0.0 P=0 :    18.9325 (c=-0.3666+0.2343i)
   E2-E0E0+E0E0 S2= 0.0 Sz= 0.0 P=0 :    13.2352 (c= 0.3066-0.1959i)
   E1E1-E0+E0E0 S2= 0.0 Sz= 0.0 P=0 :    8.29941 (c= 0.2428-0.1551i)
   E1E0E0E0+E1- S2= 0.0 Sz= 0.0 P=0 :    5.38935 (c=-0.1956+0.1250i)
   E0E0E1E0+E1- S2= 0.0 Sz= 0.0 P=0 :     5.3229 (c= 0.1944-0.1242i)
   E0E1E0E1-E0+ S2= 0.0 Sz= 0.0 P=0 :    4.01199 (c=-0.1688+0.1079i)
   E0E0E1E1-E0+ S2= 0.0 Sz= 0.0 P=0 :    2.51385 (c=-0.1336+0.0854i)
 Psi  77: E = -2679.7677 au  ΔE=     0.4068 au     11.069 eV    89277.0 cm**-1
   E1E0E0E0+E1- S2= 0.0 Sz= 0.0 P=0 :    31.6215 (c=-0.0770+0.5570i)
   E0E0E1E0+E1- S2= 0.0 Sz= 0.0 P=0 :    29.0571 (c= 0.0738-0.5340i)
   E0E0E0+E0E2- S2= 0.0 Sz= 0.0 P=0 :    11.0349 (c= 0.0455-0.3291i)
   E0E0E0+E1-E1 S2= 0.0 Sz= 0.0 P=0 :    6.27214 (c= 0.0343-0.2481i)
   E1-E0+E0E0E1 S2= 0.0 Sz= 0.0 P=0 :    4.44762 (c= 0.0289-0.2089i)
   E1-E0+E1E0E0 S2= 0.0 Sz= 0.0 P=0 :    4.18459 (c=-0.0280+0.2026i)
   E0E0+E1E0E1- S2= 0.0 Sz= 0.0 P=0 :      2.641 (c= 0.0222-0.1610i)
 Psi  78: E = -2679.7677 au  ΔE=     0.4069 au     11.071 eV    89295.6 cm**-1
   E1-E0+E0E0E1 S2= 0.0 Sz= 0.0 P=0 :    28.7001 (c=-0.5348-0.0318i)
   E1-E0+E1E0E0 S2= 0.0 Sz= 0.0 P=0 :    26.1639 (c= 0.5106+0.0303i)
   E2-E0E0+E0E0 S2= 0.0 Sz= 0.0 P=0 :    13.0013 (c= 0.3599+0.0214i)
   E1-E0E1E0+E0 S2= 0.0 Sz= 0.0 P=0 :     3.6565 (c=-0.1909-0.0113i)
   E1E0E0E0+E1- S2= 0.0 Sz= 0.0 P=0 :    3.47892 (c=-0.1862-0.0111i)
   E0E0E1E0+E1- S2= 0.0 Sz= 0.0 P=0 :    3.32517 (c= 0.1820+0.0108i)
   E1E1-E0+E0E0 S2= 0.0 Sz= 0.0 P=0 :    3.24886 (c= 0.1799+0.0107i)
   E1E0E1-E0+E0 S2= 0.0 Sz= 0.0 P=0 :    2.71328 (c=-0.1644-0.0098i)
   E0E0E0+E0E2- S2= 0.0 Sz= 0.0 P=0 :    2.18172 (c= 0.1474+0.0088i)
 Psi  79: E = -2679.7674 au  ΔE=     0.4071 au     11.079 eV    89354.6 cm**-1
   E0+E1-E0E1E0 S2= 0.0 Sz= 0.0 P=0 :    34.4072 (c=-0.5338+0.2431i)
   E0+E0E1E1-E0 S2= 0.0 Sz= 0.0 P=0 :    25.3169 (c=-0.4579+0.2085i)
   E0+E1-E0E0E1 S2= 0.0 Sz= 0.0 P=0 :    18.7798 (c=-0.3944+0.1796i)
   E0+E1-E1E0E0 S2= 0.0 Sz= 0.0 P=0 :    8.25217 (c=-0.2614+0.1191i)
   E0+E0E2-E0E0 S2= 0.0 Sz= 0.0 P=0 :    5.71081 (c= 0.2175-0.0990i)
   E0+E0E1E0E1- S2= 0.0 Sz= 0.0 P=0 :    2.14735 (c= 0.1334-0.0607i)
 Psi  80: E = -2679.7672 au  ΔE=     0.4073 au     11.084 eV    89401.1 cm**-1
   E0+E1E0E1-E0 S2= 0.0 Sz= 0.0 P=0 :    57.3291 (c= 0.7557-0.0467i)
   E1E0E0+E1-E0 S2= 0.0 Sz= 0.0 P=0 :     16.764 (c= 0.4087-0.0253i)
   E0E1+E0E1-E0 S2= 0.0 Sz= 0.0 P=0 :    9.64628 (c= 0.3100-0.0192i)
   E0+E1E0E0E1- S2= 0.0 Sz= 0.0 P=0 :    8.18682 (c=-0.2856+0.0177i)
   E0E1E0+E1-E0 S2= 0.0 Sz= 0.0 P=0 :    2.28753 (c= 0.1510-0.0093i)
   E0+E1E1-E0E0 S2= 0.0 Sz= 0.0 P=0 :    2.07525 (c= 0.1438-0.0089i)
 Psi  81: E = -2679.7668 au  ΔE=     0.4077 au     11.094 eV    89481.4 cm**-1
   E0E1-E1E0E0+ S2= 0.0 Sz= 0.0 P=0 :     45.505 (c= 0.2712+0.6177i)
   E0E1E0E1-E0+ S2= 0.0 Sz= 0.0 P=0 :    13.7302 (c=-0.1490-0.3393i)
   E1E0E0E1-E0+ S2= 0.0 Sz= 0.0 P=0 :    11.8298 (c=-0.1383-0.3149i)
   E0E1-E0E1E0+ S2= 0.0 Sz= 0.0 P=0 :    9.42703 (c= 0.1234+0.2811i)
   E0E0E2-E0E0+ S2= 0.0 Sz= 0.0 P=0 :    5.05953 (c= 0.0904+0.2060i)
   E1-E0E1E0E0+ S2= 0.0 Sz= 0.0 P=0 :    4.02247 (c=-0.0806-0.1836i)
 Psi  82: E = -2679.7662 au  ΔE=     0.4083 au     11.111 eV    89613.2 cm**-1
   E0E1-E0E1E0+ S2= 0.0 Sz= 0.0 P=0 :    52.4212 (c= 0.7184+0.0903i)
   E0E0E1-E0+E1 S2= 0.0 Sz= 0.0 P=0 :    8.52932 (c=-0.2898-0.0364i)
   E0E1-E0+E0E1 S2= 0.0 Sz= 0.0 P=0 :    8.42698 (c=-0.2880-0.0362i)
   E1-E0E0E1E0+ S2= 0.0 Sz= 0.0 P=0 :    7.58577 (c=-0.2733-0.0343i)
   E0E1-E1E0E0+ S2= 0.0 Sz= 0.0 P=0 :    6.92317 (c=-0.2611-0.0328i)
   E0E1-E0E1+E0 S2= 0.0 Sz= 0.0 P=0 :     3.3227 (c=-0.1809-0.0227i)
   E0E0E2-E0E0+ S2= 0.0 Sz= 0.0 P=0 :    2.32184 (c=-0.1512-0.0190i)
   E1E0E1-E0+E0 S2= 0.0 Sz= 0.0 P=0 :    2.28613 (c=-0.1500-0.0189i)
 Psi  83: E = -2679.7659 au  ΔE=     0.4086 au     11.118 eV    89675.4 cm**-1
   E1E0+E1-E0E0 S2= 0.0 Sz= 0.0 P=0 :    74.1667 (c=-0.3773+0.7741i)
   E1-E0+E0E1E0 S2= 0.0 Sz= 0.0 P=0 :    4.76883 (c=-0.0957+0.1963i)
   E1+E0E1-E0E0 S2= 0.0 Sz= 0.0 P=0 :    2.77989 (c= 0.0730-0.1499i)
   E0E1E0E0+E1- S2= 0.0 Sz= 0.0 P=0 :    2.56092 (c=-0.0701+0.1439i)
   E1-E0+E1E0E0 S2= 0.0 Sz= 0.0 P=0 :    2.47643 (c= 0.0689-0.1415i)
   E1-E0+E0E0E1 S2= 0.0 Sz= 0.0 P=0 :    2.24735 (c= 0.0657-0.1348i)
 Psi  84: E = -2679.7658 au  ΔE=     0.4087 au     11.121 eV    89697.2 cm**-1
   E1-E0+E0E1E0 S2= 0.0 Sz= 0.0 P=0 :    20.0747 (c=-0.3810-0.2358i)
   E0E1E0E0+E1- S2= 0.0 Sz= 0.0 P=0 :    13.4907 (c=-0.3123-0.1933i)
   E1E0+E1-E0E0 S2= 0.0 Sz= 0.0 P=0 :    13.2493 (c= 0.3095+0.1916i)
   E1-E0+E1E0E0 S2= 0.0 Sz= 0.0 P=0 :    12.6919 (c= 0.3029+0.1875i)
   E1-E0+E0E0E1 S2= 0.0 Sz= 0.0 P=0 :    9.76215 (c= 0.2657+0.1645i)
   E0E0E1E0+E1- S2= 0.0 Sz= 0.0 P=0 :    8.31908 (c= 0.2452+0.1518i)
   E1E0E0E0+E1- S2= 0.0 Sz= 0.0 P=0 :    6.48721 (c= 0.2166+0.1341i)
   E0E0E1-E0+E1 S2= 0.0 Sz= 0.0 P=0 :    2.69332 (c=-0.1395-0.0864i)
 Psi  85: E = -2679.7658 au  ΔE=     0.4087 au     11.122 eV    89701.8 cm**-1
   E0E1E0E0+E1- S2= 0.0 Sz= 0.0 P=0 :     23.514 (c=-0.3052-0.3769i)
   E1-E0+E0E1E0 S2= 0.0 Sz= 0.0 P=0 :    18.4363 (c= 0.2702+0.3337i)
   E0E0E1E0+E1- S2= 0.0 Sz= 0.0 P=0 :    15.2024 (c= 0.2454+0.3030i)
   E1-E0+E1E0E0 S2= 0.0 Sz= 0.0 P=0 :    11.1598 (c=-0.2102-0.2596i)
   E1E0E0E0+E1- S2= 0.0 Sz= 0.0 P=0 :    10.9604 (c= 0.2083+0.2573i)
   E1-E0+E0E0E1 S2= 0.0 Sz= 0.0 P=0 :    9.00998 (c=-0.1889-0.2333i)
   E0E0E1-E0+E1 S2= 0.0 Sz= 0.0 P=0 :    4.08684 (c=-0.1272-0.1571i)
 Psi  86: E = -2679.7658 au  ΔE=     0.4088 au     11.123 eV    89713.3 cm**-1
   E0E0E1-E0+E1 S2= 0.0 Sz= 0.0 P=0 :    65.4823 (c=-0.3533-0.7280i)
   E0E1E0E0+E1- S2= 0.0 Sz= 0.0 P=0 :    4.34568 (c= 0.0910+0.1875i)
   E0E0E1E1-E0+ S2= 0.0 Sz= 0.0 P=0 :    3.80872 (c= 0.0852+0.1756i)
   E1E0E0E1-E0+ S2= 0.0 Sz= 0.0 P=0 :    3.23174 (c=-0.0785-0.1617i)
   E0E0E1E0+E1- S2= 0.0 Sz= 0.0 P=0 :    3.04806 (c=-0.0762-0.1571i)
   E0E1-E0E1E0+ S2= 0.0 Sz= 0.0 P=0 :    2.95309 (c=-0.0750-0.1546i)
   E0E0E1-E0E1+ S2= 0.0 Sz= 0.0 P=0 :    2.70736 (c= 0.0718+0.1480i)
   E1E0E0E0+E1- S2= 0.0 Sz= 0.0 P=0 :    2.34229 (c=-0.0668-0.1377i)
   E0E0E0+E0E2- S2= 0.0 Sz= 0.0 P=0 :    2.10098 (c=-0.0633-0.1304i)
 Psi  87: E = -2679.7654 au  ΔE=     0.4091 au     11.132 eV    89786.3 cm**-1
   E1E0E1-E0+E0 S2= 0.0 Sz= 0.0 P=0 :    35.7795 (c= 0.4486-0.3956i)
   E0E2-E0E0+E0 S2= 0.0 Sz= 0.0 P=0 :    26.7491 (c=-0.3879+0.3421i)
   E0E1E1-E0+E0 S2= 0.0 Sz= 0.0 P=0 :    15.9963 (c=-0.3000+0.2645i)
   E0E1-E0+E0E1 S2= 0.0 Sz= 0.0 P=0 :    3.08869 (c=-0.1318+0.1162i)
   E1-E1E0E0+E0 S2= 0.0 Sz= 0.0 P=0 :    2.70123 (c= 0.1233-0.1087i)
 Psi  88: E = -2679.7651 au  ΔE=     0.4094 au     11.140 eV    89849.4 cm**-1
   E0E0+E1-E0E1 S2= 0.0 Sz= 0.0 P=0 :    38.2583 (c= 0.5027+0.3604i)
   E0E0+E1-E1E0 S2= 0.0 Sz= 0.0 P=0 :    26.7959 (c=-0.4207-0.3016i)
   E0E0+E0E2-E0 S2= 0.0 Sz= 0.0 P=0 :     10.539 (c=-0.2638-0.1892i)
   E0E0E0+E1-E1 S2= 0.0 Sz= 0.0 P=0 :    3.34677 (c=-0.1487-0.1066i)
   E0E0+E0E1E1- S2= 0.0 Sz= 0.0 P=0 :    3.28779 (c=-0.1474-0.1057i)
   E0E0E0+E0E2- S2= 0.0 Sz= 0.0 P=0 :    2.66189 (c= 0.1326+0.0951i)
   E0E1-E0+E1E0 S2= 0.0 Sz= 0.0 P=0 :    2.37002 (c= 0.1251+0.0897i)
 Psi  89: E = -2679.7649 au  ΔE=     0.4096 au     11.146 eV    89899.3 cm**-1
   E0E0E0+E1-E1 S2= 0.0 Sz= 0.0 P=0 :    35.5315 (c=-0.1941-0.5636i)
   E0E0E0+E0E2- S2= 0.0 Sz= 0.0 P=0 :    24.9484 (c= 0.1627+0.4723i)
   E1E0E0+E1-E0 S2= 0.0 Sz= 0.0 P=0 :    8.34888 (c=-0.0941-0.2732i)
   E0E1E0+E1-E0 S2= 0.0 Sz= 0.0 P=0 :    8.29649 (c= 0.0938+0.2723i)
   E0E1-E0+E1E0 S2= 0.0 Sz= 0.0 P=0 :     4.1781 (c=-0.0666-0.1933i)
   E0E1-E0+E0E1 S2= 0.0 Sz= 0.0 P=0 :      2.863 (c= 0.0551+0.1600i)
   E0E0+E1-E1E0 S2= 0.0 Sz= 0.0 P=0 :     2.0945 (c= 0.0471+0.1368i)
   E0E0+E1-E0E1 S2= 0.0 Sz= 0.0 P=0 :    2.07699 (c=-0.0469-0.1363i)
 Psi  90: E = -2679.7646 au  ΔE=     0.4099 au     11.153 eV    89958.0 cm**-1
   E1E1-E0+E0E0 S2= 0.0 Sz= 0.0 P=0 :    19.3497 (c= 0.1409-0.4167i)
   E0E1-E0+E1E0 S2= 0.0 Sz= 0.0 P=0 :    14.0248 (c=-0.1199+0.3548i)
   E0E1-E0+E0E1 S2= 0.0 Sz= 0.0 P=0 :     13.475 (c= 0.1176-0.3478i)
   E2-E0E0+E0E0 S2= 0.0 Sz= 0.0 P=0 :    12.2865 (c=-0.1123+0.3321i)
   E0E0E1E1-E0+ S2= 0.0 Sz= 0.0 P=0 :    6.38166 (c=-0.0809+0.2393i)
   E1E0E0E1-E0+ S2= 0.0 Sz= 0.0 P=0 :      5.812 (c= 0.0772-0.2284i)
   E0E0E0+E1-E1 S2= 0.0 Sz= 0.0 P=0 :    5.29152 (c= 0.0737-0.2179i)
   E0E0E0+E0E2- S2= 0.0 Sz= 0.0 P=0 :    2.89112 (c=-0.0545+0.1611i)
   E0E0+E1-E0E1 S2= 0.0 Sz= 0.0 P=0 :    2.36085 (c= 0.0492-0.1456i)
 Psi  91: E = -2679.7645 au  ΔE=     0.4100 au     11.156 eV    89981.4 cm**-1
   E0+E1-E1E0E0 S2= 0.0 Sz= 0.0 P=0 :    33.4874 (c= 0.5787-0.0041i)
   E0+E1-E0E0E1 S2= 0.0 Sz= 0.0 P=0 :    31.1643 (c=-0.5582+0.0039i)
   E1E1-E0+E0E0 S2= 0.0 Sz= 0.0 P=0 :    5.55059 (c=-0.2356+0.0017i)
   E1E0E0+E1-E0 S2= 0.0 Sz= 0.0 P=0 :    3.66752 (c=-0.1915+0.0013i)
   E0+E0E1E1-E0 S2= 0.0 Sz= 0.0 P=0 :    3.51525 (c= 0.1875-0.0013i)
   E0E1E0+E1-E0 S2= 0.0 Sz= 0.0 P=0 :    3.40929 (c= 0.1846-0.0013i)
   E2-E0E0+E0E0 S2= 0.0 Sz= 0.0 P=0 :    3.09656 (c= 0.1760-0.0012i)
   E1E0E0E1-E0+ S2= 0.0 Sz= 0.0 P=0 :    2.21774 (c= 0.1489-0.0010i)
   E0E0E1E1-E0+ S2= 0.0 Sz= 0.0 P=0 :    2.18246 (c=-0.1477+0.0010i)
   E0E0E0+E1-E1 S2= 0.0 Sz= 0.0 P=0 :    2.17996 (c= 0.1476-0.0010i)
 Psi  92: E = -2679.7644 au  ΔE=     0.4101 au     11.161 eV    90017.5 cm**-1
   E0E0E1E1-E0+ S2= 0.0 Sz= 0.0 P=0 :    18.7518 (c= 0.3416+0.2661i)
   E1E0E0E1-E0+ S2= 0.0 Sz= 0.0 P=0 :    18.2199 (c=-0.3368-0.2623i)
   E1E1-E0+E0E0 S2= 0.0 Sz= 0.0 P=0 :    16.5994 (c= 0.3214+0.2503i)
   E2-E0E0+E0E0 S2= 0.0 Sz= 0.0 P=0 :    8.19216 (c=-0.2258-0.1759i)
   E0+E1-E0E0E1 S2= 0.0 Sz= 0.0 P=0 :    6.84117 (c=-0.2064-0.1607i)
   E0+E1-E1E0E0 S2= 0.0 Sz= 0.0 P=0 :    6.79823 (c= 0.2057+0.1602i)
   E0E1-E1E0E0+ S2= 0.0 Sz= 0.0 P=0 :    4.14064 (c=-0.1605-0.1250i)
   E0E0E1-E0+E1 S2= 0.0 Sz= 0.0 P=0 :    3.71363 (c= 0.1520+0.1184i)
   E0E0E2-E0E0+ S2= 0.0 Sz= 0.0 P=0 :    3.20331 (c= 0.1412+0.1100i)
 Psi  93: E = -2679.7643 au  ΔE=     0.4102 au     11.163 eV    90036.6 cm**-1
   E0E1E0+E1-E0 S2= 0.0 Sz= 0.0 P=0 :    33.6223 (c= 0.0263+0.5792i)
   E1E0E0+E1-E0 S2= 0.0 Sz= 0.0 P=0 :    22.2338 (c=-0.0214-0.4710i)
   E0E0E0+E1-E1 S2= 0.0 Sz= 0.0 P=0 :    8.35245 (c= 0.0131+0.2887i)
   E0E1-E0+E1E0 S2= 0.0 Sz= 0.0 P=0 :    6.71774 (c= 0.0118+0.2589i)
   E0E1-E0+E0E1 S2= 0.0 Sz= 0.0 P=0 :    4.29458 (c=-0.0094-0.2070i)
   E0E2-E0E0+E0 S2= 0.0 Sz= 0.0 P=0 :    4.19608 (c= 0.0093+0.2046i)
   E0E0E0+E0E2- S2= 0.0 Sz= 0.0 P=0 :     3.1983 (c=-0.0081-0.1787i)
   E0+E1-E0E0E1 S2= 0.0 Sz= 0.0 P=0 :    2.48757 (c= 0.0072+0.1576i)
   E0+E1E0E1-E0 S2= 0.0 Sz= 0.0 P=0 :    2.17384 (c= 0.0067+0.1473i)
 Psi  94: E = -2679.7642 au  ΔE=     0.4104 au     11.166 eV    90062.0 cm**-1
   E0E1-E0+E1E0 S2= 0.0 Sz= 0.0 P=0 :     19.645 (c= 0.4428+0.0198i)
   E1E1-E0+E0E0 S2= 0.0 Sz= 0.0 P=0 :    14.7324 (c= 0.3834+0.0171i)
   E0E1-E0+E0E1 S2= 0.0 Sz= 0.0 P=0 :     12.343 (c=-0.3510-0.0157i)
   E0E0E1E1-E0+ S2= 0.0 Sz= 0.0 P=0 :    8.87417 (c=-0.2976-0.0133i)
   E1E0E0E1-E0+ S2= 0.0 Sz= 0.0 P=0 :    8.68614 (c= 0.2944+0.0131i)
   E2-E0E0+E0E0 S2= 0.0 Sz= 0.0 P=0 :    6.21412 (c=-0.2490-0.0111i)
   E0E1-E1E0E0+ S2= 0.0 Sz= 0.0 P=0 :    3.07823 (c= 0.1753+0.0078i)
   E0+E1-E1E0E0 S2= 0.0 Sz= 0.0 P=0 :    2.29378 (c= 0.1513+0.0068i)
   E0E1-E0E1E0+ S2= 0.0 Sz= 0.0 P=0 :     2.2835 (c=-0.1510-0.0067i)
   E0E0E0+E1-E1 S2= 0.0 Sz= 0.0 P=0 :    2.28092 (c=-0.1509-0.0067i)
 Psi  95: E = -2679.7630 au  ΔE=     0.4115 au     11.198 eV    90314.5 cm**-1
   E0E2-E0E0+E0 S2= 0.0 Sz= 0.0 P=0 :    45.3759 (c= 0.5433-0.3982i)
   E0E1E1-E0+E0 S2= 0.0 Sz= 0.0 P=0 :    32.3438 (c=-0.4587+0.3362i)
   E1E0E1-E0+E0 S2= 0.0 Sz= 0.0 P=0 :    10.3843 (c= 0.2599-0.1905i)
   E1-E1E0E0+E0 S2= 0.0 Sz= 0.0 P=0 :    2.33041 (c=-0.1231+0.0902i)
 Psi  96: E = -2679.7626 au  ΔE=     0.4119 au     11.209 eV    90409.7 cm**-1
   E0E0+E0E2-E0 S2= 0.0 Sz= 0.0 P=0 :    60.0109 (c= 0.7745-0.0154i)
   E0E0+E1-E1E0 S2= 0.0 Sz= 0.0 P=0 :    17.0847 (c=-0.4133+0.0082i)
   E0E0+E0E1E1- S2= 0.0 Sz= 0.0 P=0 :    8.40541 (c= 0.2899-0.0058i)
   E0+E0E0E1E1- S2= 0.0 Sz= 0.0 P=0 :    6.66034 (c=-0.2580+0.0051i)
   E0E0+E1-E0E1 S2= 0.0 Sz= 0.0 P=0 :     4.2871 (c= 0.2070-0.0041i)
 Psi  97: E = -2679.7624 au  ΔE=     0.4121 au     11.213 eV    90441.0 cm**-1
   E0E1E0E1-E0+ S2= 0.0 Sz= 0.0 P=0 :    34.1528 (c= 0.4921+0.3152i)
   E1E0E0E1-E0+ S2= 0.0 Sz= 0.0 P=0 :    30.1767 (c=-0.4626-0.2963i)
   E0E0E2-E0E0+ S2= 0.0 Sz= 0.0 P=0 :     23.628 (c=-0.4093-0.2622i)
   E0E0E1E1-E0+ S2= 0.0 Sz= 0.0 P=0 :    5.17998 (c=-0.1916-0.1228i)
   E0E1-E1E0E0+ S2= 0.0 Sz= 0.0 P=0 :    2.00039 (c= 0.1191+0.0763i)
 Psi  98: E = -2679.7622 au  ΔE=     0.4123 au     11.219 eV    90484.7 cm**-1
   E0+E1-E0E1E0 S2= 0.0 Sz= 0.0 P=0 :    40.1654 (c=-0.6337+0.0117i)
   E0+E1-E0E0E1 S2= 0.0 Sz= 0.0 P=0 :    29.3165 (c= 0.5414-0.0100i)
   E0+E1-E1E0E0 S2= 0.0 Sz= 0.0 P=0 :    13.4782 (c= 0.3671-0.0068i)
   E0+E0E2-E0E0 S2= 0.0 Sz= 0.0 P=0 :    8.98872 (c= 0.2998-0.0055i)
   E0+E0E1E0E1- S2= 0.0 Sz= 0.0 P=0 :    2.54035 (c=-0.1594+0.0029i)
   E0+E0E1E1-E0 S2= 0.0 Sz= 0.0 P=0 :    2.41858 (c= 0.1555-0.0029i)
 Psi  99: E = -2679.7608 au  ΔE=     0.4137 au     11.258 eV    90800.2 cm**-1
   E0+E0E0E1E1- S2= 0.0 Sz= 0.0 P=0 :    41.2881 (c=-0.3975-0.5048i)
   E0+E0E2-E0E0 S2= 0.0 Sz= 0.0 P=0 :    16.3187 (c= 0.2499+0.3174i)
   E0+E0E1E0E1- S2= 0.0 Sz= 0.0 P=0 :    16.1999 (c=-0.2490-0.3162i)
   E0+E1-E1E0E0 S2= 0.0 Sz= 0.0 P=0 :    7.14743 (c=-0.1654-0.2100i)
   E0E0+E0E1E1- S2= 0.0 Sz= 0.0 P=0 :    6.25776 (c=-0.1548-0.1965i)
   E0+E0E0E2-E0 S2= 0.0 Sz= 0.0 P=0 :    4.05492 (c= 0.1246+0.1582i)
   E0+E1-E0E1E0 S2= 0.0 Sz= 0.0 P=0 :    2.81843 (c= 0.1039+0.1319i)
 Psi 100: E = -2679.7607 au  ΔE=     0.4138 au     11.259 eV    90813.1 cm**-1
   E0E0E2-E0E0+ S2= 0.0 Sz= 0.0 P=0 :    43.1801 (c=-0.4907-0.4370i)
   E0E0E1E1-E0+ S2= 0.0 Sz= 0.0 P=0 :    24.8425 (c= 0.3722+0.3315i)
   E1-E0E1E0E0+ S2= 0.0 Sz= 0.0 P=0 :    12.2907 (c=-0.2618-0.2331i)
   E0E1E0E1-E0+ S2= 0.0 Sz= 0.0 P=0 :    9.23879 (c=-0.2270-0.2021i)
   E1E0E0E1-E0+ S2= 0.0 Sz= 0.0 P=0 :    2.14131 (c= 0.1093+0.0973i)
 Psi 101: E = -2679.7605 au  ΔE=     0.4140 au     11.266 eV    90862.9 cm**-1
   E0+E0E0E1E1- S2= 0.0 Sz= 0.0 P=0 :    24.6661 (c=-0.4862-0.1012i)
   E0+E1E0E0E1- S2= 0.0 Sz= 0.0 P=0 :    22.5354 (c= 0.4648+0.0967i)
   E0+E0E1E0E1- S2= 0.0 Sz= 0.0 P=0 :    17.0449 (c= 0.4042+0.0841i)
   E0+E0E2-E0E0 S2= 0.0 Sz= 0.0 P=0 :    14.6142 (c=-0.3743-0.0779i)
   E0+E1-E1E0E0 S2= 0.0 Sz= 0.0 P=0 :    4.01981 (c= 0.1963+0.0408i)
   E0E0E1+E0E1- S2= 0.0 Sz= 0.0 P=0 :    3.34563 (c= 0.1791+0.0373i)
   E0E0+E0E1E1- S2= 0.0 Sz= 0.0 P=0 :    2.84546 (c=-0.1651-0.0344i)
   E0+E1E0E1-E0 S2= 0.0 Sz= 0.0 P=0 :    2.25854 (c= 0.1471+0.0306i)
   E0+E0E0E2-E0 S2= 0.0 Sz= 0.0 P=0 :    2.23546 (c= 0.1464+0.0305i)
 Psi 102: E = -2679.7602 au  ΔE=     0.4143 au     11.274 eV    90933.9 cm**-1
   E1-E1E0E0E0+ S2= 0.0 Sz= 0.0 P=0 :    72.4793 (c= 0.5609-0.6404i)
   E1-E0E1E0E0+ S2= 0.0 Sz= 0.0 P=0 :    6.89778 (c= 0.1730-0.1976i)
   E1-E1E0E0+E0 S2= 0.0 Sz= 0.0 P=0 :    6.64968 (c= 0.1699-0.1940i)
   E0E0E2-E0E0+ S2= 0.0 Sz= 0.0 P=0 :    4.47212 (c=-0.1393+0.1591i)
   E0E2-E0E0E0+ S2= 0.0 Sz= 0.0 P=0 :     2.1846 (c= 0.0974-0.1112i)
   E0E1-E1E0E0+ S2= 0.0 Sz= 0.0 P=0 :    2.03928 (c= 0.0941-0.1074i)
 Psi 103: E = -2679.7599 au  ΔE=     0.4146 au     11.283 eV    91001.9 cm**-1
   E0+E1E0E0E1- S2= 0.0 Sz= 0.0 P=0 :    57.2187 (c= 0.0950+0.7504i)
   E0+E0E0E1E1- S2= 0.0 Sz= 0.0 P=0 :    12.3672 (c= 0.0442+0.3489i)
   E0+E0E2-E0E0 S2= 0.0 Sz= 0.0 P=0 :    8.80579 (c= 0.0373+0.2944i)
   E0+E1E0E1-E0 S2= 0.0 Sz= 0.0 P=0 :    5.10494 (c= 0.0284+0.2242i)
   E0E1+E0E0E1- S2= 0.0 Sz= 0.0 P=0 :    3.47331 (c= 0.0234+0.1849i)
   E0E1+E0E1-E0 S2= 0.0 Sz= 0.0 P=0 :    2.69242 (c= 0.0206+0.1628i)
   E0+E0E1E1-E0 S2= 0.0 Sz= 0.0 P=0 :    2.33716 (c= 0.0192+0.1517i)
 Psi 104: E = -2679.7595 au  ΔE=     0.4150 au     11.293 eV    91086.9 cm**-1
   E1-E0E0E1E0+ S2= 0.0 Sz= 0.0 P=0 :     55.827 (c=-0.3325+0.6691i)
   E1-E0E1E0E0+ S2= 0.0 Sz= 0.0 P=0 :    12.1529 (c=-0.1551+0.3122i)
   E0E1-E0E1E0+ S2= 0.0 Sz= 0.0 P=0 :    6.85426 (c=-0.1165+0.2345i)
   E1-E1E0E0E0+ S2= 0.0 Sz= 0.0 P=0 :    6.11628 (c= 0.1100-0.2215i)
   E1-E0E1+E0E0 S2= 0.0 Sz= 0.0 P=0 :    4.79007 (c= 0.0974-0.1960i)
   E0E0E2-E0E0+ S2= 0.0 Sz= 0.0 P=0 :    3.44904 (c= 0.0826-0.1663i)
   E0E1-E1E0E0+ S2= 0.0 Sz= 0.0 P=0 :     3.4265 (c=-0.0824+0.1658i)
 Psi 105: E = -2679.7590 au  ΔE=     0.4155 au     11.306 eV    91186.2 cm**-1
   E1-E0E1+E0E0 S2= 0.0 Sz= 0.0 P=0 :    60.4449 (c=-0.7636+0.1460i)
   E1-E0E0E1E0+ S2= 0.0 Sz= 0.0 P=0 :    17.6457 (c=-0.4126+0.0789i)
   E1-E0E1E0E0+ S2= 0.0 Sz= 0.0 P=0 :      7.098 (c= 0.2617-0.0500i)
   E1-E1E0E0E0+ S2= 0.0 Sz= 0.0 P=0 :    3.67705 (c=-0.1883+0.0360i)
   E1-E0+E1E0E0 S2= 0.0 Sz= 0.0 P=0 :    3.44452 (c=-0.1823+0.0349i)
 Psi 106: E = -2679.7588 au  ΔE=     0.4157 au     11.313 eV    91246.0 cm**-1
   E0E0E1+E0E1- S2= 0.0 Sz= 0.0 P=0 :    30.5729 (c=-0.5447-0.0951i)
   E0+E0E1E0E1- S2= 0.0 Sz= 0.0 P=0 :    24.8229 (c=-0.4908-0.0857i)
   E0+E0E2-E0E0 S2= 0.0 Sz= 0.0 P=0 :    20.5835 (c=-0.4469-0.0780i)
   E0+E0E1E1-E0 S2= 0.0 Sz= 0.0 P=0 :    15.7064 (c=-0.3904-0.0682i)
   E0+E1E0E0E1- S2= 0.0 Sz= 0.0 P=0 :    2.01317 (c= 0.1398+0.0244i)
 Psi 107: E = -2679.7581 au  ΔE=     0.4164 au     11.332 eV    91399.0 cm**-1
   E1-E0E1E0E0+ S2= 0.0 Sz= 0.0 P=0 :    43.1774 (c= 0.3298-0.5684i)
   E1-E0E1+E0E0 S2= 0.0 Sz= 0.0 P=0 :    22.9864 (c= 0.2406-0.4147i)
   E1-E0E0E1E0+ S2= 0.0 Sz= 0.0 P=0 :    9.21148 (c=-0.1523+0.2625i)
   E1-E0E1E0+E0 S2= 0.0 Sz= 0.0 P=0 :    7.42625 (c= 0.1368-0.2357i)
   E0E1-E1E0E0+ S2= 0.0 Sz= 0.0 P=0 :    6.70795 (c= 0.1300-0.2240i)
   E1-E1E0E0E0+ S2= 0.0 Sz= 0.0 P=0 :    4.14038 (c=-0.1021+0.1760i)
 Psi 108: E = -2679.7572 au  ΔE=     0.4173 au     11.355 eV    91587.9 cm**-1
   E0E0E1+E0E1- S2= 0.0 Sz= 0.0 P=0 :    49.5507 (c= 0.0538+0.7019i)
   E0+E0E1E0E1- S2= 0.0 Sz= 0.0 P=0 :    25.2929 (c=-0.0384-0.5015i)
   E0E0+E1E0E1- S2= 0.0 Sz= 0.0 P=0 :    13.5395 (c=-0.0281-0.3669i)
   E0+E0E1E1-E0 S2= 0.0 Sz= 0.0 P=0 :    4.95932 (c=-0.0170-0.2220i)
   E0+E0E2-E0E0 S2= 0.0 Sz= 0.0 P=0 :    2.78414 (c=-0.0127-0.1664i)
 Psi 109: E = -2679.7571 au  ΔE=     0.4174 au     11.358 eV    91606.8 cm**-1
   E0E1-E0E1+E0 S2= 0.0 Sz= 0.0 P=0 :    82.6487 (c= 0.8169-0.3990i)
   E0E1-E0E1E0+ S2= 0.0 Sz= 0.0 P=0 :    6.53949 (c= 0.2298-0.1122i)
   E0E1-E0+E1E0 S2= 0.0 Sz= 0.0 P=0 :    4.34223 (c= 0.1872-0.0915i)
   E1-E0E0E1+E0 S2= 0.0 Sz= 0.0 P=0 :    3.87167 (c=-0.1768+0.0864i)
 Psi 110: E = -2679.7560 au  ΔE=     0.4185 au     11.388 eV    91853.2 cm**-1
   E0E1+E0E1-E0 S2= 0.0 Sz= 0.0 P=0 :    75.5071 (c= 0.8468+0.1949i)
   E0+E1E0E1-E0 S2= 0.0 Sz= 0.0 P=0 :    15.7361 (c=-0.3866-0.0890i)
   E0E1+E0E0E1- S2= 0.0 Sz= 0.0 P=0 :    4.25116 (c=-0.2009-0.0462i)
   E0E1E0+E1-E0 S2= 0.0 Sz= 0.0 P=0 :    2.79801 (c= 0.1630+0.0375i)
 Psi 111: E = -2679.7553 au  ΔE=     0.4192 au     11.408 eV    92007.9 cm**-1
   E1+E0E1-E0E0 S2= 0.0 Sz= 0.0 P=0 :    93.0349 (c=-0.6378+0.7236i)
   E1E0+E1-E0E0 S2= 0.0 Sz= 0.0 P=0 :    3.62553 (c=-0.1259+0.1428i)
   E1+E0E0E1-E0 S2= 0.0 Sz= 0.0 P=0 :    2.74632 (c= 0.1096-0.1243i)
 Psi 112: E = -2679.7553 au  ΔE=     0.4192 au     11.408 eV    92013.6 cm**-1
   E0E0E1-E0E1+ S2= 0.0 Sz= 0.0 P=0 :    92.6673 (c= 0.3601+0.8927i)
   E0E0E1-E0+E1 S2= 0.0 Sz= 0.0 P=0 :    3.90494 (c= 0.0739+0.1833i)
   E0E1-E0E0E1+ S2= 0.0 Sz= 0.0 P=0 :    2.75284 (c=-0.0621-0.1539i)
 Psi 113: E = -2679.7525 au  ΔE=     0.4220 au     11.484 eV    92625.9 cm**-1
   E2-E0E0E0+E0 S2= 0.0 Sz= 0.0 P=0 :    87.9355 (c=-0.1189+0.9302i)
   E2-E0E0E0E0+ S2= 0.0 Sz= 0.0 P=0 :    7.68722 (c= 0.0351-0.2750i)
   E2-E0E0+E0E0 S2= 0.0 Sz= 0.0 P=0 :     3.7441 (c=-0.0245+0.1919i)
 Psi 114: E = -2679.7525 au  ΔE=     0.4221 au     11.485 eV    92630.2 cm**-1
   E0E0+E0E0E2- S2= 0.0 Sz= 0.0 P=0 :    87.8923 (c=-0.9301-0.1174i)
   E0+E0E0E0E2- S2= 0.0 Sz= 0.0 P=0 :     7.6899 (c= 0.2751+0.0347i)
   E0E0E0+E0E2- S2= 0.0 Sz= 0.0 P=0 :    3.72967 (c=-0.1916-0.0242i)
 Psi 115: E = -2679.7479 au  ΔE=     0.4267 au     11.610 eV    93640.0 cm**-1
   E0E2-E0E0E0+ S2= 0.0 Sz= 0.0 P=0 :    94.0227 (c= 0.3597+0.9005i)
   E0E2-E0E0+E0 S2= 0.0 Sz= 0.0 P=0 :    2.85225 (c= 0.0627+0.1568i)
   E1-E1E0E0E0+ S2= 0.0 Sz= 0.0 P=0 :    2.16389 (c=-0.0546-0.1366i)
 Psi 116: E = -2679.7472 au  ΔE=     0.4273 au     11.628 eV    93784.9 cm**-1
   E0+E0E0E2-E0 S2= 0.0 Sz= 0.0 P=0 :    89.5326 (c= 0.0939-0.9415i)
   E0+E0E0E1E1- S2= 0.0 Sz= 0.0 P=0 :    6.41115 (c= 0.0251-0.2520i)
   E0E0+E0E2-E0 S2= 0.0 Sz= 0.0 P=0 :     2.7711 (c= 0.0165-0.1656i)
 Psi 117: E = -2679.7450 au  ΔE=     0.4295 au     11.688 eV    94273.0 cm**-1
   E1-E0E0E1+E0 S2= 0.0 Sz= 0.0 P=0 :    92.5179 (c= 0.5437-0.7934i)
   E0E1-E0E1+E0 S2= 0.0 Sz= 0.0 P=0 :     3.3654 (c= 0.1037-0.1513i)
   E1-E0E0E1E0+ S2= 0.0 Sz= 0.0 P=0 :    2.04729 (c= 0.0809-0.1180i)
 Psi 118: E = -2679.7442 au  ΔE=     0.4303 au     11.710 eV    94443.7 cm**-1
   E0E1+E0E0E1- S2= 0.0 Sz= 0.0 P=0 :     86.188 (c=-0.9270-0.0499i)
   E0+E1E0E0E1- S2= 0.0 Sz= 0.0 P=0 :    6.26877 (c= 0.2500+0.0135i)
   E0E1+E0E1-E0 S2= 0.0 Sz= 0.0 P=0 :    3.24476 (c=-0.1799-0.0097i)
 Psi 119: E = -2679.7438 au  ΔE=     0.4307 au     11.721 eV    94535.9 cm**-1
   E0E0+E1-E0+E1- S2= 0.0 Sz= 0.0 P=0 :    92.4277 (c=-0.6513+0.7072i)
 Psi 120: E = -2679.7435 au  ΔE=     0.4311 au     11.730 eV    94607.5 cm**-1
   E1-E0+E1-E0+E0 S2= 0.0 Sz= 0.0 P=0 :    93.0251 (c= 0.0859+0.9607i)
 Psi 121: E = -2679.7422 au  ΔE=     0.4323 au     11.764 eV    94883.7 cm**-1
   E0E1-E0E0E1+ S2= 0.0 Sz= 0.0 P=0 :    71.6604 (c= 0.7646+0.3634i)
   E2-E0E0E0E0+ S2= 0.0 Sz= 0.0 P=0 :    12.1727 (c= 0.3151+0.1498i)
   E1-E0E0E0E1+ S2= 0.0 Sz= 0.0 P=0 :    11.1036 (c=-0.3010-0.1430i)
   E0E0E1-E0E1+ S2= 0.0 Sz= 0.0 P=0 :    2.29958 (c= 0.1370+0.0651i)
 Psi 122: E = -2679.7422 au  ΔE=     0.4323 au     11.765 eV    94887.8 cm**-1
   E1+E0E0E1-E0 S2= 0.0 Sz= 0.0 P=0 :    74.3851 (c= 0.3345-0.7950i)
   E1+E0E0E0E1- S2= 0.0 Sz= 0.0 P=0 :    11.5245 (c=-0.1317+0.3129i)
   E0+E0E0E0E2- S2= 0.0 Sz= 0.0 P=0 :    9.12287 (c= 0.1171-0.2784i)
   E1+E0E1-E0E0 S2= 0.0 Sz= 0.0 P=0 :     2.3823 (c= 0.0599-0.1423i)
 Psi 123: E = -2679.7421 au  ΔE=     0.4324 au     11.766 eV    94900.8 cm**-1
   E2-E0E0E0E0+ S2= 0.0 Sz= 0.0 P=0 :    79.5976 (c=-0.1636-0.8770i)
   E0E1-E0E0E1+ S2= 0.0 Sz= 0.0 P=0 :     11.078 (c= 0.0610+0.3272i)
   E2-E0E0E0+E0 S2= 0.0 Sz= 0.0 P=0 :    6.60492 (c=-0.0471-0.2526i)
 Psi 124: E = -2679.7421 au  ΔE=     0.4324 au     11.767 eV    94904.5 cm**-1
   E0+E0E0E0E2- S2= 0.0 Sz= 0.0 P=0 :    82.5467 (c=-0.8656-0.2762i)
   E1+E0E0E1-E0 S2= 0.0 Sz= 0.0 P=0 :    8.33347 (c= 0.2750+0.0877i)
   E0E0+E0E0E2- S2= 0.0 Sz= 0.0 P=0 :    6.86087 (c=-0.2495-0.0796i)
 Psi 125: E = -2679.7403 au  ΔE=     0.4343 au     11.817 eV    95310.9 cm**-1
   E0+E1-E0+E1-E0 S2= 0.0 Sz= 0.0 P=0 :     94.753 (c= 0.1275+0.9650i)
 Psi 126: E = -2679.7399 au  ΔE=     0.4346 au     11.826 eV    95384.8 cm**-1
   E0E1-E0+E1-E0+ S2= 0.0 Sz= 0.0 P=0 :    93.5577 (c=-0.3449+0.9037i)
 Psi 127: E = -2679.7353 au  ΔE=     0.4393 au     11.953 eV    96405.0 cm**-1
   E1-E0E0E0E1+ S2= 0.0 Sz= 0.0 P=0 :    85.7413 (c= 0.5861+0.7168i)
   E0E1-E0E0E1+ S2= 0.0 Sz= 0.0 P=0 :     12.326 (c= 0.2222+0.2718i)
 Psi 128: E = -2679.7353 au  ΔE=     0.4393 au     11.953 eV    96408.3 cm**-1
   E1+E0E0E0E1- S2= 0.0 Sz= 0.0 P=0 :    85.7586 (c=-0.3596+0.8534i)
   E1+E0E0E1-E0 S2= 0.0 Sz= 0.0 P=0 :    12.3481 (c=-0.1365+0.3238i)
 Psi 129: E = -2679.7322 au  ΔE=     0.4423 au     12.037 eV    97082.9 cm**-1
   E1E0E0+E0E1- S2= 0.0 Sz= 0.0 P=0 :    60.7837 (c=-0.5065+0.5927i)
   E0E1E0+E0E1- S2= 0.0 Sz= 0.0 P=0 :    31.8575 (c=-0.3667+0.4291i)
   E0+E1-E0+E0E1- S2= 0.0 Sz= 0.0 P=0 :    2.83102 (c= 0.1093-0.1279i)
 Psi 130: E = -2679.7321 au  ΔE=     0.4424 au     12.038 eV    97092.8 cm**-1
   E1-E0E0+E0E1 S2= 0.0 Sz= 0.0 P=0 :     61.633 (c= 0.7189+0.3155i)
   E1-E0E0+E1E0 S2= 0.0 Sz= 0.0 P=0 :    31.0608 (c= 0.5104+0.2239i)
   E1-E0E0+E1-E0+ S2= 0.0 Sz= 0.0 P=0 :    2.70651 (c=-0.1506-0.0661i)
 Psi 131: E = -2679.7283 au  ΔE=     0.4462 au     12.141 eV    97923.9 cm**-1
   E0+E0E1-E0E1 S2= 0.0 Sz= 0.0 P=0 :    43.8062 (c= 0.3542+0.5591i)
   E0+E0E1-E1E0 S2= 0.0 Sz= 0.0 P=0 :    30.1138 (c= 0.2937+0.4635i)
   E0E0+E0E1-E1 S2= 0.0 Sz= 0.0 P=0 :    13.3353 (c= 0.1954+0.3085i)
   E0+E0E1-E0+E1- S2= 0.0 Sz= 0.0 P=0 :    3.75543 (c=-0.1037-0.1637i)
   E1E0+E0E1-E0 S2= 0.0 Sz= 0.0 P=0 :    3.01096 (c=-0.0929-0.1466i)
   E0+E0E0E1-E1 S2= 0.0 Sz= 0.0 P=0 :    2.12091 (c=-0.0779-0.1230i)
 Psi 132: E = -2679.7283 au  ΔE=     0.4462 au     12.143 eV    97940.5 cm**-1
   E1E0E1-E0E0+ S2= 0.0 Sz= 0.0 P=0 :     47.876 (c=-0.6744-0.1547i)
   E0E1E1-E0E0+ S2= 0.0 Sz= 0.0 P=0 :    31.2551 (c=-0.5449-0.1250i)
   E1E1-E0E0+E0 S2= 0.0 Sz= 0.0 P=0 :    9.48679 (c=-0.3002-0.0689i)
   E1-E0+E1-E0E0+ S2= 0.0 Sz= 0.0 P=0 :    3.88955 (c= 0.1922+0.0441i)
 Psi 133: E = -2679.7280 au  ΔE=     0.4465 au     12.151 eV    98001.3 cm**-1
   E0E0+E0E1-E1 S2= 0.0 Sz= 0.0 P=0 :    41.9638 (c= 0.6406+0.0965i)
   E1E0+E0E1-E0 S2= 0.0 Sz= 0.0 P=0 :    22.6586 (c=-0.4707-0.0709i)
   E0E1E0+E0E1- S2= 0.0 Sz= 0.0 P=0 :    10.0103 (c= 0.3129+0.0471i)
   E0+E0E1-E0E1 S2= 0.0 Sz= 0.0 P=0 :    8.31654 (c=-0.2852-0.0429i)
   E0+E0E1-E1E0 S2= 0.0 Sz= 0.0 P=0 :    7.95787 (c=-0.2790-0.0420i)
   E1E0E0+E0E1- S2= 0.0 Sz= 0.0 P=0 :    3.55897 (c=-0.1865-0.0281i)
 Psi 134: E = -2679.7279 au  ΔE=     0.4467 au     12.154 eV    98030.7 cm**-1
   E1E1-E0E0+E0 S2= 0.0 Sz= 0.0 P=0 :    39.0427 (c= 0.5118+0.3585i)
   E0E1-E0E0+E1 S2= 0.0 Sz= 0.0 P=0 :    22.7943 (c=-0.3910-0.2739i)
   E1-E0E0+E1E0 S2= 0.0 Sz= 0.0 P=0 :    15.6346 (c= 0.3239+0.2269i)
   E1-E0E0+E0E1 S2= 0.0 Sz= 0.0 P=0 :    5.94298 (c=-0.1997-0.1399i)
   E1E0E1-E0E0+ S2= 0.0 Sz= 0.0 P=0 :    5.47923 (c=-0.1917-0.1343i)
   E0E1E1-E0E0+ S2= 0.0 Sz= 0.0 P=0 :     5.1057 (c=-0.1851-0.1296i)
   E1-E0E0E0+E1 S2= 0.0 Sz= 0.0 P=0 :    2.14091 (c= 0.1198+0.0839i)
 Psi 135: E = -2679.7277 au  ΔE=     0.4468 au     12.158 eV    98059.2 cm**-1
   E0E1E0+E0E1- S2= 0.0 Sz= 0.0 P=0 :    49.0219 (c= 0.3350-0.6148i)
   E1E0E0+E0E1- S2= 0.0 Sz= 0.0 P=0 :    26.7611 (c=-0.2475+0.4543i)
   E0E0+E0E1-E1 S2= 0.0 Sz= 0.0 P=0 :    18.5723 (c=-0.2062+0.3784i)
 Psi 136: E = -2679.7277 au  ΔE=     0.4469 au     12.160 eV    98075.8 cm**-1
   E1-E0E0+E1E0 S2= 0.0 Sz= 0.0 P=0 :     44.207 (c=-0.5693-0.3435i)
   E1E1-E0E0+E0 S2= 0.0 Sz= 0.0 P=0 :    25.3972 (c= 0.4315+0.2604i)
   E1-E0E0+E0E1 S2= 0.0 Sz= 0.0 P=0 :    23.8071 (c= 0.4177+0.2521i)
 Psi 137: E = -2679.7270 au  ΔE=     0.4475 au     12.178 eV    98223.4 cm**-1
   E1E0+E0E1-E0 S2= 0.0 Sz= 0.0 P=0 :    67.7617 (c=-0.5207+0.6376i)
   E0E0+E0E1-E1 S2= 0.0 Sz= 0.0 P=0 :     20.885 (c=-0.2891+0.3540i)
   E1E0E0+E0E1- S2= 0.0 Sz= 0.0 P=0 :    3.17839 (c= 0.1128-0.1381i)
   E0E1E0+E0E1- S2= 0.0 Sz= 0.0 P=0 :    2.94941 (c=-0.1086+0.1330i)
 Psi 138: E = -2679.7269 au  ΔE=     0.4476 au     12.181 eV    98242.5 cm**-1
   E0E1-E0E0+E1 S2= 0.0 Sz= 0.0 P=0 :    67.9925 (c= 0.7853+0.2516i)
   E1E1-E0E0+E0 S2= 0.0 Sz= 0.0 P=0 :    20.5052 (c= 0.4312+0.1382i)
   E1-E0E0+E0E1 S2= 0.0 Sz= 0.0 P=0 :    3.04462 (c=-0.1662-0.0532i)
   E1-E0E0+E1E0 S2= 0.0 Sz= 0.0 P=0 :    2.85969 (c= 0.1610+0.0516i)
 Psi 139: E = -2679.7259 au  ΔE=     0.4486 au     12.207 eV    98458.1 cm**-1
   E0+E1-E0E0+E1- S2= 0.0 Sz= 0.0 P=0 :    83.2635 (c=-0.8408+0.3545i)
   E1-E0+E0E1-E0+ S2= 0.0 Sz= 0.0 P=0 :    8.57078 (c=-0.2698+0.1137i)
   E0+E1-E0+E0E1- S2= 0.0 Sz= 0.0 P=0 :    2.54285 (c= 0.1469-0.0619i)
 Psi 140: E = -2679.7259 au  ΔE=     0.4486 au     12.208 eV    98463.1 cm**-1
   E1-E0+E0E1-E0+ S2= 0.0 Sz= 0.0 P=0 :    83.4503 (c= 0.8361-0.3679i)
   E0+E1-E0E0+E1- S2= 0.0 Sz= 0.0 P=0 :    8.58122 (c=-0.2681+0.1180i)
   E1-E0E0+E1-E0+ S2= 0.0 Sz= 0.0 P=0 :    2.43596 (c=-0.1429+0.0629i)
 Psi 141: E = -2679.7243 au  ΔE=     0.4502 au     12.252 eV    98815.0 cm**-1
   E0+E0E1-E1E0 S2= 0.0 Sz= 0.0 P=0 :    56.3077 (c= 0.7194+0.2133i)
   E0+E0E1-E0E1 S2= 0.0 Sz= 0.0 P=0 :    40.6964 (c=-0.6116-0.1814i)
 Psi 142: E = -2679.7242 au  ΔE=     0.4503 au     12.254 eV    98836.6 cm**-1
   E0E1E1-E0E0+ S2= 0.0 Sz= 0.0 P=0 :    57.5453 (c=-0.0860+0.7537i)
   E1E0E1-E0E0+ S2= 0.0 Sz= 0.0 P=0 :    39.3221 (c= 0.0711-0.6230i)
 Psi 143: E = -2679.7155 au  ΔE=     0.4590 au     12.491 eV   100746.9 cm**-1
   E1-E0+E0E0+E1- S2= 0.0 Sz= 0.0 P=0 :    98.4887 (c=-0.7731-0.6223i)
 Psi 144: E = -2679.7140 au  ΔE=     0.4605 au     12.531 eV   101068.0 cm**-1
   E1E0+E0E0E1- S2= 0.0 Sz= 0.0 P=0 :    91.8195 (c= 0.7745+0.5643i)
   E1E0+E0E1-E0 S2= 0.0 Sz= 0.0 P=0 :    3.07316 (c= 0.1417+0.1032i)
   E1E0E0+E0E1- S2= 0.0 Sz= 0.0 P=0 :    2.60311 (c= 0.1304+0.0950i)
 Psi 145: E = -2679.7140 au  ΔE=     0.4606 au     12.532 eV   101081.3 cm**-1
   E1-E0E0E0+E1 S2= 0.0 Sz= 0.0 P=0 :    91.2891 (c= 0.8244-0.4830i)
   E0E1-E0E0+E1 S2= 0.0 Sz= 0.0 P=0 :    3.06659 (c= 0.1511-0.0885i)
   E1-E0E0+E0E1 S2= 0.0 Sz= 0.0 P=0 :    2.46623 (c= 0.1355-0.0794i)
 Psi 146: E = -2679.7109 au  ΔE=     0.4636 au     12.615 eV   101746.9 cm**-1
   E0+E0E0E1-E1 S2= 0.0 Sz= 0.0 P=0 :    48.8167 (c= 0.6092-0.3422i)
   E0+E0E1-E0+E1- S2= 0.0 Sz= 0.0 P=0 :    31.7501 (c=-0.4913+0.2759i)
   E0+E1-E0+E0E1- S2= 0.0 Sz= 0.0 P=0 :    15.4946 (c= 0.3432-0.1928i)
 Psi 147: E = -2679.7109 au  ΔE=     0.4636 au     12.616 eV   101754.1 cm**-1
   E1E1-E0E0E0+ S2= 0.0 Sz= 0.0 P=0 :    50.5107 (c=-0.6932+0.1569i)
   E1-E0+E1-E0E0+ S2= 0.0 Sz= 0.0 P=0 :    31.7676 (c= 0.5497-0.1244i)
   E1-E0E0+E1-E0+ S2= 0.0 Sz= 0.0 P=0 :    13.6048 (c=-0.3598+0.0814i)
 Psi 148: E = -2679.7104 au  ΔE=     0.4641 au     12.629 eV   101855.7 cm**-1
   E0+E1-E0+E0E1- S2= 0.0 Sz= 0.0 P=0 :    48.7622 (c=-0.2520-0.6512i)
   E0+E0E0E1-E1 S2= 0.0 Sz= 0.0 P=0 :    36.9767 (c= 0.2195+0.5671i)
   E0+E0E1-E0+E1- S2= 0.0 Sz= 0.0 P=0 :    7.41638 (c= 0.0983+0.2540i)
 Psi 149: E = -2679.7103 au  ΔE=     0.4643 au     12.633 eV   101891.5 cm**-1
   E1-E0E0+E1-E0+ S2= 0.0 Sz= 0.0 P=0 :    49.5169 (c= 0.3649-0.6017i)
   E1E1-E0E0E0+ S2= 0.0 Sz= 0.0 P=0 :    34.9014 (c=-0.3064+0.5051i)
   E1-E0+E1-E0E0+ S2= 0.0 Sz= 0.0 P=0 :    8.28895 (c=-0.1493+0.2462i)
 Psi 150: E = -2679.7096 au  ΔE=     0.4649 au     12.651 eV   102036.3 cm**-1
   E0+E0E1-E0+E1- S2= 0.0 Sz= 0.0 P=0 :    53.8526 (c=-0.7329+0.0374i)
   E0+E1-E0+E0E1- S2= 0.0 Sz= 0.0 P=0 :    27.9656 (c=-0.5281+0.0270i)
   E0+E0E0E1-E1 S2= 0.0 Sz= 0.0 P=0 :    8.19239 (c=-0.2859+0.0146i)
   E0+E1-E0E0+E1- S2= 0.0 Sz= 0.0 P=0 :     4.3095 (c=-0.2073+0.0106i)
   E0+E0E1-E0E1 S2= 0.0 Sz= 0.0 P=0 :    2.62259 (c=-0.1617+0.0083i)
 Psi 151: E = -2679.7093 au  ΔE=     0.4652 au     12.659 eV   102099.4 cm**-1
   E1-E0+E1-E0E0+ S2= 0.0 Sz= 0.0 P=0 :    52.7404 (c= 0.4759+0.5486i)
   E1-E0E0+E1-E0+ S2= 0.0 Sz= 0.0 P=0 :    28.4095 (c= 0.3493+0.4026i)
   E1E1-E0E0E0+ S2= 0.0 Sz= 0.0 P=0 :    8.46672 (c= 0.1907+0.2198i)
   E1-E0+E0E1-E0+ S2= 0.0 Sz= 0.0 P=0 :    4.13674 (c= 0.1333+0.1536i)
   E1E0E1-E0E0+ S2= 0.0 Sz= 0.0 P=0 :    2.51076 (c= 0.1038+0.1197i)
 Psi 152: E = -2679.7079 au  ΔE=     0.4666 au     12.697 eV   102410.4 cm**-1
   E0+E1-E0E1-E0+ S2= 0.0 Sz= 0.0 P=0 :    98.5634 (c=-0.0319-0.9923i)
 Psi 153: E = -2679.6963 au  ΔE=     0.4782 au     13.013 eV   104958.5 cm**-1
   E1-E0+E0+E1-E0 S2= 0.0 Sz= 0.0 P=0 :    83.3744 (c= 0.1774-0.8957i)
   E0E1-E0+E0+E1- S2= 0.0 Sz= 0.0 P=0 :     15.682 (c=-0.0769+0.3885i)
 Psi 154: E = -2679.6963 au  ΔE=     0.4782 au     13.013 eV   104958.5 cm**-1
   E0E1-E0+E0+E1- S2= 0.0 Sz= 0.0 P=0 :    83.3733 (c=-0.6280+0.6628i)
   E1-E0+E0+E1-E0 S2= 0.0 Sz= 0.0 P=0 :     15.681 (c=-0.2724+0.2874i)
 Psi 155: E = -2679.6930 au  ΔE=     0.4816 au     13.104 eV   105691.7 cm**-1
   E0E0+E1-E1-E0+ S2= 0.0 Sz= 0.0 P=0 :    59.1857 (c= 0.0086-0.7693i)
   E0+E1-E1-E0+E0 S2= 0.0 Sz= 0.0 P=0 :    39.8075 (c= 0.0070-0.6309i)
 Psi 156: E = -2679.6930 au  ΔE=     0.4816 au     13.104 eV   105691.7 cm**-1
   E0+E1-E1-E0+E0 S2= 0.0 Sz= 0.0 P=0 :    59.1873 (c=-0.5987-0.4831i)
   E0E0+E1-E1-E0+ S2= 0.0 Sz= 0.0 P=0 :    39.8091 (c= 0.4910+0.3962i)
 Psi 157: E = -2679.6530 au  ΔE=     0.5215 au     14.192 eV   114464.6 cm**-1
   E1-E0+E0+E0E1- S2= 0.0 Sz= 0.0 P=0 :    49.7126 (c=-0.5217-0.4743i)
   E1-E0E0+E0+E1- S2= 0.0 Sz= 0.0 P=0 :    49.7031 (c= 0.5216+0.4743i)
 Psi 158: E = -2679.6528 au  ΔE=     0.5217 au     14.197 eV   114508.4 cm**-1
   E1-E0E0+E0+E1- S2= 0.0 Sz= 0.0 P=0 :    49.4944 (c= 0.6558+0.2546i)
   E1-E0+E0+E0E1- S2= 0.0 Sz= 0.0 P=0 :    49.4849 (c= 0.6558+0.2546i)
 Psi 159: E = -2679.6458 au  ΔE=     0.5288 au     14.388 eV   116049.7 cm**-1
   E0+E0E1-E1-E0+ S2= 0.0 Sz= 0.0 P=0 :    49.6876 (c=-0.6103+0.3528i)
   E0+E1-E1-E0E0+ S2= 0.0 Sz= 0.0 P=0 :    49.6662 (c= 0.6101-0.3527i)
 Psi 160: E = -2679.6456 au  ΔE=     0.5289 au     14.392 eV   116078.6 cm**-1
   E0+E1-E1-E0E0+ S2= 0.0 Sz= 0.0 P=0 :     49.532 (c= 0.5980-0.3711i)
   E0+E0E1-E1-E0+ S2= 0.0 Sz= 0.0 P=0 :    49.5106 (c= 0.5979-0.3710i)
 Psi 161: E = -2679.6387 au  ΔE=     0.5358 au     14.580 eV   117595.6 cm**-1
   E0E0+E2--E0+E0 S2= 0.0 Sz= 0.0 P=0 :    99.4984 (c=-0.9045-0.4205i)
 Psi 162: E = -2679.6371 au  ΔE=     0.5375 au     14.625 eV   117961.1 cm**-1
   E0+E2--E0+E0E0 S2= 0.0 Sz= 0.0 P=0 :    52.7153 (c= 0.6952-0.2094i)
   E0E0E0+E2--E0+ S2= 0.0 Sz= 0.0 P=0 :    46.9648 (c= 0.6562-0.1976i)
 Psi 163: E = -2679.6371 au  ΔE=     0.5375 au     14.625 eV   117961.1 cm**-1
   E0E0E0+E2--E0+ S2= 0.0 Sz= 0.0 P=0 :    52.7169 (c= 0.7015+0.1874i)
   E0+E2--E0+E0E0 S2= 0.0 Sz= 0.0 P=0 :    46.9663 (c=-0.6621-0.1769i)
 Psi 164: E = -2679.6338 au  ΔE=     0.5407 au     14.713 eV   118665.7 cm**-1
   E0E0E1-E0++E1- S2= 0.0 Sz= 0.0 P=0 :    57.7398 (c= 0.6635+0.3703i)
   E1-E0++E1-E0E0 S2= 0.0 Sz= 0.0 P=0 :    42.0246 (c=-0.5661-0.3160i)
 Psi 165: E = -2679.6338 au  ΔE=     0.5407 au     14.713 eV   118665.8 cm**-1
   E1-E0++E1-E0E0 S2= 0.0 Sz= 0.0 P=0 :    57.7385 (c=-0.1755+0.7393i)
   E0E0E1-E0++E1- S2= 0.0 Sz= 0.0 P=0 :    42.0233 (c=-0.1497+0.6307i)
 Psi 166: E = -2679.6325 au  ΔE=     0.5420 au     14.749 eV   118957.6 cm**-1
   E0E1-E0++E1-E0 S2= 0.0 Sz= 0.0 P=0 :    99.6101 (c=-0.7672+0.6384i)
 Psi 167: E = -2679.6080 au  ΔE=     0.5665 au     15.415 eV   124332.0 cm**-1
   E1-E1-E0+E0E0+ S2= 0.0 Sz= 0.0 P=0 :    96.2489 (c= 0.9801-0.0427i)
   E1-E1-E0+E0+E0 S2= 0.0 Sz= 0.0 P=0 :    3.16662 (c=-0.1778+0.0077i)
 Psi 168: E = -2679.6079 au  ΔE=     0.5666 au     15.417 eV   124348.1 cm**-1
   E0+E0E0+E1-E1- S2= 0.0 Sz= 0.0 P=0 :    96.3967 (c= 0.9547-0.2293i)
   E0E0+E0+E1-E1- S2= 0.0 Sz= 0.0 P=0 :    3.17628 (c=-0.1733+0.0416i)
 Psi 169: E = -2679.6069 au  ΔE=     0.5676 au     15.445 eV   124573.6 cm**-1
   E1-E0E1-E0+E0+ S2= 0.0 Sz= 0.0 P=0 :    97.7763 (c=-0.7432+0.6522i)
 Psi 170: E = -2679.6069 au  ΔE=     0.5677 au     15.447 eV   124588.4 cm**-1
   E0+E0+E1-E0E1- S2= 0.0 Sz= 0.0 P=0 :    97.9263 (c= 0.7870+0.5999i)
 Psi 171: E = -2679.5921 au  ΔE=     0.5825 au     15.850 eV   127836.6 cm**-1
   E1-E1-E0+E0+E0 S2= 0.0 Sz= 0.0 P=0 :     96.203 (c= 0.8365+0.5122i)
   E1-E1-E0+E0E0+ S2= 0.0 Sz= 0.0 P=0 :    3.18025 (c= 0.1521+0.0931i)
 Psi 172: E = -2679.5920 au  ΔE=     0.5825 au     15.851 eV   127850.3 cm**-1
   E0E0+E0+E1-E1- S2= 0.0 Sz= 0.0 P=0 :    96.1643 (c=-0.9710-0.1372i)
   E0+E0E0+E1-E1- S2= 0.0 Sz= 0.0 P=0 :    3.18237 (c=-0.1766-0.0250i)
 Psi 173: E = -2679.5881 au  ΔE=     0.5864 au     15.956 eV   128694.6 cm**-1
   E0E1-E1-E0+E0+ S2= 0.0 Sz= 0.0 P=0 :    97.7346 (c=-0.1401-0.9786i)
 Psi 174: E = -2679.5881 au  ΔE=     0.5864 au     15.958 eV   128708.3 cm**-1
   E0+E0+E1-E1-E0 S2= 0.0 Sz= 0.0 P=0 :    97.6977 (c= 0.8174+0.5557i)
 Psi 175: E = -2679.5747 au  ΔE=     0.5998 au     16.321 eV   131636.1 cm**-1
   E0E0+E0E2--E0+ S2= 0.0 Sz= 0.0 P=0 :    50.9614 (c= 0.2636+0.6634i)
   E0+E2--E0E0+E0 S2= 0.0 Sz= 0.0 P=0 :    46.9432 (c=-0.2531-0.6367i)
 Psi 176: E = -2679.5747 au  ΔE=     0.5998 au     16.321 eV   131636.1 cm**-1
   E0+E2--E0E0+E0 S2= 0.0 Sz= 0.0 P=0 :    50.9779 (c=-0.7065-0.1028i)
   E0E0+E0E2--E0+ S2= 0.0 Sz= 0.0 P=0 :    46.9598 (c=-0.6781-0.0987i)
 Psi 177: E = -2679.5742 au  ΔE=     0.6003 au     16.334 eV   131745.9 cm**-1
   E0+E0E2--E0+E0 S2= 0.0 Sz= 0.0 P=0 :    49.8409 (c= 0.5178+0.4799i)
   E0E0+E2--E0E0+ S2= 0.0 Sz= 0.0 P=0 :    49.7143 (c=-0.5171-0.4793i)
 Psi 178: E = -2679.5742 au  ΔE=     0.6003 au     16.335 eV   131751.1 cm**-1
   E0E0+E2--E0E0+ S2= 0.0 Sz= 0.0 P=0 :    49.5069 (c=-0.3598-0.6047i)
   E0+E0E2--E0+E0 S2= 0.0 Sz= 0.0 P=0 :    49.3803 (c=-0.3594-0.6039i)
 Psi 179: E = -2679.5718 au  ΔE=     0.6027 au     16.400 eV   132275.7 cm**-1
   E0E1-E0++E0E1- S2= 0.0 Sz= 0.0 P=0 :    45.1894 (c=-0.1259-0.6603i)
   E1-E0E0++E1-E0 S2= 0.0 Sz= 0.0 P=0 :     45.016 (c= 0.1257+0.6591i)
   E0E1-E0E0++E1- S2= 0.0 Sz= 0.0 P=0 :     4.8066 (c= 0.0411+0.2154i)
   E1-E0++E0E1-E0 S2= 0.0 Sz= 0.0 P=0 :    4.78773 (c=-0.0410-0.2149i)
 Psi 180: E = -2679.5718 au  ΔE=     0.6027 au     16.401 eV   132279.3 cm**-1
   E1-E0E0++E1-E0 S2= 0.0 Sz= 0.0 P=0 :    43.3843 (c= 0.5438-0.3716i)
   E0E1-E0++E0E1- S2= 0.0 Sz= 0.0 P=0 :    43.2171 (c= 0.5428-0.3709i)
   E1-E0++E0E1-E0 S2= 0.0 Sz= 0.0 P=0 :    6.36065 (c=-0.2082+0.1423i)
   E0E1-E0E0++E1- S2= 0.0 Sz= 0.0 P=0 :    6.33551 (c=-0.2078+0.1420i)
 Psi 181: E = -2679.5717 au  ΔE=     0.6028 au     16.403 eV   132302.9 cm**-1
   E0E1-E0E0++E1- S2= 0.0 Sz= 0.0 P=0 :    44.4492 (c=-0.4979+0.4433i)
   E1-E0++E0E1-E0 S2= 0.0 Sz= 0.0 P=0 :    44.3159 (c= 0.4972-0.4427i)
   E0E1-E0++E0E1- S2= 0.0 Sz= 0.0 P=0 :    4.87287 (c=-0.1649+0.1468i)
   E1-E0E0++E1-E0 S2= 0.0 Sz= 0.0 P=0 :    4.85962 (c= 0.1646-0.1466i)
 Psi 182: E = -2679.5717 au  ΔE=     0.6028 au     16.404 eV   132303.4 cm**-1
   E1-E0++E0E1-E0 S2= 0.0 Sz= 0.0 P=0 :    42.8952 (c= 0.3374-0.5613i)
   E0E1-E0E0++E1- S2= 0.0 Sz= 0.0 P=0 :    42.7681 (c= 0.3369-0.5605i)
   E1-E0E0++E1-E0 S2= 0.0 Sz= 0.0 P=0 :    6.41736 (c= 0.1305-0.2171i)
   E0E1-E0++E0E1- S2= 0.0 Sz= 0.0 P=0 :     6.3979 (c= 0.1303-0.2168i)
 Psi 183: E = -2679.5520 au  ΔE=     0.6225 au     16.939 eV   136622.5 cm**-1
   E1-E0++E0E0E1- S2= 0.0 Sz= 0.0 P=0 :    78.4057 (c= 0.4313+0.7734i)
   E1-E0E0E0++E1- S2= 0.0 Sz= 0.0 P=0 :    20.0829 (c= 0.2183+0.3914i)
 Psi 184: E = -2679.5520 au  ΔE=     0.6225 au     16.939 eV   136622.6 cm**-1
   E1-E0E0E0++E1- S2= 0.0 Sz= 0.0 P=0 :    78.4058 (c= 0.0456+0.8843i)
   E1-E0++E0E0E1- S2= 0.0 Sz= 0.0 P=0 :    20.0829 (c=-0.0231-0.4475i)
 Psi 185: E = -2679.5512 au  ΔE=     0.6233 au     16.962 eV   136809.4 cm**-1
   E0+E0E0E2--E0+ S2= 0.0 Sz= 0.0 P=0 :     82.495 (c= 0.8715-0.2557i)
   E0+E2--E0E0E0+ S2= 0.0 Sz= 0.0 P=0 :    15.9811 (c= 0.3836-0.1125i)
 Psi 186: E = -2679.5512 au  ΔE=     0.6233 au     16.962 eV   136809.4 cm**-1
   E0+E2--E0E0E0+ S2= 0.0 Sz= 0.0 P=0 :     82.495 (c= 0.3446+0.8403i)
   E0+E0E0E2--E0+ S2= 0.0 Sz= 0.0 P=0 :    15.9811 (c=-0.1517-0.3699i)
 Psi 187: E = -2679.5401 au  ΔE=     0.6344 au     17.263 eV   139238.7 cm**-1
   E2--E0+E0E0+E0 S2= 0.0 Sz= 0.0 P=0 :    70.5088 (c= 0.6228-0.5632i)
   E2--E0+E0E0E0+ S2= 0.0 Sz= 0.0 P=0 :    25.6448 (c=-0.3756+0.3397i)
   E2--E0+E0+E0E0 S2= 0.0 Sz= 0.0 P=0 :    3.73336 (c=-0.1433+0.1296i)
 Psi 188: E = -2679.5401 au  ΔE=     0.6345 au     17.264 eV   139247.2 cm**-1
   E0E0+E0E0+E2-- S2= 0.0 Sz= 0.0 P=0 :    70.5021 (c=-0.1285+0.8298i)
   E0+E0E0E0+E2-- S2= 0.0 Sz= 0.0 P=0 :    25.6322 (c= 0.0775-0.5003i)
   E0E0E0+E0+E2-- S2= 0.0 Sz= 0.0 P=0 :    3.73534 (c= 0.0296-0.1910i)
 Psi 189: E = -2679.5339 au  ΔE=     0.6406 au     17.432 eV   140599.6 cm**-1
   E2--E0+E0E0E0+ S2= 0.0 Sz= 0.0 P=0 :    73.3314 (c=-0.6419-0.5668i)
   E2--E0+E0E0+E0 S2= 0.0 Sz= 0.0 P=0 :    21.7076 (c=-0.3493-0.3084i)
   E2--E0+E0+E0E0 S2= 0.0 Sz= 0.0 P=0 :    4.81914 (c= 0.1646+0.1453i)
 Psi 190: E = -2679.5339 au  ΔE=     0.6407 au     17.433 eV   140608.2 cm**-1
   E0+E0E0E0+E2-- S2= 0.0 Sz= 0.0 P=0 :    73.3249 (c= 0.1995+0.8327i)
   E0E0+E0E0+E2-- S2= 0.0 Sz= 0.0 P=0 :    21.6932 (c= 0.1085+0.4529i)
   E0E0E0+E0+E2-- S2= 0.0 Sz= 0.0 P=0 :     4.8227 (c=-0.0512-0.2136i)
 Psi 191: E = -2679.5329 au  ΔE=     0.6416 au     17.458 eV   140810.1 cm**-1
   E0E2--E0+E0E0+ S2= 0.0 Sz= 0.0 P=0 :    90.6559 (c= 0.5046+0.8074i)
   E0E2--E0+E0+E0 S2= 0.0 Sz= 0.0 P=0 :    9.01643 (c=-0.1591-0.2546i)
 Psi 192: E = -2679.5329 au  ΔE=     0.6416 au     17.459 eV   140818.5 cm**-1
   E0+E0E0+E2--E0 S2= 0.0 Sz= 0.0 P=0 :    90.6351 (c=-0.3923+0.8675i)
   E0E0+E0+E2--E0 S2= 0.0 Sz= 0.0 P=0 :     9.0209 (c= 0.1238-0.2737i)
 Psi 193: E = -2679.5293 au  ΔE=     0.6452 au     17.558 eV   141612.7 cm**-1
   E1-E0E1-E0++E0 S2= 0.0 Sz= 0.0 P=0 :    95.7745 (c=-0.9685-0.1409i)
   E0E1-E1-E0++E0 S2= 0.0 Sz= 0.0 P=0 :    3.89274 (c= 0.1952+0.0284i)
 Psi 194: E = -2679.5292 au  ΔE=     0.6453 au     17.559 eV   141624.0 cm**-1
   E0E0++E1-E0E1- S2= 0.0 Sz= 0.0 P=0 :    95.7514 (c=-0.9080-0.3648i)
   E0E0++E1-E1-E0 S2= 0.0 Sz= 0.0 P=0 :    3.89408 (c= 0.1831+0.0736i)
 Psi 195: E = -2679.5272 au  ΔE=     0.6474 au     17.616 eV   142081.4 cm**-1
   E2--E0+E0+E0E0 S2= 0.0 Sz= 0.0 P=0 :    90.7447 (c= 0.3299+0.8937i)
   E2--E0+E0E0+E0 S2= 0.0 Sz= 0.0 P=0 :    7.69303 (c= 0.0960+0.2602i)
 Psi 196: E = -2679.5271 au  ΔE=     0.6474 au     17.617 eV   142089.2 cm**-1
   E0E0E0+E0+E2-- S2= 0.0 Sz= 0.0 P=0 :    90.7264 (c=-0.8034-0.5117i)
   E0E0+E0E0+E2-- S2= 0.0 Sz= 0.0 P=0 :    7.69712 (c=-0.2340-0.1490i)
 Psi 197: E = -2679.5267 au  ΔE=     0.6479 au     17.629 eV   142186.7 cm**-1
   E1-E0E0E1-E0++ S2= 0.0 Sz= 0.0 P=0 :    59.0493 (c= 0.3891-0.6626i)
   E0E1-E0E1-E0++ S2= 0.0 Sz= 0.0 P=0 :    39.5331 (c=-0.3184+0.5422i)
 Psi 198: E = -2679.5266 au  ΔE=     0.6479 au     17.630 eV   142198.0 cm**-1
   E0++E1-E0E0E1- S2= 0.0 Sz= 0.0 P=0 :    59.0228 (c= 0.7190+0.2706i)
   E0++E1-E0E1-E0 S2= 0.0 Sz= 0.0 P=0 :    39.5363 (c=-0.5885-0.2215i)
 Psi 199: E = -2679.5232 au  ΔE=     0.6513 au     17.724 eV   142950.2 cm**-1
   E0E2--E0+E0+E0 S2= 0.0 Sz= 0.0 P=0 :    89.9492 (c= 0.0672+0.9460i)
   E0E2--E0+E0E0+ S2= 0.0 Sz= 0.0 P=0 :    9.05391 (c= 0.0213+0.3001i)

--------------------------------------------------------------------------------------------------
                     ABSORPTION SPECTRUM VIA TRANSITION ELECTRIC DIPOLE MOMENTS                   
--------------------------------------------------------------------------------------------------
       Transition        Energy     Energy  Wavelength fosc(D2)      D2      |DX|    |DY|    |DZ| 
                          (eV)      (cm-1)    (nm)                 (au**2)   (au)    (au)    (au)  
--------------------------------------------------------------------------------------------------
  Psi   0 -> Psi   1    5.071390   40903.5   244.5   1.750236048  14.08678  0.0000  3.7531  0.0350
  Psi   0 -> Psi   2    5.133149   41401.6   241.5   0.000000006   0.00000  0.0000  0.0002  0.0000
  Psi   0 -> Psi   3    5.194996   41900.4   238.7   0.116647022   0.91650  0.0000  0.9573  0.0001
  Psi   0 -> Psi   4    5.241938   42279.0   236.5   0.000000000   0.00000  0.0000  0.0000  0.0000
  Psi   0 -> Psi   5    5.270838   42512.1   235.2   0.010604800   0.08212  0.0000  0.2866  0.0024
  Psi   0 -> Psi   6    6.411973   51716.0   193.4   0.001881469   0.01198  0.0000  0.0717  0.0827
  Psi   0 -> Psi   7    6.415296   51742.8   193.3   0.002499306   0.01590  0.0000  0.0824  0.0955
  Psi   0 -> Psi   8    6.432849   51884.4   192.7   0.000236910   0.00150  0.0000  0.0249  0.0297
  Psi   0 -> Psi   9    6.441925   51957.6   192.5   0.001243535   0.00788  0.0000  0.0565  0.0684
  Psi   0 -> Psi  10    6.454098   52055.8   192.1   0.000699226   0.00442  0.0000  0.0421  0.0515
  Psi   0 -> Psi  11    6.461103   52112.3   191.9   0.006896075   0.04356  0.0000  0.1312  0.1624
  Psi   0 -> Psi  12    6.508270   52492.7   190.5   0.002022756   0.01269  0.0000  0.0687  0.0893
  Psi   0 -> Psi  13    6.510801   52513.1   190.4   0.003358586   0.02106  0.0000  0.0883  0.1152
  Psi   0 -> Psi  14    7.431110   59935.9   166.8   0.000040303   0.00022  0.0000  0.0041  0.0143
  Psi   0 -> Psi  15    7.433861   59958.1   166.8   0.000030445   0.00017  0.0000  0.0043  0.0122
  Psi   0 -> Psi  16    7.463174   60194.5   166.1   0.000012518   0.00007  0.0000  0.0022  0.0080
  Psi   0 -> Psi  17    7.468012   60233.5   166.0   0.000012337   0.00007  0.0000  0.0027  0.0078
  Psi   0 -> Psi  18    7.542301   60832.7   164.4   0.000017497   0.00009  0.0000  0.0024  0.0094
  Psi   0 -> Psi  19    7.543925   60845.8   164.3   0.000014171   0.00008  0.0000  0.0027  0.0083
  Psi   0 -> Psi  20    7.844443   63269.6   158.1   0.000001837   0.00001  0.0000  0.0005  0.0030
  Psi   0 -> Psi  21    7.844832   63272.8   158.0   0.000001177   0.00001  0.0000  0.0007  0.0024
  Psi   0 -> Psi  22    7.930617   63964.7   156.3   0.000000810   0.00000  0.0000  0.0004  0.0020
  Psi   0 -> Psi  23    7.931888   63974.9   156.3   0.000000537   0.00000  0.0000  0.0004  0.0016
  Psi   0 -> Psi  24    8.000655   64529.6   155.0   0.000003867   0.00002  0.0000  0.0044  0.0000
  Psi   0 -> Psi  25    8.002470   64544.2   154.9   0.000000000   0.00000  0.0000  0.0000  0.0000
  Psi   0 -> Psi  26    8.012395   64624.3   154.7   0.000000000   0.00000  0.0000  0.0000  0.0000
  Psi   0 -> Psi  27    8.019780   64683.8   154.6   0.000128079   0.00065  0.0000  0.0255  0.0000
  Psi   0 -> Psi  28    8.145578   65698.5   152.2   0.000000069   0.00000  0.0000  0.0001  0.0006
  Psi   0 -> Psi  29    8.152430   65753.7   152.1   0.000000124   0.00000  0.0000  0.0001  0.0008
  Psi   0 -> Psi  30    8.583675   69231.9   144.4   0.000000000   0.00000  0.0000  0.0000  0.0000
  Psi   0 -> Psi  31    9.622638   77611.7   128.8   0.000000001   0.00000  0.0000  0.0000  0.0000
  Psi   0 -> Psi  32    9.690007   78155.1   128.0   0.000008463   0.00004  0.0000  0.0060  0.0002
  Psi   0 -> Psi  33    9.739418   78553.6   127.3   0.000000001   0.00000  0.0000  0.0001  0.0000
  Psi   0 -> Psi  34    9.745926   78606.1   127.2   0.000000001   0.00000  0.0000  0.0001  0.0000
  Psi   0 -> Psi  35    9.775151   78841.8   126.8   0.000001825   0.00001  0.0000  0.0028  0.0000
  Psi   0 -> Psi  36    9.793237   78987.7   126.6   0.000000336   0.00000  0.0000  0.0011  0.0004
  Psi   0 -> Psi  37    9.819840   79202.3   126.3   0.000000000   0.00000  0.0000  0.0000  0.0000
  Psi   0 -> Psi  38    9.853258   79471.8   125.8   0.000000005   0.00000  0.0000  0.0001  0.0001
  Psi   0 -> Psi  39    9.880775   79693.8   125.5   0.000000160   0.00000  0.0000  0.0007  0.0003
  Psi   0 -> Psi  40    9.930580   80095.5   124.9   0.000000009   0.00000  0.0000  0.0002  0.0001
  Psi   0 -> Psi  41   10.088787   81371.5   122.9   0.000122689   0.00050  0.0000  0.0201  0.0095
  Psi   0 -> Psi  42   10.089179   81374.7   122.9   0.000005640   0.00002  0.0000  0.0043  0.0021
  Psi   0 -> Psi  43   10.110357   81545.5   122.6   0.000143556   0.00058  0.0000  0.0220  0.0099
  Psi   0 -> Psi  44   10.117254   81601.1   122.5   0.000059578   0.00024  0.0000  0.0141  0.0064
  Psi   0 -> Psi  45   10.131381   81715.0   122.4   0.000000093   0.00000  0.0000  0.0005  0.0003
  Psi   0 -> Psi  46   10.139405   81779.7   122.3   0.000010556   0.00004  0.0000  0.0059  0.0027
  Psi   0 -> Psi  47   10.179774   82105.4   121.8   0.000045136   0.00018  0.0000  0.0124  0.0053
  Psi   0 -> Psi  48   10.190424   82191.2   121.7   0.000041035   0.00016  0.0000  0.0118  0.0051
  Psi   0 -> Psi  49   10.232851   82533.4   121.2   0.000002307   0.00001  0.0000  0.0030  0.0006
  Psi   0 -> Psi  50   10.249454   82667.4   121.0   0.000009232   0.00004  0.0000  0.0058  0.0019
  Psi   0 -> Psi  51   10.272024   82849.4   120.7   0.000012080   0.00005  0.0000  0.0066  0.0021
  Psi   0 -> Psi  52   10.282304   82932.3   120.6   0.000015313   0.00006  0.0000  0.0074  0.0024
  Psi   0 -> Psi  53   10.293543   83023.0   120.4   0.000002086   0.00001  0.0000  0.0027  0.0011
  Psi   0 -> Psi  54   10.301448   83086.7   120.4   0.000009493   0.00004  0.0000  0.0058  0.0020
  Psi   0 -> Psi  55   10.368714   83629.2   119.6   0.000030485   0.00012  0.0000  0.0106  0.0029
  Psi   0 -> Psi  56   10.369025   83631.8   119.6   0.000000381   0.00000  0.0000  0.0012  0.0003
  Psi   0 -> Psi  57   10.637679   85798.6   116.6   0.000001221   0.00000  0.0000  0.0021  0.0003
  Psi   0 -> Psi  58   10.674083   86092.2   116.2   0.000004121   0.00002  0.0000  0.0039  0.0007
  Psi   0 -> Psi  59   10.681194   86149.6   116.1   0.000001844   0.00001  0.0000  0.0026  0.0004
  Psi   0 -> Psi  60   10.715891   86429.4   115.7   0.000003413   0.00001  0.0000  0.0035  0.0007
  Psi   0 -> Psi  61   10.752035   86720.9   115.3   0.000001699   0.00001  0.0000  0.0025  0.0005
  Psi   0 -> Psi  62   10.786745   87000.9   114.9   0.000003115   0.00001  0.0000  0.0034  0.0006
  Psi   0 -> Psi  63   10.955240   88359.9   113.2   0.000002123   0.00001  0.0000  0.0022  0.0017
  Psi   0 -> Psi  64   10.956616   88371.0   113.2   0.000000536   0.00000  0.0000  0.0012  0.0007
  Psi   0 -> Psi  65   10.959935   88397.8   113.1   0.000000045   0.00000  0.0000  0.0004  0.0001
  Psi   0 -> Psi  66   10.981042   88568.0   112.9   0.000000035   0.00000  0.0000  0.0003  0.0003
  Psi   0 -> Psi  67   10.989732   88638.1   112.8   0.000000490   0.00000  0.0000  0.0013  0.0005
  Psi   0 -> Psi  68   11.011096   88810.4   112.6   0.000000377   0.00000  0.0000  0.0010  0.0006
  Psi   0 -> Psi  69   11.028078   88947.4   112.4   0.000000426   0.00000  0.0000  0.0008  0.0010
  Psi   0 -> Psi  70   11.030616   88967.8   112.4   0.000002130   0.00001  0.0000  0.0020  0.0019
  Psi   0 -> Psi  71   11.045368   89086.8   112.3   0.000000813   0.00000  0.0000  0.0011  0.0013
  Psi   0 -> Psi  72   11.048918   89115.5   112.2   0.000002894   0.00001  0.0000  0.0024  0.0022
  Psi   0 -> Psi  73   11.052475   89144.2   112.2   0.000000085   0.00000  0.0000  0.0004  0.0004
  Psi   0 -> Psi  74   11.057703   89186.3   112.1   0.000000948   0.00000  0.0000  0.0017  0.0007
  Psi   0 -> Psi  75   11.060573   89209.5   112.1   0.000000043   0.00000  0.0000  0.0004  0.0002
  Psi   0 -> Psi  76   11.061212   89214.6   112.1   0.000000480   0.00000  0.0000  0.0013  0.0004
  Psi   0 -> Psi  77   11.068948   89277.0   112.0   0.000001223   0.00000  0.0000  0.0009  0.0019
  Psi   0 -> Psi  78   11.071255   89295.6   112.0   0.000000191   0.00000  0.0000  0.0004  0.0007
  Psi   0 -> Psi  79   11.078564   89354.6   111.9   0.000000567   0.00000  0.0000  0.0012  0.0008
  Psi   0 -> Psi  80   11.084332   89401.1   111.9   0.000000143   0.00000  0.0000  0.0006  0.0004
  Psi   0 -> Psi  81   11.094292   89481.4   111.8   0.000000273   0.00000  0.0000  0.0008  0.0006
  Psi   0 -> Psi  82   11.110624   89613.2   111.6   0.000000448   0.00000  0.0000  0.0009  0.0010
  Psi   0 -> Psi  83   11.118341   89675.4   111.5   0.000000715   0.00000  0.0000  0.0010  0.0013
  Psi   0 -> Psi  84   11.121042   89697.2   111.5   0.000000370   0.00000  0.0000  0.0007  0.0010
  Psi   0 -> Psi  85   11.121610   89701.8   111.5   0.000000576   0.00000  0.0000  0.0010  0.0011
  Psi   0 -> Psi  86   11.123046   89713.3   111.5   0.000000673   0.00000  0.0000  0.0010  0.0012
  Psi   0 -> Psi  87   11.132090   89786.3   111.4   0.000000075   0.00000  0.0000  0.0003  0.0005
  Psi   0 -> Psi  88   11.139911   89849.4   111.3   0.000000485   0.00000  0.0000  0.0004  0.0013
  Psi   0 -> Psi  89   11.146104   89899.3   111.2   0.000000144   0.00000  0.0000  0.0003  0.0006
  Psi   0 -> Psi  90   11.153375   89958.0   111.2   0.000000049   0.00000  0.0000  0.0001  0.0004
  Psi   0 -> Psi  91   11.156275   89981.4   111.1   0.000001927   0.00001  0.0000  0.0006  0.0026
  Psi   0 -> Psi  92   11.160752   90017.5   111.1   0.000000637   0.00000  0.0000  0.0006  0.0014
  Psi   0 -> Psi  93   11.163122   90036.6   111.1   0.000000214   0.00000  0.0000  0.0003  0.0008
  Psi   0 -> Psi  94   11.166274   90062.0   111.0   0.000000517   0.00000  0.0000  0.0007  0.0012
  Psi   0 -> Psi  95   11.197574   90314.5   110.7   0.000000466   0.00000  0.0000  0.0002  0.0013
  Psi   0 -> Psi  96   11.209386   90409.7   110.6   0.000000293   0.00000  0.0000  0.0004  0.0010
  Psi   0 -> Psi  97   11.213263   90441.0   110.6   0.000000174   0.00000  0.0000  0.0008  0.0002
  Psi   0 -> Psi  98   11.218682   90484.7   110.5   0.000000220   0.00000  0.0000  0.0007  0.0005
  Psi   0 -> Psi  99   11.257796   90800.2   110.1   0.000000094   0.00000  0.0000  0.0001  0.0006
  Psi   0 -> Psi 100   11.259396   90813.1   110.1   0.000000411   0.00000  0.0000  0.0000  0.0012
  Psi   0 -> Psi 101   11.265571   90862.9   110.1   0.000000152   0.00000  0.0000  0.0001  0.0007
  Psi   0 -> Psi 102   11.274382   90933.9   110.0   0.000000016   0.00000  0.0000  0.0001  0.0002
  Psi   0 -> Psi 103   11.282813   91001.9   109.9   0.000000030   0.00000  0.0000  0.0002  0.0003
  Psi   0 -> Psi 104   11.293342   91086.9   109.8   0.000000001   0.00000  0.0000  0.0000  0.0000
  Psi   0 -> Psi 105   11.305655   91186.2   109.7   0.000000038   0.00000  0.0000  0.0002  0.0003
  Psi   0 -> Psi 106   11.313069   91246.0   109.6   0.000000008   0.00000  0.0000  0.0001  0.0002
  Psi   0 -> Psi 107   11.332040   91399.0   109.4   0.000000063   0.00000  0.0000  0.0002  0.0004
  Psi   0 -> Psi 108   11.355459   91587.9   109.2   0.000000096   0.00000  0.0000  0.0003  0.0005
  Psi   0 -> Psi 109   11.357808   91606.8   109.2   0.000000090   0.00000  0.0000  0.0002  0.0005
  Psi   0 -> Psi 110   11.388356   91853.2   108.9   0.000000065   0.00000  0.0000  0.0002  0.0004
  Psi   0 -> Psi 111   11.407540   92007.9   108.7   0.000000068   0.00000  0.0000  0.0002  0.0005
  Psi   0 -> Psi 112   11.408246   92013.6   108.7   0.000000072   0.00000  0.0000  0.0002  0.0005
  Psi   0 -> Psi 113   11.484152   92625.9   108.0   0.000000004   0.00000  0.0000  0.0001  0.0001
  Psi   0 -> Psi 114   11.484696   92630.2   108.0   0.000000003   0.00000  0.0000  0.0001  0.0001
  Psi   0 -> Psi 115   11.609892   93640.0   106.8   0.000000003   0.00000  0.0000  0.0001  0.0000
  Psi   0 -> Psi 116   11.627860   93784.9   106.6   0.000000002   0.00000  0.0000  0.0001  0.0000
  Psi   0 -> Psi 117   11.688368   94273.0   106.1   0.000000002   0.00000  0.0000  0.0001  0.0000
  Psi   0 -> Psi 118   11.709535   94443.7   105.9   0.000000001   0.00000  0.0000  0.0000  0.0000
  Psi   0 -> Psi 119   11.720962   94535.9   105.8   0.000000056   0.00000  0.0000  0.0004  0.0002
  Psi   0 -> Psi 120   11.729844   94607.5   105.7   0.000000052   0.00000  0.0000  0.0004  0.0002
  Psi   0 -> Psi 121   11.764094   94883.7   105.4   0.000000005   0.00000  0.0000  0.0001  0.0001
  Psi   0 -> Psi 122   11.764594   94887.8   105.4   0.000000001   0.00000  0.0000  0.0001  0.0000
  Psi   0 -> Psi 123   11.766215   94900.8   105.4   0.000000003   0.00000  0.0000  0.0001  0.0001
  Psi   0 -> Psi 124   11.766662   94904.5   105.4   0.000000000   0.00000  0.0000  0.0000  0.0000
  Psi   0 -> Psi 125   11.817058   95310.9   104.9   0.000000037   0.00000  0.0000  0.0003  0.0001
  Psi   0 -> Psi 126   11.826214   95384.8   104.8   0.000000036   0.00000  0.0000  0.0003  0.0001
  Psi   0 -> Psi 127   11.952708   96405.0   103.7   0.000000000   0.00000  0.0000  0.0000  0.0000
  Psi   0 -> Psi 128   11.953120   96408.3   103.7   0.000000000   0.00000  0.0000  0.0000  0.0000
  Psi   0 -> Psi 129   12.036759   97082.9   103.0   0.000000021   0.00000  0.0000  0.0003  0.0001
  Psi   0 -> Psi 130   12.037982   97092.8   103.0   0.000000016   0.00000  0.0000  0.0002  0.0001
  Psi   0 -> Psi 131   12.141023   97923.9   102.1   0.000000032   0.00000  0.0000  0.0003  0.0002
  Psi   0 -> Psi 132   12.143089   97940.5   102.1   0.000000024   0.00000  0.0000  0.0002  0.0002
  Psi   0 -> Psi 133   12.150626   98001.3   102.0   0.000000001   0.00000  0.0000  0.0000  0.0000
  Psi   0 -> Psi 134   12.154265   98030.7   102.0   0.000000001   0.00000  0.0000  0.0000  0.0001
  Psi   0 -> Psi 135   12.157807   98059.2   102.0   0.000000000   0.00000  0.0000  0.0000  0.0000
  Psi   0 -> Psi 136   12.159862   98075.8   102.0   0.000000000   0.00000  0.0000  0.0000  0.0000
  Psi   0 -> Psi 137   12.178154   98223.4   101.8   0.000000025   0.00000  0.0000  0.0002  0.0002
  Psi   0 -> Psi 138   12.180526   98242.5   101.8   0.000000018   0.00000  0.0000  0.0002  0.0002
  Psi   0 -> Psi 139   12.207253   98458.1   101.6   0.000000007   0.00000  0.0000  0.0001  0.0001
  Psi   0 -> Psi 140   12.207873   98463.1   101.6   0.000000027   0.00000  0.0000  0.0003  0.0002
  Psi   0 -> Psi 141   12.251513   98815.0   101.2   0.000000002   0.00000  0.0000  0.0000  0.0001
  Psi   0 -> Psi 142   12.254182   98836.6   101.2   0.000000002   0.00000  0.0000  0.0000  0.0001
  Psi   0 -> Psi 143   12.491029  100746.9    99.3   0.000000000   0.00000  0.0000  0.0000  0.0000
  Psi   0 -> Psi 144   12.530843  101068.0    98.9   0.000000000   0.00000  0.0000  0.0000  0.0000
  Psi   0 -> Psi 145   12.532500  101081.3    98.9   0.000000000   0.00000  0.0000  0.0000  0.0000
  Psi   0 -> Psi 146   12.615018  101746.9    98.3   0.000000000   0.00000  0.0000  0.0000  0.0000
  Psi   0 -> Psi 147   12.615906  101754.1    98.3   0.000000000   0.00000  0.0000  0.0000  0.0000
  Psi   0 -> Psi 148   12.628504  101855.7    98.2   0.000000000   0.00000  0.0000  0.0000  0.0000
  Psi   0 -> Psi 149   12.632940  101891.5    98.1   0.000000000   0.00000  0.0000  0.0000  0.0000
  Psi   0 -> Psi 150   12.650904  102036.3    98.0   0.000000004   0.00000  0.0000  0.0001  0.0000
  Psi   0 -> Psi 151   12.658720  102099.4    97.9   0.000000004   0.00000  0.0000  0.0001  0.0000
  Psi   0 -> Psi 152   12.697286  102410.4    97.6   0.000000000   0.00000  0.0000  0.0000  0.0000
  Psi   0 -> Psi 153   13.013204  104958.5    95.3   0.000000000   0.00000  0.0000  0.0000  0.0000
  Psi   0 -> Psi 154   13.013205  104958.5    95.3   0.000000000   0.00000  0.0000  0.0000  0.0000
  Psi   0 -> Psi 155   13.104113  105691.7    94.6   0.000000000   0.00000  0.0000  0.0000  0.0000
  Psi   0 -> Psi 156   13.104115  105691.7    94.6   0.000000000   0.00000  0.0000  0.0000  0.0000
  Psi   0 -> Psi 157   14.191809  114464.6    87.4   0.000000000   0.00000  0.0000  0.0000  0.0000
  Psi   0 -> Psi 158   14.197238  114508.4    87.3   0.000000000   0.00000  0.0000  0.0000  0.0000
  Psi   0 -> Psi 159   14.388337  116049.7    86.2   0.000000000   0.00000  0.0000  0.0000  0.0000
  Psi   0 -> Psi 160   14.391921  116078.6    86.1   0.000000000   0.00000  0.0000  0.0000  0.0000
  Psi   0 -> Psi 161   14.580013  117595.6    85.0   0.000000000   0.00000  0.0000  0.0000  0.0000
  Psi   0 -> Psi 162   14.625324  117961.1    84.8   0.000000000   0.00000  0.0000  0.0000  0.0000
  Psi   0 -> Psi 163   14.625329  117961.1    84.8   0.000000000   0.00000  0.0000  0.0000  0.0000
  Psi   0 -> Psi 164   14.712688  118665.7    84.3   0.000000000   0.00000  0.0000  0.0000  0.0000
  Psi   0 -> Psi 165   14.712690  118665.8    84.3   0.000000000   0.00000  0.0000  0.0000  0.0000
  Psi   0 -> Psi 166   14.748875  118957.6    84.1   0.000000000   0.00000  0.0000  0.0000  0.0000
  Psi   0 -> Psi 167   15.415210  124332.0    80.4   0.000000000   0.00000  0.0000  0.0000  0.0000
  Psi   0 -> Psi 168   15.417213  124348.1    80.4   0.000000000   0.00000  0.0000  0.0000  0.0000
  Psi   0 -> Psi 169   15.445175  124573.6    80.3   0.000000000   0.00000  0.0000  0.0000  0.0000
  Psi   0 -> Psi 170   15.447008  124588.4    80.3   0.000000000   0.00000  0.0000  0.0000  0.0000
  Psi   0 -> Psi 171   15.849729  127836.6    78.2   0.000000000   0.00000  0.0000  0.0000  0.0000
  Psi   0 -> Psi 172   15.851429  127850.3    78.2   0.000000000   0.00000  0.0000  0.0000  0.0000
  Psi   0 -> Psi 173   15.956111  128694.6    77.7   0.000000000   0.00000  0.0000  0.0000  0.0000
  Psi   0 -> Psi 174   15.957804  128708.3    77.7   0.000000000   0.00000  0.0000  0.0000  0.0000
  Psi   0 -> Psi 175   16.320812  131636.1    76.0   0.000000000   0.00000  0.0000  0.0000  0.0000
  Psi   0 -> Psi 176   16.320814  131636.1    76.0   0.000000000   0.00000  0.0000  0.0000  0.0000
  Psi   0 -> Psi 177   16.334422  131745.9    75.9   0.000000000   0.00000  0.0000  0.0000  0.0000
  Psi   0 -> Psi 178   16.335071  131751.1    75.9   0.000000000   0.00000  0.0000  0.0000  0.0000
  Psi   0 -> Psi 179   16.400107  132275.7    75.6   0.000000000   0.00000  0.0000  0.0000  0.0000
  Psi   0 -> Psi 180   16.400551  132279.3    75.6   0.000000000   0.00000  0.0000  0.0000  0.0000
  Psi   0 -> Psi 181   16.403483  132302.9    75.6   0.000000000   0.00000  0.0000  0.0000  0.0000
  Psi   0 -> Psi 182   16.403540  132303.4    75.6   0.000000000   0.00000  0.0000  0.0000  0.0000
  Psi   0 -> Psi 183   16.939050  136622.5    73.2   0.000000000   0.00000  0.0000  0.0000  0.0000
  Psi   0 -> Psi 184   16.939051  136622.6    73.2   0.000000000   0.00000  0.0000  0.0000  0.0000
  Psi   0 -> Psi 185   16.962211  136809.4    73.1   0.000000000   0.00000  0.0000  0.0000  0.0000
  Psi   0 -> Psi 186   16.962213  136809.4    73.1   0.000000000   0.00000  0.0000  0.0000  0.0000
  Psi   0 -> Psi 187   17.263410  139238.7    71.8   0.000000000   0.00000  0.0000  0.0000  0.0000
  Psi   0 -> Psi 188   17.264465  139247.2    71.8   0.000000000   0.00000  0.0000  0.0000  0.0000
  Psi   0 -> Psi 189   17.432138  140599.6    71.1   0.000000000   0.00000  0.0000  0.0000  0.0000
  Psi   0 -> Psi 190   17.433206  140608.2    71.1   0.000000000   0.00000  0.0000  0.0000  0.0000
  Psi   0 -> Psi 191   17.458247  140810.1    71.0   0.000000000   0.00000  0.0000  0.0000  0.0000
  Psi   0 -> Psi 192   17.459287  140818.5    71.0   0.000000000   0.00000  0.0000  0.0000  0.0000
  Psi   0 -> Psi 193   17.557757  141612.7    70.6   0.000000000   0.00000  0.0000  0.0000  0.0000
  Psi   0 -> Psi 194   17.559147  141624.0    70.6   0.000000000   0.00000  0.0000  0.0000  0.0000
  Psi   0 -> Psi 195   17.615867  142081.4    70.4   0.000000000   0.00000  0.0000  0.0000  0.0000
  Psi   0 -> Psi 196   17.616834  142089.2    70.4   0.000000000   0.00000  0.0000  0.0000  0.0000
  Psi   0 -> Psi 197   17.628920  142186.7    70.3   0.000000000   0.00000  0.0000  0.0000  0.0000
  Psi   0 -> Psi 198   17.630322  142198.0    70.3   0.000000000   0.00000  0.0000  0.0000  0.0000
  Psi   0 -> Psi 199   17.723584  142950.2    70.0   0.000000000   0.00000  0.0000  0.0000  0.0000

       *** SymbolicCI terminated normally ***
Total time:  0 days  0 hours  5 minutes 42 seconds  28 msec
