 $$$$$$\$$\     $$\$$\      $$\$$$$$$$\  $$$$$$\ $$\      $$$$$$\ $$$$$$\
$$  __$$\$$\   $$  $$$\    $$$ $$  __$$\$$  __$$\$$ |     \_$$  _$$  __$$\
$$ /  \__\$$\ $$  /$$$$\  $$$$ $$ |  $$ $$ /  $$ $$ |       $$ | $$ /  \__|
\$$$$$$\  \$$$$  / $$\$$\$$ $$ $$$$$$$\ $$ |  $$ $$ |       $$ | $$ |
 \____$$\  \$$  /  $$ \$$$  $$ $$  __$$\$$ |  $$ $$ |       $$ | $$ |
$$\   $$ |  $$ |   $$ |\$  /$$ $$ |  $$ $$ |  $$ $$ |       $$ | $$ |  $$\
\$$$$$$  |  $$ |   $$ | \_/ $$ $$$$$$$  |$$$$$$  $$$$$$$$\$$$$$$\\$$$$$$  |
 \______/   \__|   \__|     \__\_______/ \______/\________\______|\______/

                               $$$$$$\ $$$$$$\
                              $$  __$$\\_$$  _|
                              $$ /  \__| $$ |
                              $$ |       $$ |
                              $$ |       $$ |
                              $$ |  $$\  $$ |
                              \$$$$$$  $$$$$$\
                               \______/\______|    


           #######################################################
           #                        -***-                        #
           #   Institute of Physical and Theoretical Chemistry   #
           #            Core code : Johannes Greiner             #
           #  Institut für Physikalische und Theoretische Chemie #
           #         Emil-Fischer-Straße 42, Hubland Nord        #
           #                  D-97074 Würzburg                   #
           #                       Germany                       #
           #                                                     #
           #                  All rights reserved                #
           #                        -***-                        #
           #######################################################

                   Program Version 0.2-4-g201315d

Multi-threading enabled. Program will use 40 threads.

--------------
Fragment: anth
--------------

Multiplicity        ...             1   
Charge              ...             0   
Number of Electrons ...            94   
Energy (Hartree)    ...      0.000000   
Number of Atoms     ...            24   
Number of Sites     ...             4   


---------
Aggregate
---------

Number of Sides           ...   12   
Number of Basis Functions ... 1680   
Number of Atoms           ...   72   
Dimension of Hamiltonian  ...   46   

Starting calculation of integrals
Finished calculation of integrals

-------
Timings
-------

Integral                   ...                                 Duration        %   
                           ...                                                     
Non Relativistic Integrals ...   2 hours  9 minutes 19 seconds 871 msec   100.0%   
Overlap                    ...   0 hours  0 minutes  0 seconds 439 msec     0.0%   
Kinetic                    ...   0 hours  0 minutes  2 seconds 314 msec     0.0%   
Nuclear                    ...   0 hours  0 minutes  6 seconds 634 msec     0.1%   
G Core                     ...   0 hours  0 minutes  2 seconds  90 msec     0.0%   
Electron-Electron          ...   2 hours  9 minutes  0 seconds  66 msec    99.7%   
Dipoles                    ...   0 hours  0 minutes  8 seconds 325 msec     0.1%   

Starting processing state names
Finished processing state names
Measured time:   0 hours  0 minutes  0 seconds   0 msec

Starting building Hamiltonian
Finished building Hamiltonian
Measured time:   0 hours  0 minutes  0 seconds   2 msec

Starting writing Hamiltonian to disk
Finished writing Hamiltonian to disk
Measured time:   0 hours  0 minutes  0 seconds   1 msec

Starting diagonalizing Hamiltonian
Finished diagonalizing Hamiltonian
Measured time:   0 hours  0 minutes  0 seconds   0 msec


-----------------------
Adiabatic Wavefunctions
-----------------------

 Psi   0: E = -1608.4480 au  ΔE=     0.0000 au      0.000 eV        0.0 cm**-1 <S**2> =   0.000
   E0E0E0 S2= 0.0 Sz= 0.0 P=0 :    95.6218 (c= 0.9779 0.0000i)
 Psi   1: E = -1608.3010 au  ΔE=     0.1471 au      4.002 eV    32280.9 cm**-1 <S**2> =   0.000
   E0E1E0 S2= 0.0 Sz= 0.0 P=0 :    41.0912 (c= 0.6410 0.0000i)
   E1E0E0 S2= 0.0 Sz= 0.0 P=0 :    13.7226 (c=-0.3704 0.0000i)
   E0E0E1 S2= 0.0 Sz= 0.0 P=0 :    13.7226 (c=-0.3704 0.0000i)
   E1-E0+E0 S2= 0.0 Sz= 0.0 P=0 :    9.72206 (c=-0.3118 0.0000i)
   E0E0+E1- S2= 0.0 Sz= 0.0 P=0 :    9.72205 (c=-0.3118 0.0000i)
   E0E1-E0+ S2= 0.0 Sz= 0.0 P=0 :    5.47437 (c= 0.2340 0.0000i)
   E0+E1-E0 S2= 0.0 Sz= 0.0 P=0 :    5.47437 (c= 0.2340 0.0000i)
 Psi   2: E = -1608.2811 au  ΔE=     0.1669 au      4.542 eV    36630.6 cm**-1 <S**2> =   0.000
   E0E0E1 S2= 0.0 Sz= 0.0 P=0 :    36.6458 (c=-0.6054 0.0000i)
   E1E0E0 S2= 0.0 Sz= 0.0 P=0 :    36.6458 (c= 0.6054 0.0000i)
   E1-E0+E0 S2= 0.0 Sz= 0.0 P=0 :    9.55208 (c= 0.3091 0.0000i)
   E0E0+E1- S2= 0.0 Sz= 0.0 P=0 :    9.55208 (c=-0.3091 0.0000i)
   E0E1-E0+ S2= 0.0 Sz= 0.0 P=0 :    3.72252 (c= 0.1929 0.0000i)
   E0+E1-E0 S2= 0.0 Sz= 0.0 P=0 :    3.72252 (c=-0.1929 0.0000i)
 Psi   3: E = -1608.2578 au  ΔE=     0.1903 au      5.177 eV    41755.6 cm**-1 <S**2> =   0.000
   E1E0E0 S2= 0.0 Sz= 0.0 P=0 :    32.4621 (c=-0.5698 0.0000i)
   E0E0E1 S2= 0.0 Sz= 0.0 P=0 :    32.4621 (c=-0.5698 0.0000i)
   E0E1E0 S2= 0.0 Sz= 0.0 P=0 :    27.4076 (c=-0.5235 0.0000i)
   E1-E0+E0 S2= 0.0 Sz= 0.0 P=0 :    3.30717 (c= 0.1819 0.0000i)
   E0E0+E1- S2= 0.0 Sz= 0.0 P=0 :    3.30716 (c= 0.1819 0.0000i)
 Psi   4: E = -1608.2558 au  ΔE=     0.1923 au      5.232 eV    42198.5 cm**-1 <S**2> =   0.000
   E1-E0+E0 S2= 0.0 Sz= 0.0 P=0 :    31.1254 (c= 0.5579 0.0000i)
   E0E0+E1- S2= 0.0 Sz= 0.0 P=0 :    31.1254 (c=-0.5579 0.0000i)
   E0E1-E0+ S2= 0.0 Sz= 0.0 P=0 :     10.548 (c=-0.3248 0.0000i)
   E0+E1-E0 S2= 0.0 Sz= 0.0 P=0 :     10.548 (c= 0.3248 0.0000i)
   E1-E0E0+ S2= 0.0 Sz= 0.0 P=0 :    4.66358 (c= 0.2160 0.0000i)
   E0+E0E1- S2= 0.0 Sz= 0.0 P=0 :    4.66358 (c=-0.2160 0.0000i)
   E0E0E1 S2= 0.0 Sz= 0.0 P=0 :    3.66297 (c= 0.1914 0.0000i)
   E1E0E0 S2= 0.0 Sz= 0.0 P=0 :    3.66297 (c=-0.1914 0.0000i)
 Psi   5: E = -1608.2470 au  ΔE=     0.2010 au      5.470 eV    44121.9 cm**-1 <S**2> =   0.000
   E0E0+E1- S2= 0.0 Sz= 0.0 P=0 :    29.9703 (c= 0.5475 0.0000i)
   E1-E0+E0 S2= 0.0 Sz= 0.0 P=0 :    29.9703 (c= 0.5475 0.0000i)
   E0E1-E0+ S2= 0.0 Sz= 0.0 P=0 :    13.3734 (c= 0.3657 0.0000i)
   E0+E1-E0 S2= 0.0 Sz= 0.0 P=0 :    13.3733 (c= 0.3657 0.0000i)
   E0E1E0 S2= 0.0 Sz= 0.0 P=0 :    12.0571 (c= 0.3472 0.0000i)
 Psi   6: E = -1608.2338 au  ΔE=     0.2143 au      5.830 eV    47023.2 cm**-1 <S**2> =   0.000
   E0E1-E0+ S2= 0.0 Sz= 0.0 P=0 :    31.1028 (c= 0.5577 0.0000i)
   E0+E1-E0 S2= 0.0 Sz= 0.0 P=0 :    31.1028 (c=-0.5577 0.0000i)
   E0E0E1 S2= 0.0 Sz= 0.0 P=0 :    9.61214 (c= 0.3100 0.0000i)
   E1E0E0 S2= 0.0 Sz= 0.0 P=0 :    9.61213 (c=-0.3100 0.0000i)
   E0E0+E1- S2= 0.0 Sz= 0.0 P=0 :    7.38207 (c=-0.2717 0.0000i)
   E1-E0+E0 S2= 0.0 Sz= 0.0 P=0 :    7.38206 (c= 0.2717 0.0000i)
 Psi   7: E = -1608.2322 au  ΔE=     0.2159 au      5.874 eV    47378.3 cm**-1 <S**2> =   0.000
   E0+E1-E0 S2= 0.0 Sz= 0.0 P=0 :    24.8448 (c= 0.4984 0.0000i)
   E0E1-E0+ S2= 0.0 Sz= 0.0 P=0 :    24.8447 (c= 0.4984 0.0000i)
   E0E1E0 S2= 0.0 Sz= 0.0 P=0 :    17.5512 (c=-0.4189 0.0000i)
   E0+E0E1- S2= 0.0 Sz= 0.0 P=0 :    9.73298 (c=-0.3120 0.0000i)
   E1-E0E0+ S2= 0.0 Sz= 0.0 P=0 :    9.73297 (c=-0.3120 0.0000i)
   E1-E0+E0 S2= 0.0 Sz= 0.0 P=0 :    3.61723 (c=-0.1902 0.0000i)
   E0E0+E1- S2= 0.0 Sz= 0.0 P=0 :    3.61722 (c=-0.1902 0.0000i)
   E1E0E0 S2= 0.0 Sz= 0.0 P=0 :    3.02949 (c= 0.1741 0.0000i)
   E0E0E1 S2= 0.0 Sz= 0.0 P=0 :    3.02948 (c= 0.1741 0.0000i)
 Psi   8: E = -1608.1952 au  ΔE=     0.2528 au      6.880 eV    55491.9 cm**-1 <S**2> =   0.000
   E1-E0E0+ S2= 0.0 Sz= 0.0 P=0 :    43.3539 (c= 0.6584-0.0000i)
   E0+E0E1- S2= 0.0 Sz= 0.0 P=0 :    43.3537 (c=-0.6584-0.0000i)
   E0E1-E0+ S2= 0.0 Sz= 0.0 P=0 :    4.62666 (c= 0.2151-0.0000i)
   E0+E1-E0 S2= 0.0 Sz= 0.0 P=0 :    4.62663 (c=-0.2151-0.0000i)
 Psi   9: E = -1608.1934 au  ΔE=     0.2547 au      6.930 eV    55896.1 cm**-1 <S**2> =   0.000
   E0+E0E1- S2= 0.0 Sz= 0.0 P=0 :    39.3857 (c= 0.6276 0.0000i)
   E1-E0E0+ S2= 0.0 Sz= 0.0 P=0 :    39.3855 (c= 0.6276 0.0000i)
   E0+E1-E0 S2= 0.0 Sz= 0.0 P=0 :    5.86505 (c= 0.2422 0.0000i)
   E0E1-E0+ S2= 0.0 Sz= 0.0 P=0 :    5.86502 (c= 0.2422 0.0000i)
   E0E0+E1- S2= 0.0 Sz= 0.0 P=0 :    3.38327 (c=-0.1839 0.0000i)
   E1-E0+E0 S2= 0.0 Sz= 0.0 P=0 :    3.38326 (c=-0.1839 0.0000i)
 Psi  10: E = -1608.1880 au  ΔE=     0.2600 au      7.076 eV    57072.5 cm**-1 <S**2> =   0.000
   E0E2E0 S2= 0.0 Sz= 0.0 P=0 :     64.086 (c= 0.8005 0.0000i)
   E0E1+E1- S2= 0.0 Sz= 0.0 P=0 :    8.14634 (c=-0.2854 0.0000i)
   E1-E1+E0 S2= 0.0 Sz= 0.0 P=0 :    6.96909 (c=-0.2640 0.0000i)
   E0+E2-E0 S2= 0.0 Sz= 0.0 P=0 :    5.65604 (c=-0.2378 0.0000i)
   E0E2-E0+ S2= 0.0 Sz= 0.0 P=0 :    4.81515 (c=-0.2194 0.0000i)
   E0E1E1 S2= 0.0 Sz= 0.0 P=0 :    2.64922 (c=-0.1628 0.0000i)
   E1E1E0 S2= 0.0 Sz= 0.0 P=0 :    2.57117 (c=-0.1603 0.0000i)
 Psi  11: E = -1608.1793 au  ΔE=     0.2687 au      7.312 eV    58974.6 cm**-1 <S**2> =   0.000
   E0E0E2 S2= 0.0 Sz= 0.0 P=0 :    38.9999 (c= 0.6245 0.0000i)
   E2E0E0 S2= 0.0 Sz= 0.0 P=0 :    38.8287 (c=-0.6231 0.0000i)
   E0E0+E2- S2= 0.0 Sz= 0.0 P=0 :    5.65417 (c=-0.2378 0.0000i)
   E2-E0+E0 S2= 0.0 Sz= 0.0 P=0 :    5.65044 (c= 0.2377 0.0000i)
   E0E1-E1+ S2= 0.0 Sz= 0.0 P=0 :    3.16143 (c=-0.1778 0.0000i)
   E1+E1-E0 S2= 0.0 Sz= 0.0 P=0 :    3.15745 (c= 0.1777 0.0000i)
 Psi  12: E = -1608.1733 au  ΔE=     0.2748 au      7.477 eV    60308.6 cm**-1 <S**2> =   0.000
   E2E0E0 S2= 0.0 Sz= 0.0 P=0 :    35.7245 (c= 0.5977 0.0000i)
   E0E0E2 S2= 0.0 Sz= 0.0 P=0 :    35.5354 (c= 0.5961 0.0000i)
   E0E0+E2- S2= 0.0 Sz= 0.0 P=0 :    6.67783 (c=-0.2584 0.0000i)
   E2-E0+E0 S2= 0.0 Sz= 0.0 P=0 :    6.67243 (c=-0.2583 0.0000i)
   E1+E1-E0 S2= 0.0 Sz= 0.0 P=0 :    3.53288 (c=-0.1880 0.0000i)
   E0E1-E1+ S2= 0.0 Sz= 0.0 P=0 :    3.50109 (c=-0.1871 0.0000i)
   E0E1E1 S2= 0.0 Sz= 0.0 P=0 :      2.211 (c=-0.1487 0.0000i)
   E1E1E0 S2= 0.0 Sz= 0.0 P=0 :    2.20944 (c=-0.1486 0.0000i)
 Psi  13: E = -1608.1341 au  ΔE=     0.3139 au      8.542 eV    68898.5 cm**-1 <S**2> =   0.000
   E1E0E1 S2= 0.0 Sz= 0.0 P=0 :    34.0371 (c=-0.5834 0.0000i)
   E0E2E0 S2= 0.0 Sz= 0.0 P=0 :     10.338 (c= 0.3215 0.0000i)
   E1-E0+E1 S2= 0.0 Sz= 0.0 P=0 :    9.11687 (c=-0.3019 0.0000i)
   E1E0+E1- S2= 0.0 Sz= 0.0 P=0 :    8.39095 (c=-0.2897 0.0000i)
   E0E1E1 S2= 0.0 Sz= 0.0 P=0 :    8.00099 (c= 0.2829 0.0000i)
   E0+E1-E1 S2= 0.0 Sz= 0.0 P=0 :    5.50499 (c= 0.2346 0.0000i)
   E1E1-E0+ S2= 0.0 Sz= 0.0 P=0 :    4.88995 (c= 0.2211 0.0000i)
   E1E1E0 S2= 0.0 Sz= 0.0 P=0 :    4.84489 (c= 0.2201 0.0000i)
   E0+E1E1- S2= 0.0 Sz= 0.0 P=0 :     3.1707 (c=-0.1781 0.0000i)
   E0E0E2 S2= 0.0 Sz= 0.0 P=0 :    2.93051 (c= 0.1712 0.0000i)
   E1-E1E0+ S2= 0.0 Sz= 0.0 P=0 :    2.09171 (c= 0.1446 0.0000i)
 Psi  14: E = -1608.1326 au  ΔE=     0.3154 au      8.583 eV    69224.5 cm**-1 <S**2> =   0.000
   E0E1+E1- S2= 0.0 Sz= 0.0 P=0 :    25.6669 (c= 0.5066 0.0000i)
   E1-E1+E0 S2= 0.0 Sz= 0.0 P=0 :    19.5426 (c=-0.4421 0.0000i)
   E0+E1E1- S2= 0.0 Sz= 0.0 P=0 :    10.8256 (c=-0.3290 0.0000i)
   E0E0+E2- S2= 0.0 Sz= 0.0 P=0 :    7.78661 (c= 0.2790 0.0000i)
   E2-E0+E0 S2= 0.0 Sz= 0.0 P=0 :    7.62293 (c=-0.2761 0.0000i)
   E1-E1E0+ S2= 0.0 Sz= 0.0 P=0 :    4.26097 (c=-0.2064 0.0000i)
   E1E1E0 S2= 0.0 Sz= 0.0 P=0 :    3.73861 (c=-0.1934 0.0000i)
   E0+E2-E0 S2= 0.0 Sz= 0.0 P=0 :     3.6795 (c= 0.1918 0.0000i)
   E1-E0+E1 S2= 0.0 Sz= 0.0 P=0 :    2.44433 (c= 0.1563 0.0000i)
   E1E0E1 S2= 0.0 Sz= 0.0 P=0 :    2.30312 (c= 0.1518 0.0000i)
   E2E0E0 S2= 0.0 Sz= 0.0 P=0 :    2.28573 (c=-0.1512 0.0000i)
   E0E2-E0+ S2= 0.0 Sz= 0.0 P=0 :    2.03892 (c=-0.1428 0.0000i)
   E1E1-E0+ S2= 0.0 Sz= 0.0 P=0 :    2.02059 (c=-0.1421 0.0000i)
 Psi  15: E = -1608.1262 au  ΔE=     0.3218 au      8.758 eV    70635.4 cm**-1 <S**2> =   0.000
   E0+E2-E0 S2= 0.0 Sz= 0.0 P=0 :    15.5771 (c=-0.3947-0.0000i)
   E0E2-E0+ S2= 0.0 Sz= 0.0 P=0 :    14.4235 (c= 0.3798-0.0000i)
   E0E1E1 S2= 0.0 Sz= 0.0 P=0 :    14.2344 (c= 0.3773-0.0000i)
   E1E1E0 S2= 0.0 Sz= 0.0 P=0 :    12.7364 (c=-0.3569-0.0000i)
   E2-E0+E0 S2= 0.0 Sz= 0.0 P=0 :    8.04483 (c=-0.2836-0.0000i)
   E0+E1E1- S2= 0.0 Sz= 0.0 P=0 :    6.62945 (c= 0.2575-0.0000i)
   E2E0E0 S2= 0.0 Sz= 0.0 P=0 :    5.91335 (c=-0.2432-0.0000i)
   E1-E0+E1 S2= 0.0 Sz= 0.0 P=0 :    4.44008 (c=-0.2107-0.0000i)
   E1E0+E1- S2= 0.0 Sz= 0.0 P=0 :    4.01725 (c= 0.2004-0.0000i)
   E0E0E2 S2= 0.0 Sz= 0.0 P=0 :    3.77509 (c= 0.1943-0.0000i)
   E0E0+E2- S2= 0.0 Sz= 0.0 P=0 :    3.30275 (c= 0.1817-0.0000i)
   E1-E1E0+ S2= 0.0 Sz= 0.0 P=0 :    2.64074 (c= 0.1625-0.0000i)
 Psi  16: E = -1608.1244 au  ΔE=     0.3237 au      8.808 eV    71042.0 cm**-1 <S**2> =   0.000
   E0E0+E2- S2= 0.0 Sz= 0.0 P=0 :    27.5573 (c=-0.5250 0.0000i)
   E2-E0+E0 S2= 0.0 Sz= 0.0 P=0 :    25.1494 (c=-0.5015 0.0000i)
   E0+E2-E0 S2= 0.0 Sz= 0.0 P=0 :     8.5089 (c= 0.2917 0.0000i)
   E1-E1+E0 S2= 0.0 Sz= 0.0 P=0 :    6.82368 (c=-0.2612 0.0000i)
   E1+E1-E0 S2= 0.0 Sz= 0.0 P=0 :    6.02903 (c= 0.2455 0.0000i)
   E0E1+E1- S2= 0.0 Sz= 0.0 P=0 :    5.82166 (c=-0.2413 0.0000i)
   E0E1-E1+ S2= 0.0 Sz= 0.0 P=0 :    4.60042 (c= 0.2145 0.0000i)
   E0E2-E0+ S2= 0.0 Sz= 0.0 P=0 :    3.60366 (c= 0.1898 0.0000i)
   E0E0E2 S2= 0.0 Sz= 0.0 P=0 :    2.95173 (c=-0.1718 0.0000i)
 Psi  17: E = -1608.1185 au  ΔE=     0.3295 au      8.967 eV    72323.0 cm**-1 <S**2> =   0.000
   E0E0+E2- S2= 0.0 Sz= 0.0 P=0 :    25.9145 (c= 0.5091-0.0000i)
   E2-E0+E0 S2= 0.0 Sz= 0.0 P=0 :    22.5401 (c=-0.4748-0.0000i)
   E0E1+E1- S2= 0.0 Sz= 0.0 P=0 :    12.0462 (c=-0.3471-0.0000i)
   E1-E1+E0 S2= 0.0 Sz= 0.0 P=0 :    8.55989 (c= 0.2926-0.0000i)
   E0E1-E1+ S2= 0.0 Sz= 0.0 P=0 :    7.06868 (c=-0.2659-0.0000i)
   E1+E1-E0 S2= 0.0 Sz= 0.0 P=0 :    6.16628 (c= 0.2483-0.0000i)
   E1E1E0 S2= 0.0 Sz= 0.0 P=0 :    3.66403 (c= 0.1914-0.0000i)
   E0E1E1 S2= 0.0 Sz= 0.0 P=0 :    2.89076 (c=-0.1700-0.0000i)
   E0E2-E0+ S2= 0.0 Sz= 0.0 P=0 :    2.64952 (c=-0.1628-0.0000i)
 Psi  18: E = -1608.1166 au  ΔE=     0.3315 au      9.020 eV    72750.7 cm**-1 <S**2> =   0.000
   E1-E1+E0 S2= 0.0 Sz= 0.0 P=0 :    21.8103 (c=-0.4670-0.0000i)
   E0E1+E1- S2= 0.0 Sz= 0.0 P=0 :    17.4541 (c=-0.4178-0.0000i)
   E0E2-E0+ S2= 0.0 Sz= 0.0 P=0 :    11.6859 (c= 0.3418-0.0000i)
   E0+E2-E0 S2= 0.0 Sz= 0.0 P=0 :     11.108 (c= 0.3333-0.0000i)
   E2-E0+E0 S2= 0.0 Sz= 0.0 P=0 :    10.5509 (c= 0.3248-0.0000i)
   E0E0+E2- S2= 0.0 Sz= 0.0 P=0 :    9.31834 (c= 0.3053-0.0000i)
   E1-E0+E1 S2= 0.0 Sz= 0.0 P=0 :    2.66051 (c= 0.1631-0.0000i)
   E1-E0++E1- S2= 0.0 Sz= 0.0 P=0 :    2.45142 (c= 0.1566-0.0000i)
 Psi  19: E = -1608.1089 au  ΔE=     0.3391 au      9.228 eV    74425.2 cm**-1 <S**2> =   0.000
   E0+E2-E0 S2= 0.0 Sz= 0.0 P=0 :    22.8175 (c= 0.4777-0.0000i)
   E0+E1E1- S2= 0.0 Sz= 0.0 P=0 :    12.5121 (c=-0.3537-0.0000i)
   E1-E1+E0 S2= 0.0 Sz= 0.0 P=0 :    12.3682 (c= 0.3517-0.0000i)
   E1-E1E0+ S2= 0.0 Sz= 0.0 P=0 :    9.73124 (c= 0.3119-0.0000i)
   E1E0E1 S2= 0.0 Sz= 0.0 P=0 :    8.70797 (c= 0.2951-0.0000i)
   E0E2E0 S2= 0.0 Sz= 0.0 P=0 :     7.4388 (c= 0.2727-0.0000i)
   E1E1E0 S2= 0.0 Sz= 0.0 P=0 :    7.15308 (c=-0.2675-0.0000i)
   E1E0+E1- S2= 0.0 Sz= 0.0 P=0 :    6.98211 (c= 0.2642-0.0000i)
   E1-E0+E1 S2= 0.0 Sz= 0.0 P=0 :    5.13601 (c=-0.2266-0.0000i)
 Psi  20: E = -1608.1053 au  ΔE=     0.3428 au      9.327 eV    75228.1 cm**-1 <S**2> =   0.000
   E0E2-E0+ S2= 0.0 Sz= 0.0 P=0 :    32.9378 (c= 0.5739 0.0000i)
   E1-E1E0+ S2= 0.0 Sz= 0.0 P=0 :    12.5143 (c= 0.3538 0.0000i)
   E0E1E1 S2= 0.0 Sz= 0.0 P=0 :    8.53962 (c=-0.2922 0.0000i)
   E0E1+E1- S2= 0.0 Sz= 0.0 P=0 :    6.36696 (c= 0.2523 0.0000i)
   E1E0E1 S2= 0.0 Sz= 0.0 P=0 :    5.38199 (c= 0.2320 0.0000i)
   E1E1-E0+ S2= 0.0 Sz= 0.0 P=0 :     4.9555 (c= 0.2226 0.0000i)
   E0+E1-E1 S2= 0.0 Sz= 0.0 P=0 :    4.87049 (c=-0.2207 0.0000i)
   E0E2E0 S2= 0.0 Sz= 0.0 P=0 :    3.85186 (c= 0.1963 0.0000i)
   E1E1E0 S2= 0.0 Sz= 0.0 P=0 :    2.91384 (c= 0.1707 0.0000i)
   E1+E1-E0 S2= 0.0 Sz= 0.0 P=0 :    2.84112 (c= 0.1686 0.0000i)
   E1E0+E1- S2= 0.0 Sz= 0.0 P=0 :    2.82889 (c=-0.1682 0.0000i)
   E0+E2-E0 S2= 0.0 Sz= 0.0 P=0 :    2.78555 (c=-0.1669 0.0000i)
   E1-E0+E1 S2= 0.0 Sz= 0.0 P=0 :    2.35211 (c= 0.1534 0.0000i)
 Psi  21: E = -1608.1001 au  ΔE=     0.3479 au      9.467 eV    76354.7 cm**-1 <S**2> =   0.000
   E0E1-E1+ S2= 0.0 Sz= 0.0 P=0 :    35.9036 (c= 0.5992-0.0000i)
   E1+E1-E0 S2= 0.0 Sz= 0.0 P=0 :     20.758 (c= 0.4556-0.0000i)
   E0E0E2 S2= 0.0 Sz= 0.0 P=0 :    7.58197 (c= 0.2754-0.0000i)
   E1-E0E1+ S2= 0.0 Sz= 0.0 P=0 :    5.47024 (c=-0.2339-0.0000i)
   E2E0E0 S2= 0.0 Sz= 0.0 P=0 :    4.69825 (c= 0.2168-0.0000i)
   E1E0E1 S2= 0.0 Sz= 0.0 P=0 :    4.03636 (c= 0.2009-0.0000i)
   E1+E0E1- S2= 0.0 Sz= 0.0 P=0 :     3.7419 (c=-0.1934-0.0000i)
   E1-E1E0+ S2= 0.0 Sz= 0.0 P=0 :    3.69866 (c=-0.1923-0.0000i)
   E1E1E0 S2= 0.0 Sz= 0.0 P=0 :    2.29809 (c= 0.1516-0.0000i)
   E1E1-E0+ S2= 0.0 Sz= 0.0 P=0 :    2.22535 (c=-0.1492-0.0000i)
   E0E0+E2- S2= 0.0 Sz= 0.0 P=0 :     2.0063 (c= 0.1416-0.0000i)
 Psi  22: E = -1608.0966 au  ΔE=     0.3515 au      9.564 eV    77134.9 cm**-1 <S**2> =   0.000
   E1+E1-E0 S2= 0.0 Sz= 0.0 P=0 :    38.4419 (c= 0.6200 0.0000i)
   E0E1-E1+ S2= 0.0 Sz= 0.0 P=0 :    18.2101 (c=-0.4267 0.0000i)
   E1-E0+E1 S2= 0.0 Sz= 0.0 P=0 :    5.96394 (c=-0.2442 0.0000i)
   E0E1E1 S2= 0.0 Sz= 0.0 P=0 :    4.66397 (c= 0.2160 0.0000i)
   E2E0E0 S2= 0.0 Sz= 0.0 P=0 :    4.40437 (c= 0.2099 0.0000i)
   E1E0+E1- S2= 0.0 Sz= 0.0 P=0 :     4.0835 (c= 0.2021 0.0000i)
   E1+E0E1- S2= 0.0 Sz= 0.0 P=0 :    3.92237 (c=-0.1980 0.0000i)
   E2-E0+E0 S2= 0.0 Sz= 0.0 P=0 :    3.91064 (c= 0.1978 0.0000i)
   E1E1E0 S2= 0.0 Sz= 0.0 P=0 :    3.29691 (c=-0.1816 0.0000i)
 Psi  23: E = -1608.0907 au  ΔE=     0.3573 au      9.723 eV    78423.7 cm**-1 <S**2> =   0.000
   E1-E1E0+ S2= 0.0 Sz= 0.0 P=0 :     15.198 (c=-0.3898 0.0000i)
   E1-E0+E1 S2= 0.0 Sz= 0.0 P=0 :    14.7541 (c= 0.3841 0.0000i)
   E1-E1+E0 S2= 0.0 Sz= 0.0 P=0 :    12.5028 (c= 0.3536 0.0000i)
   E0E2-E0+ S2= 0.0 Sz= 0.0 P=0 :    10.5859 (c= 0.3254 0.0000i)
   E0+E1-E1 S2= 0.0 Sz= 0.0 P=0 :    9.20726 (c= 0.3034 0.0000i)
   E0E1E1 S2= 0.0 Sz= 0.0 P=0 :    5.94898 (c= 0.2439 0.0000i)
   E0E1-E1+ S2= 0.0 Sz= 0.0 P=0 :    4.69153 (c=-0.2166 0.0000i)
   E1-E0E1+ S2= 0.0 Sz= 0.0 P=0 :    4.60786 (c= 0.2147 0.0000i)
   E1E1-E0+ S2= 0.0 Sz= 0.0 P=0 :    4.36464 (c=-0.2089 0.0000i)
   E1E0+E1- S2= 0.0 Sz= 0.0 P=0 :    3.02278 (c=-0.1739 0.0000i)
   E1E1E0 S2= 0.0 Sz= 0.0 P=0 :    2.69631 (c=-0.1642 0.0000i)
   E0+E1E1- S2= 0.0 Sz= 0.0 P=0 :    2.56726 (c=-0.1602 0.0000i)
 Psi  24: E = -1608.0861 au  ΔE=     0.3619 au      9.848 eV    79432.1 cm**-1 <S**2> =   0.000
   E0E1E1 S2= 0.0 Sz= 0.0 P=0 :    25.1113 (c= 0.5011 0.0000i)
   E1E1E0 S2= 0.0 Sz= 0.0 P=0 :    24.5039 (c= 0.4950 0.0000i)
   E1E0E1 S2= 0.0 Sz= 0.0 P=0 :    19.0498 (c= 0.4365 0.0000i)
   E0E1-E1+ S2= 0.0 Sz= 0.0 P=0 :    5.09989 (c=-0.2258 0.0000i)
   E1+E1-E0 S2= 0.0 Sz= 0.0 P=0 :     4.9017 (c=-0.2214 0.0000i)
   E0+E0E2- S2= 0.0 Sz= 0.0 P=0 :     2.9714 (c=-0.1724 0.0000i)
   E1E1-E0+ S2= 0.0 Sz= 0.0 P=0 :    2.54705 (c=-0.1596 0.0000i)
   E0+E1-E1 S2= 0.0 Sz= 0.0 P=0 :    2.03793 (c=-0.1428 0.0000i)
 Psi  25: E = -1608.0842 au  ΔE=     0.3638 au      9.900 eV    79847.0 cm**-1 <S**2> =   0.000
   E1E0+E1- S2= 0.0 Sz= 0.0 P=0 :    35.8478 (c= 0.5987-0.0000i)
   E1E1-E0+ S2= 0.0 Sz= 0.0 P=0 :    14.3502 (c= 0.3788-0.0000i)
   E1-E0+E1 S2= 0.0 Sz= 0.0 P=0 :    10.5643 (c= 0.3250-0.0000i)
   E1E1E0 S2= 0.0 Sz= 0.0 P=0 :    6.64852 (c= 0.2578-0.0000i)
   E0E1+E1- S2= 0.0 Sz= 0.0 P=0 :    6.37342 (c= 0.2525-0.0000i)
   E1+E0E1- S2= 0.0 Sz= 0.0 P=0 :    5.92232 (c= 0.2434-0.0000i)
   E0+E1-E1 S2= 0.0 Sz= 0.0 P=0 :    3.44192 (c= 0.1855-0.0000i)
   E2-E0E0+ S2= 0.0 Sz= 0.0 P=0 :    2.52123 (c= 0.1588-0.0000i)
   E0E1E1 S2= 0.0 Sz= 0.0 P=0 :    2.16573 (c= 0.1472-0.0000i)
 Psi  26: E = -1608.0763 au  ΔE=     0.3717 au     10.114 eV    81578.7 cm**-1 <S**2> =   0.000
   E0+E0E2- S2= 0.0 Sz= 0.0 P=0 :    24.5571 (c= 0.4956 0.0000i)
   E1-E1E0+ S2= 0.0 Sz= 0.0 P=0 :    17.2526 (c= 0.4154 0.0000i)
   E0+E1-E1 S2= 0.0 Sz= 0.0 P=0 :    12.9506 (c= 0.3599 0.0000i)
   E1E0E1 S2= 0.0 Sz= 0.0 P=0 :    8.50774 (c= 0.2917 0.0000i)
   E0E2-E0+ S2= 0.0 Sz= 0.0 P=0 :    7.02947 (c=-0.2651 0.0000i)
   E0+E2-E0 S2= 0.0 Sz= 0.0 P=0 :    6.82724 (c=-0.2613 0.0000i)
   E0+E1E1- S2= 0.0 Sz= 0.0 P=0 :    2.59606 (c=-0.1611 0.0000i)
   E0E2E0 S2= 0.0 Sz= 0.0 P=0 :     2.4005 (c=-0.1549 0.0000i)
   E0E1+E1- S2= 0.0 Sz= 0.0 P=0 :    2.29898 (c=-0.1516 0.0000i)
   E1-E1+E0 S2= 0.0 Sz= 0.0 P=0 :    2.15541 (c=-0.1468 0.0000i)
   E1-E0+E1 S2= 0.0 Sz= 0.0 P=0 :    2.13457 (c= 0.1461 0.0000i)
   E0E0+E2- S2= 0.0 Sz= 0.0 P=0 :    2.09434 (c=-0.1447 0.0000i)
 Psi  27: E = -1608.0743 au  ΔE=     0.3738 au     10.171 eV    82033.0 cm**-1 <S**2> =   0.000
   E2-E0E0+ S2= 0.0 Sz= 0.0 P=0 :     30.701 (c=-0.5541 0.0000i)
   E0+E0E2- S2= 0.0 Sz= 0.0 P=0 :    11.3076 (c= 0.3363 0.0000i)
   E1E1-E0+ S2= 0.0 Sz= 0.0 P=0 :    10.1587 (c=-0.3187 0.0000i)
   E1E0+E1- S2= 0.0 Sz= 0.0 P=0 :    7.58964 (c= 0.2755 0.0000i)
   E0E1E1 S2= 0.0 Sz= 0.0 P=0 :    7.31642 (c=-0.2705 0.0000i)
   E1E1E0 S2= 0.0 Sz= 0.0 P=0 :    6.30703 (c= 0.2511 0.0000i)
   E1-E0+E1 S2= 0.0 Sz= 0.0 P=0 :     4.5912 (c=-0.2143 0.0000i)
   E0E2-E0+ S2= 0.0 Sz= 0.0 P=0 :    3.61341 (c= 0.1901 0.0000i)
   E1+E0E1- S2= 0.0 Sz= 0.0 P=0 :    3.35722 (c= 0.1832 0.0000i)
   E0+E1-E1 S2= 0.0 Sz= 0.0 P=0 :    3.34303 (c= 0.1828 0.0000i)
   E1-E0E1+ S2= 0.0 Sz= 0.0 P=0 :    2.51968 (c=-0.1587 0.0000i)
 Psi  28: E = -1608.0719 au  ΔE=     0.3761 au     10.235 eV    82548.2 cm**-1 <S**2> =   0.000
   E2-E0E0+ S2= 0.0 Sz= 0.0 P=0 :    27.1835 (c= 0.5214 0.0000i)
   E1-E1E0+ S2= 0.0 Sz= 0.0 P=0 :    15.2698 (c=-0.3908 0.0000i)
   E1-E0+E1 S2= 0.0 Sz= 0.0 P=0 :    14.6317 (c=-0.3825 0.0000i)
   E0+E0E2- S2= 0.0 Sz= 0.0 P=0 :    9.07074 (c= 0.3012 0.0000i)
   E1-E0E1+ S2= 0.0 Sz= 0.0 P=0 :    7.44625 (c=-0.2729 0.0000i)
   E0+E1E1- S2= 0.0 Sz= 0.0 P=0 :    7.26695 (c=-0.2696 0.0000i)
   E0+E2-E0 S2= 0.0 Sz= 0.0 P=0 :    3.43202 (c=-0.1853 0.0000i)
   E1E0E1 S2= 0.0 Sz= 0.0 P=0 :    2.81393 (c= 0.1677 0.0000i)
   E2-E0+E0 S2= 0.0 Sz= 0.0 P=0 :    2.40971 (c=-0.1552 0.0000i)
   E0E1-E1+ S2= 0.0 Sz= 0.0 P=0 :    2.35363 (c=-0.1534 0.0000i)
 Psi  29: E = -1608.0674 au  ΔE=     0.3806 au     10.358 eV    83542.1 cm**-1 <S**2> =   0.000
   E0+E1E1- S2= 0.0 Sz= 0.0 P=0 :    41.2904 (c= 0.6426 0.0000i)
   E0+E0E2- S2= 0.0 Sz= 0.0 P=0 :    11.8177 (c= 0.3438 0.0000i)
   E0+E2-E0 S2= 0.0 Sz= 0.0 P=0 :    10.3738 (c= 0.3221 0.0000i)
   E1E0+E1- S2= 0.0 Sz= 0.0 P=0 :    7.90047 (c=-0.2811 0.0000i)
   E2-E0E0+ S2= 0.0 Sz= 0.0 P=0 :    6.95661 (c= 0.2638 0.0000i)
   E0E1+E1- S2= 0.0 Sz= 0.0 P=0 :     5.5417 (c= 0.2354 0.0000i)
   E0+E1-E1 S2= 0.0 Sz= 0.0 P=0 :    4.78887 (c= 0.2188 0.0000i)
   E1-E0++E1- S2= 0.0 Sz= 0.0 P=0 :     2.0285 (c=-0.1424 0.0000i)
 Psi  30: E = -1608.0590 au  ΔE=     0.3890 au     10.586 eV    85381.6 cm**-1 <S**2> =   0.000
   E1-E0E1+ S2= 0.0 Sz= 0.0 P=0 :    35.3224 (c=-0.5943-0.0000i)
   E0+E1-E1 S2= 0.0 Sz= 0.0 P=0 :    19.5558 (c= 0.4422-0.0000i)
   E1+E0E1- S2= 0.0 Sz= 0.0 P=0 :     15.656 (c=-0.3957-0.0000i)
   E0+E0E2- S2= 0.0 Sz= 0.0 P=0 :    11.1828 (c=-0.3344-0.0000i)
   E1E1-E0+ S2= 0.0 Sz= 0.0 P=0 :     3.9522 (c= 0.1988-0.0000i)
   E0E1-E1+ S2= 0.0 Sz= 0.0 P=0 :    3.60185 (c=-0.1898-0.0000i)
   E1E0E1 S2= 0.0 Sz= 0.0 P=0 :    3.23145 (c= 0.1798-0.0000i)
 Psi  31: E = -1608.0570 au  ΔE=     0.3911 au     10.641 eV    85825.6 cm**-1 <S**2> =   0.000
   E0+E1-E1 S2= 0.0 Sz= 0.0 P=0 :    21.3674 (c=-0.4622 0.0000i)
   E0+E0E2- S2= 0.0 Sz= 0.0 P=0 :    18.2657 (c= 0.4274 0.0000i)
   E1E1-E0+ S2= 0.0 Sz= 0.0 P=0 :    17.6933 (c= 0.4206 0.0000i)
   E1+E0E1- S2= 0.0 Sz= 0.0 P=0 :    14.3171 (c=-0.3784 0.0000i)
   E2-E0E0+ S2= 0.0 Sz= 0.0 P=0 :    11.8073 (c=-0.3436 0.0000i)
   E0E1E1 S2= 0.0 Sz= 0.0 P=0 :    3.25353 (c= 0.1804 0.0000i)
   E1-E1E0+ S2= 0.0 Sz= 0.0 P=0 :    2.76248 (c=-0.1662 0.0000i)
 Psi  32: E = -1608.0552 au  ΔE=     0.3928 au     10.689 eV    86212.8 cm**-1 <S**2> =   0.000
   E1+E0E1- S2= 0.0 Sz= 0.0 P=0 :    42.1964 (c=-0.6496-0.0000i)
   E1-E0E1+ S2= 0.0 Sz= 0.0 P=0 :    21.8088 (c= 0.4670-0.0000i)
   E1E0+E1- S2= 0.0 Sz= 0.0 P=0 :    7.59606 (c= 0.2756-0.0000i)
   E1+E1-E0 S2= 0.0 Sz= 0.0 P=0 :    5.72509 (c=-0.2393-0.0000i)
   E1-E0+E1 S2= 0.0 Sz= 0.0 P=0 :    4.84921 (c=-0.2202-0.0000i)
   E1E1-E0+ S2= 0.0 Sz= 0.0 P=0 :     3.2797 (c=-0.1811-0.0000i)
   E1E1E0 S2= 0.0 Sz= 0.0 P=0 :    3.25791 (c= 0.1805-0.0000i)
   E0E1-E1+ S2= 0.0 Sz= 0.0 P=0 :    2.77367 (c= 0.1665-0.0000i)
   E0E1E1 S2= 0.0 Sz= 0.0 P=0 :    2.38642 (c=-0.1545-0.0000i)
 Psi  33: E = -1608.0495 au  ΔE=     0.3986 au     10.846 eV    87478.8 cm**-1 <S**2> =   0.000
   E1E1-E0+ S2= 0.0 Sz= 0.0 P=0 :    22.9656 (c= 0.4792-0.0000i)
   E1-E0E1+ S2= 0.0 Sz= 0.0 P=0 :    14.1177 (c= 0.3757-0.0000i)
   E1-E0+E1 S2= 0.0 Sz= 0.0 P=0 :    10.7305 (c=-0.3276-0.0000i)
   E1-E1E0+ S2= 0.0 Sz= 0.0 P=0 :    9.21843 (c=-0.3036-0.0000i)
   E2-E0E0+ S2= 0.0 Sz= 0.0 P=0 :    8.26761 (c=-0.2875-0.0000i)
   E1E0E1 S2= 0.0 Sz= 0.0 P=0 :    7.59718 (c= 0.2756-0.0000i)
   E0+E1-E1 S2= 0.0 Sz= 0.0 P=0 :    6.52913 (c= 0.2555-0.0000i)
   E1+E0E1- S2= 0.0 Sz= 0.0 P=0 :    3.35889 (c= 0.1833-0.0000i)
   E1E0+E1- S2= 0.0 Sz= 0.0 P=0 :    2.93085 (c=-0.1712-0.0000i)
   E0+E0E2- S2= 0.0 Sz= 0.0 P=0 :    2.21555 (c=-0.1488-0.0000i)
   E1E1E0 S2= 0.0 Sz= 0.0 P=0 :    2.17426 (c=-0.1475-0.0000i)
 Psi  34: E = -1608.0135 au  ΔE=     0.4346 au     11.826 eV    95379.9 cm**-1 <S**2> =   0.000
   E1-E0++E1- S2= 0.0 Sz= 0.0 P=0 :    91.4312 (c=-0.9562 0.0000i)
 Psi  35: E = -1607.9913 au  ΔE=     0.4568 au     12.429 eV   100249.3 cm**-1 <S**2> =   0.000
   E0+E2--E0+ S2= 0.0 Sz= 0.0 P=0 :    93.9772 (c= 0.9694-0.0000i)
 Psi  36: E = -1607.9035 au  ΔE=     0.5445 au     14.816 eV   119503.0 cm**-1 <S**2> =   0.000
   E2--E0+E0+ S2= 0.0 Sz= 0.0 P=0 :    55.4585 (c=-0.7447-0.0000i)
   E2--E0++E0 S2= 0.0 Sz= 0.0 P=0 :    42.7316 (c= 0.6537-0.0000i)
 Psi  37: E = -1607.9028 au  ΔE=     0.5452 au     14.836 eV   119663.3 cm**-1 <S**2> =   0.000
   E0+E0+E2-- S2= 0.0 Sz= 0.0 P=0 :     53.373 (c= 0.7306 0.0000i)
   E0E0++E2-- S2= 0.0 Sz= 0.0 P=0 :    44.6545 (c=-0.6682 0.0000i)
 Psi  38: E = -1607.8780 au  ΔE=     0.5700 au     15.511 eV   125102.8 cm**-1 <S**2> =   0.000
   E1-E1-E0++ S2= 0.0 Sz= 0.0 P=0 :    65.0178 (c=-0.8063-0.0000i)
   E0E2--E0++ S2= 0.0 Sz= 0.0 P=0 :    32.8469 (c= 0.5731-0.0000i)
 Psi  39: E = -1607.8773 au  ΔE=     0.5707 au     15.529 eV   125253.5 cm**-1 <S**2> =   0.000
   E0++E1-E1- S2= 0.0 Sz= 0.0 P=0 :    63.8526 (c= 0.7991 0.0000i)
   E0++E2--E0 S2= 0.0 Sz= 0.0 P=0 :    34.3196 (c=-0.5858 0.0000i)
 Psi  40: E = -1607.8659 au  ΔE=     0.5821 au     15.840 eV   127758.5 cm**-1 <S**2> =   0.000
   E2--E0++E0 S2= 0.0 Sz= 0.0 P=0 :    55.1652 (c=-0.7427 0.0000i)
   E2--E0+E0+ S2= 0.0 Sz= 0.0 P=0 :    42.5866 (c=-0.6526 0.0000i)
 Psi  41: E = -1607.8653 au  ΔE=     0.5827 au     15.856 eV   127890.8 cm**-1 <S**2> =   0.000
   E0E0++E2-- S2= 0.0 Sz= 0.0 P=0 :    53.7678 (c= 0.7333 0.0000i)
   E0+E0+E2-- S2= 0.0 Sz= 0.0 P=0 :     44.118 (c= 0.6642 0.0000i)
 Psi  42: E = -1607.8386 au  ΔE=     0.6095 au     16.585 eV   133768.1 cm**-1 <S**2> =   0.000
   E0E2--E0++ S2= 0.0 Sz= 0.0 P=0 :    65.6579 (c=-0.8103 0.0000i)
   E1-E1-E0++ S2= 0.0 Sz= 0.0 P=0 :    32.8041 (c=-0.5727 0.0000i)
 Psi  43: E = -1607.8382 au  ΔE=     0.6099 au     16.595 eV   133848.1 cm**-1 <S**2> =   0.000
   E0++E2--E0 S2= 0.0 Sz= 0.0 P=0 :     64.531 (c= 0.8033 0.0000i)
   E0++E1-E1- S2= 0.0 Sz= 0.0 P=0 :    33.7898 (c= 0.5813 0.0000i)
 Psi  44: E = -1607.6893 au  ΔE=     0.7587 au     20.646 eV   166522.9 cm**-1 <S**2> =   0.000
   E2--E0E0++ S2= 0.0 Sz= 0.0 P=0 :    97.8752 (c= 0.9893-0.0000i)
 Psi  45: E = -1607.6893 au  ΔE=     0.7588 au     20.647 eV   166529.0 cm**-1 <S**2> =   0.000
   E0++E0E2-- S2= 0.0 Sz= 0.0 P=0 :    97.8385 (c= 0.9891 0.0000i)

--------------------------------------------------------------------------------------------------
                     ABSORPTION SPECTRUM VIA TRANSITION ELECTRIC DIPOLE MOMENTS                   
--------------------------------------------------------------------------------------------------
       Transition        Energy     Energy  Wavelength fosc(D2)      D2      |DX|    |DY|    |DZ| 
                          (eV)      (cm-1)    (nm)                 (au**2)   (au)    (au)    (au)  
--------------------------------------------------------------------------------------------------
  Psi   0 -> Psi   1    4.002321   32280.9   309.8   0.003396364   0.03464  0.0000  0.1861  0.0000
  Psi   0 -> Psi   2    4.541624   36630.6   273.0   0.000000000   0.00000  0.0000  0.0000  0.0000
  Psi   0 -> Psi   3    5.177044   41755.6   239.5   0.970841593   7.65436  0.0000  2.7667  0.0000
  Psi   0 -> Psi   4    5.231951   42198.5   237.0   0.000000007   0.00000  0.0000  0.0002  0.0000
  Psi   0 -> Psi   5    5.470427   44121.9   226.6   0.077225692   0.57621  0.0000  0.7591  0.0000
  Psi   0 -> Psi   6    5.830142   47023.2   212.7   0.000000003   0.00000  0.0000  0.0001  0.0000
  Psi   0 -> Psi   7    5.874167   47378.3   211.1   0.001761309   0.01224  0.0000  0.1106  0.0000
  Psi   0 -> Psi   8    6.880125   55491.9   180.2   0.000000062   0.00000  0.0000  0.0006  0.0000
  Psi   0 -> Psi   9    6.930235   55896.1   178.9   0.000022763   0.00013  0.0000  0.0116  0.0000
  Psi   0 -> Psi  10    7.076088   57072.5   175.2   0.000001499   0.00001  0.0000  0.0000  0.0029
  Psi   0 -> Psi  11    7.311923   58974.6   169.6   0.000027616   0.00015  0.0000  0.0000  0.0124
  Psi   0 -> Psi  12    7.477315   60308.6   165.8   0.000000045   0.00000  0.0000  0.0000  0.0005
  Psi   0 -> Psi  13    8.542335   68898.5   145.1   0.000076172   0.00036  0.0000  0.0000  0.0191
  Psi   0 -> Psi  14    8.582753   69224.5   144.5   0.001790932   0.00852  0.0000  0.0000  0.0923
  Psi   0 -> Psi  15    8.757684   70635.4   141.6   0.000080763   0.00038  0.0000  0.0000  0.0194
  Psi   0 -> Psi  16    8.808087   71042.0   140.8   0.000007743   0.00004  0.0000  0.0000  0.0060
  Psi   0 -> Psi  17    8.966917   72323.0   138.3   0.000762230   0.00347  0.0000  0.0000  0.0589
  Psi   0 -> Psi  18    9.019945   72750.7   137.5   0.000000009   0.00000  0.0000  0.0000  0.0002
  Psi   0 -> Psi  19    9.227561   74425.2   134.4   0.000001743   0.00001  0.0000  0.0000  0.0028
  Psi   0 -> Psi  20    9.327106   75228.1   132.9   0.000023626   0.00010  0.0000  0.0000  0.0102
  Psi   0 -> Psi  21    9.466784   76354.7   131.0   0.000020460   0.00009  0.0000  0.0000  0.0094
  Psi   0 -> Psi  22    9.563519   77134.9   129.6   0.000227854   0.00097  0.0000  0.0000  0.0312
  Psi   0 -> Psi  23    9.723310   78423.7   127.5   0.000265968   0.00112  0.0000  0.0000  0.0334
  Psi   0 -> Psi  24    9.848335   79432.1   125.9   0.000006725   0.00003  0.0000  0.0000  0.0053
  Psi   0 -> Psi  25    9.899775   79847.0   125.2   0.000029114   0.00012  0.0000  0.0000  0.0110
  Psi   0 -> Psi  26   10.114477   81578.7   122.6   0.000019390   0.00008  0.0000  0.0000  0.0088
  Psi   0 -> Psi  27   10.170810   82033.0   121.9   0.000005336   0.00002  0.0000  0.0000  0.0046
  Psi   0 -> Psi  28   10.234682   82548.2   121.1   0.000006058   0.00002  0.0000  0.0000  0.0049
  Psi   0 -> Psi  29   10.357913   83542.1   119.7   0.000039818   0.00016  0.0000  0.0000  0.0125
  Psi   0 -> Psi  30   10.585979   85381.6   117.1   0.000000836   0.00000  0.0000  0.0000  0.0018
  Psi   0 -> Psi  31   10.641032   85825.6   116.5   0.000003387   0.00001  0.0000  0.0000  0.0036
  Psi   0 -> Psi  32   10.689033   86212.8   116.0   0.000031087   0.00012  0.0000  0.0000  0.0109
  Psi   0 -> Psi  33   10.845992   87478.8   114.3   0.000001223   0.00000  0.0000  0.0000  0.0021
  Psi   0 -> Psi  34   11.825606   95379.9   104.8   0.000000009   0.00000  0.0000  0.0000  0.0002
  Psi   0 -> Psi  35   12.429335  100249.3    99.8   0.000000002   0.00000  0.0000  0.0000  0.0001
  Psi   0 -> Psi  36   14.816493  119503.0    83.7   0.000000035   0.00000  0.0000  0.0000  0.0003
  Psi   0 -> Psi  37   14.836367  119663.3    83.6   0.000000006   0.00000  0.0000  0.0000  0.0001
  Psi   0 -> Psi  38   15.510782  125102.8    79.9   0.000000007   0.00000  0.0000  0.0000  0.0001
  Psi   0 -> Psi  39   15.529471  125253.5    79.8   0.000000000   0.00000  0.0000  0.0000  0.0000
  Psi   0 -> Psi  40   15.840043  127758.5    78.3   0.000000005   0.00000  0.0000  0.0000  0.0001
  Psi   0 -> Psi  41   15.856454  127890.8    78.2   0.000000012   0.00000  0.0000  0.0000  0.0002
  Psi   0 -> Psi  42   16.585149  133768.1    74.8   0.000000003   0.00000  0.0000  0.0000  0.0001
  Psi   0 -> Psi  43   16.595065  133848.1    74.7   0.000000008   0.00000  0.0000  0.0000  0.0001
  Psi   0 -> Psi  44   20.646228  166522.9    60.1   0.000000000   0.00000  0.0000  0.0000  0.0000
  Psi   0 -> Psi  45   20.646979  166529.0    60.0   0.000000000   0.00000  0.0000  0.0000  0.0000

       *** SymbolicCI terminated normally ***
Total time:  0 days  2 hours  9 minutes 21 seconds 433 msec
