 $$$$$$\$$\     $$\$$\      $$\$$$$$$$\  $$$$$$\ $$\      $$$$$$\ $$$$$$\
$$  __$$\$$\   $$  $$$\    $$$ $$  __$$\$$  __$$\$$ |     \_$$  _$$  __$$\
$$ /  \__\$$\ $$  /$$$$\  $$$$ $$ |  $$ $$ /  $$ $$ |       $$ | $$ /  \__|
\$$$$$$\  \$$$$  / $$\$$\$$ $$ $$$$$$$\ $$ |  $$ $$ |       $$ | $$ |
 \____$$\  \$$  /  $$ \$$$  $$ $$  __$$\$$ |  $$ $$ |       $$ | $$ |
$$\   $$ |  $$ |   $$ |\$  /$$ $$ |  $$ $$ |  $$ $$ |       $$ | $$ |  $$\
\$$$$$$  |  $$ |   $$ | \_/ $$ $$$$$$$  |$$$$$$  $$$$$$$$\$$$$$$\\$$$$$$  |
 \______/   \__|   \__|     \__\_______/ \______/\________\______|\______/

                               $$$$$$\ $$$$$$\
                              $$  __$$\\_$$  _|
                              $$ /  \__| $$ |
                              $$ |       $$ |
                              $$ |       $$ |
                              $$ |  $$\  $$ |
                              \$$$$$$  $$$$$$\
                               \______/\______|    


           #######################################################
           #                        -***-                        #
           #   Institute of Physical and Theoretical Chemistry   #
           #            Core code : Johannes Greiner             #
           #  Institut für Physikalische und Theoretische Chemie #
           #         Emil-Fischer-Straße 42, Hubland Nord        #
           #                  D-97074 Würzburg                   #
           #                       Germany                       #
           #                                                     #
           #                  All rights reserved                #
           #                        -***-                        #
           #######################################################

                   Program Version 0.2-97-gab9ab34-dirty

Multi-threading enabled. Program will use 20 threads.

--------------
Fragment: anth
--------------

Multiplicity        ...             1   
Charge              ...             0   
Number of Electrons ...            94   
Energy (Hartree)    ...  -1276.257469   
Number of Atoms     ...            24   
Number of Sites     ...             4   


---------
Aggregate
---------

Starting setting up Fragments
Finished setting up Fragments
Measured time:   0 hours  0 minutes  0 seconds  22 msec

Starting preparing aggregate orbitals
Finished preparing aggregate orbitals
Measured time:   0 hours  0 minutes  0 seconds   9 msec

Starting orthogonalization aggregate orbitals
Finished orthogonalization aggregate orbitals
Measured time:   0 hours  0 minutes  0 seconds 162 msec

Starting finalizing aggregate orbitals
Finished finalizing aggregate orbitals
Measured time:   0 hours  0 minutes  0 seconds  22 msec

Starting generating diabatic states
Finished generating diabatic states
Measured time:   0 hours  0 minutes  0 seconds   1 msec

Number of Sides           ...   20   
Number of Basis Functions ... 1230   
Number of Atoms           ...  120   
Dimension of Hamiltonian  ...  251   

Starting calculation of integrals
Finished calculation of integrals

-------
Timings
-------

Integral                   ...                                 Duration        %   
                           ...                                                     
Non Relativistic Integrals ...   0 hours  5 minutes 30 seconds 546 msec   100.0%   
Kinetic                    ...   0 hours  0 minutes  0 seconds  74 msec     0.0%   
Nuclear                    ...   0 hours  0 minutes  1 seconds 390 msec     0.4%   
Electron-Electron          ...   0 hours  5 minutes 28 seconds 959 msec    99.5%   
Dipoles                    ...   0 hours  0 minutes  0 seconds  73 msec     0.0%   
Electrostatic Potential    ...   0 hours  0 minutes  0 seconds   0 msec     0.0%   
QM-MM Potential            ...   0 hours  0 minutes  0 seconds  45 msec     0.0%   
Embedded Potential         ...   0 hours  0 minutes  0 seconds   3 msec     0.0%   

Starting processing state names
Finished processing state names
Measured time:   0 hours  0 minutes  0 seconds   1 msec

Starting building Hamiltonian
Finished building Hamiltonian
Measured time:   0 hours  0 minutes  0 seconds   1 msec

Starting adding correlation correction
Finished adding correlation correction
Measured time:   0 hours  0 minutes  0 seconds   0 msec

Starting writing Hamiltonian to disk
Finished writing Hamiltonian to disk
Measured time:   0 hours  0 minutes  0 seconds  36 msec

Starting diagonalizing Hamiltonian
Finished diagonalizing Hamiltonian
Measured time:   0 hours  0 minutes  0 seconds  19 msec


-----------------------
Adiabatic Wavefunctions
-----------------------

 Psi   0: E = -2680.3595 au  ΔE=     0.0000 au      0.000 eV        0.0 cm**-1
   E0E0E0E0E0 S2= 0.0 Sz= 0.0 P=0 :    94.3192 (c= 0.9029+0.3576i)
 Psi   1: E = -2680.1564 au  ΔE=     0.2031 au      5.527 eV    44575.8 cm**-1
   E0E0E1E0E0 S2= 0.0 Sz= 0.0 P=0 :    31.9824 (c= 0.5605+0.0755i)
   E0E1E0E0E0 S2= 0.0 Sz= 0.0 P=0 :    24.3421 (c= 0.4890+0.0658i)
   E0E0E0E1E0 S2= 0.0 Sz= 0.0 P=0 :    24.3343 (c= 0.4889+0.0658i)
   E1E0E0E0E0 S2= 0.0 Sz= 0.0 P=0 :    8.27371 (c= 0.2851+0.0384i)
   E0E0E0E0E1 S2= 0.0 Sz= 0.0 P=0 :    8.26961 (c= 0.2850+0.0384i)
 Psi   2: E = -2680.1540 au  ΔE=     0.2054 au      5.590 eV    45085.1 cm**-1
   E0E0E0E1E0 S2= 0.0 Sz= 0.0 P=0 :    25.0801 (c= 0.3074+0.3954i)
   E0E1E0E0E0 S2= 0.0 Sz= 0.0 P=0 :     25.072 (c=-0.3073-0.3953i)
   E0E0E0E0E1 S2= 0.0 Sz= 0.0 P=0 :    23.8761 (c= 0.2999+0.3858i)
   E1E0E0E0E0 S2= 0.0 Sz= 0.0 P=0 :    23.8739 (c=-0.2999-0.3858i)
 Psi   3: E = -2680.1517 au  ΔE=     0.2077 au      5.653 eV    45594.7 cm**-1
   E0E0E1E0E0 S2= 0.0 Sz= 0.0 P=0 :     34.878 (c=-0.0693-0.5865i)
   E0E0E0E0E1 S2= 0.0 Sz= 0.0 P=0 :    31.9282 (c= 0.0663+0.5611i)
   E1E0E0E0E0 S2= 0.0 Sz= 0.0 P=0 :    31.9248 (c= 0.0663+0.5611i)
 Psi   4: E = -2680.1499 au  ΔE=     0.2095 au      5.701 eV    45984.0 cm**-1
   E1E0E0E0E0 S2= 0.0 Sz= 0.0 P=0 :    25.6111 (c=-0.4203+0.2819i)
   E0E0E0E0E1 S2= 0.0 Sz= 0.0 P=0 :    25.6106 (c= 0.4203-0.2819i)
   E0E1E0E0E0 S2= 0.0 Sz= 0.0 P=0 :    24.0849 (c= 0.4076-0.2733i)
   E0E0E0E1E0 S2= 0.0 Sz= 0.0 P=0 :    24.0846 (c=-0.4076+0.2733i)
 Psi   5: E = -2680.1489 au  ΔE=     0.2106 au      5.731 eV    46221.1 cm**-1
   E0E0E1E0E0 S2= 0.0 Sz= 0.0 P=0 :    31.4589 (c= 0.4880+0.2765i)
   E0E0E0E1E0 S2= 0.0 Sz= 0.0 P=0 :    24.8259 (c=-0.4335-0.2456i)
   E0E1E0E0E0 S2= 0.0 Sz= 0.0 P=0 :    24.8245 (c=-0.4335-0.2456i)
   E1E0E0E0E0 S2= 0.0 Sz= 0.0 P=0 :    9.31878 (c= 0.2656+0.1505i)
   E0E0E0E0E1 S2= 0.0 Sz= 0.0 P=0 :    9.31875 (c= 0.2656+0.1505i)
 Psi   6: E = -2680.1144 au  ΔE=     0.2451 au      6.670 eV    53794.1 cm**-1
   E1-E0+E0E0E0 S2= 0.0 Sz= 0.0 P=0 :    93.4942 (c=-0.2617+0.9308i)
 Psi   7: E = -2680.1143 au  ΔE=     0.2452 au      6.672 eV    53816.2 cm**-1
   E0E0E0E0+E1- S2= 0.0 Sz= 0.0 P=0 :    95.0222 (c= 0.8444-0.4870i)
 Psi   8: E = -2680.1136 au  ΔE=     0.2459 au      6.691 eV    53969.9 cm**-1
   E0E1-E0+E0E0 S2= 0.0 Sz= 0.0 P=0 :     55.732 (c= 0.5843-0.4647i)
   E0E0E0+E1-E0 S2= 0.0 Sz= 0.0 P=0 :    22.9517 (c=-0.3750+0.2982i)
   E0E0E1-E0+E0 S2= 0.0 Sz= 0.0 P=0 :      9.364 (c= 0.2395-0.1905i)
   E0E0+E1-E0E0 S2= 0.0 Sz= 0.0 P=0 :    6.98173 (c=-0.2068+0.1645i)
 Psi   9: E = -2680.1132 au  ΔE=     0.2462 au      6.700 eV    54041.8 cm**-1
   E0E0E0+E1-E0 S2= 0.0 Sz= 0.0 P=0 :    53.5633 (c=-0.4220-0.5980i)
   E0E1-E0+E0E0 S2= 0.0 Sz= 0.0 P=0 :    29.2717 (c=-0.3120-0.4420i)
   E0E0E1-E0+E0 S2= 0.0 Sz= 0.0 P=0 :    11.5296 (c= 0.1958+0.2774i)
   E0E0+E1-E0E0 S2= 0.0 Sz= 0.0 P=0 :    3.04505 (c= 0.1006+0.1426i)
 Psi  10: E = -2680.1128 au  ΔE=     0.2467 au      6.713 eV    54145.3 cm**-1
   E0E0E1-E0+E0 S2= 0.0 Sz= 0.0 P=0 :    49.7397 (c= 0.0782-0.7009i)
   E0E0+E1-E0E0 S2= 0.0 Sz= 0.0 P=0 :    27.3394 (c=-0.0580+0.5196i)
   E0E0E0+E1-E0 S2= 0.0 Sz= 0.0 P=0 :    14.4217 (c= 0.0421-0.3774i)
   E0E1-E0+E0E0 S2= 0.0 Sz= 0.0 P=0 :    5.80393 (c=-0.0267+0.2394i)
 Psi  11: E = -2680.1124 au  ΔE=     0.2470 au      6.722 eV    54214.9 cm**-1
   E0E0+E1-E0E0 S2= 0.0 Sz= 0.0 P=0 :    59.3631 (c=-0.5302+0.5591i)
   E0E0E1-E0+E0 S2= 0.0 Sz= 0.0 P=0 :    25.6535 (c=-0.3485+0.3675i)
   E0E0E0+E1-E0 S2= 0.0 Sz= 0.0 P=0 :    5.99917 (c=-0.1685+0.1777i)
   E0E1-E0+E0E0 S2= 0.0 Sz= 0.0 P=0 :    4.74492 (c=-0.1499+0.1581i)
 Psi  12: E = -2680.1107 au  ΔE=     0.2487 au      6.768 eV    54586.6 cm**-1
   E0E0E0E1-E0+ S2= 0.0 Sz= 0.0 P=0 :    95.9364 (c=-0.5080-0.8374i)
 Psi  13: E = -2680.1107 au  ΔE=     0.2488 au      6.770 eV    54605.2 cm**-1
   E0+E1-E0E0E0 S2= 0.0 Sz= 0.0 P=0 :    96.1665 (c=-0.6048-0.7719i)
 Psi  14: E = -2680.0769 au  ΔE=     0.2825 au      7.688 eV    62008.8 cm**-1
   E1-E0E0+E0E0 S2= 0.0 Sz= 0.0 P=0 :    85.2735 (c=-0.3710-0.8456i)
   E0E1-E0E0+E0 S2= 0.0 Sz= 0.0 P=0 :    6.25889 (c=-0.1005-0.2291i)
   E1-E0E0E0+E0 S2= 0.0 Sz= 0.0 P=0 :    5.66918 (c= 0.0957+0.2180i)
 Psi  15: E = -2680.0768 au  ΔE=     0.2826 au      7.690 eV    62027.1 cm**-1
   E0E0E0+E0E1- S2= 0.0 Sz= 0.0 P=0 :      88.92 (c= 0.5421-0.7716i)
   E0E0+E0E0E1- S2= 0.0 Sz= 0.0 P=0 :    4.67268 (c=-0.1243+0.1769i)
   E0E0+E0E1-E0 S2= 0.0 Sz= 0.0 P=0 :    4.18602 (c= 0.1176-0.1674i)
 Psi  16: E = -2680.0757 au  ΔE=     0.2838 au      7.722 eV    62279.7 cm**-1
   E0E1-E0E0+E0 S2= 0.0 Sz= 0.0 P=0 :    83.8235 (c= 0.5748-0.7127i)
   E1-E0E0+E0E0 S2= 0.0 Sz= 0.0 P=0 :    8.76585 (c=-0.1859+0.2305i)
   E0E1-E0E0E0+ S2= 0.0 Sz= 0.0 P=0 :    3.22942 (c=-0.1128+0.1399i)
 Psi  17: E = -2680.0755 au  ΔE=     0.2839 au      7.726 eV    62313.9 cm**-1
   E0E0+E0E1-E0 S2= 0.0 Sz= 0.0 P=0 :    87.3081 (c= 0.9308-0.0814i)
   E0E0E0+E0E1- S2= 0.0 Sz= 0.0 P=0 :    5.90717 (c=-0.2421+0.0212i)
   E0+E0E0E1-E0 S2= 0.0 Sz= 0.0 P=0 :     2.8773 (c=-0.1690+0.0148i)
 Psi  18: E = -2680.0728 au  ΔE=     0.2867 au      7.800 eV    62912.6 cm**-1
   E0E0E1-E0E0+ S2= 0.0 Sz= 0.0 P=0 :    94.1804 (c=-0.7260-0.6440i)
   E0E1-E0E0E0+ S2= 0.0 Sz= 0.0 P=0 :    2.41855 (c= 0.1163+0.1032i)
 Psi  19: E = -2680.0728 au  ΔE=     0.2867 au      7.802 eV    62923.5 cm**-1
   E0+E0E1-E0E0 S2= 0.0 Sz= 0.0 P=0 :    95.0276 (c=-0.8482+0.4804i)
   E0+E0E0E1-E0 S2= 0.0 Sz= 0.0 P=0 :    2.07303 (c= 0.1253-0.0709i)
 Psi  20: E = -2680.0618 au  ΔE=     0.2977 au      8.100 eV    65330.2 cm**-1
   E1-E0E0E0+E0 S2= 0.0 Sz= 0.0 P=0 :    82.2856 (c= 0.8094-0.4096i)
   E1-E0E0E0E0+ S2= 0.0 Sz= 0.0 P=0 :    9.14367 (c=-0.2698+0.1365i)
   E0E1-E0E0+E0 S2= 0.0 Sz= 0.0 P=0 :    3.82087 (c= 0.1744-0.0883i)
   E1-E0E0+E0E0 S2= 0.0 Sz= 0.0 P=0 :    3.71526 (c= 0.1720-0.0870i)
 Psi  21: E = -2680.0618 au  ΔE=     0.2977 au      8.100 eV    65332.7 cm**-1
   E0E0+E0E0E1- S2= 0.0 Sz= 0.0 P=0 :    84.5267 (c=-0.3537+0.8486i)
   E0+E0E0E0E1- S2= 0.0 Sz= 0.0 P=0 :    8.10541 (c= 0.1095-0.2628i)
   E0E0E0+E0E1- S2= 0.0 Sz= 0.0 P=0 :    3.21952 (c=-0.0690+0.1656i)
   E0E0+E0E1-E0 S2= 0.0 Sz= 0.0 P=0 :     3.1976 (c=-0.0688+0.1651i)
 Psi  22: E = -2680.0586 au  ΔE=     0.3009 au      8.188 eV    66038.3 cm**-1
   E0E1-E0E0E0+ S2= 0.0 Sz= 0.0 P=0 :    82.2974 (c= 0.4123+0.8081i)
   E1-E0E0E0E0+ S2= 0.0 Sz= 0.0 P=0 :    8.59575 (c=-0.1333-0.2612i)
   E1-E0E0E0+E0 S2= 0.0 Sz= 0.0 P=0 :    3.10279 (c=-0.0801-0.1569i)
   E0E0E1-E0E0+ S2= 0.0 Sz= 0.0 P=0 :    2.92537 (c= 0.0777+0.1523i)
   E0E1-E0E0+E0 S2= 0.0 Sz= 0.0 P=0 :    2.01278 (c= 0.0645+0.1264i)
 Psi  23: E = -2680.0585 au  ΔE=     0.3009 au      8.189 eV    66046.9 cm**-1
   E0+E0E0E1-E0 S2= 0.0 Sz= 0.0 P=0 :    84.2868 (c=-0.7286-0.5586i)
   E0+E0E0E0E1- S2= 0.0 Sz= 0.0 P=0 :    7.95722 (c= 0.2239+0.1716i)
   E0E0+E0E0E1- S2= 0.0 Sz= 0.0 P=0 :    2.48679 (c= 0.1251+0.0959i)
   E0+E0E1-E0E0 S2= 0.0 Sz= 0.0 P=0 :    2.43433 (c=-0.1238-0.0949i)
 Psi  24: E = -2680.0508 au  ΔE=     0.3087 au      8.400 eV    67753.2 cm**-1
   E0+E0E0E0E1- S2= 0.0 Sz= 0.0 P=0 :    83.2473 (c= 0.7070-0.5767i)
   E0+E0E0E1-E0 S2= 0.0 Sz= 0.0 P=0 :    9.47009 (c= 0.2385-0.1945i)
   E0E0+E0E0E1- S2= 0.0 Sz= 0.0 P=0 :    6.18539 (c= 0.1927-0.1572i)
 Psi  25: E = -2680.0505 au  ΔE=     0.3089 au      8.406 eV    67801.2 cm**-1
   E1-E0E0E0E0+ S2= 0.0 Sz= 0.0 P=0 :    81.4876 (c= 0.8256+0.3651i)
   E0E1-E0E0E0+ S2= 0.0 Sz= 0.0 P=0 :    10.5631 (c= 0.2972+0.1314i)
   E1-E0E0E0+E0 S2= 0.0 Sz= 0.0 P=0 :    6.83298 (c= 0.2391+0.1057i)
 Psi  26: E = -2680.0303 au  ΔE=     0.3292 au      8.958 eV    72250.4 cm**-1
   E0E0E0E2E0 S2= 0.0 Sz= 0.0 P=0 :    49.1608 (c= 0.4943+0.4973i)
   E0E2E0E0E0 S2= 0.0 Sz= 0.0 P=0 :     49.131 (c=-0.4941-0.4972i)
 Psi  27: E = -2680.0302 au  ΔE=     0.3293 au      8.960 eV    72265.1 cm**-1
   E0E0E2E0E0 S2= 0.0 Sz= 0.0 P=0 :    73.2761 (c= 0.6413-0.5670i)
   E0E2E0E0E0 S2= 0.0 Sz= 0.0 P=0 :    12.4446 (c=-0.2643+0.2337i)
   E0E0E0E2E0 S2= 0.0 Sz= 0.0 P=0 :    12.4196 (c=-0.2640+0.2334i)
 Psi  28: E = -2680.0298 au  ΔE=     0.3296 au      8.969 eV    72341.1 cm**-1
   E0E0E0E0E2 S2= 0.0 Sz= 0.0 P=0 :    28.3222 (c= 0.4874+0.2137i)
   E2E0E0E0E0 S2= 0.0 Sz= 0.0 P=0 :    28.3218 (c= 0.4874+0.2137i)
   E0E2E0E0E0 S2= 0.0 Sz= 0.0 P=0 :    17.9972 (c=-0.3885-0.1703i)
   E0E0E0E2E0 S2= 0.0 Sz= 0.0 P=0 :    17.9923 (c=-0.3885-0.1703i)
   E0E0E2E0E0 S2= 0.0 Sz= 0.0 P=0 :    6.71091 (c=-0.2373-0.1040i)
 Psi  29: E = -2680.0296 au  ΔE=     0.3299 au      8.976 eV    72397.9 cm**-1
   E0E0E0E0E2 S2= 0.0 Sz= 0.0 P=0 :    49.3618 (c=-0.6300+0.3109i)
   E2E0E0E0E0 S2= 0.0 Sz= 0.0 P=0 :    49.3618 (c= 0.6300-0.3109i)
 Psi  30: E = -2680.0111 au  ΔE=     0.3484 au      9.480 eV    76462.6 cm**-1
   E2E0E0E0E0 S2= 0.0 Sz= 0.0 P=0 :    19.6458 (c=-0.2707+0.3510i)
   E0E0E0E0E2 S2= 0.0 Sz= 0.0 P=0 :    19.6458 (c=-0.2707+0.3510i)
   E0E2E0E0E0 S2= 0.0 Sz= 0.0 P=0 :    17.7734 (c=-0.2575+0.3338i)
   E0E0E0E2E0 S2= 0.0 Sz= 0.0 P=0 :     17.773 (c=-0.2575+0.3338i)
   E0E0E2E0E0 S2= 0.0 Sz= 0.0 P=0 :    17.7348 (c=-0.2572+0.3335i)
   E0E0E0E0E0 S2= 0.0 Sz= 0.0 P=0 :    5.43281 (c=-0.1423+0.1846i)
 Psi  31: E = -2679.9700 au  ΔE=     0.3894 au     10.597 eV    85470.2 cm**-1
   E0E1E0E1E0 S2= 0.0 Sz= 0.0 P=0 :    24.2823 (c=-0.2945-0.3951i)
   E0E1E0E0E1 S2= 0.0 Sz= 0.0 P=0 :    13.9757 (c=-0.2234-0.2997i)
   E1E0E0E1E0 S2= 0.0 Sz= 0.0 P=0 :    13.9749 (c=-0.2234-0.2997i)
   E0E0E1E1E0 S2= 0.0 Sz= 0.0 P=0 :    8.61722 (c=-0.1754-0.2354i)
   E0E1E1E0E0 S2= 0.0 Sz= 0.0 P=0 :    8.61612 (c=-0.1754-0.2354i)
   E0E0E1E0E1 S2= 0.0 Sz= 0.0 P=0 :    7.99453 (c=-0.1690-0.2267i)
   E1E0E1E0E0 S2= 0.0 Sz= 0.0 P=0 :    7.99369 (c=-0.1690-0.2267i)
   E1E0E0E0E1 S2= 0.0 Sz= 0.0 P=0 :    6.94134 (c=-0.1574-0.2112i)
 Psi  32: E = -2679.9674 au  ΔE=     0.3920 au     10.667 eV    86037.5 cm**-1
   E1E0E1E0E0 S2= 0.0 Sz= 0.0 P=0 :    23.5864 (c=-0.4393-0.2070i)
   E0E0E1E0E1 S2= 0.0 Sz= 0.0 P=0 :    23.5848 (c= 0.4393+0.2070i)
   E0E0E0E1E1 S2= 0.0 Sz= 0.0 P=0 :    8.76852 (c= 0.2679+0.1262i)
   E1E1E0E0E0 S2= 0.0 Sz= 0.0 P=0 :    8.75965 (c=-0.2677-0.1261i)
   E1E0E0E1E0 S2= 0.0 Sz= 0.0 P=0 :    7.90543 (c=-0.2544-0.1198i)
   E0E1E0E0E1 S2= 0.0 Sz= 0.0 P=0 :    7.89963 (c= 0.2543+0.1198i)
   E0E0E1E1E0 S2= 0.0 Sz= 0.0 P=0 :    7.62322 (c= 0.2498+0.1177i)
   E0E1E1E0E0 S2= 0.0 Sz= 0.0 P=0 :    7.62244 (c=-0.2498-0.1177i)
 Psi  33: E = -2679.9656 au  ΔE=     0.3939 au     10.718 eV    86447.9 cm**-1
   E1E0E0E0E1 S2= 0.0 Sz= 0.0 P=0 :    32.8556 (c=-0.2440-0.5187i)
   E0E1E1E0E0 S2= 0.0 Sz= 0.0 P=0 :    16.0344 (c= 0.1704+0.3623i)
   E0E0E1E1E0 S2= 0.0 Sz= 0.0 P=0 :    16.0312 (c= 0.1704+0.3623i)
   E0E1E0E1E0 S2= 0.0 Sz= 0.0 P=0 :    12.4251 (c= 0.1500+0.3190i)
   E0E1E0E0E1 S2= 0.0 Sz= 0.0 P=0 :    8.26521 (c=-0.1224-0.2601i)
   E1E0E0E1E0 S2= 0.0 Sz= 0.0 P=0 :    8.26158 (c=-0.1223-0.2601i)
 Psi  34: E = -2679.9654 au  ΔE=     0.3941 au     10.724 eV    86496.5 cm**-1
   E0E0E0E1E1 S2= 0.0 Sz= 0.0 P=0 :     17.935 (c=-0.3470-0.2427i)
   E1E1E0E0E0 S2= 0.0 Sz= 0.0 P=0 :    17.9174 (c=-0.3469-0.2426i)
   E1E0E1E0E0 S2= 0.0 Sz= 0.0 P=0 :    17.3422 (c=-0.3412-0.2387i)
   E0E0E1E0E1 S2= 0.0 Sz= 0.0 P=0 :    17.3208 (c=-0.3410-0.2385i)
   E0E1E0E1E0 S2= 0.0 Sz= 0.0 P=0 :    15.1235 (c= 0.3187+0.2229i)
   E1E0E0E0E1 S2= 0.0 Sz= 0.0 P=0 :     4.3944 (c= 0.1718+0.1202i)
   E0E1E0E0E1 S2= 0.0 Sz= 0.0 P=0 :    2.70077 (c= 0.1347+0.0942i)
   E1E0E0E1E0 S2= 0.0 Sz= 0.0 P=0 :    2.68935 (c= 0.1344+0.0940i)
 Psi  35: E = -2679.9642 au  ΔE=     0.3953 au     10.757 eV    86759.4 cm**-1
   E0E1E1E0E0 S2= 0.0 Sz= 0.0 P=0 :    25.6311 (c=-0.5014-0.0700i)
   E0E0E1E1E0 S2= 0.0 Sz= 0.0 P=0 :    25.6276 (c= 0.5014+0.0700i)
   E1E0E0E1E0 S2= 0.0 Sz= 0.0 P=0 :    22.5277 (c= 0.4701+0.0656i)
   E0E1E0E0E1 S2= 0.0 Sz= 0.0 P=0 :    22.5206 (c=-0.4700-0.0656i)
 Psi  36: E = -2679.9634 au  ΔE=     0.3960 au     10.777 eV    86922.8 cm**-1
   E0E0E0E1E1 S2= 0.0 Sz= 0.0 P=0 :    31.8776 (c=-0.5312+0.1914i)
   E1E1E0E0E0 S2= 0.0 Sz= 0.0 P=0 :    31.8245 (c= 0.5307-0.1912i)
   E1E0E0E1E0 S2= 0.0 Sz= 0.0 P=0 :    9.30303 (c=-0.2870+0.1034i)
   E0E1E0E0E1 S2= 0.0 Sz= 0.0 P=0 :    9.29792 (c= 0.2869-0.1033i)
   E0E0E1E1E0 S2= 0.0 Sz= 0.0 P=0 :    6.79036 (c= 0.2452-0.0883i)
   E0E1E1E0E0 S2= 0.0 Sz= 0.0 P=0 :    6.77326 (c=-0.2449+0.0882i)
 Psi  37: E = -2679.9625 au  ΔE=     0.3970 au     10.803 eV    87130.1 cm**-1
   E0E1E0E1E0 S2= 0.0 Sz= 0.0 P=0 :    21.7264 (c=-0.4197-0.2028i)
   E1E1E0E0E0 S2= 0.0 Sz= 0.0 P=0 :    18.0422 (c=-0.3824-0.1848i)
   E0E0E0E1E1 S2= 0.0 Sz= 0.0 P=0 :    17.9684 (c=-0.3817-0.1845i)
   E1E0E0E0E1 S2= 0.0 Sz= 0.0 P=0 :    10.0289 (c= 0.2851+0.1378i)
   E0E1E1E0E0 S2= 0.0 Sz= 0.0 P=0 :    8.64097 (c= 0.2647+0.1279i)
   E0E0E1E1E0 S2= 0.0 Sz= 0.0 P=0 :     8.6223 (c= 0.2644+0.1278i)
   E0E0E1E0E1 S2= 0.0 Sz= 0.0 P=0 :     5.2762 (c= 0.2068+0.1000i)
   E1E0E1E0E0 S2= 0.0 Sz= 0.0 P=0 :    5.26476 (c= 0.2066+0.0998i)
 Psi  38: E = -2679.9613 au  ΔE=     0.3982 au     10.834 eV    87386.0 cm**-1
   E1E0E0E0E1 S2= 0.0 Sz= 0.0 P=0 :    33.1994 (c= 0.1107+0.5655i)
   E0E0E1E0E1 S2= 0.0 Sz= 0.0 P=0 :    9.97763 (c=-0.0607-0.3100i)
   E1E0E1E0E0 S2= 0.0 Sz= 0.0 P=0 :    9.93323 (c=-0.0605-0.3093i)
   E1E1E0E0E0 S2= 0.0 Sz= 0.0 P=0 :    8.60287 (c= 0.0563+0.2878i)
   E0E0E0E1E1 S2= 0.0 Sz= 0.0 P=0 :    8.58837 (c= 0.0563+0.2876i)
   E0E0E1E1E0 S2= 0.0 Sz= 0.0 P=0 :    7.23379 (c= 0.0517+0.2640i)
   E0E1E1E0E0 S2= 0.0 Sz= 0.0 P=0 :    7.21591 (c= 0.0516+0.2636i)
   E1E0E0E1E0 S2= 0.0 Sz= 0.0 P=0 :    6.27117 (c=-0.0481-0.2458i)
   E0E1E0E0E1 S2= 0.0 Sz= 0.0 P=0 :    6.23815 (c=-0.0480-0.2451i)
 Psi  39: E = -2679.9602 au  ΔE=     0.3992 au     10.863 eV    87618.4 cm**-1
   E1E0E1E0E0 S2= 0.0 Sz= 0.0 P=0 :    25.1637 (c= 0.5014+0.0146i)
   E0E0E1E0E1 S2= 0.0 Sz= 0.0 P=0 :    25.1444 (c=-0.5012-0.0146i)
   E0E1E0E0E1 S2= 0.0 Sz= 0.0 P=0 :    9.10037 (c= 0.3015+0.0088i)
   E1E0E0E1E0 S2= 0.0 Sz= 0.0 P=0 :    9.06645 (c=-0.3010-0.0088i)
   E0E1E1E0E0 S2= 0.0 Sz= 0.0 P=0 :     7.5318 (c=-0.2743-0.0080i)
   E0E0E1E1E0 S2= 0.0 Sz= 0.0 P=0 :    7.51784 (c= 0.2741+0.0080i)
   E1E1E0E0E0 S2= 0.0 Sz= 0.0 P=0 :    7.17094 (c=-0.2677-0.0078i)
   E0E0E0E1E1 S2= 0.0 Sz= 0.0 P=0 :    7.12922 (c= 0.2669+0.0078i)
 Psi  40: E = -2679.9584 au  ΔE=     0.4010 au     10.913 eV    88018.9 cm**-1
   E0E1E0E1E0 S2= 0.0 Sz= 0.0 P=0 :    23.2132 (c=-0.4765+0.0711i)
   E1E0E0E1E0 S2= 0.0 Sz= 0.0 P=0 :    17.0377 (c= 0.4082-0.0609i)
   E0E1E0E0E1 S2= 0.0 Sz= 0.0 P=0 :    17.0304 (c= 0.4082-0.0609i)
   E1E0E0E0E1 S2= 0.0 Sz= 0.0 P=0 :     10.928 (c=-0.3270+0.0488i)
   E1E0E1E0E0 S2= 0.0 Sz= 0.0 P=0 :    8.00416 (c=-0.2798+0.0417i)
   E0E0E1E0E1 S2= 0.0 Sz= 0.0 P=0 :    7.98806 (c=-0.2795+0.0417i)
   E0E1E1E0E0 S2= 0.0 Sz= 0.0 P=0 :    6.44252 (c= 0.2510-0.0375i)
   E0E0E1E1E0 S2= 0.0 Sz= 0.0 P=0 :    6.42775 (c= 0.2508-0.0374i)
 Psi  41: E = -2679.9479 au  ΔE=     0.4116 au     11.200 eV    90333.8 cm**-1
   E0E0E0+E2-E0 S2= 0.0 Sz= 0.0 P=0 :    32.0201 (c= 0.5107-0.2438i)
   E0E0E0+E1E1- S2= 0.0 Sz= 0.0 P=0 :    29.3743 (c=-0.4891+0.2335i)
   E0E0E0E1+E1- S2= 0.0 Sz= 0.0 P=0 :    26.4016 (c=-0.4637+0.2214i)
   E0E0E0E0+E2- S2= 0.0 Sz= 0.0 P=0 :    3.41084 (c= 0.1667-0.0796i)
 Psi  42: E = -2679.9468 au  ΔE=     0.4126 au     11.228 eV    90560.7 cm**-1
   E0E0+E2-E0E0 S2= 0.0 Sz= 0.0 P=0 :     43.032 (c= 0.4012+0.5190i)
   E0E0+E1E1-E0 S2= 0.0 Sz= 0.0 P=0 :    21.1687 (c=-0.2814-0.3640i)
   E0E0E1+E1-E0 S2= 0.0 Sz= 0.0 P=0 :    13.6764 (c=-0.2262-0.2926i)
   E0E2-E0+E0E0 S2= 0.0 Sz= 0.0 P=0 :     3.1655 (c=-0.1088-0.1408i)
   E0E1+E1-E0E0 S2= 0.0 Sz= 0.0 P=0 :    2.64103 (c=-0.0994-0.1286i)
   E0E0E0E1+E1- S2= 0.0 Sz= 0.0 P=0 :    2.38409 (c= 0.0944+0.1222i)
 Psi  43: E = -2679.9463 au  ΔE=     0.4131 au     11.241 eV    90667.0 cm**-1
   E2-E0+E0E0E0 S2= 0.0 Sz= 0.0 P=0 :    68.5873 (c=-0.7411-0.3696i)
   E1-E1+E0E0E0 S2= 0.0 Sz= 0.0 P=0 :    11.2164 (c= 0.2997+0.1495i)
   E1-E1E0+E0E0 S2= 0.0 Sz= 0.0 P=0 :    4.51322 (c=-0.1901-0.0948i)
   E0E2-E0+E0E0 S2= 0.0 Sz= 0.0 P=0 :    4.34971 (c=-0.1866-0.0931i)
 Psi  44: E = -2679.9461 au  ΔE=     0.4134 au     11.248 eV    90721.5 cm**-1
   E0E0E0E0+E2- S2= 0.0 Sz= 0.0 P=0 :    85.5304 (c= 0.9050+0.1904i)
   E0E0E0+E2-E0 S2= 0.0 Sz= 0.0 P=0 :    7.20054 (c=-0.2626-0.0553i)
 Psi  45: E = -2679.9457 au  ΔE=     0.4137 au     11.258 eV    90804.8 cm**-1
   E0E2-E0+E0E0 S2= 0.0 Sz= 0.0 P=0 :    46.2881 (c= 0.2383+0.6373i)
   E2-E0+E0E0E0 S2= 0.0 Sz= 0.0 P=0 :    20.4149 (c=-0.1582-0.4232i)
   E1-E1E0+E0E0 S2= 0.0 Sz= 0.0 P=0 :    12.6287 (c= 0.1245+0.3329i)
   E1-E1+E0E0E0 S2= 0.0 Sz= 0.0 P=0 :    4.85062 (c=-0.0771-0.2063i)
   E0E1+E1-E0E0 S2= 0.0 Sz= 0.0 P=0 :    2.58249 (c= 0.0563+0.1505i)
 Psi  46: E = -2679.9451 au  ΔE=     0.4144 au     11.275 eV    90942.8 cm**-1
   E0E0E2-E0+E0 S2= 0.0 Sz= 0.0 P=0 :    70.4828 (c=-0.4256+0.7237i)
   E0E1-E1E0+E0 S2= 0.0 Sz= 0.0 P=0 :    10.9076 (c=-0.1674+0.2847i)
   E0E0+E2-E0E0 S2= 0.0 Sz= 0.0 P=0 :    3.16819 (c=-0.0902+0.1534i)
   E0E0E1-E1+E0 S2= 0.0 Sz= 0.0 P=0 :    2.74806 (c= 0.0840-0.1429i)
   E0E1-E1+E0E0 S2= 0.0 Sz= 0.0 P=0 :    2.62475 (c= 0.0821-0.1396i)
 Psi  47: E = -2679.9448 au  ΔE=     0.4146 au     11.283 eV    91004.5 cm**-1
   E0+E2-E0E0E0 S2= 0.0 Sz= 0.0 P=0 :    29.7283 (c=-0.2766-0.4698i)
   E0E1+E1-E0E0 S2= 0.0 Sz= 0.0 P=0 :    28.1632 (c= 0.2693+0.4573i)
   E0+E1E1-E0E0 S2= 0.0 Sz= 0.0 P=0 :    21.2819 (c= 0.2341+0.3975i)
   E0E2-E0+E0E0 S2= 0.0 Sz= 0.0 P=0 :    7.48168 (c=-0.1388-0.2357i)
   E1-E1E0+E0E0 S2= 0.0 Sz= 0.0 P=0 :    2.79447 (c=-0.0848-0.1441i)
   E0E0E2-E0+E0 S2= 0.0 Sz= 0.0 P=0 :    2.04751 (c= 0.0726+0.1233i)
 Psi  48: E = -2679.9443 au  ΔE=     0.4151 au     11.297 eV    91113.2 cm**-1
   E0E0E0E1+E1- S2= 0.0 Sz= 0.0 P=0 :    37.7992 (c=-0.2286-0.5707i)
   E0E0E0+E2-E0 S2= 0.0 Sz= 0.0 P=0 :    34.4093 (c=-0.2182-0.5445i)
   E1-E1+E0E0E0 S2= 0.0 Sz= 0.0 P=0 :     5.7916 (c=-0.0895-0.2234i)
   E0E0E0E0+E2- S2= 0.0 Sz= 0.0 P=0 :    4.45809 (c=-0.0785-0.1960i)
   E0E0+E2-E0E0 S2= 0.0 Sz= 0.0 P=0 :    3.52258 (c= 0.0698+0.1742i)
   E0E0E1+E1-E0 S2= 0.0 Sz= 0.0 P=0 :    3.05893 (c= 0.0650+0.1624i)
 Psi  49: E = -2679.9442 au  ΔE=     0.4153 au     11.300 eV    91144.2 cm**-1
   E1-E1+E0E0E0 S2= 0.0 Sz= 0.0 P=0 :    54.8434 (c= 0.4639-0.5773i)
   E0E2-E0+E0E0 S2= 0.0 Sz= 0.0 P=0 :    18.7808 (c= 0.2715-0.3378i)
   E2-E0+E0E0E0 S2= 0.0 Sz= 0.0 P=0 :    5.23214 (c= 0.1433-0.1783i)
   E0E0E0+E2-E0 S2= 0.0 Sz= 0.0 P=0 :    4.60731 (c=-0.1345+0.1673i)
   E1-E1E0+E0E0 S2= 0.0 Sz= 0.0 P=0 :    4.32575 (c=-0.1303+0.1621i)
   E0E0E0E1+E1- S2= 0.0 Sz= 0.0 P=0 :    4.25968 (c=-0.1293+0.1609i)
 Psi  50: E = -2679.9433 au  ΔE=     0.4162 au     11.325 eV    91338.5 cm**-1
   E0E0E1+E1-E0 S2= 0.0 Sz= 0.0 P=0 :    39.3514 (c= 0.5715-0.2587i)
   E0E0+E2-E0E0 S2= 0.0 Sz= 0.0 P=0 :    22.5063 (c= 0.4322-0.1956i)
   E0E0E0E2-E0+ S2= 0.0 Sz= 0.0 P=0 :    6.45821 (c= 0.2315-0.1048i)
   E0E1-E1+E0E0 S2= 0.0 Sz= 0.0 P=0 :     5.3802 (c= 0.2113-0.0957i)
   E0E0E0+E2-E0 S2= 0.0 Sz= 0.0 P=0 :    5.02057 (c= 0.2041-0.0924i)
   E0E0E1-E1+E0 S2= 0.0 Sz= 0.0 P=0 :     3.7797 (c=-0.1771+0.0802i)
   E0E0+E1E1-E0 S2= 0.0 Sz= 0.0 P=0 :    3.62338 (c= 0.1734-0.0785i)
   E0+E2-E0E0E0 S2= 0.0 Sz= 0.0 P=0 :    2.98958 (c=-0.1575+0.0713i)
 Psi  51: E = -2679.9431 au  ΔE=     0.4164 au     11.330 eV    91384.0 cm**-1
   E0E0E0E2-E0+ S2= 0.0 Sz= 0.0 P=0 :    48.7172 (c= 0.3216-0.6195i)
   E0E0E1-E1+E0 S2= 0.0 Sz= 0.0 P=0 :    15.8631 (c=-0.1835+0.3535i)
   E0E0E1-E1E0+ S2= 0.0 Sz= 0.0 P=0 :    11.5723 (c= 0.1568-0.3019i)
   E0E0E1+E1-E0 S2= 0.0 Sz= 0.0 P=0 :    8.65621 (c=-0.1356+0.2611i)
   E0E0+E2-E0E0 S2= 0.0 Sz= 0.0 P=0 :    5.24798 (c=-0.1056+0.2033i)
 Psi  52: E = -2679.9428 au  ΔE=     0.4167 au     11.338 eV    91447.6 cm**-1
   E0E1-E1+E0E0 S2= 0.0 Sz= 0.0 P=0 :    62.4294 (c=-0.0966-0.7842i)
   E0E0E2-E0+E0 S2= 0.0 Sz= 0.0 P=0 :     9.4605 (c=-0.0376-0.3053i)
   E0E1-E1E0+E0 S2= 0.0 Sz= 0.0 P=0 :    8.51993 (c= 0.0357+0.2897i)
   E0E0E0E2-E0+ S2= 0.0 Sz= 0.0 P=0 :    6.57025 (c= 0.0313+0.2544i)
   E0E2-E0+E0E0 S2= 0.0 Sz= 0.0 P=0 :    3.45548 (c=-0.0227-0.1845i)
   E0E0+E2-E0E0 S2= 0.0 Sz= 0.0 P=0 :    2.28027 (c= 0.0185+0.1499i)
   E0E0E1+E1-E0 S2= 0.0 Sz= 0.0 P=0 :    2.26873 (c= 0.0184+0.1495i)
 Psi  53: E = -2679.9422 au  ΔE=     0.4173 au     11.355 eV    91585.9 cm**-1
   E0+E2-E0E0E0 S2= 0.0 Sz= 0.0 P=0 :    44.2666 (c= 0.2258-0.6259i)
   E0E1+E1-E0E0 S2= 0.0 Sz= 0.0 P=0 :    42.6148 (c= 0.2215-0.6141i)
   E0E0E1-E1+E0 S2= 0.0 Sz= 0.0 P=0 :    3.73563 (c=-0.0656+0.1818i)
   E0E0+E2-E0E0 S2= 0.0 Sz= 0.0 P=0 :     2.1465 (c= 0.0497-0.1378i)
 Psi  54: E = -2679.9421 au  ΔE=     0.4174 au     11.358 eV    91605.3 cm**-1
   E0E0E1-E1+E0 S2= 0.0 Sz= 0.0 P=0 :    60.7155 (c=-0.0297-0.7786i)
   E0E0E0E2-E0+ S2= 0.0 Sz= 0.0 P=0 :    24.5382 (c=-0.0189-0.4950i)
   E0E0E2-E0+E0 S2= 0.0 Sz= 0.0 P=0 :    3.10592 (c=-0.0067-0.1761i)
   E0E1+E1-E0E0 S2= 0.0 Sz= 0.0 P=0 :    2.64421 (c=-0.0062-0.1625i)
   E0+E2-E0E0E0 S2= 0.0 Sz= 0.0 P=0 :    2.49855 (c=-0.0060-0.1580i)
 Psi  55: E = -2679.9394 au  ΔE=     0.4200 au     11.430 eV    92187.4 cm**-1
   E1+E1-E0E0E0 S2= 0.0 Sz= 0.0 P=0 :    87.9245 (c=-0.7268-0.5925i)
   E0E0E0E1-E1+ S2= 0.0 Sz= 0.0 P=0 :    8.15528 (c= 0.2213+0.1805i)
 Psi  56: E = -2679.9394 au  ΔE=     0.4200 au     11.430 eV    92189.9 cm**-1
   E0E0E0E1-E1+ S2= 0.0 Sz= 0.0 P=0 :    88.1804 (c= 0.7831+0.5182i)
   E1+E1-E0E0E0 S2= 0.0 Sz= 0.0 P=0 :    8.11406 (c= 0.2376+0.1572i)
 Psi  57: E = -2679.9389 au  ΔE=     0.4205 au     11.443 eV    92293.2 cm**-1
   E1-E1E0+E0E0 S2= 0.0 Sz= 0.0 P=0 :    64.2494 (c=-0.6798+0.4248i)
   E1-E1+E0E0E0 S2= 0.0 Sz= 0.0 P=0 :    17.2496 (c=-0.3522+0.2201i)
   E0E2-E0+E0E0 S2= 0.0 Sz= 0.0 P=0 :    10.2272 (c= 0.2712-0.1695i)
   E1-E1E0E0+E0 S2= 0.0 Sz= 0.0 P=0 :    3.44641 (c= 0.1574-0.0984i)
 Psi  58: E = -2679.9375 au  ΔE=     0.4220 au     11.482 eV    92610.2 cm**-1
   E0E1-E1E0+E0 S2= 0.0 Sz= 0.0 P=0 :    64.2854 (c=-0.0592+0.7996i)
   E0E1-E1+E0E0 S2= 0.0 Sz= 0.0 P=0 :    17.6022 (c=-0.0310+0.4184i)
   E0E0E2-E0+E0 S2= 0.0 Sz= 0.0 P=0 :    7.11682 (c= 0.0197-0.2660i)
   E1-E0E1E0+E0 S2= 0.0 Sz= 0.0 P=0 :    2.85231 (c= 0.0125-0.1684i)
   E0E1-E1E0E0+ S2= 0.0 Sz= 0.0 P=0 :    2.51364 (c= 0.0117-0.1581i)
 Psi  59: E = -2679.9366 au  ΔE=     0.4228 au     11.506 eV    92802.4 cm**-1
   E0E0E0+E1E1- S2= 0.0 Sz= 0.0 P=0 :    58.8766 (c=-0.5334+0.5516i)
   E0E0E0E1+E1- S2= 0.0 Sz= 0.0 P=0 :    21.7065 (c= 0.3239-0.3349i)
   E0E0E0+E2-E0 S2= 0.0 Sz= 0.0 P=0 :    12.7369 (c=-0.2481+0.2565i)
   E0E0+E0E1E1- S2= 0.0 Sz= 0.0 P=0 :    4.69997 (c= 0.1507-0.1558i)
 Psi  60: E = -2679.9352 au  ΔE=     0.4242 au     11.544 eV    93107.4 cm**-1
   E0E0+E1E1-E0 S2= 0.0 Sz= 0.0 P=0 :    54.4779 (c=-0.2012-0.7101i)
   E0E0E1+E1-E0 S2= 0.0 Sz= 0.0 P=0 :     21.374 (c= 0.1260+0.4448i)
   E0E0+E2-E0E0 S2= 0.0 Sz= 0.0 P=0 :    9.25247 (c=-0.0829-0.2927i)
   E0E0E1-E1E0+ S2= 0.0 Sz= 0.0 P=0 :    4.67361 (c=-0.0589-0.2080i)
   E0E0+E1E0E1- S2= 0.0 Sz= 0.0 P=0 :    3.73651 (c= 0.0527+0.1860i)
   E0+E0E1E1-E0 S2= 0.0 Sz= 0.0 P=0 :     2.9303 (c= 0.0467+0.1647i)
 Psi  61: E = -2679.9352 au  ΔE=     0.4243 au     11.546 eV    93122.1 cm**-1
   E0E0E1-E1E0+ S2= 0.0 Sz= 0.0 P=0 :    70.3136 (c= 0.7882+0.2863i)
   E0E0E1-E1+E0 S2= 0.0 Sz= 0.0 P=0 :    9.50624 (c= 0.2898+0.1053i)
   E0E0E0E2-E0+ S2= 0.0 Sz= 0.0 P=0 :    6.81755 (c=-0.2454-0.0891i)
   E0E0+E1E1-E0 S2= 0.0 Sz= 0.0 P=0 :    3.47066 (c=-0.1751-0.0636i)
   E0E1-E0E1E0+ S2= 0.0 Sz= 0.0 P=0 :    2.32195 (c=-0.1432-0.0520i)
 Psi  62: E = -2679.9330 au  ΔE=     0.4265 au     11.605 eV    93603.8 cm**-1
   E0+E1E1-E0E0 S2= 0.0 Sz= 0.0 P=0 :    68.1559 (c=-0.8153+0.1295i)
   E0E1+E1-E0E0 S2= 0.0 Sz= 0.0 P=0 :    16.1522 (c= 0.3969-0.0630i)
   E0+E2-E0E0E0 S2= 0.0 Sz= 0.0 P=0 :    10.6163 (c=-0.3218+0.0511i)
   E0+E1E0E1-E0 S2= 0.0 Sz= 0.0 P=0 :    3.18669 (c= 0.1763-0.0280i)
 Psi  63: E = -2679.9286 au  ΔE=     0.4309 au     11.725 eV    94564.5 cm**-1
   E1-E0+E0E1E0 S2= 0.0 Sz= 0.0 P=0 :    37.8753 (c= 0.1024+0.6069i)
   E1-E0+E0E0E1 S2= 0.0 Sz= 0.0 P=0 :     16.519 (c= 0.0676+0.4008i)
   E1-E0+E1E0E0 S2= 0.0 Sz= 0.0 P=0 :    13.7375 (c= 0.0617+0.3655i)
   E1-E0E1E0+E0 S2= 0.0 Sz= 0.0 P=0 :    8.26828 (c= 0.0478+0.2835i)
   E1-E0+E1-E0+E0 S2= 0.0 Sz= 0.0 P=0 :     4.7334 (c=-0.0362-0.2145i)
   E1-E1E0E0+E0 S2= 0.0 Sz= 0.0 P=0 :    4.04211 (c= 0.0334+0.1982i)
   E0E1E0E0+E1- S2= 0.0 Sz= 0.0 P=0 :    3.27521 (c=-0.0301-0.1785i)
 Psi  64: E = -2679.9285 au  ΔE=     0.4310 au     11.728 eV    94592.4 cm**-1
   E0E1E0E0+E1- S2= 0.0 Sz= 0.0 P=0 :    41.6196 (c=-0.3055-0.5682i)
   E1E0E0E0+E1- S2= 0.0 Sz= 0.0 P=0 :    19.0369 (c=-0.2066-0.3843i)
   E0E0E1E0+E1- S2= 0.0 Sz= 0.0 P=0 :    17.2963 (c=-0.1969-0.3663i)
   E0E0+E1E0E1- S2= 0.0 Sz= 0.0 P=0 :    4.53418 (c= 0.1008+0.1876i)
   E0E0+E1-E0+E1- S2= 0.0 Sz= 0.0 P=0 :    3.24931 (c= 0.0854+0.1588i)
   E1-E0+E0E1E0 S2= 0.0 Sz= 0.0 P=0 :    2.64848 (c=-0.0771-0.1433i)
 Psi  65: E = -2679.9273 au  ΔE=     0.4322 au     11.761 eV    94856.1 cm**-1
   E1-E1E0E0+E0 S2= 0.0 Sz= 0.0 P=0 :    52.1222 (c=-0.6881+0.2184i)
   E1-E0E1E0+E0 S2= 0.0 Sz= 0.0 P=0 :    11.7387 (c=-0.3266+0.1037i)
   E1-E0+E0E0E1 S2= 0.0 Sz= 0.0 P=0 :    7.73443 (c= 0.2651-0.0841i)
   E1-E0+E0E1E0 S2= 0.0 Sz= 0.0 P=0 :    7.44575 (c= 0.2601-0.0826i)
   E1-E1E0E0E0+ S2= 0.0 Sz= 0.0 P=0 :    4.49203 (c= 0.2020-0.0641i)
   E1E0E1-E0+E0 S2= 0.0 Sz= 0.0 P=0 :    3.20942 (c=-0.1708+0.0542i)
   E1-E0+E1E0E0 S2= 0.0 Sz= 0.0 P=0 :    2.46152 (c= 0.1495-0.0475i)
 Psi  66: E = -2679.9272 au  ΔE=     0.4323 au     11.764 eV    94879.3 cm**-1
   E0E0+E0E1E1- S2= 0.0 Sz= 0.0 P=0 :    70.9033 (c= 0.5668-0.6227i)
   E0+E0E0E1E1- S2= 0.0 Sz= 0.0 P=0 :    6.30841 (c=-0.1691+0.1857i)
   E0E0E0+E1E1- S2= 0.0 Sz= 0.0 P=0 :    4.15532 (c= 0.1372-0.1508i)
   E0E0+E1E0E1- S2= 0.0 Sz= 0.0 P=0 :     3.5278 (c= 0.1264-0.1389i)
   E0E0+E0E2-E0 S2= 0.0 Sz= 0.0 P=0 :    2.49891 (c=-0.1064+0.1169i)
   E1E0E0E0+E1- S2= 0.0 Sz= 0.0 P=0 :    2.07625 (c= 0.0970-0.1066i)
 Psi  67: E = -2679.9266 au  ΔE=     0.4328 au     11.778 eV    94994.5 cm**-1
   E0E0+E1E0E1- S2= 0.0 Sz= 0.0 P=0 :    71.8504 (c=-0.4733+0.7032i)
   E0E0+E0E1E1- S2= 0.0 Sz= 0.0 P=0 :     6.1501 (c= 0.1385-0.2057i)
   E0+E0E1E0E1- S2= 0.0 Sz= 0.0 P=0 :    6.04452 (c= 0.1373-0.2040i)
   E1E0E0E0+E1- S2= 0.0 Sz= 0.0 P=0 :    4.05291 (c=-0.1124+0.1670i)
   E0E0+E1E1-E0 S2= 0.0 Sz= 0.0 P=0 :    3.41498 (c=-0.1032+0.1533i)
   E0E0E1+E0E1- S2= 0.0 Sz= 0.0 P=0 :    2.83942 (c=-0.0941+0.1398i)
   E0E1E0E0+E1- S2= 0.0 Sz= 0.0 P=0 :    2.62649 (c=-0.0905+0.1344i)
 Psi  68: E = -2679.9262 au  ΔE=     0.4333 au     11.791 eV    95099.9 cm**-1
   E1-E0E1E0+E0 S2= 0.0 Sz= 0.0 P=0 :    57.0697 (c= 0.5265-0.5418i)
   E1-E1E0E0+E0 S2= 0.0 Sz= 0.0 P=0 :    19.3112 (c=-0.3062+0.3152i)
   E1-E0E1E0E0+ S2= 0.0 Sz= 0.0 P=0 :    5.60128 (c=-0.1649+0.1697i)
   E1-E0+E0E0E1 S2= 0.0 Sz= 0.0 P=0 :    3.85425 (c=-0.1368+0.1408i)
 Psi  69: E = -2679.9258 au  ΔE=     0.4336 au     11.800 eV    95170.9 cm**-1
   E0E1-E0+E0E1 S2= 0.0 Sz= 0.0 P=0 :    29.6909 (c=-0.2430-0.4877i)
   E0E1-E0+E1E0 S2= 0.0 Sz= 0.0 P=0 :    21.5841 (c=-0.2072-0.4158i)
   E0E0+E1-E0E1 S2= 0.0 Sz= 0.0 P=0 :    6.60703 (c= 0.1146+0.2301i)
   E0E0+E1-E1E0 S2= 0.0 Sz= 0.0 P=0 :    6.19352 (c= 0.1110+0.2227i)
   E0E1-E0+E1-E0+ S2= 0.0 Sz= 0.0 P=0 :    4.29104 (c= 0.0924+0.1854i)
   E0E1E1-E0+E0 S2= 0.0 Sz= 0.0 P=0 :    3.87851 (c= 0.0878+0.1763i)
   E0E1-E0E1E0+ S2= 0.0 Sz= 0.0 P=0 :    3.42765 (c=-0.0826-0.1657i)
   E0E1E0E1-E0+ S2= 0.0 Sz= 0.0 P=0 :    3.03514 (c=-0.0777-0.1559i)
   E1E0E0+E1-E0 S2= 0.0 Sz= 0.0 P=0 :    2.39781 (c=-0.0691-0.1386i)
   E1E0E1-E0+E0 S2= 0.0 Sz= 0.0 P=0 :    2.03056 (c= 0.0636+0.1275i)
 Psi  70: E = -2679.9257 au  ΔE=     0.4337 au     11.802 eV    95188.2 cm**-1
   E1E0E0+E1-E0 S2= 0.0 Sz= 0.0 P=0 :    35.0648 (c=-0.3048-0.5077i)
   E0E1E0+E1-E0 S2= 0.0 Sz= 0.0 P=0 :    28.7762 (c=-0.2761-0.4599i)
   E0+E1-E0+E1-E0 S2= 0.0 Sz= 0.0 P=0 :    3.99822 (c= 0.1029+0.1714i)
   E0E1-E0+E0E1 S2= 0.0 Sz= 0.0 P=0 :    3.67727 (c= 0.0987+0.1644i)
   E0+E1-E0E1E0 S2= 0.0 Sz= 0.0 P=0 :    3.26456 (c=-0.0930-0.1549i)
   E1E0E1-E0+E0 S2= 0.0 Sz= 0.0 P=0 :    2.66078 (c= 0.0840+0.1399i)
   E0+E1E0E1-E0 S2= 0.0 Sz= 0.0 P=0 :    2.53417 (c= 0.0819+0.1365i)
   E0E1-E0+E1E0 S2= 0.0 Sz= 0.0 P=0 :    2.49067 (c= 0.0812+0.1353i)
 Psi  71: E = -2679.9252 au  ΔE=     0.4343 au     11.817 eV    95312.8 cm**-1
   E0E0+E1-E0E1 S2= 0.0 Sz= 0.0 P=0 :    32.8479 (c=-0.5723+0.0302i)
   E0E0+E1-E1E0 S2= 0.0 Sz= 0.0 P=0 :    30.0289 (c=-0.5472+0.0288i)
   E0E1E1-E0+E0 S2= 0.0 Sz= 0.0 P=0 :     5.2759 (c= 0.2294-0.0121i)
   E1E0E1-E0+E0 S2= 0.0 Sz= 0.0 P=0 :    4.66019 (c= 0.2156-0.0114i)
   E0E0+E0E1E1- S2= 0.0 Sz= 0.0 P=0 :     3.2212 (c=-0.1792+0.0094i)
   E1E0E0E0+E1- S2= 0.0 Sz= 0.0 P=0 :    3.08528 (c= 0.1754-0.0092i)
   E0E0+E1-E0+E1- S2= 0.0 Sz= 0.0 P=0 :    2.90536 (c= 0.1702-0.0090i)
   E0E1-E0+E0E1 S2= 0.0 Sz= 0.0 P=0 :    2.56009 (c=-0.1598+0.0084i)
   E0E1-E0+E1E0 S2= 0.0 Sz= 0.0 P=0 :    2.38747 (c=-0.1543+0.0081i)
 Psi  72: E = -2679.9249 au  ΔE=     0.4346 au     11.825 eV    95374.0 cm**-1
   E1E0E1-E0+E0 S2= 0.0 Sz= 0.0 P=0 :    31.6594 (c=-0.4074-0.3880i)
   E0E1E1-E0+E0 S2= 0.0 Sz= 0.0 P=0 :    23.4946 (c=-0.3510-0.3343i)
   E1E0E0+E1-E0 S2= 0.0 Sz= 0.0 P=0 :    5.22897 (c=-0.1656-0.1577i)
   E1-E1E0E0+E0 S2= 0.0 Sz= 0.0 P=0 :    4.60002 (c= 0.1553+0.1479i)
   E0E1-E0+E0E1 S2= 0.0 Sz= 0.0 P=0 :    4.44056 (c=-0.1526-0.1453i)
   E0E1E0+E1-E0 S2= 0.0 Sz= 0.0 P=0 :    4.05713 (c=-0.1459-0.1389i)
   E1-E0+E0E0E1 S2= 0.0 Sz= 0.0 P=0 :    4.00569 (c= 0.1449+0.1380i)
   E1-E0+E1E0E0 S2= 0.0 Sz= 0.0 P=0 :    2.84472 (c=-0.1221-0.1163i)
   E1-E0+E1-E0+E0 S2= 0.0 Sz= 0.0 P=0 :    2.21126 (c= 0.1077+0.1026i)
 Psi  73: E = -2679.9246 au  ΔE=     0.4349 au     11.834 eV    95450.9 cm**-1
   E0E1E0E1-E0+ S2= 0.0 Sz= 0.0 P=0 :     25.026 (c= 0.3820+0.3230i)
   E0+E1-E0E1E0 S2= 0.0 Sz= 0.0 P=0 :    14.4092 (c= 0.2899+0.2451i)
   E0E0E1E1-E0+ S2= 0.0 Sz= 0.0 P=0 :    10.0191 (c= 0.2417+0.2044i)
   E1E0E0E1-E0+ S2= 0.0 Sz= 0.0 P=0 :    9.63833 (c= 0.2371+0.2004i)
   E0+E1-E1E0E0 S2= 0.0 Sz= 0.0 P=0 :    6.86529 (c= 0.2001+0.1692i)
   E0+E1-E0E0E1 S2= 0.0 Sz= 0.0 P=0 :    5.30226 (c= 0.1758+0.1487i)
   E0E1-E1E0E0+ S2= 0.0 Sz= 0.0 P=0 :     5.0597 (c= 0.1718+0.1452i)
   E0E1-E0+E0E1 S2= 0.0 Sz= 0.0 P=0 :    3.79047 (c=-0.1487-0.1257i)
   E0E1-E0+E1E0 S2= 0.0 Sz= 0.0 P=0 :    3.35361 (c=-0.1398-0.1182i)
   E1-E0+E0E0E1 S2= 0.0 Sz= 0.0 P=0 :    2.15986 (c= 0.1122+0.0949i)
 Psi  74: E = -2679.9245 au  ΔE=     0.4350 au     11.837 eV    95468.7 cm**-1
   E0+E1-E0E1E0 S2= 0.0 Sz= 0.0 P=0 :    24.3493 (c= 0.3915+0.3004i)
   E0+E1-E0E0E1 S2= 0.0 Sz= 0.0 P=0 :    10.7242 (c= 0.2598+0.1994i)
   E0+E1-E1E0E0 S2= 0.0 Sz= 0.0 P=0 :    10.0653 (c= 0.2517+0.1931i)
   E0E1E0E1-E0+ S2= 0.0 Sz= 0.0 P=0 :    9.85964 (c=-0.2491-0.1912i)
   E0E0E1E0+E1- S2= 0.0 Sz= 0.0 P=0 :    4.78793 (c=-0.1736-0.1332i)
   E1E0E0E1-E0+ S2= 0.0 Sz= 0.0 P=0 :    4.70494 (c=-0.1721-0.1320i)
   E0E0E1E1-E0+ S2= 0.0 Sz= 0.0 P=0 :    3.25026 (c=-0.1430-0.1098i)
   E1E0E0E0+E1- S2= 0.0 Sz= 0.0 P=0 :     3.1642 (c= 0.1411+0.1083i)
   E1E0E0+E1-E0 S2= 0.0 Sz= 0.0 P=0 :      3.028 (c=-0.1381-0.1059i)
   E0E1-E0+E0E1 S2= 0.0 Sz= 0.0 P=0 :     3.0077 (c= 0.1376+0.1056i)
   E1-E0+E1E0E0 S2= 0.0 Sz= 0.0 P=0 :     2.9949 (c= 0.1373+0.1054i)
   E0+E0E1E1-E0 S2= 0.0 Sz= 0.0 P=0 :    2.93853 (c=-0.1360-0.1044i)
   E0E1E0+E1-E0 S2= 0.0 Sz= 0.0 P=0 :     2.7181 (c=-0.1308-0.1004i)
   E0E1-E0+E1E0 S2= 0.0 Sz= 0.0 P=0 :    2.62153 (c= 0.1285+0.0986i)
 Psi  75: E = -2679.9243 au  ΔE=     0.4352 au     11.841 eV    95505.5 cm**-1
   E1E0E0E0+E1- S2= 0.0 Sz= 0.0 P=0 :     40.078 (c=-0.3590+0.5214i)
   E0E0E1E0+E1- S2= 0.0 Sz= 0.0 P=0 :    35.7235 (c= 0.3390-0.4923i)
   E0+E1-E0E1E0 S2= 0.0 Sz= 0.0 P=0 :    4.31287 (c= 0.1178-0.1710i)
   E0E0+E1-E0E1 S2= 0.0 Sz= 0.0 P=0 :    2.75733 (c=-0.0942+0.1368i)
   E0E0+E1-E1E0 S2= 0.0 Sz= 0.0 P=0 :    2.18554 (c=-0.0838+0.1218i)
   E0E0+E1E0E1- S2= 0.0 Sz= 0.0 P=0 :    2.03009 (c= 0.0808-0.1174i)
 Psi  76: E = -2679.9242 au  ΔE=     0.4352 au     11.843 eV    95522.8 cm**-1
   E1-E0+E0E0E1 S2= 0.0 Sz= 0.0 P=0 :    37.3837 (c= 0.5027-0.3481i)
   E1-E0+E1E0E0 S2= 0.0 Sz= 0.0 P=0 :    34.0569 (c=-0.4798+0.3322i)
   E1E0E1-E0+E0 S2= 0.0 Sz= 0.0 P=0 :    4.09128 (c= 0.1663-0.1151i)
   E0E1E0E1-E0+ S2= 0.0 Sz= 0.0 P=0 :    3.67408 (c=-0.1576+0.1091i)
   E1-E0E1E0+E0 S2= 0.0 Sz= 0.0 P=0 :    2.89297 (c= 0.1398-0.0968i)
   E1E1-E0+E0E0 S2= 0.0 Sz= 0.0 P=0 :     2.4856 (c= 0.1296-0.0897i)
   E0E1E1-E0+E0 S2= 0.0 Sz= 0.0 P=0 :    2.37278 (c= 0.1266-0.0877i)
   E0E1-E0+E0E1 S2= 0.0 Sz= 0.0 P=0 :     2.2643 (c= 0.1237-0.0857i)
 Psi  77: E = -2679.9233 au  ΔE=     0.4362 au     11.869 eV    95731.5 cm**-1
   E0+E0E1E1-E0 S2= 0.0 Sz= 0.0 P=0 :    61.7495 (c= 0.6039+0.5028i)
   E0+E1E0E1-E0 S2= 0.0 Sz= 0.0 P=0 :    11.4094 (c= 0.2596+0.2161i)
   E0+E0E1E0E1- S2= 0.0 Sz= 0.0 P=0 :    5.98187 (c=-0.1879-0.1565i)
   E0+E1-E0E1E0 S2= 0.0 Sz= 0.0 P=0 :    3.74774 (c= 0.1488+0.1239i)
   E0+E1-E0E0E1 S2= 0.0 Sz= 0.0 P=0 :    3.62021 (c= 0.1462+0.1218i)
   E0E0+E1E1-E0 S2= 0.0 Sz= 0.0 P=0 :    2.02615 (c= 0.1094+0.0911i)
 Psi  78: E = -2679.9232 au  ΔE=     0.4363 au     11.872 eV    95753.3 cm**-1
   E0E1-E1E0E0+ S2= 0.0 Sz= 0.0 P=0 :    47.7273 (c=-0.2296+0.6516i)
   E0E1-E0E1E0+ S2= 0.0 Sz= 0.0 P=0 :    19.1219 (c=-0.1454+0.4124i)
   E1E0E0E1-E0+ S2= 0.0 Sz= 0.0 P=0 :    6.84405 (c= 0.0870-0.2467i)
   E0E1E0E1-E0+ S2= 0.0 Sz= 0.0 P=0 :    6.26183 (c= 0.0832-0.2360i)
   E1-E0E1E0E0+ S2= 0.0 Sz= 0.0 P=0 :    4.44551 (c= 0.0701-0.1989i)
   E1-E0E0E1E0+ S2= 0.0 Sz= 0.0 P=0 :    3.00927 (c= 0.0577-0.1636i)
   E0E1-E0+E1E0 S2= 0.0 Sz= 0.0 P=0 :    2.22913 (c= 0.0496-0.1408i)
   E1-E0E1E0+E0 S2= 0.0 Sz= 0.0 P=0 :    2.05912 (c= 0.0477-0.1353i)
 Psi  79: E = -2679.9230 au  ΔE=     0.4365 au     11.877 eV    95794.2 cm**-1
   E0+E1E0E1-E0 S2= 0.0 Sz= 0.0 P=0 :    58.6315 (c= 0.7457+0.1740i)
   E0+E0E1E1-E0 S2= 0.0 Sz= 0.0 P=0 :    11.5523 (c=-0.3310-0.0772i)
   E0+E1E0E0E1- S2= 0.0 Sz= 0.0 P=0 :    8.73006 (c=-0.2877-0.0671i)
   E1E0E0+E1-E0 S2= 0.0 Sz= 0.0 P=0 :    5.96508 (c= 0.2378+0.0555i)
   E0E0E0+E1-E1 S2= 0.0 Sz= 0.0 P=0 :    2.76447 (c= 0.1619+0.0378i)
   E0E1+E0E1-E0 S2= 0.0 Sz= 0.0 P=0 :    2.73621 (c= 0.1611+0.0376i)
 Psi  80: E = -2679.9228 au  ΔE=     0.4366 au     11.881 eV    95825.1 cm**-1
   E0E0E0+E1-E1 S2= 0.0 Sz= 0.0 P=0 :    71.3913 (c=-0.8342-0.1344i)
   E0E0E1-E0+E1 S2= 0.0 Sz= 0.0 P=0 :    7.05342 (c= 0.2622+0.0422i)
   E1E1-E0+E0E0 S2= 0.0 Sz= 0.0 P=0 :    3.29337 (c= 0.1792+0.0289i)
   E0+E1E0E1-E0 S2= 0.0 Sz= 0.0 P=0 :    2.95489 (c= 0.1697+0.0273i)
   E0+E0E1E1-E0 S2= 0.0 Sz= 0.0 P=0 :    2.46755 (c=-0.1551-0.0250i)
 Psi  81: E = -2679.9227 au  ΔE=     0.4368 au     11.886 eV    95865.0 cm**-1
   E1E1-E0+E0E0 S2= 0.0 Sz= 0.0 P=0 :    58.6117 (c=-0.2042-0.7378i)
   E1E0+E1-E0E0 S2= 0.0 Sz= 0.0 P=0 :     11.934 (c= 0.0922+0.3329i)
   E1-E0+E0E1E0 S2= 0.0 Sz= 0.0 P=0 :    6.89634 (c=-0.0701-0.2531i)
   E0E0E0+E1-E1 S2= 0.0 Sz= 0.0 P=0 :    5.70352 (c=-0.0637-0.2302i)
   E1-E0+E0E0E1 S2= 0.0 Sz= 0.0 P=0 :    5.55244 (c= 0.0629+0.2271i)
 Psi  82: E = -2679.9224 au  ΔE=     0.4371 au     11.893 eV    95925.7 cm**-1
   E0E1-E0E1E0+ S2= 0.0 Sz= 0.0 P=0 :    43.6759 (c= 0.5470+0.3708i)
   E0E1-E1E0E0+ S2= 0.0 Sz= 0.0 P=0 :    19.8907 (c=-0.3692-0.2502i)
   E1-E0E0E1E0+ S2= 0.0 Sz= 0.0 P=0 :    6.42457 (c=-0.2098-0.1422i)
   E0E0E1-E0+E1 S2= 0.0 Sz= 0.0 P=0 :    6.41844 (c=-0.2097-0.1421i)
   E0E1E0E0+E1- S2= 0.0 Sz= 0.0 P=0 :     3.7289 (c=-0.1598-0.1083i)
   E0E1-E0+E0E1 S2= 0.0 Sz= 0.0 P=0 :    2.79507 (c=-0.1384-0.0938i)
   E1E0E0E0+E1- S2= 0.0 Sz= 0.0 P=0 :    2.06933 (c= 0.1191+0.0807i)
 Psi  83: E = -2679.9222 au  ΔE=     0.4372 au     11.897 eV    95959.0 cm**-1
   E1E0+E1-E0E0 S2= 0.0 Sz= 0.0 P=0 :    28.8858 (c= 0.5237+0.1210i)
   E1-E0+E0E1E0 S2= 0.0 Sz= 0.0 P=0 :    16.0262 (c= 0.3901+0.0901i)
   E0E1E0E0+E1- S2= 0.0 Sz= 0.0 P=0 :    13.3969 (c= 0.3566+0.0824i)
   E1-E0+E1E0E0 S2= 0.0 Sz= 0.0 P=0 :     11.466 (c=-0.3299-0.0762i)
   E0E0E1E0+E1- S2= 0.0 Sz= 0.0 P=0 :    9.97636 (c=-0.3078-0.0711i)
   E1-E0+E0E0E1 S2= 0.0 Sz= 0.0 P=0 :    7.14029 (c=-0.2604-0.0601i)
   E1E0E0E0+E1- S2= 0.0 Sz= 0.0 P=0 :    5.89707 (c=-0.2366-0.0546i)
 Psi  84: E = -2679.9222 au  ΔE=     0.4373 au     11.899 eV    95972.7 cm**-1
   E0E1E0E0+E1- S2= 0.0 Sz= 0.0 P=0 :    22.7129 (c=-0.2693-0.3932i)
   E1E0+E1-E0E0 S2= 0.0 Sz= 0.0 P=0 :    21.0952 (c= 0.2596+0.3789i)
   E0E0E1E0+E1- S2= 0.0 Sz= 0.0 P=0 :    16.9531 (c= 0.2327+0.3397i)
   E1E0E0E0+E1- S2= 0.0 Sz= 0.0 P=0 :    10.0946 (c= 0.1795+0.2621i)
   E0E1-E0E1E0+ S2= 0.0 Sz= 0.0 P=0 :    5.94475 (c=-0.1378-0.2012i)
   E1-E0+E0E1E0 S2= 0.0 Sz= 0.0 P=0 :    4.37733 (c= 0.1182+0.1726i)
   E0E0E1-E0+E1 S2= 0.0 Sz= 0.0 P=0 :    3.37433 (c=-0.1038-0.1515i)
   E1-E0+E1E0E0 S2= 0.0 Sz= 0.0 P=0 :     3.0064 (c=-0.0980-0.1430i)
 Psi  85: E = -2679.9219 au  ΔE=     0.4375 au     11.906 eV    96029.3 cm**-1
   E0E0E1-E0+E1 S2= 0.0 Sz= 0.0 P=0 :    64.5973 (c= 0.5491+0.5869i)
   E0E0E0+E1-E1 S2= 0.0 Sz= 0.0 P=0 :    6.89011 (c= 0.1793+0.1917i)
   E0E0E1E1-E0+ S2= 0.0 Sz= 0.0 P=0 :    5.62922 (c=-0.1621-0.1733i)
   E1E0E0E1-E0+ S2= 0.0 Sz= 0.0 P=0 :    3.73344 (c= 0.1320+0.1411i)
   E0E1E0E0+E1- S2= 0.0 Sz= 0.0 P=0 :    2.99836 (c=-0.1183-0.1265i)
   E0E0E1E0+E1- S2= 0.0 Sz= 0.0 P=0 :    2.87782 (c= 0.1159+0.1239i)
   E0E1-E0E1E0+ S2= 0.0 Sz= 0.0 P=0 :     2.0732 (c= 0.0984+0.1051i)
 Psi  86: E = -2679.9219 au  ΔE=     0.4376 au     11.907 eV    96039.8 cm**-1
   E1E0+E1-E0E0 S2= 0.0 Sz= 0.0 P=0 :    27.7846 (c= 0.5192-0.0907i)
   E1E1-E0+E0E0 S2= 0.0 Sz= 0.0 P=0 :    21.6754 (c= 0.4586-0.0801i)
   E1-E0+E1E0E0 S2= 0.0 Sz= 0.0 P=0 :    16.3504 (c= 0.3983-0.0696i)
   E1-E0+E0E1E0 S2= 0.0 Sz= 0.0 P=0 :    14.8368 (c=-0.3794+0.0663i)
   E1-E0+E0E0E1 S2= 0.0 Sz= 0.0 P=0 :    5.46488 (c= 0.2303-0.0402i)
 Psi  87: E = -2679.9213 au  ΔE=     0.4381 au     11.922 eV    96157.3 cm**-1
   E0E0+E1-E1E0 S2= 0.0 Sz= 0.0 P=0 :     20.023 (c= 0.3923+0.2153i)
   E0E0+E1-E0E1 S2= 0.0 Sz= 0.0 P=0 :    19.5642 (c=-0.3878-0.2128i)
   E0E1-E0+E1E0 S2= 0.0 Sz= 0.0 P=0 :     11.633 (c=-0.2990-0.1641i)
   E1E0E1-E0+E0 S2= 0.0 Sz= 0.0 P=0 :     10.492 (c=-0.2840-0.1558i)
   E0E1E1-E0+E0 S2= 0.0 Sz= 0.0 P=0 :     10.394 (c= 0.2826+0.1551i)
   E0E1-E0+E0E1 S2= 0.0 Sz= 0.0 P=0 :    8.86309 (c= 0.2610+0.1432i)
   E0E1E0+E1-E0 S2= 0.0 Sz= 0.0 P=0 :    6.75191 (c=-0.2278-0.1250i)
   E1E0E0+E1-E0 S2= 0.0 Sz= 0.0 P=0 :     4.8754 (c= 0.1936+0.1062i)
 Psi  88: E = -2679.9211 au  ΔE=     0.4384 au     11.928 eV    96207.8 cm**-1
   E0E1E1-E0+E0 S2= 0.0 Sz= 0.0 P=0 :    19.7479 (c= 0.3889+0.2150i)
   E0E0+E1-E1E0 S2= 0.0 Sz= 0.0 P=0 :    18.3991 (c=-0.3754-0.2075i)
   E0E0+E1-E0E1 S2= 0.0 Sz= 0.0 P=0 :    16.2604 (c= 0.3529+0.1951i)
   E1E0E1-E0+E0 S2= 0.0 Sz= 0.0 P=0 :    16.1082 (c=-0.3512-0.1942i)
   E0E1E0+E1-E0 S2= 0.0 Sz= 0.0 P=0 :    11.6684 (c=-0.2989-0.1653i)
   E1E0E0+E1-E0 S2= 0.0 Sz= 0.0 P=0 :    7.84162 (c= 0.2451+0.1355i)
 Psi  89: E = -2679.9210 au  ΔE=     0.4385 au     11.932 eV    96236.2 cm**-1
   E0+E1-E0E0E1 S2= 0.0 Sz= 0.0 P=0 :    30.6407 (c=-0.5529-0.0256i)
   E0+E1-E1E0E0 S2= 0.0 Sz= 0.0 P=0 :    26.1309 (c= 0.5106+0.0236i)
   E1E0E0+E1-E0 S2= 0.0 Sz= 0.0 P=0 :    6.20976 (c=-0.2489-0.0115i)
   E0E1-E0+E1E0 S2= 0.0 Sz= 0.0 P=0 :    5.65571 (c=-0.2376-0.0110i)
   E0E1E0+E1-E0 S2= 0.0 Sz= 0.0 P=0 :    4.79034 (c= 0.2186+0.0101i)
   E0E1-E0+E0E1 S2= 0.0 Sz= 0.0 P=0 :    4.76046 (c= 0.2180+0.0101i)
   E0E0+E1-E1E0 S2= 0.0 Sz= 0.0 P=0 :    3.52548 (c=-0.1876-0.0087i)
   E0E0+E1-E0E1 S2= 0.0 Sz= 0.0 P=0 :     3.3516 (c= 0.1829+0.0085i)
   E1E0E0E1-E0+ S2= 0.0 Sz= 0.0 P=0 :     2.7011 (c= 0.1642+0.0076i)
   E0E1E1-E0+E0 S2= 0.0 Sz= 0.0 P=0 :    2.50182 (c= 0.1580+0.0073i)
   E1E0E1-E0+E0 S2= 0.0 Sz= 0.0 P=0 :    2.47549 (c=-0.1572-0.0073i)
 Psi  90: E = -2679.9208 au  ΔE=     0.4386 au     11.936 eV    96271.9 cm**-1
   E0+E1-E1E0E0 S2= 0.0 Sz= 0.0 P=0 :    16.2999 (c= 0.0055+0.4037i)
   E0+E1-E0E0E1 S2= 0.0 Sz= 0.0 P=0 :    15.5488 (c=-0.0053-0.3943i)
   E0E1E0+E1-E0 S2= 0.0 Sz= 0.0 P=0 :    11.6218 (c=-0.0046-0.3409i)
   E1E0E0E1-E0+ S2= 0.0 Sz= 0.0 P=0 :    9.58955 (c=-0.0042-0.3096i)
   E0E1-E0+E0E1 S2= 0.0 Sz= 0.0 P=0 :    8.57003 (c=-0.0040-0.2927i)
   E0E1-E0+E1E0 S2= 0.0 Sz= 0.0 P=0 :    7.52963 (c= 0.0037+0.2744i)
   E1E0E0+E1-E0 S2= 0.0 Sz= 0.0 P=0 :    6.81083 (c= 0.0035+0.2610i)
   E0E0E1E1-E0+ S2= 0.0 Sz= 0.0 P=0 :     6.3691 (c= 0.0034+0.2523i)
   E1E0+E1-E0E0 S2= 0.0 Sz= 0.0 P=0 :    2.26197 (c= 0.0020+0.1504i)
   E1E0E1-E0+E0 S2= 0.0 Sz= 0.0 P=0 :    2.11466 (c= 0.0020+0.1454i)
 Psi  91: E = -2679.9206 au  ΔE=     0.4389 au     11.942 eV    96316.9 cm**-1
   E1E0E0E1-E0+ S2= 0.0 Sz= 0.0 P=0 :    31.9718 (c= 0.1589+0.5427i)
   E0E0E1E1-E0+ S2= 0.0 Sz= 0.0 P=0 :    28.7151 (c=-0.1506-0.5143i)
   E0E1E0+E1-E0 S2= 0.0 Sz= 0.0 P=0 :    8.40266 (c=-0.0815-0.2782i)
   E1E0E0+E1-E0 S2= 0.0 Sz= 0.0 P=0 :    6.87435 (c= 0.0737+0.2516i)
   E0E0E1-E0+E1 S2= 0.0 Sz= 0.0 P=0 :    6.36892 (c=-0.0709-0.2422i)
   E0E1-E0+E1E0 S2= 0.0 Sz= 0.0 P=0 :    2.97122 (c= 0.0484+0.1654i)
   E0E0E1-E1E0+ S2= 0.0 Sz= 0.0 P=0 :    2.07977 (c=-0.0405-0.1384i)
 Psi  92: E = -2679.9203 au  ΔE=     0.4391 au     11.949 eV    96375.7 cm**-1
   E0E1-E0+E1E0 S2= 0.0 Sz= 0.0 P=0 :     24.842 (c= 0.0120-0.4983i)
   E0E1E1-E0+E0 S2= 0.0 Sz= 0.0 P=0 :    15.1043 (c= 0.0093-0.3885i)
   E0E1-E0+E0E1 S2= 0.0 Sz= 0.0 P=0 :    14.3417 (c=-0.0091+0.3786i)
   E0E1E0+E1-E0 S2= 0.0 Sz= 0.0 P=0 :    10.3536 (c= 0.0077-0.3217i)
   E1E0E1-E0+E0 S2= 0.0 Sz= 0.0 P=0 :    9.77671 (c=-0.0075+0.3126i)
   E1E0E0+E1-E0 S2= 0.0 Sz= 0.0 P=0 :    6.75233 (c=-0.0062+0.2598i)
   E0E0+E1-E1E0 S2= 0.0 Sz= 0.0 P=0 :    5.74934 (c= 0.0058-0.2397i)
   E0E0+E1-E0E1 S2= 0.0 Sz= 0.0 P=0 :    4.45577 (c=-0.0051+0.2110i)
 Psi  93: E = -2679.9185 au  ΔE=     0.4410 au     12.000 eV    96787.7 cm**-1
   E0+E1-E0E1E0 S2= 0.0 Sz= 0.0 P=0 :    42.8584 (c=-0.1438+0.6387i)
   E0+E1-E1E0E0 S2= 0.0 Sz= 0.0 P=0 :    27.0755 (c= 0.1143-0.5076i)
   E0+E1-E0E0E1 S2= 0.0 Sz= 0.0 P=0 :    25.4406 (c= 0.1108-0.4921i)
 Psi  94: E = -2679.9183 au  ΔE=     0.4411 au     12.003 eV    96812.4 cm**-1
   E0E1E0E1-E0+ S2= 0.0 Sz= 0.0 P=0 :    41.4243 (c= 0.6421+0.0438i)
   E0E0E1E1-E0+ S2= 0.0 Sz= 0.0 P=0 :    30.3439 (c=-0.5496-0.0375i)
   E1E0E0E1-E0+ S2= 0.0 Sz= 0.0 P=0 :    22.1593 (c=-0.4696-0.0320i)
 Psi  95: E = -2679.9168 au  ΔE=     0.4426 au     12.045 eV    97149.1 cm**-1
   E0+E0E0E1E1- S2= 0.0 Sz= 0.0 P=0 :    83.7867 (c=-0.6848-0.6073i)
   E0E0+E0E1E1- S2= 0.0 Sz= 0.0 P=0 :    6.74675 (c=-0.1943-0.1723i)
   E0+E1E0E0E1- S2= 0.0 Sz= 0.0 P=0 :    3.16312 (c= 0.1331+0.1180i)
   E0+E0E1E0E1- S2= 0.0 Sz= 0.0 P=0 :     2.4336 (c=-0.1167-0.1035i)
 Psi  96: E = -2679.9167 au  ΔE=     0.4427 au     12.047 eV    97169.0 cm**-1
   E1-E1E0E0E0+ S2= 0.0 Sz= 0.0 P=0 :    69.7993 (c=-0.7235+0.4178i)
   E1-E0E1E0E0+ S2= 0.0 Sz= 0.0 P=0 :    16.6738 (c=-0.3536+0.2042i)
   E1-E1E0E0+E0 S2= 0.0 Sz= 0.0 P=0 :    5.42111 (c=-0.2016+0.1164i)
   E1-E0E0E1E0+ S2= 0.0 Sz= 0.0 P=0 :    2.52256 (c=-0.1375+0.0794i)
 Psi  97: E = -2679.9162 au  ΔE=     0.4433 au     12.062 eV    97282.7 cm**-1
   E0+E1E0E0E1- S2= 0.0 Sz= 0.0 P=0 :    67.9413 (c= 0.2397+0.7886i)
   E0+E0E1E0E1- S2= 0.0 Sz= 0.0 P=0 :    14.8828 (c= 0.1122+0.3691i)
   E0+E1E0E1-E0 S2= 0.0 Sz= 0.0 P=0 :    9.49009 (c= 0.0896+0.2947i)
 Psi  98: E = -2679.9160 au  ΔE=     0.4435 au     12.067 eV    97326.7 cm**-1
   E1-E0E0E1E0+ S2= 0.0 Sz= 0.0 P=0 :    56.7712 (c=-0.0845-0.7487i)
   E1-E0E1E0E0+ S2= 0.0 Sz= 0.0 P=0 :    15.3727 (c=-0.0440-0.3896i)
   E1-E1E0E0E0+ S2= 0.0 Sz= 0.0 P=0 :    12.6815 (c= 0.0400+0.3539i)
   E0E1-E0E1E0+ S2= 0.0 Sz= 0.0 P=0 :    8.39686 (c=-0.0325-0.2879i)
 Psi  99: E = -2679.9152 au  ΔE=     0.4442 au     12.088 eV    97497.3 cm**-1
   E0+E0E1E0E1- S2= 0.0 Sz= 0.0 P=0 :    66.3328 (c= 0.7757-0.2484i)
   E0+E1E0E0E1- S2= 0.0 Sz= 0.0 P=0 :    13.6663 (c=-0.3521+0.1127i)
   E0+E0E1E1-E0 S2= 0.0 Sz= 0.0 P=0 :    6.02057 (c= 0.2337-0.0748i)
   E0+E0E0E1E1- S2= 0.0 Sz= 0.0 P=0 :    5.58846 (c=-0.2251+0.0721i)
   E0E0+E1E0E1- S2= 0.0 Sz= 0.0 P=0 :    3.76822 (c= 0.1849-0.0592i)
 Psi 100: E = -2679.9149 au  ΔE=     0.4445 au     12.096 eV    97561.7 cm**-1
   E1-E0E1E0E0+ S2= 0.0 Sz= 0.0 P=0 :    49.8532 (c=-0.4720+0.5251i)
   E1-E0E0E1E0+ S2= 0.0 Sz= 0.0 P=0 :    26.4152 (c= 0.3436-0.3822i)
   E1-E1E0E0E0+ S2= 0.0 Sz= 0.0 P=0 :    8.34938 (c= 0.1932-0.2149i)
   E0E1-E1E0E0+ S2= 0.0 Sz= 0.0 P=0 :    6.03016 (c=-0.1642+0.1826i)
   E1-E0E1E0+E0 S2= 0.0 Sz= 0.0 P=0 :    3.79133 (c=-0.1302+0.1448i)
   E0E1-E0E1E0+ S2= 0.0 Sz= 0.0 P=0 :    3.34172 (c= 0.1222-0.1359i)
 Psi 101: E = -2679.9088 au  ΔE=     0.4507 au     12.264 eV    98914.2 cm**-1
   E0E0E0+E0E2- S2= 0.0 Sz= 0.0 P=0 :     94.118 (c=-0.2964-0.9237i)
   E0E0+E0E0E2- S2= 0.0 Sz= 0.0 P=0 :    3.75828 (c= 0.0592+0.1846i)
 Psi 102: E = -2679.9088 au  ΔE=     0.4507 au     12.264 eV    98918.1 cm**-1
   E2-E0E0+E0E0 S2= 0.0 Sz= 0.0 P=0 :    93.8922 (c= 0.9689+0.0140i)
   E2-E0E0E0+E0 S2= 0.0 Sz= 0.0 P=0 :    3.76356 (c=-0.1940-0.0028i)
 Psi 103: E = -2679.9077 au  ΔE=     0.4517 au     12.292 eV    99142.9 cm**-1
   E0E0+E1-E0+E1- S2= 0.0 Sz= 0.0 P=0 :    80.8842 (c=-0.5930+0.6762i)
   E0E0+E0E2-E0 S2= 0.0 Sz= 0.0 P=0 :    8.35953 (c=-0.1906+0.2174i)
   E0E0E1+E0E1- S2= 0.0 Sz= 0.0 P=0 :    3.39218 (c= 0.1214-0.1385i)
   E0E0+E1-E0E1 S2= 0.0 Sz= 0.0 P=0 :     2.4048 (c=-0.1022+0.1166i)
 Psi 104: E = -2679.9075 au  ΔE=     0.4520 au     12.299 eV    99199.7 cm**-1
   E1-E0+E1-E0+E0 S2= 0.0 Sz= 0.0 P=0 :    62.0316 (c= 0.0278+0.7871i)
   E0E2-E0E0+E0 S2= 0.0 Sz= 0.0 P=0 :    26.0514 (c= 0.0180+0.5101i)
   E1-E0E1+E0E0 S2= 0.0 Sz= 0.0 P=0 :    4.92127 (c=-0.0078-0.2217i)
 Psi 105: E = -2679.9065 au  ΔE=     0.4529 au     12.325 eV    99410.0 cm**-1
   E0E2-E0E0+E0 S2= 0.0 Sz= 0.0 P=0 :    67.5585 (c=-0.0303+0.8214i)
   E1-E0+E1-E0+E0 S2= 0.0 Sz= 0.0 P=0 :    19.7002 (c= 0.0164-0.4435i)
   E1-E0E1+E0E0 S2= 0.0 Sz= 0.0 P=0 :    4.64707 (c=-0.0079+0.2154i)
   E0E2-E0E0E0+ S2= 0.0 Sz= 0.0 P=0 :    2.15544 (c= 0.0054-0.1467i)
   E0E1E1-E0+E0 S2= 0.0 Sz= 0.0 P=0 :    2.05225 (c= 0.0053-0.1432i)
 Psi 106: E = -2679.9062 au  ΔE=     0.4532 au     12.333 eV    99469.2 cm**-1
   E0E0+E0E2-E0 S2= 0.0 Sz= 0.0 P=0 :    83.8994 (c= 0.8452-0.3530i)
   E0E0+E1-E0+E1- S2= 0.0 Sz= 0.0 P=0 :    6.76807 (c=-0.2401+0.1002i)
   E0E0+E0E1E1- S2= 0.0 Sz= 0.0 P=0 :    3.10747 (c= 0.1627-0.0679i)
   E0+E0E0E2-E0 S2= 0.0 Sz= 0.0 P=0 :    2.70996 (c=-0.1519+0.0634i)
 Psi 107: E = -2679.9050 au  ΔE=     0.4545 au     12.368 eV    99751.3 cm**-1
   E1-E0E1+E0E0 S2= 0.0 Sz= 0.0 P=0 :    87.0953 (c=-0.5909-0.7224i)
   E1-E0+E1-E0+E0 S2= 0.0 Sz= 0.0 P=0 :    6.90291 (c=-0.1663-0.2034i)
 Psi 108: E = -2679.9045 au  ΔE=     0.4550 au     12.380 eV    99851.3 cm**-1
   E0E0E2-E0E0+ S2= 0.0 Sz= 0.0 P=0 :    53.8614 (c= 0.7296-0.0794i)
   E0E1-E0+E1-E0+ S2= 0.0 Sz= 0.0 P=0 :    30.4142 (c= 0.5483-0.0596i)
   E0E1-E0E1+E0 S2= 0.0 Sz= 0.0 P=0 :    12.4067 (c=-0.3502+0.0381i)
 Psi 109: E = -2679.9045 au  ΔE=     0.4550 au     12.381 eV    99856.3 cm**-1
   E0+E1-E0+E1-E0 S2= 0.0 Sz= 0.0 P=0 :    47.3645 (c=-0.3318-0.6030i)
   E0E0E1+E0E1- S2= 0.0 Sz= 0.0 P=0 :    21.0674 (c=-0.2213-0.4021i)
   E0+E0E2-E0E0 S2= 0.0 Sz= 0.0 P=0 :    17.9341 (c=-0.2042-0.3710i)
   E0E1+E0E1-E0 S2= 0.0 Sz= 0.0 P=0 :    7.58309 (c= 0.1328+0.2413i)
 Psi 110: E = -2679.9045 au  ΔE=     0.4550 au     12.381 eV    99860.6 cm**-1
   E0E0E1+E0E1- S2= 0.0 Sz= 0.0 P=0 :    68.8169 (c=-0.2236+0.7989i)
   E0+E1-E0+E1-E0 S2= 0.0 Sz= 0.0 P=0 :    15.9566 (c= 0.1077-0.3847i)
   E0+E0E2-E0E0 S2= 0.0 Sz= 0.0 P=0 :    3.72486 (c= 0.0520-0.1859i)
   E0E0+E1E0E1- S2= 0.0 Sz= 0.0 P=0 :    3.22762 (c= 0.0484-0.1730i)
   E0E1+E0E1-E0 S2= 0.0 Sz= 0.0 P=0 :    2.65418 (c=-0.0439+0.1569i)
   E0E0+E1-E0+E1- S2= 0.0 Sz= 0.0 P=0 :    2.18265 (c=-0.0398+0.1423i)
 Psi 111: E = -2679.9039 au  ΔE=     0.4556 au     12.397 eV    99986.5 cm**-1
   E0E1-E0E1+E0 S2= 0.0 Sz= 0.0 P=0 :    44.5363 (c= 0.5348+0.3992i)
   E0E0E2-E0E0+ S2= 0.0 Sz= 0.0 P=0 :    36.9868 (c= 0.4874+0.3638i)
   E0E1-E0+E1-E0+ S2= 0.0 Sz= 0.0 P=0 :    13.0326 (c=-0.2893-0.2159i)
 Psi 112: E = -2679.9035 au  ΔE=     0.4559 au     12.407 eV   100066.2 cm**-1
   E0+E0E2-E0E0 S2= 0.0 Sz= 0.0 P=0 :    70.9725 (c= 0.4103+0.7358i)
   E0+E1-E0+E1-E0 S2= 0.0 Sz= 0.0 P=0 :     12.332 (c=-0.1710-0.3067i)
   E0E1+E0E1-E0 S2= 0.0 Sz= 0.0 P=0 :    9.49966 (c= 0.1501+0.2692i)
   E0+E0E1E1-E0 S2= 0.0 Sz= 0.0 P=0 :    3.44547 (c= 0.0904+0.1621i)
 Psi 113: E = -2679.9029 au  ΔE=     0.4566 au     12.425 eV   100210.3 cm**-1
   E0E1-E0+E1-E0+ S2= 0.0 Sz= 0.0 P=0 :    46.2518 (c=-0.2572+0.6296i)
   E0E1-E0E1+E0 S2= 0.0 Sz= 0.0 P=0 :     36.333 (c=-0.2280+0.5580i)
   E0E0E2-E0E0+ S2= 0.0 Sz= 0.0 P=0 :    5.97136 (c= 0.0924-0.2262i)
   E0E1-E0E1E0+ S2= 0.0 Sz= 0.0 P=0 :     2.9427 (c=-0.0649+0.1588i)
   E0E1-E0+E1E0 S2= 0.0 Sz= 0.0 P=0 :    2.42038 (c=-0.0588+0.1440i)
 Psi 114: E = -2679.9027 au  ΔE=     0.4568 au     12.430 eV   100250.8 cm**-1
   E0E1+E0E1-E0 S2= 0.0 Sz= 0.0 P=0 :    70.7095 (c= 0.5950+0.5942i)
   E0+E1-E0+E1-E0 S2= 0.0 Sz= 0.0 P=0 :    16.1734 (c= 0.2846+0.2842i)
   E0+E1E0E1-E0 S2= 0.0 Sz= 0.0 P=0 :    4.47078 (c=-0.1496-0.1494i)
   E0E1+E0E0E1- S2= 0.0 Sz= 0.0 P=0 :    2.86216 (c=-0.1197-0.1195i)
 Psi 115: E = -2679.9014 au  ΔE=     0.4581 au     12.465 eV   100540.4 cm**-1
   E1+E0E1-E0E0 S2= 0.0 Sz= 0.0 P=0 :    95.6199 (c= 0.6905-0.6924i)
   E1+E0E0E1-E0 S2= 0.0 Sz= 0.0 P=0 :    2.79902 (c=-0.1181+0.1185i)
 Psi 116: E = -2679.9014 au  ΔE=     0.4581 au     12.466 eV   100542.0 cm**-1
   E0E0E1-E0E1+ S2= 0.0 Sz= 0.0 P=0 :    95.6104 (c=-0.3286-0.9209i)
   E0E1-E0E0E1+ S2= 0.0 Sz= 0.0 P=0 :    2.80344 (c= 0.0563+0.1577i)
 Psi 117: E = -2679.8948 au  ΔE=     0.4646 au     12.643 eV   101969.7 cm**-1
   E2-E0E0E0+E0 S2= 0.0 Sz= 0.0 P=0 :    86.4013 (c= 0.1089-0.9231i)
   E2-E0E0E0E0+ S2= 0.0 Sz= 0.0 P=0 :    7.49276 (c=-0.0321+0.2718i)
   E2-E0E0+E0E0 S2= 0.0 Sz= 0.0 P=0 :    3.69086 (c= 0.0225-0.1908i)
   E1E1-E0E0+E0 S2= 0.0 Sz= 0.0 P=0 :    2.18206 (c= 0.0173-0.1467i)
 Psi 118: E = -2679.8948 au  ΔE=     0.4646 au     12.643 eV   101974.3 cm**-1
   E0E0+E0E0E2- S2= 0.0 Sz= 0.0 P=0 :    86.4846 (c= 0.9173+0.1532i)
   E0+E0E0E0E2- S2= 0.0 Sz= 0.0 P=0 :    7.50518 (c=-0.2702-0.0451i)
   E0E0E0+E0E2- S2= 0.0 Sz= 0.0 P=0 :    3.68626 (c= 0.1894+0.0316i)
   E0E0+E0E1-E1 S2= 0.0 Sz= 0.0 P=0 :    2.05962 (c= 0.1416+0.0236i)
 Psi 119: E = -2679.8916 au  ΔE=     0.4678 au     12.730 eV   102673.7 cm**-1
   E1-E0E0E1+E0 S2= 0.0 Sz= 0.0 P=0 :    73.3035 (c= 0.2266-0.8257i)
   E1-E0E0+E1E0 S2= 0.0 Sz= 0.0 P=0 :    15.3774 (c=-0.1038+0.3782i)
   E1-E0E0+E0E1 S2= 0.0 Sz= 0.0 P=0 :    5.07893 (c=-0.0596+0.2173i)
   E0E1-E0E1+E0 S2= 0.0 Sz= 0.0 P=0 :     2.8851 (c= 0.0449-0.1638i)
 Psi 120: E = -2679.8913 au  ΔE=     0.4682 au     12.740 eV   102755.4 cm**-1
   E0E1+E0E0E1- S2= 0.0 Sz= 0.0 P=0 :    65.5306 (c=-0.7963+0.1455i)
   E0E1E0+E0E1- S2= 0.0 Sz= 0.0 P=0 :    18.2529 (c= 0.4203-0.0768i)
   E1E0E0+E0E1- S2= 0.0 Sz= 0.0 P=0 :    7.32891 (c= 0.2663-0.0487i)
   E0E1+E0E1-E0 S2= 0.0 Sz= 0.0 P=0 :    2.65857 (c=-0.1604+0.0293i)
   E0+E1E0E0E1- S2= 0.0 Sz= 0.0 P=0 :    2.05041 (c= 0.1409-0.0257i)
 Psi 121: E = -2679.8905 au  ΔE=     0.4690 au     12.761 eV   102924.6 cm**-1
   E0E2-E0E0E0+ S2= 0.0 Sz= 0.0 P=0 :    90.5039 (c= 0.3473+0.8857i)
   E0E1E1-E0E0+ S2= 0.0 Sz= 0.0 P=0 :    4.58737 (c= 0.0782+0.1994i)
   E0E2-E0E0+E0 S2= 0.0 Sz= 0.0 P=0 :    2.77199 (c= 0.0608+0.1550i)
 Psi 122: E = -2679.8902 au  ΔE=     0.4693 au     12.770 eV   102993.6 cm**-1
   E0+E0E0E2-E0 S2= 0.0 Sz= 0.0 P=0 :    81.6273 (c=-0.3651+0.8264i)
   E0+E1-E0E0+E1- S2= 0.0 Sz= 0.0 P=0 :    6.61727 (c=-0.1040+0.2353i)
   E0+E0E1-E1E0 S2= 0.0 Sz= 0.0 P=0 :    4.72621 (c=-0.0879+0.1989i)
   E0E0+E0E2-E0 S2= 0.0 Sz= 0.0 P=0 :    2.52621 (c=-0.0642+0.1454i)
 Psi 123: E = -2679.8901 au  ΔE=     0.4694 au     12.773 eV   103019.7 cm**-1
   E0+E1-E0E0+E1- S2= 0.0 Sz= 0.0 P=0 :    60.4496 (c=-0.6438-0.4359i)
   E1-E0+E0E1-E0+ S2= 0.0 Sz= 0.0 P=0 :    18.9202 (c=-0.3602-0.2439i)
   E0+E0E0E2-E0 S2= 0.0 Sz= 0.0 P=0 :    6.58926 (c= 0.2126+0.1439i)
   E0+E1-E0+E0E1- S2= 0.0 Sz= 0.0 P=0 :    3.06618 (c= 0.1450+0.0982i)
   E0E1+E0E0E1- S2= 0.0 Sz= 0.0 P=0 :    3.01458 (c=-0.1438-0.0973i)
 Psi 124: E = -2679.8900 au  ΔE=     0.4694 au     12.773 eV   103024.7 cm**-1
   E1-E0+E0E1-E0+ S2= 0.0 Sz= 0.0 P=0 :    66.4639 (c=-0.7780+0.2436i)
   E0+E1-E0E0+E1- S2= 0.0 Sz= 0.0 P=0 :     17.737 (c= 0.4019-0.1258i)
   E1-E0E0+E1-E0+ S2= 0.0 Sz= 0.0 P=0 :     3.4347 (c= 0.1769-0.0554i)
 Psi 125: E = -2679.8887 au  ΔE=     0.4708 au     12.810 eV   103323.1 cm**-1
   E0E1-E0E0E1+ S2= 0.0 Sz= 0.0 P=0 :    57.6322 (c=-0.7468-0.1366i)
   E0E1-E0E0+E1 S2= 0.0 Sz= 0.0 P=0 :      12.32 (c= 0.3453+0.0632i)
   E1-E0E0+E0E1 S2= 0.0 Sz= 0.0 P=0 :    10.2041 (c= 0.3142+0.0575i)
   E1-E0E0E0E1+ S2= 0.0 Sz= 0.0 P=0 :    8.77639 (c= 0.2914+0.0533i)
   E1-E0E0E1+E0 S2= 0.0 Sz= 0.0 P=0 :    3.17595 (c= 0.1753+0.0321i)
   E1-E0E0+E1E0 S2= 0.0 Sz= 0.0 P=0 :    2.10167 (c= 0.1426+0.0261i)
 Psi 126: E = -2679.8887 au  ΔE=     0.4708 au     12.811 eV   103327.3 cm**-1
   E1+E0E0E1-E0 S2= 0.0 Sz= 0.0 P=0 :    58.2089 (c= 0.4788-0.5940i)
   E1E0+E0E1-E0 S2= 0.0 Sz= 0.0 P=0 :    12.5803 (c=-0.2226+0.2762i)
   E1E0E0+E0E1- S2= 0.0 Sz= 0.0 P=0 :    9.25376 (c=-0.1909+0.2368i)
   E1+E0E0E0E1- S2= 0.0 Sz= 0.0 P=0 :    8.95761 (c=-0.1878+0.2330i)
   E0E1+E0E0E1- S2= 0.0 Sz= 0.0 P=0 :    3.62345 (c=-0.1195+0.1482i)
 Psi 127: E = -2679.8884 au  ΔE=     0.4711 au     12.819 eV   103395.9 cm**-1
   E1-E0E0+E0E1 S2= 0.0 Sz= 0.0 P=0 :    46.2222 (c=-0.6795+0.0215i)
   E1-E0E0+E1E0 S2= 0.0 Sz= 0.0 P=0 :     14.572 (c=-0.3815+0.0121i)
   E0E1-E0E0E1+ S2= 0.0 Sz= 0.0 P=0 :    14.1196 (c=-0.3756+0.0119i)
   E1-E0E0E1+E0 S2= 0.0 Sz= 0.0 P=0 :    12.0612 (c=-0.3471+0.0110i)
   E1-E0+E0E1-E0+ S2= 0.0 Sz= 0.0 P=0 :    4.52408 (c= 0.2126-0.0067i)
   E1-E0E0+E1-E0+ S2= 0.0 Sz= 0.0 P=0 :    2.62797 (c= 0.1620-0.0051i)
   E0E1-E0E0+E1 S2= 0.0 Sz= 0.0 P=0 :    2.06163 (c= 0.1435-0.0045i)
 Psi 128: E = -2679.8883 au  ΔE=     0.4711 au     12.820 eV   103402.4 cm**-1
   E1E0E0+E0E1- S2= 0.0 Sz= 0.0 P=0 :    44.8761 (c=-0.2636+0.6159i)
   E0E1+E0E0E1- S2= 0.0 Sz= 0.0 P=0 :     15.542 (c=-0.1551+0.3624i)
   E1+E0E0E1-E0 S2= 0.0 Sz= 0.0 P=0 :     13.398 (c=-0.1440+0.3365i)
   E0E1E0+E0E1- S2= 0.0 Sz= 0.0 P=0 :    13.2193 (c=-0.1431+0.3343i)
   E0+E1-E0E0+E1- S2= 0.0 Sz= 0.0 P=0 :    4.53129 (c= 0.0838-0.1957i)
   E0+E1-E0+E0E1- S2= 0.0 Sz= 0.0 P=0 :    2.64036 (c= 0.0639-0.1494i)
 Psi 129: E = -2679.8852 au  ΔE=     0.4743 au     12.906 eV   104097.3 cm**-1
   E0+E0E1-E0E1 S2= 0.0 Sz= 0.0 P=0 :    49.8507 (c=-0.2962+0.6409i)
   E0+E0E1-E1E0 S2= 0.0 Sz= 0.0 P=0 :    29.5717 (c=-0.2281+0.4936i)
   E0+E0E1-E0+E1- S2= 0.0 Sz= 0.0 P=0 :    9.35633 (c= 0.1283-0.2777i)
   E0+E0E0E2-E0 S2= 0.0 Sz= 0.0 P=0 :    3.95678 (c= 0.0834-0.1806i)
 Psi 130: E = -2679.8851 au  ΔE=     0.4744 au     12.908 eV   104111.8 cm**-1
   E1E0E1-E0E0+ S2= 0.0 Sz= 0.0 P=0 :    51.0053 (c= 0.7043+0.1182i)
   E0E1E1-E0E0+ S2= 0.0 Sz= 0.0 P=0 :    28.4509 (c= 0.5260+0.0883i)
   E1-E0+E1-E0E0+ S2= 0.0 Sz= 0.0 P=0 :    9.03198 (c=-0.2964-0.0497i)
   E0E2-E0E0E0+ S2= 0.0 Sz= 0.0 P=0 :    3.69113 (c=-0.1895-0.0318i)
   E2-E0E0E0E0+ S2= 0.0 Sz= 0.0 P=0 :    2.10792 (c=-0.1432-0.0240i)
 Psi 131: E = -2679.8845 au  ΔE=     0.4749 au     12.924 eV   104235.3 cm**-1
   E0+E0E0E0E2- S2= 0.0 Sz= 0.0 P=0 :     62.527 (c= 0.7844+0.0996i)
   E0E0+E0E1-E1 S2= 0.0 Sz= 0.0 P=0 :    32.0694 (c= 0.5618+0.0713i)
 Psi 132: E = -2679.8845 au  ΔE=     0.4750 au     12.924 eV   104240.8 cm**-1
   E2-E0E0E0E0+ S2= 0.0 Sz= 0.0 P=0 :    74.2017 (c=-0.5450-0.6671i)
   E1E1-E0E0+E0 S2= 0.0 Sz= 0.0 P=0 :    20.1467 (c=-0.2840-0.3476i)
   E2-E0E0E0+E0 S2= 0.0 Sz= 0.0 P=0 :    3.11946 (c=-0.1117-0.1368i)
 Psi 133: E = -2679.8842 au  ΔE=     0.4753 au     12.932 eV   104307.2 cm**-1
   E0E0+E0E1-E1 S2= 0.0 Sz= 0.0 P=0 :    29.1868 (c= 0.4278+0.3300i)
   E0+E0E0E0E2- S2= 0.0 Sz= 0.0 P=0 :    19.9633 (c=-0.3538-0.2729i)
   E0E1E0+E0E1- S2= 0.0 Sz= 0.0 P=0 :    19.2359 (c= 0.3473+0.2679i)
   E1E0E0+E0E1- S2= 0.0 Sz= 0.0 P=0 :    9.04655 (c=-0.2381-0.1837i)
   E1E0+E0E1-E0 S2= 0.0 Sz= 0.0 P=0 :    6.80857 (c=-0.2066-0.1594i)
   E0E0+E0E0E2- S2= 0.0 Sz= 0.0 P=0 :     4.6628 (c=-0.1710-0.1319i)
   E1+E0E0E1-E0 S2= 0.0 Sz= 0.0 P=0 :    2.03608 (c=-0.1130-0.0872i)
 Psi 134: E = -2679.8841 au  ΔE=     0.4754 au     12.935 eV   104329.0 cm**-1
   E1-E0E0+E1E0 S2= 0.0 Sz= 0.0 P=0 :    39.2576 (c=-0.5777-0.2427i)
   E1-E0E0+E0E1 S2= 0.0 Sz= 0.0 P=0 :    18.4237 (c= 0.3957+0.1662i)
   E1E1-E0E0+E0 S2= 0.0 Sz= 0.0 P=0 :    18.3729 (c=-0.3952-0.1660i)
   E2-E0E0E0E0+ S2= 0.0 Sz= 0.0 P=0 :    5.64402 (c= 0.2190+0.0920i)
   E0E1-E0E0+E1 S2= 0.0 Sz= 0.0 P=0 :    4.72399 (c= 0.2004+0.0842i)
   E1-E0E0E1+E0 S2= 0.0 Sz= 0.0 P=0 :    2.63984 (c=-0.1498-0.0629i)
   E1-E0E0E0+E1 S2= 0.0 Sz= 0.0 P=0 :    2.41806 (c=-0.1434-0.0602i)
   E0E1-E0E0E1+ S2= 0.0 Sz= 0.0 P=0 :    2.00921 (c= 0.1307+0.0549i)
 Psi 135: E = -2679.8841 au  ΔE=     0.4754 au     12.935 eV   104330.8 cm**-1
   E0E1E0+E0E1- S2= 0.0 Sz= 0.0 P=0 :     39.931 (c=-0.3685-0.5134i)
   E1E0E0+E0E1- S2= 0.0 Sz= 0.0 P=0 :    20.1587 (c= 0.2618+0.3648i)
   E0E0+E0E1-E1 S2= 0.0 Sz= 0.0 P=0 :    19.5592 (c= 0.2579+0.3593i)
   E0+E0E0E0E2- S2= 0.0 Sz= 0.0 P=0 :    7.32378 (c=-0.1578-0.2199i)
   E0E1+E0E0E1- S2= 0.0 Sz= 0.0 P=0 :    3.05841 (c=-0.1020-0.1421i)
   E0E0+E0E0E2- S2= 0.0 Sz= 0.0 P=0 :    2.26022 (c=-0.0877-0.1221i)
 Psi 136: E = -2679.8840 au  ΔE=     0.4754 au     12.937 eV   104347.3 cm**-1
   E1E1-E0E0+E0 S2= 0.0 Sz= 0.0 P=0 :    42.7884 (c= 0.5060+0.4146i)
   E1-E0E0+E1E0 S2= 0.0 Sz= 0.0 P=0 :    20.7344 (c=-0.3522-0.2886i)
   E1-E0E0+E0E1 S2= 0.0 Sz= 0.0 P=0 :    10.3987 (c= 0.2494+0.2044i)
   E2-E0E0E0E0+ S2= 0.0 Sz= 0.0 P=0 :    9.07228 (c=-0.2330-0.1909i)
   E2-E0E0E0+E0 S2= 0.0 Sz= 0.0 P=0 :    3.80552 (c=-0.1509-0.1236i)
   E0E1-E0E0+E1 S2= 0.0 Sz= 0.0 P=0 :    3.59877 (c=-0.1467-0.1202i)
 Psi 137: E = -2679.8832 au  ΔE=     0.4763 au     12.961 eV   104535.3 cm**-1
   E1E0+E0E1-E0 S2= 0.0 Sz= 0.0 P=0 :    69.1663 (c=-0.6210+0.5532i)
   E0E0+E0E1-E1 S2= 0.0 Sz= 0.0 P=0 :    10.4838 (c=-0.2418+0.2154i)
   E1+E0E0E0E1- S2= 0.0 Sz= 0.0 P=0 :    9.19773 (c= 0.2265-0.2017i)
   E1+E0E0E1-E0 S2= 0.0 Sz= 0.0 P=0 :    6.48653 (c=-0.1902+0.1694i)
 Psi 138: E = -2679.8831 au  ΔE=     0.4764 au     12.963 eV   104555.0 cm**-1
   E0E1-E0E0+E1 S2= 0.0 Sz= 0.0 P=0 :    69.1525 (c=-0.7962+0.2399i)
   E1E1-E0E0+E0 S2= 0.0 Sz= 0.0 P=0 :    10.0396 (c=-0.3034+0.0914i)
   E1-E0E0E0E1+ S2= 0.0 Sz= 0.0 P=0 :    9.98644 (c= 0.3026-0.0912i)
   E0E1-E0E0E1+ S2= 0.0 Sz= 0.0 P=0 :    6.25049 (c=-0.2394+0.0721i)
 Psi 139: E = -2679.8811 au  ΔE=     0.4783 au     13.016 eV   104979.2 cm**-1
   E1-E0E0E0E1+ S2= 0.0 Sz= 0.0 P=0 :    75.3344 (c= 0.5880+0.6384i)
   E0E1-E0E0E1+ S2= 0.0 Sz= 0.0 P=0 :    16.4114 (c= 0.2745+0.2980i)
   E1-E0E0E0+E1 S2= 0.0 Sz= 0.0 P=0 :    3.38452 (c=-0.1246-0.1353i)
   E0E1-E0E0+E1 S2= 0.0 Sz= 0.0 P=0 :    2.44648 (c= 0.1060+0.1150i)
 Psi 140: E = -2679.8811 au  ΔE=     0.4783 au     13.016 eV   104979.5 cm**-1
   E1+E0E0E0E1- S2= 0.0 Sz= 0.0 P=0 :    76.2862 (c=-0.3578+0.7968i)
   E1+E0E0E1-E0 S2= 0.0 Sz= 0.0 P=0 :     16.148 (c=-0.1646+0.3666i)
   E1E0+E0E0E1- S2= 0.0 Sz= 0.0 P=0 :    3.28722 (c= 0.0743-0.1654i)
   E1E0+E0E1-E0 S2= 0.0 Sz= 0.0 P=0 :    2.06793 (c=-0.0589+0.1312i)
 Psi 141: E = -2679.8807 au  ΔE=     0.4788 au     13.028 eV   105074.4 cm**-1
   E0+E0E1-E1E0 S2= 0.0 Sz= 0.0 P=0 :    56.8733 (c=-0.7357-0.1656i)
   E0+E0E1-E0E1 S2= 0.0 Sz= 0.0 P=0 :    38.6707 (c= 0.6067+0.1366i)
 Psi 142: E = -2679.8806 au  ΔE=     0.4789 au     13.030 eV   105097.0 cm**-1
   E0E1E1-E0E0+ S2= 0.0 Sz= 0.0 P=0 :    57.5457 (c=-0.1072+0.7510i)
   E1E0E1-E0E0+ S2= 0.0 Sz= 0.0 P=0 :    37.7802 (c= 0.0868-0.6085i)
 Psi 143: E = -2679.8795 au  ΔE=     0.4799 au     13.059 eV   105328.8 cm**-1
   E1-E0+E0E0+E1- S2= 0.0 Sz= 0.0 P=0 :      98.09 (c=-0.7699-0.6230i)
 Psi 144: E = -2679.8744 au  ΔE=     0.4850 au     13.199 eV   106455.0 cm**-1
   E0+E1-E0+E0E1- S2= 0.0 Sz= 0.0 P=0 :    62.1127 (c= 0.3122-0.7236i)
   E0+E0E1-E0+E1- S2= 0.0 Sz= 0.0 P=0 :    27.5196 (c=-0.2078+0.4817i)
   E0E1E0+E0E1- S2= 0.0 Sz= 0.0 P=0 :    3.15379 (c= 0.0704-0.1631i)
   E0+E0E1-E0E1 S2= 0.0 Sz= 0.0 P=0 :    2.13757 (c=-0.0579+0.1342i)
 Psi 145: E = -2679.8743 au  ΔE=     0.4851 au     13.201 eV   106476.9 cm**-1
   E1-E0E0+E1-E0+ S2= 0.0 Sz= 0.0 P=0 :    59.4894 (c= 0.4629-0.6170i)
   E1-E0+E1-E0E0+ S2= 0.0 Sz= 0.0 P=0 :    29.6583 (c=-0.3268+0.4356i)
   E1-E0E0+E1E0 S2= 0.0 Sz= 0.0 P=0 :    3.04165 (c= 0.1047-0.1395i)
   E1E0E1-E0E0+ S2= 0.0 Sz= 0.0 P=0 :    2.17367 (c=-0.0885+0.1179i)
 Psi 146: E = -2679.8734 au  ΔE=     0.4860 au     13.225 eV   106666.5 cm**-1
   E0+E0E1-E0+E1- S2= 0.0 Sz= 0.0 P=0 :    58.4128 (c=-0.7641-0.0150i)
   E0+E1-E0+E0E1- S2= 0.0 Sz= 0.0 P=0 :    26.4548 (c=-0.5142-0.0101i)
   E0+E1-E0E0+E1- S2= 0.0 Sz= 0.0 P=0 :    4.32176 (c=-0.2078-0.0041i)
   E0+E0E1-E0E1 S2= 0.0 Sz= 0.0 P=0 :    3.78346 (c=-0.1945-0.0038i)
   E0+E0E1-E1E0 S2= 0.0 Sz= 0.0 P=0 :    2.86066 (c=-0.1691-0.0033i)
 Psi 147: E = -2679.8732 au  ΔE=     0.4863 au     13.232 eV   106724.8 cm**-1
   E1-E0+E1-E0E0+ S2= 0.0 Sz= 0.0 P=0 :    56.0189 (c= 0.4476+0.5999i)
   E1-E0E0+E1-E0+ S2= 0.0 Sz= 0.0 P=0 :    28.2537 (c= 0.3179+0.4260i)
   E1-E0+E0E1-E0+ S2= 0.0 Sz= 0.0 P=0 :    4.19997 (c= 0.1226+0.1643i)
   E1E0E1-E0E0+ S2= 0.0 Sz= 0.0 P=0 :    3.28697 (c= 0.1084+0.1453i)
   E0E1E1-E0E0+ S2= 0.0 Sz= 0.0 P=0 :    2.75537 (c= 0.0993+0.1330i)
 Psi 148: E = -2679.8720 au  ΔE=     0.4875 au     13.265 eV   106990.6 cm**-1
   E0+E1-E0E1-E0+ S2= 0.0 Sz= 0.0 P=0 :    98.0075 (c=-0.0465-0.9889i)
 Psi 149: E = -2679.8703 au  ΔE=     0.4892 au     13.311 eV   107361.7 cm**-1
   E1E0+E0E0E1- S2= 0.0 Sz= 0.0 P=0 :    89.0716 (c=-0.8971-0.2931i)
   E1E0E0+E0E1- S2= 0.0 Sz= 0.0 P=0 :    3.25466 (c=-0.1715-0.0560i)
   E1E0+E0E1-E0 S2= 0.0 Sz= 0.0 P=0 :    3.01097 (c=-0.1649-0.0539i)
   E1+E0E0E0E1- S2= 0.0 Sz= 0.0 P=0 :    2.95196 (c=-0.1633-0.0534i)
 Psi 150: E = -2679.8702 au  ΔE=     0.4893 au     13.314 eV   107386.2 cm**-1
   E1-E0E0E0+E1 S2= 0.0 Sz= 0.0 P=0 :     88.151 (c=-0.8368+0.4258i)
   E1-E0E0+E0E1 S2= 0.0 Sz= 0.0 P=0 :    3.30847 (c=-0.1621+0.0825i)
   E1-E0E0E0E1+ S2= 0.0 Sz= 0.0 P=0 :    2.99423 (c=-0.1542+0.0785i)
   E0E1-E0E0+E1 S2= 0.0 Sz= 0.0 P=0 :    2.98203 (c=-0.1539+0.0783i)
 Psi 151: E = -2679.8671 au  ΔE=     0.4924 au     13.399 eV   108066.3 cm**-1
   E0+E0E0E1-E1 S2= 0.0 Sz= 0.0 P=0 :    92.7006 (c=-0.9598-0.0756i)
   E0E0+E0E1-E1 S2= 0.0 Sz= 0.0 P=0 :    2.65596 (c=-0.1625-0.0128i)
   E0+E0E1-E0E1 S2= 0.0 Sz= 0.0 P=0 :    2.62749 (c=-0.1616-0.0127i)
 Psi 152: E = -2679.8670 au  ΔE=     0.4925 au     13.402 eV   108092.8 cm**-1
   E1E1-E0E0E0+ S2= 0.0 Sz= 0.0 P=0 :    92.2826 (c=-0.1000-0.9554i)
   E1E1-E0E0+E0 S2= 0.0 Sz= 0.0 P=0 :     2.6447 (c=-0.0169-0.1617i)
   E1E0E1-E0E0+ S2= 0.0 Sz= 0.0 P=0 :    2.63887 (c=-0.0169-0.1616i)
 Psi 153: E = -2679.8604 au  ΔE=     0.4991 au     13.580 eV   109533.7 cm**-1
   E1-E0+E0+E1-E0 S2= 0.0 Sz= 0.0 P=0 :    55.1285 (c=-0.2381+0.7033i)
   E0E1-E0+E0+E1- S2= 0.0 Sz= 0.0 P=0 :    43.8024 (c= 0.2122-0.6269i)
 Psi 154: E = -2679.8604 au  ΔE=     0.4991 au     13.580 eV   109533.8 cm**-1
   E0E1-E0+E0+E1- S2= 0.0 Sz= 0.0 P=0 :    55.1253 (c=-0.6375+0.3806i)
   E1-E0+E0+E1-E0 S2= 0.0 Sz= 0.0 P=0 :    43.7993 (c=-0.5682+0.3393i)
 Psi 155: E = -2679.8570 au  ΔE=     0.5024 au     13.671 eV   110266.7 cm**-1
   E0E0+E1-E1-E0+ S2= 0.0 Sz= 0.0 P=0 :    82.3628 (c= 0.7185+0.5545i)
   E0+E1-E1-E0+E0 S2= 0.0 Sz= 0.0 P=0 :    16.5141 (c=-0.3217-0.2483i)
 Psi 156: E = -2679.8570 au  ΔE=     0.5024 au     13.671 eV   110266.7 cm**-1
   E0+E1-E1-E0+E0 S2= 0.0 Sz= 0.0 P=0 :    82.3603 (c=-0.6495-0.6339i)
   E0E0+E1-E1-E0+ S2= 0.0 Sz= 0.0 P=0 :    16.5116 (c=-0.2908-0.2838i)
 Psi 157: E = -2679.8171 au  ΔE=     0.5424 au     14.758 eV   119033.7 cm**-1
   E1-E0+E0+E0E1- S2= 0.0 Sz= 0.0 P=0 :    49.6939 (c= 0.5233+0.4723i)
   E1-E0E0+E0+E1- S2= 0.0 Sz= 0.0 P=0 :    49.6816 (c=-0.5233-0.4722i)
 Psi 158: E = -2679.8169 au  ΔE=     0.5426 au     14.764 eV   119078.9 cm**-1
   E1-E0E0+E0+E1- S2= 0.0 Sz= 0.0 P=0 :    49.4797 (c=-0.6568-0.2518i)
   E1-E0+E0+E0E1- S2= 0.0 Sz= 0.0 P=0 :    49.4675 (c=-0.6567-0.2518i)
 Psi 159: E = -2679.8099 au  ΔE=     0.5496 au     14.955 eV   120618.6 cm**-1
   E0+E0E1-E1-E0+ S2= 0.0 Sz= 0.0 P=0 :    49.6738 (c=-0.6137+0.3466i)
   E0+E1-E1-E0E0+ S2= 0.0 Sz= 0.0 P=0 :     49.645 (c= 0.6135-0.3465i)
 Psi 160: E = -2679.8097 au  ΔE=     0.5497 au     14.959 eV   120649.0 cm**-1
   E0+E1-E1-E0E0+ S2= 0.0 Sz= 0.0 P=0 :    49.5222 (c= 0.5960-0.3741i)
   E0+E0E1-E1-E0+ S2= 0.0 Sz= 0.0 P=0 :    49.4935 (c= 0.5959-0.3740i)
 Psi 161: E = -2679.7757 au  ΔE=     0.5837 au     15.884 eV   128111.8 cm**-1
   E0E0E1-E0++E1- S2= 0.0 Sz= 0.0 P=0 :    53.6847 (c=-0.0749+0.7289i)
   E1-E0++E1-E0E0 S2= 0.0 Sz= 0.0 P=0 :    46.0844 (c=-0.0694+0.6753i)
 Psi 162: E = -2679.7757 au  ΔE=     0.5837 au     15.884 eV   128111.9 cm**-1
   E1-E0++E1-E0E0 S2= 0.0 Sz= 0.0 P=0 :    53.6888 (c=-0.6716-0.2931i)
   E0E0E1-E0++E1- S2= 0.0 Sz= 0.0 P=0 :    46.0885 (c= 0.6222+0.2716i)
 Psi 163: E = -2679.7744 au  ΔE=     0.5851 au     15.920 eV   128403.7 cm**-1
   E0E1-E0++E1-E0 S2= 0.0 Sz= 0.0 P=0 :    99.6195 (c=-0.7528+0.6553i)
 Psi 164: E = -2679.7733 au  ΔE=     0.5861 au     15.949 eV   128637.3 cm**-1
   E0E0+E2--E0+E0 S2= 0.0 Sz= 0.0 P=0 :     99.511 (c= 0.9143+0.3989i)
 Psi 165: E = -2679.7721 au  ΔE=     0.5873 au     15.983 eV   128907.5 cm**-1
   E1-E1-E0+E0E0+ S2= 0.0 Sz= 0.0 P=0 :    96.3747 (c= 0.9807-0.0443i)
   E1-E1-E0+E0+E0 S2= 0.0 Sz= 0.0 P=0 :    3.15153 (c=-0.1773+0.0080i)
 Psi 166: E = -2679.7720 au  ΔE=     0.5874 au     15.985 eV   128924.5 cm**-1
   E0+E0E0+E1-E1- S2= 0.0 Sz= 0.0 P=0 :    96.5198 (c= 0.9592-0.2124i)
   E0E0+E0+E1-E1- S2= 0.0 Sz= 0.0 P=0 :    3.16154 (c=-0.1736+0.0384i)
 Psi 167: E = -2679.7717 au  ΔE=     0.5878 au     15.994 eV   129002.7 cm**-1
   E0+E2--E0+E0E0 S2= 0.0 Sz= 0.0 P=0 :    53.1909 (c= 0.5376+0.4928i)
   E0E0E0+E2--E0+ S2= 0.0 Sz= 0.0 P=0 :    46.5105 (c=-0.5027-0.4609i)
 Psi 168: E = -2679.7717 au  ΔE=     0.5878 au     15.994 eV   129002.7 cm**-1
   E0E0E0+E2--E0+ S2= 0.0 Sz= 0.0 P=0 :    53.1876 (c=-0.6984+0.2102i)
   E0+E2--E0+E0E0 S2= 0.0 Sz= 0.0 P=0 :    46.5072 (c=-0.6530+0.1965i)
 Psi 169: E = -2679.7710 au  ΔE=     0.5884 au     16.012 eV   129149.4 cm**-1
   E1-E0E1-E0+E0+ S2= 0.0 Sz= 0.0 P=0 :    97.8955 (c= 0.7451-0.6510i)
 Psi 170: E = -2679.7709 au  ΔE=     0.5885 au     16.014 eV   129164.9 cm**-1
   E0+E0+E1-E0E1- S2= 0.0 Sz= 0.0 P=0 :    98.0429 (c= 0.7869+0.6010i)
 Psi 171: E = -2679.7561 au  ΔE=     0.6034 au     16.419 eV   132425.7 cm**-1
   E1-E1-E0+E0+E0 S2= 0.0 Sz= 0.0 P=0 :    96.4772 (c= 0.8292+0.5265i)
   E1-E1-E0+E0E0+ S2= 0.0 Sz= 0.0 P=0 :    3.16168 (c= 0.1501+0.0953i)
 Psi 172: E = -2679.7560 au  ΔE=     0.6034 au     16.420 eV   132440.0 cm**-1
   E0E0+E0+E1-E1- S2= 0.0 Sz= 0.0 P=0 :    96.4352 (c=-0.9756-0.1117i)
   E0+E0E0+E1-E1- S2= 0.0 Sz= 0.0 P=0 :    3.16399 (c=-0.1767-0.0202i)
 Psi 173: E = -2679.7522 au  ΔE=     0.6073 au     16.525 eV   133284.8 cm**-1
   E0E1-E1-E0+E0+ S2= 0.0 Sz= 0.0 P=0 :    98.0159 (c= 0.1321+0.9812i)
 Psi 174: E = -2679.7521 au  ΔE=     0.6074 au     16.527 eV   133299.1 cm**-1
   E0+E0+E1-E1-E0 S2= 0.0 Sz= 0.0 P=0 :    97.9759 (c= 0.8169+0.5590i)
 Psi 175: E = -2679.7137 au  ΔE=     0.6457 au     17.571 eV   141722.8 cm**-1
   E0E1-E0++E0E1- S2= 0.0 Sz= 0.0 P=0 :    46.0751 (c= 0.1619+0.6592i)
   E1-E0E0++E1-E0 S2= 0.0 Sz= 0.0 P=0 :    45.8925 (c=-0.1616-0.6579i)
   E0E1-E0E0++E1- S2= 0.0 Sz= 0.0 P=0 :    3.94097 (c=-0.0474-0.1928i)
   E1-E0++E0E1-E0 S2= 0.0 Sz= 0.0 P=0 :    3.92506 (c= 0.0473+0.1924i)
 Psi 176: E = -2679.7137 au  ΔE=     0.6458 au     17.572 eV   141726.5 cm**-1
   E1-E0E0++E1-E0 S2= 0.0 Sz= 0.0 P=0 :    44.4338 (c=-0.5431+0.3865i)
   E0E1-E0++E0E1- S2= 0.0 Sz= 0.0 P=0 :     44.257 (c=-0.5420+0.3857i)
   E1-E0++E0E1-E0 S2= 0.0 Sz= 0.0 P=0 :    5.32824 (c= 0.1881-0.1338i)
   E0E1-E0E0++E1- S2= 0.0 Sz= 0.0 P=0 :    5.30648 (c= 0.1877-0.1336i)
 Psi 177: E = -2679.7136 au  ΔE=     0.6459 au     17.575 eV   141748.9 cm**-1
   E0E1-E0E0++E1- S2= 0.0 Sz= 0.0 P=0 :    45.3062 (c= 0.5044-0.4457i)
   E1-E0++E0E1-E0 S2= 0.0 Sz= 0.0 P=0 :    45.2003 (c=-0.5038+0.4451i)
   E0E1-E0++E0E1- S2= 0.0 Sz= 0.0 P=0 :    3.99454 (c= 0.1498-0.1323i)
   E1-E0E0++E1-E0 S2= 0.0 Sz= 0.0 P=0 :    3.98694 (c=-0.1496+0.1322i)
 Psi 178: E = -2679.7136 au  ΔE=     0.6459 au     17.575 eV   141749.2 cm**-1
   E1-E0++E0E1-E0 S2= 0.0 Sz= 0.0 P=0 :    43.9189 (c=-0.3360+0.5712i)
   E0E1-E0E0++E1- S2= 0.0 Sz= 0.0 P=0 :    43.8189 (c=-0.3356+0.5706i)
   E1-E0E0++E1-E0 S2= 0.0 Sz= 0.0 P=0 :    5.37525 (c=-0.1175+0.1998i)
   E0E1-E0++E0E1- S2= 0.0 Sz= 0.0 P=0 :    5.36185 (c=-0.1174+0.1996i)
 Psi 179: E = -2679.7094 au  ΔE=     0.6501 au     17.690 eV   142678.9 cm**-1
   E0E0+E0E2--E0+ S2= 0.0 Sz= 0.0 P=0 :    52.8474 (c=-0.2627-0.6778i)
   E0+E2--E0E0+E0 S2= 0.0 Sz= 0.0 P=0 :    45.1729 (c= 0.2429+0.6267i)
 Psi 180: E = -2679.7094 au  ΔE=     0.6501 au     17.690 eV   142678.9 cm**-1
   E0+E2--E0E0+E0 S2= 0.0 Sz= 0.0 P=0 :    52.8593 (c=-0.6148-0.3881i)
   E0E0+E0E2--E0+ S2= 0.0 Sz= 0.0 P=0 :    45.1848 (c=-0.5684-0.3588i)
 Psi 181: E = -2679.7089 au  ΔE=     0.6506 au     17.704 eV   142788.4 cm**-1
   E0+E0E2--E0+E0 S2= 0.0 Sz= 0.0 P=0 :    49.9051 (c= 0.5163+0.4822i)
   E0E0+E2--E0E0+ S2= 0.0 Sz= 0.0 P=0 :    49.7671 (c=-0.5156-0.4815i)
 Psi 182: E = -2679.7088 au  ΔE=     0.6506 au     17.704 eV   142793.6 cm**-1
   E0E0+E2--E0E0+ S2= 0.0 Sz= 0.0 P=0 :    49.5661 (c=-0.3548-0.6081i)
   E0+E0E2--E0+E0 S2= 0.0 Sz= 0.0 P=0 :     49.428 (c=-0.3543-0.6072i)
 Psi 183: E = -2679.6939 au  ΔE=     0.6655 au     18.110 eV   146068.7 cm**-1
   E1-E0++E0E0E1- S2= 0.0 Sz= 0.0 P=0 :    82.7552 (c=-0.4593-0.7852i)
   E1-E0E0E0++E1- S2= 0.0 Sz= 0.0 P=0 :    15.7493 (c=-0.2004-0.3425i)
 Psi 184: E = -2679.6939 au  ΔE=     0.6655 au     18.110 eV   146068.7 cm**-1
   E1-E0E0E0++E1- S2= 0.0 Sz= 0.0 P=0 :    82.7553 (c=-0.0726-0.9068i)
   E1-E0++E0E0E1- S2= 0.0 Sz= 0.0 P=0 :    15.7493 (c= 0.0317+0.3956i)
 Psi 185: E = -2679.6858 au  ΔE=     0.6737 au     18.331 eV   147851.5 cm**-1
   E0+E0E0E2--E0+ S2= 0.0 Sz= 0.0 P=0 :    88.7639 (c=-0.9006+0.2767i)
   E0+E2--E0E0E0+ S2= 0.0 Sz= 0.0 P=0 :     9.7304 (c=-0.2982+0.0916i)
 Psi 186: E = -2679.6858 au  ΔE=     0.6737 au     18.331 eV   147851.5 cm**-1
   E0+E2--E0E0E0+ S2= 0.0 Sz= 0.0 P=0 :     88.764 (c= 0.7924+0.5096i)
   E0+E0E0E2--E0+ S2= 0.0 Sz= 0.0 P=0 :    9.73042 (c=-0.2624-0.1687i)
 Psi 187: E = -2679.6804 au  ΔE=     0.6791 au     18.479 eV   149040.0 cm**-1
   E1-E1-E0E0+E0+ S2= 0.0 Sz= 0.0 P=0 :    99.5794 (c=-0.3770+0.9239i)
 Psi 188: E = -2679.6804 au  ΔE=     0.6791 au     18.479 eV   149040.0 cm**-1
   E0+E0+E0E1-E1- S2= 0.0 Sz= 0.0 P=0 :    99.5791 (c= 0.9529+0.2964i)
 Psi 189: E = -2679.6747 au  ΔE=     0.6847 au     18.633 eV   150283.4 cm**-1
   E2--E0+E0E0+E0 S2= 0.0 Sz= 0.0 P=0 :    70.5235 (c= 0.6209-0.5655i)
   E2--E0+E0E0E0+ S2= 0.0 Sz= 0.0 P=0 :    25.6826 (c=-0.3747+0.3412i)
   E2--E0+E0+E0E0 S2= 0.0 Sz= 0.0 P=0 :     3.6904 (c=-0.1420+0.1294i)
 Psi 190: E = -2679.6747 au  ΔE=     0.6848 au     18.634 eV   150291.2 cm**-1
   E0E0+E0E0+E2-- S2= 0.0 Sz= 0.0 P=0 :    70.5179 (c=-0.1336+0.8291i)
   E0+E0E0E0+E2-- S2= 0.0 Sz= 0.0 P=0 :     25.672 (c= 0.0806-0.5002i)
   E0E0E0+E0+E2-- S2= 0.0 Sz= 0.0 P=0 :    3.69201 (c= 0.0306-0.1897i)
 Psi 191: E = -2679.6712 au  ΔE=     0.6882 au     18.728 eV   151051.8 cm**-1
   E1-E0E1-E0++E0 S2= 0.0 Sz= 0.0 P=0 :    95.9202 (c=-0.9681-0.1482i)
   E0E1-E1-E0++E0 S2= 0.0 Sz= 0.0 P=0 :    3.85666 (c= 0.1941+0.0297i)
 Psi 192: E = -2679.6712 au  ΔE=     0.6883 au     18.729 eV   151062.3 cm**-1
   E0E0++E1-E0E1- S2= 0.0 Sz= 0.0 P=0 :    95.8995 (c=-0.9111-0.3591i)
   E0E0++E1-E1-E0 S2= 0.0 Sz= 0.0 P=0 :     3.8578 (c= 0.1827+0.0720i)
 Psi 193: E = -2679.6686 au  ΔE=     0.6909 au     18.800 eV   151634.5 cm**-1
   E1-E0E0E1-E0++ S2= 0.0 Sz= 0.0 P=0 :     56.807 (c=-0.2714+0.7032i)
   E0E1-E0E1-E0++ S2= 0.0 Sz= 0.0 P=0 :    37.9406 (c= 0.2218-0.5747i)
   E2--E0+E0E0E0+ S2= 0.0 Sz= 0.0 P=0 :    2.85104 (c=-0.0608+0.1575i)
 Psi 194: E = -2679.6685 au  ΔE=     0.6909 au     18.802 eV   151644.8 cm**-1
   E0++E1-E0E0E1- S2= 0.0 Sz= 0.0 P=0 :    54.2796 (c=-0.6151-0.4055i)
   E0++E1-E0E1-E0 S2= 0.0 Sz= 0.0 P=0 :    36.2376 (c= 0.5026+0.3314i)
   E0+E0E0E0+E2-- S2= 0.0 Sz= 0.0 P=0 :    5.97499 (c=-0.2041-0.1346i)
 Psi 195: E = -2679.6685 au  ΔE=     0.6909 au     18.802 eV   151645.0 cm**-1
   E2--E0+E0E0E0+ S2= 0.0 Sz= 0.0 P=0 :    70.4807 (c=-0.7323-0.4106i)
   E2--E0+E0E0+E0 S2= 0.0 Sz= 0.0 P=0 :     20.963 (c=-0.3994-0.2239i)
   E2--E0+E0+E0E0 S2= 0.0 Sz= 0.0 P=0 :    4.52797 (c= 0.1856+0.1041i)
   E1-E0E0E1-E0++ S2= 0.0 Sz= 0.0 P=0 :     2.2745 (c= 0.1315+0.0738i)
 Psi 196: E = -2679.6685 au  ΔE=     0.6910 au     18.803 eV   151653.1 cm**-1
   E0+E0E0E0+E2-- S2= 0.0 Sz= 0.0 P=0 :    67.3512 (c=-0.0353+0.8199i)
   E0E0+E0E0+E2-- S2= 0.0 Sz= 0.0 P=0 :     20.012 (c=-0.0192+0.4469i)
   E0++E1-E0E0E1- S2= 0.0 Sz= 0.0 P=0 :     4.7771 (c= 0.0094-0.2184i)
   E0E0E0+E0+E2-- S2= 0.0 Sz= 0.0 P=0 :    4.32918 (c= 0.0090-0.2079i)
   E0++E1-E0E1-E0 S2= 0.0 Sz= 0.0 P=0 :    3.28065 (c=-0.0078+0.1810i)
 Psi 197: E = -2679.6676 au  ΔE=     0.6919 au     18.827 eV   151846.7 cm**-1
   E0E2--E0+E0E0+ S2= 0.0 Sz= 0.0 P=0 :    90.8795 (c=-0.4884-0.8187i)
   E0E2--E0+E0+E0 S2= 0.0 Sz= 0.0 P=0 :    8.90528 (c= 0.1529+0.2563i)
 Psi 198: E = -2679.6676 au  ΔE=     0.6919 au     18.828 eV   151854.4 cm**-1
   E0+E0E0+E2--E0 S2= 0.0 Sz= 0.0 P=0 :    90.8605 (c= 0.4081-0.8614i)
   E0E0+E0+E2--E0 S2= 0.0 Sz= 0.0 P=0 :    8.90874 (c=-0.1278+0.2697i)
 Psi 199: E = -2679.6639 au  ΔE=     0.6956 au     18.927 eV   152659.4 cm**-1
   E0E1-E0E1-E0++ S2= 0.0 Sz= 0.0 P=0 :    54.7954 (c=-0.5582+0.4862i)
   E1-E0E0E1-E0++ S2= 0.0 Sz= 0.0 P=0 :    40.5848 (c=-0.4804+0.4184i)
   E0E0E1-E1-E0++ S2= 0.0 Sz= 0.0 P=0 :    4.54007 (c= 0.1607-0.1399i)

--------------------------------------------------------------------------------------------------
                     ABSORPTION SPECTRUM VIA TRANSITION ELECTRIC DIPOLE MOMENTS                   
--------------------------------------------------------------------------------------------------
       Transition        Energy     Energy  Wavelength fosc(D2)      D2      |DX|    |DY|    |DZ| 
                          (eV)      (cm-1)    (nm)                 (au**2)   (au)    (au)    (au)  
--------------------------------------------------------------------------------------------------
  Psi   0 -> Psi   1    5.526700   44575.8   224.3   1.975336296  14.58873  0.0000  3.8193  0.0399
  Psi   0 -> Psi   2    5.589843   45085.1   221.8   0.000000012   0.00000  0.0000  0.0003  0.0000
  Psi   0 -> Psi   3    5.653022   45594.7   219.3   0.135974489   0.98179  0.0000  0.9909  0.0000
  Psi   0 -> Psi   4    5.701290   45984.0   217.5   0.000000000   0.00000  0.0000  0.0000  0.0000
  Psi   0 -> Psi   5    5.730691   46221.1   216.4   0.012968676   0.09237  0.0000  0.3039  0.0028
  Psi   0 -> Psi   6    6.669627   53794.1   185.9   0.002764783   0.01692  0.0000  0.1051  0.0766
  Psi   0 -> Psi   7    6.672369   53816.2   185.8   0.003577611   0.02189  0.0000  0.1194  0.0873
  Psi   0 -> Psi   8    6.691421   53969.9   185.3   0.000234364   0.00143  0.0000  0.0301  0.0229
  Psi   0 -> Psi   9    6.700339   54041.8   185.0   0.001304910   0.00795  0.0000  0.0705  0.0546
  Psi   0 -> Psi  10    6.713168   54145.3   184.7   0.000510684   0.00311  0.0000  0.0439  0.0343
  Psi   0 -> Psi  11    6.721792   54214.9   184.5   0.011497224   0.06982  0.0000  0.2072  0.1639
  Psi   0 -> Psi  12    6.767880   54586.6   183.2   0.003413161   0.02058  0.0000  0.1107  0.0913
  Psi   0 -> Psi  13    6.770184   54605.2   183.1   0.005307029   0.03200  0.0000  0.1378  0.1140
  Psi   0 -> Psi  14    7.688118   62008.8   161.3   0.000043547   0.00023  0.0000  0.0068  0.0136
  Psi   0 -> Psi  15    7.690388   62027.1   161.2   0.000035235   0.00019  0.0000  0.0067  0.0119
  Psi   0 -> Psi  16    7.721702   62279.7   160.6   0.000014783   0.00008  0.0000  0.0039  0.0079
  Psi   0 -> Psi  17    7.725944   62313.9   160.5   0.000014698   0.00008  0.0000  0.0042  0.0077
  Psi   0 -> Psi  18    7.800176   62912.6   159.0   0.000019120   0.00010  0.0000  0.0042  0.0091
  Psi   0 -> Psi  19    7.801526   62923.5   158.9   0.000016211   0.00008  0.0000  0.0043  0.0082
  Psi   0 -> Psi  20    8.099921   65330.2   153.1   0.000001904   0.00001  0.0000  0.0011  0.0029
  Psi   0 -> Psi  21    8.100234   65332.7   153.1   0.000001339   0.00001  0.0000  0.0011  0.0024
  Psi   0 -> Psi  22    8.187707   66038.3   151.4   0.000000834   0.00000  0.0000  0.0007  0.0019
  Psi   0 -> Psi  23    8.188782   66046.9   151.4   0.000000599   0.00000  0.0000  0.0007  0.0016
  Psi   0 -> Psi  24    8.400336   67753.2   147.6   0.000000078   0.00000  0.0000  0.0002  0.0006
  Psi   0 -> Psi  25    8.406284   67801.2   147.5   0.000000126   0.00000  0.0000  0.0002  0.0008
  Psi   0 -> Psi  26    8.957914   72250.4   138.4   0.000002698   0.00001  0.0000  0.0035  0.0000
  Psi   0 -> Psi  27    8.959732   72265.1   138.4   0.000000000   0.00000  0.0000  0.0000  0.0000
  Psi   0 -> Psi  28    8.969165   72341.1   138.2   0.000000000   0.00000  0.0000  0.0000  0.0000
  Psi   0 -> Psi  29    8.976203   72397.9   138.1   0.000087892   0.00040  0.0000  0.0200  0.0001
  Psi   0 -> Psi  30    9.480164   76462.6   130.8   0.000000000   0.00000  0.0000  0.0000  0.0000
  Psi   0 -> Psi  31   10.596963   85470.2   117.0   0.000000000   0.00000  0.0000  0.0000  0.0000
  Psi   0 -> Psi  32   10.667303   86037.5   116.2   0.000005194   0.00002  0.0000  0.0045  0.0001
  Psi   0 -> Psi  33   10.718184   86447.9   115.7   0.000000000   0.00000  0.0000  0.0000  0.0000
  Psi   0 -> Psi  34   10.724205   86496.5   115.6   0.000000000   0.00000  0.0000  0.0000  0.0000
  Psi   0 -> Psi  35   10.756801   86759.4   115.3   0.000001004   0.00000  0.0000  0.0020  0.0000
  Psi   0 -> Psi  36   10.777064   86922.8   115.0   0.000000208   0.00000  0.0000  0.0009  0.0002
  Psi   0 -> Psi  37   10.802766   87130.1   114.8   0.000000000   0.00000  0.0000  0.0000  0.0000
  Psi   0 -> Psi  38   10.834496   87386.0   114.4   0.000000002   0.00000  0.0000  0.0001  0.0000
  Psi   0 -> Psi  39   10.863311   87618.4   114.1   0.000000030   0.00000  0.0000  0.0003  0.0001
  Psi   0 -> Psi  40   10.912964   88018.9   113.6   0.000000002   0.00000  0.0000  0.0001  0.0000
  Psi   0 -> Psi  41   11.199968   90333.8   110.7   0.000065092   0.00024  0.0000  0.0136  0.0073
  Psi   0 -> Psi  42   11.228103   90560.7   110.4   0.000054267   0.00020  0.0000  0.0123  0.0067
  Psi   0 -> Psi  43   11.241290   90667.0   110.3   0.000049462   0.00018  0.0000  0.0117  0.0065
  Psi   0 -> Psi  44   11.248038   90721.5   110.2   0.000017520   0.00006  0.0000  0.0070  0.0039
  Psi   0 -> Psi  45   11.258375   90804.8   110.1   0.000005914   0.00002  0.0000  0.0040  0.0023
  Psi   0 -> Psi  46   11.275475   90942.8   110.0   0.000020118   0.00007  0.0000  0.0074  0.0043
  Psi   0 -> Psi  47   11.283132   91004.5   109.9   0.000009951   0.00004  0.0000  0.0054  0.0026
  Psi   0 -> Psi  48   11.296611   91113.2   109.8   0.000001191   0.00000  0.0000  0.0017  0.0011
  Psi   0 -> Psi  49   11.300444   91144.2   109.7   0.000001309   0.00000  0.0000  0.0017  0.0014
  Psi   0 -> Psi  50   11.324541   91338.5   109.5   0.000001734   0.00001  0.0000  0.0023  0.0009
  Psi   0 -> Psi  51   11.330181   91384.0   109.4   0.000022834   0.00008  0.0000  0.0079  0.0044
  Psi   0 -> Psi  52   11.338068   91447.6   109.4   0.000002084   0.00001  0.0000  0.0026  0.0009
  Psi   0 -> Psi  53   11.355208   91585.9   109.2   0.000006283   0.00002  0.0000  0.0039  0.0027
  Psi   0 -> Psi  54   11.357620   91605.3   109.2   0.000000177   0.00000  0.0000  0.0005  0.0006
  Psi   0 -> Psi  55   11.429795   92187.4   108.5   0.000012483   0.00004  0.0000  0.0064  0.0020
  Psi   0 -> Psi  56   11.430100   92189.9   108.5   0.000002676   0.00001  0.0000  0.0030  0.0009
  Psi   0 -> Psi  57   11.442906   92293.2   108.4   0.000004544   0.00002  0.0000  0.0039  0.0011
  Psi   0 -> Psi  58   11.482212   92610.2   108.0   0.000007202   0.00003  0.0000  0.0049  0.0013
  Psi   0 -> Psi  59   11.506046   92802.4   107.8   0.000010097   0.00004  0.0000  0.0056  0.0021
  Psi   0 -> Psi  60   11.543854   93107.4   107.4   0.000010234   0.00004  0.0000  0.0057  0.0020
  Psi   0 -> Psi  61   11.545675   93122.1   107.4   0.000002510   0.00001  0.0000  0.0029  0.0005
  Psi   0 -> Psi  62   11.605395   93603.8   106.8   0.000007246   0.00003  0.0000  0.0047  0.0018
  Psi   0 -> Psi  63   11.724513   94564.5   105.7   0.000002083   0.00001  0.0000  0.0023  0.0014
  Psi   0 -> Psi  64   11.727974   94592.4   105.7   0.000000780   0.00000  0.0000  0.0013  0.0010
  Psi   0 -> Psi  65   11.760666   94856.1   105.4   0.000000155   0.00000  0.0000  0.0007  0.0003
  Psi   0 -> Psi  66   11.763545   94879.3   105.4   0.000000186   0.00000  0.0000  0.0008  0.0002
  Psi   0 -> Psi  67   11.777824   94994.5   105.3   0.000000304   0.00000  0.0000  0.0010  0.0001
  Psi   0 -> Psi  68   11.790900   95099.9   105.2   0.000000371   0.00000  0.0000  0.0010  0.0005
  Psi   0 -> Psi  69   11.799700   95170.9   105.1   0.000000651   0.00000  0.0000  0.0012  0.0009
  Psi   0 -> Psi  70   11.801836   95188.2   105.1   0.000002464   0.00001  0.0000  0.0022  0.0019
  Psi   0 -> Psi  71   11.817287   95312.8   104.9   0.000001468   0.00001  0.0000  0.0017  0.0014
  Psi   0 -> Psi  72   11.824885   95374.0   104.9   0.000000529   0.00000  0.0000  0.0011  0.0008
  Psi   0 -> Psi  73   11.834414   95450.9   104.8   0.000000013   0.00000  0.0000  0.0002  0.0001
  Psi   0 -> Psi  74   11.836615   95468.7   104.7   0.000000558   0.00000  0.0000  0.0014  0.0003
  Psi   0 -> Psi  75   11.841178   95505.5   104.7   0.000000326   0.00000  0.0000  0.0004  0.0010
  Psi   0 -> Psi  76   11.843333   95522.8   104.7   0.000000114   0.00000  0.0000  0.0000  0.0006
  Psi   0 -> Psi  77   11.869204   95731.5   104.5   0.000000213   0.00000  0.0000  0.0009  0.0001
  Psi   0 -> Psi  78   11.871903   95753.3   104.4   0.000000326   0.00000  0.0000  0.0009  0.0005
  Psi   0 -> Psi  79   11.876977   95794.2   104.4   0.000000510   0.00000  0.0000  0.0011  0.0007
  Psi   0 -> Psi  80   11.880807   95825.1   104.4   0.000002318   0.00001  0.0000  0.0021  0.0019
  Psi   0 -> Psi  81   11.885749   95865.0   104.3   0.000000700   0.00000  0.0000  0.0011  0.0011
  Psi   0 -> Psi  82   11.893279   95925.7   104.2   0.000000094   0.00000  0.0000  0.0004  0.0004
  Psi   0 -> Psi  83   11.897412   95959.0   104.2   0.000000138   0.00000  0.0000  0.0005  0.0005
  Psi   0 -> Psi  84   11.899106   95972.7   104.2   0.000001500   0.00001  0.0000  0.0015  0.0017
  Psi   0 -> Psi  85   11.906129   96029.3   104.1   0.000000049   0.00000  0.0000  0.0004  0.0002
  Psi   0 -> Psi  86   11.907429   96039.8   104.1   0.000000206   0.00000  0.0000  0.0006  0.0006
  Psi   0 -> Psi  87   11.922001   96157.3   104.0   0.000000059   0.00000  0.0000  0.0002  0.0004
  Psi   0 -> Psi  88   11.928253   96207.8   103.9   0.000001419   0.00000  0.0000  0.0006  0.0021
  Psi   0 -> Psi  89   11.931777   96236.2   103.9   0.000000419   0.00000  0.0000  0.0003  0.0012
  Psi   0 -> Psi  90   11.936208   96271.9   103.9   0.000000197   0.00000  0.0000  0.0006  0.0006
  Psi   0 -> Psi  91   11.941781   96316.9   103.8   0.000000052   0.00000  0.0000  0.0002  0.0004
  Psi   0 -> Psi  92   11.949069   96375.7   103.8   0.000000036   0.00000  0.0000  0.0002  0.0003
  Psi   0 -> Psi  93   12.000155   96787.7   103.3   0.000000231   0.00000  0.0000  0.0006  0.0006
  Psi   0 -> Psi  94   12.003217   96812.4   103.3   0.000000423   0.00000  0.0000  0.0008  0.0009
  Psi   0 -> Psi  95   12.044959   97149.1   102.9   0.000000002   0.00000  0.0000  0.0001  0.0000
  Psi   0 -> Psi  96   12.047436   97169.0   102.9   0.000000004   0.00000  0.0000  0.0001  0.0001
  Psi   0 -> Psi  97   12.061529   97282.7   102.8   0.000000006   0.00000  0.0000  0.0001  0.0001
  Psi   0 -> Psi  98   12.066983   97326.7   102.7   0.000000002   0.00000  0.0000  0.0001  0.0001
  Psi   0 -> Psi  99   12.088137   97497.3   102.6   0.000000002   0.00000  0.0000  0.0000  0.0001
  Psi   0 -> Psi 100   12.096121   97561.7   102.5   0.000000001   0.00000  0.0000  0.0000  0.0001
  Psi   0 -> Psi 101   12.263809   98914.2   101.1   0.000000107   0.00000  0.0000  0.0004  0.0005
  Psi   0 -> Psi 102   12.264297   98918.1   101.1   0.000000127   0.00000  0.0000  0.0004  0.0005
  Psi   0 -> Psi 103   12.292160   99142.9   100.9   0.000000141   0.00000  0.0000  0.0007  0.0001
  Psi   0 -> Psi 104   12.299207   99199.7   100.8   0.000000160   0.00000  0.0000  0.0007  0.0001
  Psi   0 -> Psi 105   12.325280   99410.0   100.6   0.000000068   0.00000  0.0000  0.0001  0.0005
  Psi   0 -> Psi 106   12.332621   99469.2   100.5   0.000000091   0.00000  0.0000  0.0003  0.0005
  Psi   0 -> Psi 107   12.367599   99751.3   100.2   0.000000048   0.00000  0.0000  0.0001  0.0004
  Psi   0 -> Psi 108   12.379995   99851.3   100.1   0.000000151   0.00000  0.0000  0.0006  0.0003
  Psi   0 -> Psi 109   12.380618   99856.3   100.1   0.000000069   0.00000  0.0000  0.0005  0.0001
  Psi   0 -> Psi 110   12.381149   99860.6   100.1   0.000000071   0.00000  0.0000  0.0004  0.0003
  Psi   0 -> Psi 111   12.396760   99986.5   100.0   0.000000009   0.00000  0.0000  0.0000  0.0002
  Psi   0 -> Psi 112   12.406642  100066.2    99.9   0.000000047   0.00000  0.0000  0.0001  0.0004
  Psi   0 -> Psi 113   12.424501  100210.3    99.8   0.000000062   0.00000  0.0000  0.0001  0.0004
  Psi   0 -> Psi 114   12.429519  100250.8    99.7   0.000000045   0.00000  0.0000  0.0000  0.0004
  Psi   0 -> Psi 115   12.465431  100540.4    99.5   0.000000027   0.00000  0.0000  0.0002  0.0002
  Psi   0 -> Psi 116   12.465635  100542.0    99.5   0.000000031   0.00000  0.0000  0.0002  0.0003
  Psi   0 -> Psi 117   12.642638  101969.7    98.1   0.000000003   0.00000  0.0000  0.0001  0.0000
  Psi   0 -> Psi 118   12.643216  101974.3    98.1   0.000000003   0.00000  0.0000  0.0001  0.0000
  Psi   0 -> Psi 119   12.729930  102673.7    97.4   0.000000006   0.00000  0.0000  0.0001  0.0000
  Psi   0 -> Psi 120   12.740057  102755.4    97.3   0.000000010   0.00000  0.0000  0.0002  0.0000
  Psi   0 -> Psi 121   12.761037  102924.6    97.2   0.000000004   0.00000  0.0000  0.0001  0.0000
  Psi   0 -> Psi 122   12.769591  102993.6    97.1   0.000000004   0.00000  0.0000  0.0001  0.0000
  Psi   0 -> Psi 123   12.772828  103019.7    97.1   0.000000004   0.00000  0.0000  0.0001  0.0000
  Psi   0 -> Psi 124   12.773441  103024.7    97.1   0.000000047   0.00000  0.0000  0.0004  0.0001
  Psi   0 -> Psi 125   12.810446  103323.1    96.8   0.000000004   0.00000  0.0000  0.0001  0.0000
  Psi   0 -> Psi 126   12.810962  103327.3    96.8   0.000000005   0.00000  0.0000  0.0001  0.0000
  Psi   0 -> Psi 127   12.819469  103395.9    96.7   0.000000002   0.00000  0.0000  0.0000  0.0001
  Psi   0 -> Psi 128   12.820271  103402.4    96.7   0.000000003   0.00000  0.0000  0.0001  0.0001
  Psi   0 -> Psi 129   12.906429  104097.3    96.1   0.000000019   0.00000  0.0000  0.0002  0.0001
  Psi   0 -> Psi 130   12.908230  104111.8    96.1   0.000000012   0.00000  0.0000  0.0001  0.0001
  Psi   0 -> Psi 131   12.923545  104235.3    95.9   0.000000004   0.00000  0.0000  0.0001  0.0001
  Psi   0 -> Psi 132   12.924226  104240.8    95.9   0.000000004   0.00000  0.0000  0.0001  0.0000
  Psi   0 -> Psi 133   12.932450  104307.2    95.9   0.000000002   0.00000  0.0000  0.0001  0.0001
  Psi   0 -> Psi 134   12.935156  104329.0    95.9   0.000000003   0.00000  0.0000  0.0000  0.0001
  Psi   0 -> Psi 135   12.935382  104330.8    95.8   0.000000000   0.00000  0.0000  0.0000  0.0000
  Psi   0 -> Psi 136   12.937425  104347.3    95.8   0.000000000   0.00000  0.0000  0.0000  0.0000
  Psi   0 -> Psi 137   12.960740  104535.3    95.7   0.000000016   0.00000  0.0000  0.0002  0.0001
  Psi   0 -> Psi 138   12.963182  104555.0    95.6   0.000000012   0.00000  0.0000  0.0001  0.0001
  Psi   0 -> Psi 139   13.015767  104979.2    95.3   0.000000000   0.00000  0.0000  0.0000  0.0000
  Psi   0 -> Psi 140   13.015808  104979.5    95.3   0.000000000   0.00000  0.0000  0.0000  0.0000
  Psi   0 -> Psi 141   13.027580  105074.4    95.2   0.000000002   0.00000  0.0000  0.0000  0.0001
  Psi   0 -> Psi 142   13.030377  105097.0    95.2   0.000000002   0.00000  0.0000  0.0000  0.0001
  Psi   0 -> Psi 143   13.059120  105328.8    94.9   0.000000000   0.00000  0.0000  0.0000  0.0000
  Psi   0 -> Psi 144   13.198754  106455.0    93.9   0.000000000   0.00000  0.0000  0.0000  0.0000
  Psi   0 -> Psi 145   13.201467  106476.9    93.9   0.000000000   0.00000  0.0000  0.0000  0.0000
  Psi   0 -> Psi 146   13.224969  106666.5    93.8   0.000000006   0.00000  0.0000  0.0001  0.0000
  Psi   0 -> Psi 147   13.232203  106724.8    93.7   0.000000005   0.00000  0.0000  0.0001  0.0000
  Psi   0 -> Psi 148   13.265149  106990.6    93.5   0.000000000   0.00000  0.0000  0.0000  0.0000
  Psi   0 -> Psi 149   13.311170  107361.7    93.1   0.000000001   0.00000  0.0000  0.0000  0.0000
  Psi   0 -> Psi 150   13.314209  107386.2    93.1   0.000000001   0.00000  0.0000  0.0000  0.0000
  Psi   0 -> Psi 151   13.398522  108066.3    92.5   0.000000001   0.00000  0.0000  0.0000  0.0000
  Psi   0 -> Psi 152   13.401812  108092.8    92.5   0.000000000   0.00000  0.0000  0.0000  0.0000
  Psi   0 -> Psi 153   13.580462  109533.7    91.3   0.000000000   0.00000  0.0000  0.0000  0.0000
  Psi   0 -> Psi 154   13.580465  109533.8    91.3   0.000000000   0.00000  0.0000  0.0000  0.0000
  Psi   0 -> Psi 155   13.671342  110266.7    90.7   0.000000000   0.00000  0.0000  0.0000  0.0000
  Psi   0 -> Psi 156   13.671343  110266.7    90.7   0.000000000   0.00000  0.0000  0.0000  0.0000
  Psi   0 -> Psi 157   14.758305  119033.7    84.0   0.000000000   0.00000  0.0000  0.0000  0.0000
  Psi   0 -> Psi 158   14.763917  119078.9    84.0   0.000000000   0.00000  0.0000  0.0000  0.0000
  Psi   0 -> Psi 159   14.954812  120618.6    82.9   0.000000000   0.00000  0.0000  0.0000  0.0000
  Psi   0 -> Psi 160   14.958579  120649.0    82.9   0.000000000   0.00000  0.0000  0.0000  0.0000
  Psi   0 -> Psi 161   15.883852  128111.8    78.1   0.000000000   0.00000  0.0000  0.0000  0.0000
  Psi   0 -> Psi 162   15.883858  128111.9    78.1   0.000000000   0.00000  0.0000  0.0000  0.0000
  Psi   0 -> Psi 163   15.920037  128403.7    77.9   0.000000000   0.00000  0.0000  0.0000  0.0000
  Psi   0 -> Psi 164   15.949000  128637.3    77.7   0.000000000   0.00000  0.0000  0.0000  0.0000
  Psi   0 -> Psi 165   15.982510  128907.5    77.6   0.000000000   0.00000  0.0000  0.0000  0.0000
  Psi   0 -> Psi 166   15.984613  128924.5    77.6   0.000000000   0.00000  0.0000  0.0000  0.0000
  Psi   0 -> Psi 167   15.994306  129002.7    77.5   0.000000000   0.00000  0.0000  0.0000  0.0000
  Psi   0 -> Psi 168   15.994311  129002.7    77.5   0.000000000   0.00000  0.0000  0.0000  0.0000
  Psi   0 -> Psi 169   16.012497  129149.4    77.4   0.000000000   0.00000  0.0000  0.0000  0.0000
  Psi   0 -> Psi 170   16.014425  129164.9    77.4   0.000000000   0.00000  0.0000  0.0000  0.0000
  Psi   0 -> Psi 171   16.418705  132425.7    75.5   0.000000000   0.00000  0.0000  0.0000  0.0000
  Psi   0 -> Psi 172   16.420478  132440.0    75.5   0.000000000   0.00000  0.0000  0.0000  0.0000
  Psi   0 -> Psi 173   16.525224  133284.8    75.0   0.000000000   0.00000  0.0000  0.0000  0.0000
  Psi   0 -> Psi 174   16.526991  133299.1    75.0   0.000000000   0.00000  0.0000  0.0000  0.0000
  Psi   0 -> Psi 175   17.571406  141722.8    70.6   0.000000000   0.00000  0.0000  0.0000  0.0000
  Psi   0 -> Psi 176   17.571859  141726.5    70.6   0.000000000   0.00000  0.0000  0.0000  0.0000
  Psi   0 -> Psi 177   17.574634  141748.9    70.5   0.000000000   0.00000  0.0000  0.0000  0.0000
  Psi   0 -> Psi 178   17.574681  141749.2    70.5   0.000000000   0.00000  0.0000  0.0000  0.0000
  Psi   0 -> Psi 179   17.689939  142678.9    70.1   0.000000000   0.00000  0.0000  0.0000  0.0000
  Psi   0 -> Psi 180   17.689941  142678.9    70.1   0.000000000   0.00000  0.0000  0.0000  0.0000
  Psi   0 -> Psi 181   17.703518  142788.4    70.0   0.000000000   0.00000  0.0000  0.0000  0.0000
  Psi   0 -> Psi 182   17.704168  142793.6    70.0   0.000000000   0.00000  0.0000  0.0000  0.0000
  Psi   0 -> Psi 183   18.110226  146068.7    68.5   0.000000000   0.00000  0.0000  0.0000  0.0000
  Psi   0 -> Psi 184   18.110227  146068.7    68.5   0.000000000   0.00000  0.0000  0.0000  0.0000
  Psi   0 -> Psi 185   18.331266  147851.5    67.6   0.000000000   0.00000  0.0000  0.0000  0.0000
  Psi   0 -> Psi 186   18.331267  147851.5    67.6   0.000000000   0.00000  0.0000  0.0000  0.0000
  Psi   0 -> Psi 187   18.478616  149040.0    67.1   0.000000000   0.00000  0.0000  0.0000  0.0000
  Psi   0 -> Psi 188   18.478617  149040.0    67.1   0.000000000   0.00000  0.0000  0.0000  0.0000
  Psi   0 -> Psi 189   18.632785  150283.4    66.5   0.000000000   0.00000  0.0000  0.0000  0.0000
  Psi   0 -> Psi 190   18.633745  150291.2    66.5   0.000000000   0.00000  0.0000  0.0000  0.0000
  Psi   0 -> Psi 191   18.728052  151051.8    66.2   0.000000000   0.00000  0.0000  0.0000  0.0000
  Psi   0 -> Psi 192   18.729358  151062.3    66.2   0.000000000   0.00000  0.0000  0.0000  0.0000
  Psi   0 -> Psi 193   18.800294  151634.5    65.9   0.000000000   0.00000  0.0000  0.0000  0.0000
  Psi   0 -> Psi 194   18.801577  151644.8    65.9   0.000000000   0.00000  0.0000  0.0000  0.0000
  Psi   0 -> Psi 195   18.801603  151645.0    65.9   0.000000000   0.00000  0.0000  0.0000  0.0000
  Psi   0 -> Psi 196   18.802606  151653.1    65.9   0.000000000   0.00000  0.0000  0.0000  0.0000
  Psi   0 -> Psi 197   18.826611  151846.7    65.9   0.000000000   0.00000  0.0000  0.0000  0.0000
  Psi   0 -> Psi 198   18.827558  151854.4    65.9   0.000000000   0.00000  0.0000  0.0000  0.0000
  Psi   0 -> Psi 199   18.927363  152659.4    65.5   0.000000000   0.00000  0.0000  0.0000  0.0000

       *** SymbolicCI terminated normally ***
Total time:  0 days  0 hours  5 minutes 30 seconds 862 msec
