 $$$$$$\$$\     $$\$$\      $$\$$$$$$$\  $$$$$$\ $$\      $$$$$$\ $$$$$$\
$$  __$$\$$\   $$  $$$\    $$$ $$  __$$\$$  __$$\$$ |     \_$$  _$$  __$$\
$$ /  \__\$$\ $$  /$$$$\  $$$$ $$ |  $$ $$ /  $$ $$ |       $$ | $$ /  \__|
\$$$$$$\  \$$$$  / $$\$$\$$ $$ $$$$$$$\ $$ |  $$ $$ |       $$ | $$ |
 \____$$\  \$$  /  $$ \$$$  $$ $$  __$$\$$ |  $$ $$ |       $$ | $$ |
$$\   $$ |  $$ |   $$ |\$  /$$ $$ |  $$ $$ |  $$ $$ |       $$ | $$ |  $$\
\$$$$$$  |  $$ |   $$ | \_/ $$ $$$$$$$  |$$$$$$  $$$$$$$$\$$$$$$\\$$$$$$  |
 \______/   \__|   \__|     \__\_______/ \______/\________\______|\______/

                               $$$$$$\ $$$$$$\
                              $$  __$$\\_$$  _|
                              $$ /  \__| $$ |
                              $$ |       $$ |
                              $$ |       $$ |
                              $$ |  $$\  $$ |
                              \$$$$$$  $$$$$$\
                               \______/\______|    


           #######################################################
           #                        -***-                        #
           #   Institute of Physical and Theoretical Chemistry   #
           #            Core code : Johannes Greiner             #
           #  Institut für Physikalische und Theoretische Chemie #
           #         Emil-Fischer-Straße 42, Hubland Nord        #
           #                  D-97074 Würzburg                   #
           #                       Germany                       #
           #                                                     #
           #                  All rights reserved                #
           #                        -***-                        #
           #######################################################

                   Program Version 0.2-4-g201315d

Multi-threading enabled. Program will use 40 threads.

--------------
Fragment: anth
--------------

Multiplicity        ...             1   
Charge              ...             0   
Number of Electrons ...            94   
Energy (Hartree)    ...      0.000000   
Number of Atoms     ...            24   
Number of Sites     ...             4   


---------
Aggregate
---------

Number of Sides           ...    8   
Number of Basis Functions ... 1120   
Number of Atoms           ...   48   
Dimension of Hamiltonian  ...   14   

Starting calculation of integrals
Finished calculation of integrals

-------
Timings
-------

Integral                   ...                                 Duration        %   
                           ...                                                     
Non Relativistic Integrals ...   0 hours 33 minutes 38 seconds 839 msec   100.0%   
Overlap                    ...   0 hours  0 minutes  0 seconds 193 msec     0.0%   
Kinetic                    ...   0 hours  0 minutes  0 seconds 369 msec     0.0%   
Nuclear                    ...   0 hours  0 minutes  1 seconds 838 msec     0.1%   
G Core                     ...   0 hours  0 minutes  0 seconds 240 msec     0.0%   
Electron-Electron          ...   0 hours 33 minutes 34 seconds 851 msec    99.8%   
Dipoles                    ...   0 hours  0 minutes  1 seconds 345 msec     0.1%   

Starting processing state names
Finished processing state names
Measured time:   0 hours  0 minutes  0 seconds   0 msec

Starting building Hamiltonian
Finished building Hamiltonian
Measured time:   0 hours  0 minutes  0 seconds   1 msec

Starting writing Hamiltonian to disk
Finished writing Hamiltonian to disk
Measured time:   0 hours  0 minutes  0 seconds   0 msec

Starting diagonalizing Hamiltonian
Finished diagonalizing Hamiltonian
Measured time:   0 hours  0 minutes  0 seconds   0 msec


-----------------------
Adiabatic Wavefunctions
-----------------------

 Psi   0: E = -1072.3046 au  ΔE=     0.0000 au      0.000 eV        0.0 cm**-1 <S**2> =   0.000
   E0E0 S2= 0.0 Sz= 0.0 P=0 :    96.9748 (c=-0.9848 0.0000i)
 Psi   1: E = -1072.1531 au  ΔE=     0.1514 au      4.120 eV    33228.9 cm**-1 <S**2> =   0.000
   E1E0 S2= 0.0 Sz= 0.0 P=0 :     37.275 (c= 0.6105-0.0000i)
   E0E1 S2= 0.0 Sz= 0.0 P=0 :     37.275 (c=-0.6105-0.0000i)
   E1-E0+ S2= 0.0 Sz= 0.0 P=0 :     12.725 (c= 0.3567-0.0000i)
   E0+E1- S2= 0.0 Sz= 0.0 P=0 :     12.725 (c=-0.3567-0.0000i)
 Psi   2: E = -1072.1217 au  ΔE=     0.1829 au      4.976 eV    40134.5 cm**-1 <S**2> =   0.000
   E0E1 S2= 0.0 Sz= 0.0 P=0 :    49.2921 (c=-0.7021 0.0000i)
   E1E0 S2= 0.0 Sz= 0.0 P=0 :    49.2921 (c=-0.7021 0.0000i)
 Psi   3: E = -1072.1072 au  ΔE=     0.1974 au      5.371 eV    43323.4 cm**-1 <S**2> =   0.000
   E1-E0+ S2= 0.0 Sz= 0.0 P=0 :    49.2921 (c=-0.7021 0.0000i)
   E0+E1- S2= 0.0 Sz= 0.0 P=0 :    49.2921 (c=-0.7021 0.0000i)
 Psi   4: E = -1072.0917 au  ΔE=     0.2128 au      5.791 eV    46705.5 cm**-1 <S**2> =   0.000
   E0+E1- S2= 0.0 Sz= 0.0 P=0 :     37.275 (c=-0.6105-0.0000i)
   E1-E0+ S2= 0.0 Sz= 0.0 P=0 :     37.275 (c= 0.6105-0.0000i)
   E1E0 S2= 0.0 Sz= 0.0 P=0 :     12.725 (c=-0.3567-0.0000i)
   E0E1 S2= 0.0 Sz= 0.0 P=0 :     12.725 (c= 0.3567-0.0000i)
 Psi   5: E = -1072.0362 au  ΔE=     0.2684 au      7.302 eV    58897.7 cm**-1 <S**2> =   0.000
   E2E0 S2= 0.0 Sz= 0.0 P=0 :     43.379 (c= 0.6586 0.0000i)
   E0E2 S2= 0.0 Sz= 0.0 P=0 :    43.3789 (c=-0.6586 0.0000i)
   E2-E0+ S2= 0.0 Sz= 0.0 P=0 :    3.36638 (c=-0.1835 0.0000i)
   E0+E2- S2= 0.0 Sz= 0.0 P=0 :    3.36637 (c= 0.1835 0.0000i)
   E1+E1- S2= 0.0 Sz= 0.0 P=0 :    3.25462 (c=-0.1804 0.0000i)
   E1-E1+ S2= 0.0 Sz= 0.0 P=0 :    3.25461 (c= 0.1804 0.0000i)
 Psi   6: E = -1072.0358 au  ΔE=     0.2688 au      7.313 eV    58985.9 cm**-1 <S**2> =   0.000
   E0E2 S2= 0.0 Sz= 0.0 P=0 :    34.3552 (c= 0.5861-0.0000i)
   E2E0 S2= 0.0 Sz= 0.0 P=0 :    34.3552 (c= 0.5861-0.0000i)
   E1E1 S2= 0.0 Sz= 0.0 P=0 :    7.07021 (c=-0.2659-0.0000i)
   E0+E2- S2= 0.0 Sz= 0.0 P=0 :    5.73677 (c=-0.2395-0.0000i)
   E2-E0+ S2= 0.0 Sz= 0.0 P=0 :    5.73676 (c=-0.2395-0.0000i)
   E1-E1+ S2= 0.0 Sz= 0.0 P=0 :    5.21679 (c=-0.2284-0.0000i)
   E1+E1- S2= 0.0 Sz= 0.0 P=0 :    5.21678 (c=-0.2284-0.0000i)
   E0E0 S2= 0.0 Sz= 0.0 P=0 :    2.15398 (c= 0.1468-0.0000i)
 Psi   7: E = -1071.9797 au  ΔE=     0.3248 au      8.839 eV    71288.5 cm**-1 <S**2> =   0.000
   E2-E0+ S2= 0.0 Sz= 0.0 P=0 :    32.0366 (c=-0.5660 0.0000i)
   E0+E2- S2= 0.0 Sz= 0.0 P=0 :    32.0365 (c= 0.5660 0.0000i)
   E1-E1+ S2= 0.0 Sz= 0.0 P=0 :    17.2318 (c=-0.4151 0.0000i)
   E1+E1- S2= 0.0 Sz= 0.0 P=0 :    17.2318 (c= 0.4151 0.0000i)
 Psi   8: E = -1071.9747 au  ΔE=     0.3299 au      8.977 eV    72401.9 cm**-1 <S**2> =   0.000
   E0+E2- S2= 0.0 Sz= 0.0 P=0 :    27.8192 (c= 0.5274 0.0000i)
   E2-E0+ S2= 0.0 Sz= 0.0 P=0 :    27.8192 (c= 0.5274 0.0000i)
   E1E1 S2= 0.0 Sz= 0.0 P=0 :    20.6673 (c= 0.4546 0.0000i)
   E0E2 S2= 0.0 Sz= 0.0 P=0 :     11.021 (c= 0.3320 0.0000i)
   E2E0 S2= 0.0 Sz= 0.0 P=0 :     11.021 (c= 0.3320 0.0000i)
 Psi   9: E = -1071.9667 au  ΔE=     0.3378 au      9.193 eV    74149.1 cm**-1 <S**2> =   0.000
   E1-E1+ S2= 0.0 Sz= 0.0 P=0 :    32.5287 (c= 0.5703-0.0000i)
   E1+E1- S2= 0.0 Sz= 0.0 P=0 :    32.5287 (c= 0.5703-0.0000i)
   E1E1 S2= 0.0 Sz= 0.0 P=0 :    10.2989 (c= 0.3209-0.0000i)
   E2-E0+ S2= 0.0 Sz= 0.0 P=0 :    9.44109 (c=-0.3073-0.0000i)
   E0+E2- S2= 0.0 Sz= 0.0 P=0 :    9.44108 (c=-0.3073-0.0000i)
   E0E2 S2= 0.0 Sz= 0.0 P=0 :    2.72395 (c= 0.1650-0.0000i)
   E2E0 S2= 0.0 Sz= 0.0 P=0 :    2.72395 (c= 0.1650-0.0000i)
 Psi  10: E = -1071.9574 au  ΔE=     0.3472 au      9.448 eV    76200.8 cm**-1 <S**2> =   0.000
   E1+E1- S2= 0.0 Sz= 0.0 P=0 :    29.1955 (c= 0.5403-0.0000i)
   E1-E1+ S2= 0.0 Sz= 0.0 P=0 :    29.1955 (c=-0.5403-0.0000i)
   E0+E2- S2= 0.0 Sz= 0.0 P=0 :    14.3481 (c=-0.3788-0.0000i)
   E2-E0+ S2= 0.0 Sz= 0.0 P=0 :    14.3481 (c= 0.3788-0.0000i)
   E2E0 S2= 0.0 Sz= 0.0 P=0 :    6.42836 (c= 0.2535-0.0000i)
   E0E2 S2= 0.0 Sz= 0.0 P=0 :    6.42836 (c=-0.2535-0.0000i)
 Psi  11: E = -1071.9500 au  ΔE=     0.3545 au      9.647 eV    77809.7 cm**-1 <S**2> =   0.000
   E1E1 S2= 0.0 Sz= 0.0 P=0 :     61.927 (c= 0.7869 0.0000i)
   E1+E1- S2= 0.0 Sz= 0.0 P=0 :    11.6186 (c=-0.3409 0.0000i)
   E1-E1+ S2= 0.0 Sz= 0.0 P=0 :    11.6186 (c=-0.3409 0.0000i)
   E0+E2- S2= 0.0 Sz= 0.0 P=0 :    6.73872 (c=-0.2596 0.0000i)
   E2-E0+ S2= 0.0 Sz= 0.0 P=0 :    6.73872 (c=-0.2596 0.0000i)
 Psi  12: E = -1071.7281 au  ΔE=     0.5765 au     15.687 eV   126522.8 cm**-1 <S**2> =   0.000
   E2--E0++ S2= 0.0 Sz= 0.0 P=0 :    49.4383 (c= 0.7031 0.0000i)
   E0++E2-- S2= 0.0 Sz= 0.0 P=0 :    49.4275 (c=-0.7030 0.0000i)
 Psi  13: E = -1071.7280 au  ΔE=     0.5765 au     15.688 eV   126535.4 cm**-1 <S**2> =   0.000
   E0++E2-- S2= 0.0 Sz= 0.0 P=0 :    49.4082 (c=-0.7029-0.0000i)
   E2--E0++ S2= 0.0 Sz= 0.0 P=0 :    49.3974 (c=-0.7028-0.0000i)

--------------------------------------------------------------------------------------------------
                     ABSORPTION SPECTRUM VIA TRANSITION ELECTRIC DIPOLE MOMENTS                   
--------------------------------------------------------------------------------------------------
       Transition        Energy     Energy  Wavelength fosc(D2)      D2      |DX|    |DY|    |DZ| 
                          (eV)      (cm-1)    (nm)                 (au**2)   (au)    (au)    (au)  
--------------------------------------------------------------------------------------------------
  Psi   0 -> Psi   1    4.119861   33228.9   300.9   0.000000000   0.00000  0.0000  0.0000  0.0000
  Psi   0 -> Psi   2    4.976051   40134.5   249.2   0.681342939   5.58886  0.0000  2.3641  0.0000
  Psi   0 -> Psi   3    5.371417   43323.4   230.8   0.009844740   0.07481  0.0000  0.2735  0.0000
  Psi   0 -> Psi   4    5.790747   46705.5   214.1   0.000000000   0.00000  0.0000  0.0000  0.0000
  Psi   0 -> Psi   5    7.302384   58897.7   169.8   0.000005239   0.00003  0.0000  0.0000  0.0054
  Psi   0 -> Psi   6    7.313331   58985.9   169.5   0.000000000   0.00000  0.0000  0.0000  0.0000
  Psi   0 -> Psi   7    8.838660   71288.5   140.3   0.001747890   0.00807  0.0000  0.0000  0.0898
  Psi   0 -> Psi   8    8.976704   72401.9   138.1   0.000000000   0.00000  0.0000  0.0000  0.0000
  Psi   0 -> Psi   9    9.193327   74149.1   134.9   0.000000000   0.00000  0.0000  0.0000  0.0000
  Psi   0 -> Psi  10    9.447698   76200.8   131.2   0.000002467   0.00001  0.0000  0.0000  0.0033
  Psi   0 -> Psi  11    9.647175   77809.7   128.5   0.000000000   0.00000  0.0000  0.0000  0.0000
  Psi   0 -> Psi  12   15.686844  126522.8    79.0   0.000000022   0.00000  0.0000  0.0000  0.0002
  Psi   0 -> Psi  13   15.688398  126535.4    79.0   0.000000000   0.00000  0.0000  0.0000  0.0000

       *** SymbolicCI terminated normally ***
Total time:  0 days  0 hours 33 minutes 39 seconds 696 msec
