 $$$$$$\$$\     $$\$$\      $$\$$$$$$$\  $$$$$$\ $$\      $$$$$$\ $$$$$$\
$$  __$$\$$\   $$  $$$\    $$$ $$  __$$\$$  __$$\$$ |     \_$$  _$$  __$$\
$$ /  \__\$$\ $$  /$$$$\  $$$$ $$ |  $$ $$ /  $$ $$ |       $$ | $$ /  \__|
\$$$$$$\  \$$$$  / $$\$$\$$ $$ $$$$$$$\ $$ |  $$ $$ |       $$ | $$ |
 \____$$\  \$$  /  $$ \$$$  $$ $$  __$$\$$ |  $$ $$ |       $$ | $$ |
$$\   $$ |  $$ |   $$ |\$  /$$ $$ |  $$ $$ |  $$ $$ |       $$ | $$ |  $$\
\$$$$$$  |  $$ |   $$ | \_/ $$ $$$$$$$  |$$$$$$  $$$$$$$$\$$$$$$\\$$$$$$  |
 \______/   \__|   \__|     \__\_______/ \______/\________\______|\______/

                               $$$$$$\ $$$$$$\
                              $$  __$$\\_$$  _|
                              $$ /  \__| $$ |
                              $$ |       $$ |
                              $$ |       $$ |
                              $$ |  $$\  $$ |
                              \$$$$$$  $$$$$$\
                               \______/\______|    


           #######################################################
           #                        -***-                        #
           #   Institute of Physical and Theoretical Chemistry   #
           #            Core code : Johannes Greiner             #
           #  Institut für Physikalische und Theoretische Chemie #
           #         Emil-Fischer-Straße 42, Hubland Nord        #
           #                  D-97074 Würzburg                   #
           #                       Germany                       #
           #                                                     #
           #                  All rights reserved                #
           #                        -***-                        #
           #######################################################

                   Program Version 0.2-4-g201315d

Multi-threading enabled. Program will use 40 threads.

--------------
Fragment: anth
--------------

Multiplicity        ...             1   
Charge              ...             0   
Number of Electrons ...            94   
Energy (Hartree)    ...      0.000000   
Number of Atoms     ...            24   
Number of Sites     ...             4   


---------
Aggregate
---------

Number of Sides           ...   20   
Number of Basis Functions ... 2800   
Number of Atoms           ...  120   
Dimension of Hamiltonian  ...  251   

Starting calculation of integrals
Finished calculation of integrals

-------
Timings
-------

Integral                   ...                                 Duration        %   
                           ...                                                     
Non Relativistic Integrals ...   7 hours 16 minutes 16 seconds 712 msec   100.0%   
Overlap                    ...   0 hours  0 minutes  1 seconds  79 msec     0.0%   
Kinetic                    ...   0 hours  0 minutes 22 seconds 149 msec     0.1%   
Nuclear                    ...   0 hours  0 minutes 33 seconds 371 msec     0.1%   
G Core                     ...   0 hours  0 minutes 20 seconds 731 msec     0.1%   
Electron-Electron          ...   7 hours 13 minutes 39 seconds 776 msec    99.4%   
Dipoles                    ...   0 hours  1 minutes 19 seconds 603 msec     0.3%   

Starting processing state names
Finished processing state names
Measured time:   0 hours  0 minutes  0 seconds   1 msec

Starting building Hamiltonian
Finished building Hamiltonian
Measured time:   0 hours  0 minutes  0 seconds   3 msec

Starting writing Hamiltonian to disk
Finished writing Hamiltonian to disk
Measured time:   0 hours  0 minutes  0 seconds  29 msec

Starting diagonalizing Hamiltonian
Finished diagonalizing Hamiltonian
Measured time:   0 hours  0 minutes  0 seconds  51 msec


-----------------------
Adiabatic Wavefunctions
-----------------------

 Psi   0: E = -2680.7997 au  ΔE=     0.0000 au      0.000 eV        0.0 cm**-1
   E0E0E0E0E0 S2= 0.0 Sz= 0.0 P=0 :    93.2634 (c= 0.7643+0.5903i)
 Psi   1: E = -2680.6179 au  ΔE=     0.1818 au      4.947 eV    39899.7 cm**-1
   E0E0E1E0E0 S2= 0.0 Sz= 0.0 P=0 :    32.2987 (c=-0.4798+0.3045i)
   E0E1E0E0E0 S2= 0.0 Sz= 0.0 P=0 :    24.5235 (c=-0.4181+0.2654i)
   E0E0E0E1E0 S2= 0.0 Sz= 0.0 P=0 :    24.5157 (c=-0.4180+0.2653i)
   E1E0E0E0E0 S2= 0.0 Sz= 0.0 P=0 :    8.23987 (c=-0.2424+0.1538i)
   E0E0E0E0E1 S2= 0.0 Sz= 0.0 P=0 :    8.23568 (c=-0.2423+0.1538i)
 Psi   2: E = -2680.6156 au  ΔE=     0.1840 au      5.008 eV    40392.0 cm**-1
   E0E0E0E1E0 S2= 0.0 Sz= 0.0 P=0 :     25.321 (c= 0.4781-0.1568i)
   E0E1E0E0E0 S2= 0.0 Sz= 0.0 P=0 :    25.3131 (c=-0.4781+0.1568i)
   E0E0E0E0E1 S2= 0.0 Sz= 0.0 P=0 :    23.8614 (c= 0.4641-0.1522i)
   E1E0E0E0E0 S2= 0.0 Sz= 0.0 P=0 :    23.8599 (c=-0.4641+0.1522i)
 Psi   3: E = -2680.6134 au  ΔE=     0.1863 au      5.069 eV    40884.2 cm**-1
   E0E0E1E0E0 S2= 0.0 Sz= 0.0 P=0 :    35.1301 (c= 0.5801-0.1215i)
   E0E0E0E0E1 S2= 0.0 Sz= 0.0 P=0 :    31.9251 (c=-0.5530+0.1158i)
   E1E0E0E0E0 S2= 0.0 Sz= 0.0 P=0 :    31.9214 (c=-0.5530+0.1158i)
 Psi   4: E = -2680.6117 au  ΔE=     0.1880 au      5.115 eV    41255.7 cm**-1
   E1E0E0E0E0 S2= 0.0 Sz= 0.0 P=0 :    25.6973 (c=-0.4941+0.1135i)
   E0E0E0E0E1 S2= 0.0 Sz= 0.0 P=0 :    25.6971 (c= 0.4941-0.1135i)
   E0E1E0E0E0 S2= 0.0 Sz= 0.0 P=0 :    24.0325 (c= 0.4778-0.1097i)
   E0E0E0E1E0 S2= 0.0 Sz= 0.0 P=0 :     24.032 (c=-0.4778+0.1097i)
 Psi   5: E = -2680.6107 au  ΔE=     0.1890 au      5.143 eV    41480.5 cm**-1
   E0E0E1E0E0 S2= 0.0 Sz= 0.0 P=0 :    31.2475 (c= 0.3332-0.4489i)
   E0E0E0E1E0 S2= 0.0 Sz= 0.0 P=0 :     24.802 (c=-0.2968+0.3999i)
   E0E1E0E0E0 S2= 0.0 Sz= 0.0 P=0 :    24.8004 (c=-0.2968+0.3999i)
   E0E0E0E0E1 S2= 0.0 Sz= 0.0 P=0 :    9.43483 (c= 0.1831-0.2466i)
   E1E0E0E0E0 S2= 0.0 Sz= 0.0 P=0 :    9.43479 (c= 0.1831-0.2466i)
 Psi   6: E = -2680.5675 au  ΔE=     0.2321 au      6.316 eV    50943.8 cm**-1
   E1-E0+E0E0E0 S2= 0.0 Sz= 0.0 P=0 :    91.8889 (c=-0.6310+0.7217i)
   E0E1-E0+E0E0 S2= 0.0 Sz= 0.0 P=0 :    2.56204 (c=-0.1054+0.1205i)
 Psi   7: E = -2680.5674 au  ΔE=     0.2322 au      6.320 eV    50972.3 cm**-1
   E0E0E0E0+E1- S2= 0.0 Sz= 0.0 P=0 :    94.7521 (c= 0.4686-0.8532i)
 Psi   8: E = -2680.5668 au  ΔE=     0.2329 au      6.337 eV    51113.3 cm**-1
   E0E1-E0+E0E0 S2= 0.0 Sz= 0.0 P=0 :    58.6083 (c=-0.5177-0.5639i)
   E0E0E0+E1-E0 S2= 0.0 Sz= 0.0 P=0 :    19.2609 (c= 0.2968+0.3233i)
   E0E0E1-E0+E0 S2= 0.0 Sz= 0.0 P=0 :    9.43095 (c=-0.2077-0.2262i)
   E0E0+E1-E0E0 S2= 0.0 Sz= 0.0 P=0 :    5.66946 (c= 0.1610+0.1754i)
   E1-E0+E0E0E0 S2= 0.0 Sz= 0.0 P=0 :     3.3133 (c= 0.1231+0.1341i)
 Psi   9: E = -2680.5664 au  ΔE=     0.2332 au      6.347 eV    51189.0 cm**-1
   E0E0E0+E1-E0 S2= 0.0 Sz= 0.0 P=0 :    60.0894 (c=-0.2375-0.7379i)
   E0E1-E0+E0E0 S2= 0.0 Sz= 0.0 P=0 :    26.9432 (c=-0.1590-0.4941i)
   E0E0E1-E0+E0 S2= 0.0 Sz= 0.0 P=0 :    8.56839 (c= 0.0897+0.2786i)
 Psi  10: E = -2680.5660 au  ΔE=     0.2337 au      6.359 eV    51287.2 cm**-1
   E0E0E1-E0+E0 S2= 0.0 Sz= 0.0 P=0 :    56.6733 (c= 0.1685-0.7337i)
   E0E0+E1-E0E0 S2= 0.0 Sz= 0.0 P=0 :    20.5463 (c=-0.1014+0.4418i)
   E0E0E0+E1-E0 S2= 0.0 Sz= 0.0 P=0 :    14.4442 (c= 0.0851-0.3704i)
   E0E1-E0+E0E0 S2= 0.0 Sz= 0.0 P=0 :    5.65051 (c=-0.0532+0.2317i)
 Psi  11: E = -2680.5657 au  ΔE=     0.2340 au      6.366 eV    51348.7 cm**-1
   E0E0+E1-E0E0 S2= 0.0 Sz= 0.0 P=0 :     69.284 (c=-0.4804+0.6797i)
   E0E0E1-E0+E0 S2= 0.0 Sz= 0.0 P=0 :    21.2692 (c=-0.2662+0.3766i)
   E0E0E0+E1-E0 S2= 0.0 Sz= 0.0 P=0 :     2.8753 (c=-0.0979+0.1385i)
   E0E1-E0+E0E0 S2= 0.0 Sz= 0.0 P=0 :    2.85764 (c=-0.0976+0.1380i)
 Psi  12: E = -2680.5639 au  ΔE=     0.2358 au      6.415 eV    51741.9 cm**-1
   E0E0E0E1-E0+ S2= 0.0 Sz= 0.0 P=0 :    95.9221 (c=-0.9584-0.2017i)
 Psi  13: E = -2680.5638 au  ΔE=     0.2358 au      6.418 eV    51762.9 cm**-1
   E0+E1-E0E0E0 S2= 0.0 Sz= 0.0 P=0 :    96.3298 (c=-0.2718+0.9431i)
 Psi  14: E = -2680.5302 au  ΔE=     0.2694 au      7.331 eV    59131.2 cm**-1
   E1-E0E0+E0E0 S2= 0.0 Sz= 0.0 P=0 :    82.9682 (c= 0.4381+0.7986i)
   E0E1-E0E0+E0 S2= 0.0 Sz= 0.0 P=0 :    7.30675 (c= 0.1300+0.2370i)
   E1-E0E0E0+E0 S2= 0.0 Sz= 0.0 P=0 :    6.36685 (c=-0.1213-0.2212i)
 Psi  15: E = -2680.5301 au  ΔE=     0.2695 au      7.334 eV    59154.7 cm**-1
   E0E0E0+E0E1- S2= 0.0 Sz= 0.0 P=0 :    87.6047 (c= 0.8406+0.4117i)
   E0E0+E0E0E1- S2= 0.0 Sz= 0.0 P=0 :    5.17205 (c=-0.2042-0.1000i)
   E0E0+E0E1-E0 S2= 0.0 Sz= 0.0 P=0 :    4.61551 (c= 0.1929+0.0945i)
 Psi  16: E = -2680.5290 au  ΔE=     0.2706 au      7.365 eV    59400.7 cm**-1
   E0E1-E0E0+E0 S2= 0.0 Sz= 0.0 P=0 :    81.9385 (c=-0.8084+0.4074i)
   E1-E0E0+E0E0 S2= 0.0 Sz= 0.0 P=0 :    10.1708 (c= 0.2848-0.1435i)
   E0E1-E0E0E0+ S2= 0.0 Sz= 0.0 P=0 :    3.54445 (c= 0.1681-0.0847i)
 Psi  17: E = -2680.5288 au  ΔE=     0.2708 au      7.370 eV    59440.8 cm**-1
   E0E0+E0E1-E0 S2= 0.0 Sz= 0.0 P=0 :    86.2968 (c=-0.4070-0.8350i)
   E0E0E0+E0E1- S2= 0.0 Sz= 0.0 P=0 :    6.48822 (c= 0.1116+0.2290i)
   E0+E0E0E1-E0 S2= 0.0 Sz= 0.0 P=0 :    3.15545 (c= 0.0778+0.1597i)
 Psi  18: E = -2680.5260 au  ΔE=     0.2737 au      7.447 eV    60062.5 cm**-1
   E0E0E1-E0E0+ S2= 0.0 Sz= 0.0 P=0 :    93.7641 (c=-0.1470-0.9571i)
   E0E1-E0E0E0+ S2= 0.0 Sz= 0.0 P=0 :    2.36447 (c= 0.0233+0.1520i)
 Psi  19: E = -2680.5259 au  ΔE=     0.2737 au      7.448 eV    60075.2 cm**-1
   E0+E0E1-E0E0 S2= 0.0 Sz= 0.0 P=0 :    94.7525 (c= 0.9359-0.2677i)
 Psi  20: E = -2680.5150 au  ΔE=     0.2846 au      7.745 eV    62467.0 cm**-1
   E1-E0E0E0+E0 S2= 0.0 Sz= 0.0 P=0 :    80.7424 (c=-0.3810-0.8138i)
   E1-E0E0E0E0+ S2= 0.0 Sz= 0.0 P=0 :     9.9762 (c= 0.1339+0.2861i)
   E1-E0E0+E0E0 S2= 0.0 Sz= 0.0 P=0 :    4.20867 (c=-0.0870-0.1858i)
   E0E1-E0E0+E0 S2= 0.0 Sz= 0.0 P=0 :    3.82418 (c=-0.0829-0.1771i)
 Psi  21: E = -2680.5150 au  ΔE=     0.2846 au      7.745 eV    62470.5 cm**-1
   E0E0+E0E0E1- S2= 0.0 Sz= 0.0 P=0 :    83.3564 (c=-0.0142+0.9129i)
   E0+E0E0E0E1- S2= 0.0 Sz= 0.0 P=0 :    8.78178 (c= 0.0046-0.2963i)
   E0E0E0+E0E1- S2= 0.0 Sz= 0.0 P=0 :     3.6064 (c=-0.0030+0.1899i)
   E0E0+E0E1-E0 S2= 0.0 Sz= 0.0 P=0 :    3.10747 (c=-0.0027+0.1763i)
 Psi  22: E = -2680.5117 au  ΔE=     0.2880 au      7.836 eV    63197.7 cm**-1
   E0E1-E0E0E0+ S2= 0.0 Sz= 0.0 P=0 :    81.9449 (c= 0.4346-0.7941i)
   E1-E0E0E0E0+ S2= 0.0 Sz= 0.0 P=0 :    8.20463 (c=-0.1375+0.2513i)
   E1-E0E0E0+E0 S2= 0.0 Sz= 0.0 P=0 :      3.245 (c=-0.0865+0.1580i)
   E0E0E1-E0E0+ S2= 0.0 Sz= 0.0 P=0 :    2.92935 (c= 0.0822-0.1501i)
   E0E1-E0E0+E0 S2= 0.0 Sz= 0.0 P=0 :    2.29639 (c= 0.0727-0.1329i)
 Psi  23: E = -2680.5117 au  ΔE=     0.2880 au      7.837 eV    63207.8 cm**-1
   E0+E0E0E1-E0 S2= 0.0 Sz= 0.0 P=0 :    84.2381 (c= 0.2464+0.8841i)
   E0+E0E0E0E1- S2= 0.0 Sz= 0.0 P=0 :    7.50033 (c=-0.0735-0.2638i)
   E0E0+E0E0E1- S2= 0.0 Sz= 0.0 P=0 :    2.53133 (c=-0.0427-0.1533i)
   E0+E0E1-E0E0 S2= 0.0 Sz= 0.0 P=0 :    2.36269 (c= 0.0413+0.1481i)
   E0E0+E0E1-E0 S2= 0.0 Sz= 0.0 P=0 :    2.09198 (c= 0.0388+0.1393i)
 Psi  24: E = -2680.5106 au  ΔE=     0.2890 au      7.865 eV    63433.8 cm**-1
   E0E0E0E2E0 S2= 0.0 Sz= 0.0 P=0 :    49.2044 (c= 0.6934+0.1063i)
   E0E2E0E0E0 S2= 0.0 Sz= 0.0 P=0 :     49.133 (c=-0.6928-0.1063i)
 Psi  25: E = -2680.5106 au  ΔE=     0.2891 au      7.866 eV    63447.5 cm**-1
   E0E0E2E0E0 S2= 0.0 Sz= 0.0 P=0 :    71.9063 (c= 0.1110-0.8407i)
   E0E2E0E0E0 S2= 0.0 Sz= 0.0 P=0 :    13.2379 (c=-0.0476+0.3607i)
   E0E0E0E2E0 S2= 0.0 Sz= 0.0 P=0 :    13.1626 (c=-0.0475+0.3597i)
 Psi  26: E = -2680.5101 au  ΔE=     0.2895 au      7.879 eV    63545.5 cm**-1
   E2E0E0E0E0 S2= 0.0 Sz= 0.0 P=0 :    28.2975 (c= 0.2522+0.4684i)
   E0E0E0E0E2 S2= 0.0 Sz= 0.0 P=0 :    28.2969 (c= 0.2522+0.4684i)
   E0E0E0E2E0 S2= 0.0 Sz= 0.0 P=0 :    17.2772 (c=-0.1971-0.3660i)
   E0E2E0E0E0 S2= 0.0 Sz= 0.0 P=0 :    17.2734 (c=-0.1970-0.3659i)
   E0E0E2E0E0 S2= 0.0 Sz= 0.0 P=0 :    8.01683 (c=-0.1342-0.2493i)
 Psi  27: E = -2680.5098 au  ΔE=     0.2899 au      7.888 eV    63618.4 cm**-1
   E0E0E0E0E2 S2= 0.0 Sz= 0.0 P=0 :    49.4328 (c= 0.6708+0.2105i)
   E2E0E0E0E0 S2= 0.0 Sz= 0.0 P=0 :    49.4322 (c=-0.6708-0.2105i)
 Psi  28: E = -2680.5038 au  ΔE=     0.2958 au      8.050 eV    64929.5 cm**-1
   E0+E0E0E0E1- S2= 0.0 Sz= 0.0 P=0 :     82.849 (c= 0.3871-0.8238i)
   E0+E0E0E1-E0 S2= 0.0 Sz= 0.0 P=0 :    9.03945 (c= 0.1279-0.2721i)
   E0E0+E0E0E1- S2= 0.0 Sz= 0.0 P=0 :     6.8006 (c= 0.1109-0.2360i)
 Psi  29: E = -2680.5036 au  ΔE=     0.2961 au      8.057 eV    64986.0 cm**-1
   E1-E0E0E0E0+ S2= 0.0 Sz= 0.0 P=0 :    80.8458 (c=-0.8850+0.1588i)
   E0E1-E0E0E0+ S2= 0.0 Sz= 0.0 P=0 :    10.2865 (c=-0.3157+0.0566i)
   E1-E0E0E0+E0 S2= 0.0 Sz= 0.0 P=0 :    7.55901 (c=-0.2706+0.0485i)
 Psi  30: E = -2680.4904 au  ΔE=     0.3093 au      8.415 eV    67872.5 cm**-1
   E2E0E0E0E0 S2= 0.0 Sz= 0.0 P=0 :    19.5143 (c=-0.3628-0.2520i)
   E0E0E0E0E2 S2= 0.0 Sz= 0.0 P=0 :    19.5142 (c=-0.3628-0.2520i)
   E0E2E0E0E0 S2= 0.0 Sz= 0.0 P=0 :    17.3144 (c=-0.3417-0.2374i)
   E0E0E0E2E0 S2= 0.0 Sz= 0.0 P=0 :    17.3138 (c=-0.3417-0.2374i)
   E0E0E2E0E0 S2= 0.0 Sz= 0.0 P=0 :    17.2643 (c=-0.3412-0.2371i)
   E0E0E0E0E0 S2= 0.0 Sz= 0.0 P=0 :    6.41898 (c=-0.2081-0.1446i)
 Psi  31: E = -2680.4539 au  ΔE=     0.3457 au      9.408 eV    75881.8 cm**-1
   E0E1E0E1E0 S2= 0.0 Sz= 0.0 P=0 :    24.7537 (c= 0.0053-0.4975i)
   E0E1E0E0E1 S2= 0.0 Sz= 0.0 P=0 :    13.9367 (c= 0.0040-0.3733i)
   E1E0E0E1E0 S2= 0.0 Sz= 0.0 P=0 :     13.936 (c= 0.0040-0.3733i)
   E0E0E1E1E0 S2= 0.0 Sz= 0.0 P=0 :    8.92679 (c= 0.0032-0.2988i)
   E0E1E1E0E0 S2= 0.0 Sz= 0.0 P=0 :    8.92497 (c= 0.0032-0.2987i)
   E0E0E1E0E1 S2= 0.0 Sz= 0.0 P=0 :    8.00098 (c= 0.0030-0.2828i)
   E1E0E1E0E0 S2= 0.0 Sz= 0.0 P=0 :    7.99956 (c= 0.0030-0.2828i)
   E1E0E0E0E1 S2= 0.0 Sz= 0.0 P=0 :    6.78619 (c= 0.0028-0.2605i)
 Psi  32: E = -2680.4515 au  ΔE=     0.3482 au      9.475 eV    76420.4 cm**-1
   E0E0E1E0E1 S2= 0.0 Sz= 0.0 P=0 :    23.3161 (c= 0.4386+0.2021i)
   E1E0E1E0E0 S2= 0.0 Sz= 0.0 P=0 :    23.3149 (c=-0.4385-0.2021i)
   E0E0E0E1E1 S2= 0.0 Sz= 0.0 P=0 :    9.07931 (c= 0.2737+0.1261i)
   E1E1E0E0E0 S2= 0.0 Sz= 0.0 P=0 :    9.06865 (c=-0.2735-0.1260i)
   E0E1E1E0E0 S2= 0.0 Sz= 0.0 P=0 :    8.18299 (c=-0.2598-0.1197i)
   E0E0E1E1E0 S2= 0.0 Sz= 0.0 P=0 :    8.18103 (c= 0.2598+0.1197i)
   E1E0E0E1E0 S2= 0.0 Sz= 0.0 P=0 :    7.53589 (c=-0.2493-0.1149i)
   E0E1E0E0E1 S2= 0.0 Sz= 0.0 P=0 :    7.53077 (c= 0.2492+0.1148i)
 Psi  33: E = -2680.4497 au  ΔE=     0.3500 au      9.524 eV    76812.8 cm**-1
   E1E0E0E0E1 S2= 0.0 Sz= 0.0 P=0 :    27.3226 (c= 0.4626+0.2434i)
   E0E1E0E1E0 S2= 0.0 Sz= 0.0 P=0 :    15.5386 (c=-0.3488-0.1836i)
   E0E0E1E1E0 S2= 0.0 Sz= 0.0 P=0 :    15.4228 (c=-0.3475-0.1829i)
   E0E1E1E0E0 S2= 0.0 Sz= 0.0 P=0 :    15.4221 (c=-0.3475-0.1829i)
   E1E0E0E1E0 S2= 0.0 Sz= 0.0 P=0 :    6.91982 (c= 0.2328+0.1225i)
   E0E1E0E0E1 S2= 0.0 Sz= 0.0 P=0 :    6.91848 (c= 0.2328+0.1225i)
   E1E1E0E0E0 S2= 0.0 Sz= 0.0 P=0 :    3.04973 (c= 0.1545+0.0813i)
   E0E0E0E1E1 S2= 0.0 Sz= 0.0 P=0 :    3.04972 (c= 0.1545+0.0813i)
 Psi  34: E = -2680.4494 au  ΔE=     0.3502 au      9.530 eV    76865.2 cm**-1
   E0E0E0E1E1 S2= 0.0 Sz= 0.0 P=0 :    16.7038 (c= 0.3661-0.1816i)
   E1E1E0E0E0 S2= 0.0 Sz= 0.0 P=0 :    16.6884 (c= 0.3660-0.1816i)
   E1E0E1E0E0 S2= 0.0 Sz= 0.0 P=0 :    15.7258 (c= 0.3552-0.1762i)
   E0E0E1E0E1 S2= 0.0 Sz= 0.0 P=0 :    15.7041 (c= 0.3550-0.1761i)
   E0E1E0E1E0 S2= 0.0 Sz= 0.0 P=0 :     10.447 (c=-0.2895+0.1436i)
   E1E0E0E0E1 S2= 0.0 Sz= 0.0 P=0 :    9.11016 (c=-0.2704+0.1341i)
   E0E1E0E0E1 S2= 0.0 Sz= 0.0 P=0 :    4.48013 (c=-0.1896+0.0941i)
   E1E0E0E1E0 S2= 0.0 Sz= 0.0 P=0 :    4.46459 (c=-0.1893+0.0939i)
 Psi  35: E = -2680.4484 au  ΔE=     0.3513 au      9.559 eV    77095.2 cm**-1
   E0E1E1E0E0 S2= 0.0 Sz= 0.0 P=0 :    27.9944 (c=-0.3294+0.4141i)
   E0E0E1E1E0 S2= 0.0 Sz= 0.0 P=0 :    27.9904 (c= 0.3293-0.4141i)
   E1E0E0E1E0 S2= 0.0 Sz= 0.0 P=0 :    19.3013 (c= 0.2735-0.3438i)
   E0E1E0E0E1 S2= 0.0 Sz= 0.0 P=0 :    19.2961 (c=-0.2734+0.3438i)
 Psi  36: E = -2680.4477 au  ΔE=     0.3520 au      9.578 eV    77249.3 cm**-1
   E0E0E0E1E1 S2= 0.0 Sz= 0.0 P=0 :    30.9688 (c=-0.1105+0.5454i)
   E1E1E0E0E0 S2= 0.0 Sz= 0.0 P=0 :    30.9402 (c= 0.1105-0.5452i)
   E1E0E0E1E0 S2= 0.0 Sz= 0.0 P=0 :    12.6212 (c=-0.0706+0.3482i)
   E0E1E0E0E1 S2= 0.0 Sz= 0.0 P=0 :    12.6153 (c= 0.0705-0.3481i)
   E0E0E1E1E0 S2= 0.0 Sz= 0.0 P=0 :    4.08079 (c= 0.0401-0.1980i)
   E0E1E1E0E0 S2= 0.0 Sz= 0.0 P=0 :    4.07103 (c=-0.0401+0.1977i)
 Psi  37: E = -2680.4467 au  ΔE=     0.3529 au      9.603 eV    77454.4 cm**-1
   E0E1E0E1E0 S2= 0.0 Sz= 0.0 P=0 :    23.7277 (c=-0.2635+0.4097i)
   E1E1E0E0E0 S2= 0.0 Sz= 0.0 P=0 :     17.244 (c=-0.2247+0.3492i)
   E0E0E0E1E1 S2= 0.0 Sz= 0.0 P=0 :    17.1953 (c=-0.2244+0.3487i)
   E1E0E0E0E1 S2= 0.0 Sz= 0.0 P=0 :    10.0487 (c= 0.1715-0.2666i)
   E0E1E1E0E0 S2= 0.0 Sz= 0.0 P=0 :     7.8927 (c= 0.1520-0.2363i)
   E0E0E1E1E0 S2= 0.0 Sz= 0.0 P=0 :    7.88509 (c= 0.1519-0.2362i)
   E0E0E1E0E1 S2= 0.0 Sz= 0.0 P=0 :     5.7346 (c= 0.1296-0.2014i)
   E1E0E1E0E0 S2= 0.0 Sz= 0.0 P=0 :    5.72595 (c= 0.1295-0.2012i)
 Psi  38: E = -2680.4455 au  ΔE=     0.3541 au      9.636 eV    77721.2 cm**-1
   E1E0E0E0E1 S2= 0.0 Sz= 0.0 P=0 :    33.8491 (c=-0.3042+0.4959i)
   E0E0E1E0E1 S2= 0.0 Sz= 0.0 P=0 :    10.3686 (c= 0.1684-0.2745i)
   E1E0E1E0E0 S2= 0.0 Sz= 0.0 P=0 :    10.3321 (c= 0.1681-0.2740i)
   E1E1E0E0E0 S2= 0.0 Sz= 0.0 P=0 :    8.05543 (c=-0.1484+0.2419i)
   E0E0E0E1E1 S2= 0.0 Sz= 0.0 P=0 :    8.04685 (c=-0.1483+0.2418i)
   E0E0E1E1E0 S2= 0.0 Sz= 0.0 P=0 :    7.33695 (c=-0.1416+0.2309i)
   E0E1E1E0E0 S2= 0.0 Sz= 0.0 P=0 :    7.32411 (c=-0.1415+0.2307i)
   E1E0E0E1E0 S2= 0.0 Sz= 0.0 P=0 :    5.83013 (c= 0.1263-0.2058i)
   E0E1E0E0E1 S2= 0.0 Sz= 0.0 P=0 :    5.80337 (c= 0.1260-0.2053i)
 Psi  39: E = -2680.4445 au  ΔE=     0.3551 au      9.663 eV    77935.5 cm**-1
   E1E0E1E0E0 S2= 0.0 Sz= 0.0 P=0 :    25.5942 (c= 0.3495+0.3658i)
   E0E0E1E0E1 S2= 0.0 Sz= 0.0 P=0 :    25.5768 (c=-0.3493-0.3657i)
   E0E1E0E0E1 S2= 0.0 Sz= 0.0 P=0 :    9.66754 (c= 0.2148+0.2248i)
   E1E0E0E1E0 S2= 0.0 Sz= 0.0 P=0 :    9.63869 (c=-0.2145-0.2245i)
   E0E1E1E0E0 S2= 0.0 Sz= 0.0 P=0 :    6.91435 (c=-0.1816-0.1901i)
   E0E0E1E1E0 S2= 0.0 Sz= 0.0 P=0 :    6.90198 (c= 0.1815+0.1900i)
   E1E1E0E0E0 S2= 0.0 Sz= 0.0 P=0 :    6.61809 (c=-0.1777-0.1860i)
   E0E0E0E1E1 S2= 0.0 Sz= 0.0 P=0 :    6.58933 (c= 0.1773+0.1856i)
 Psi  40: E = -2680.4428 au  ΔE=     0.3569 au      9.711 eV    78325.4 cm**-1
   E0E1E0E1E0 S2= 0.0 Sz= 0.0 P=0 :    22.8935 (c= 0.1986+0.4353i)
   E1E0E0E1E0 S2= 0.0 Sz= 0.0 P=0 :    17.5254 (c=-0.1737-0.3809i)
   E0E1E0E0E1 S2= 0.0 Sz= 0.0 P=0 :    17.5189 (c=-0.1737-0.3808i)
   E1E0E0E0E1 S2= 0.0 Sz= 0.0 P=0 :    11.6266 (c= 0.1415+0.3102i)
   E1E0E1E0E0 S2= 0.0 Sz= 0.0 P=0 :    7.87087 (c= 0.1164+0.2553i)
   E0E0E1E0E1 S2= 0.0 Sz= 0.0 P=0 :    7.85659 (c= 0.1163+0.2550i)
   E0E1E1E0E0 S2= 0.0 Sz= 0.0 P=0 :    5.83096 (c=-0.1002-0.2197i)
   E0E0E1E1E0 S2= 0.0 Sz= 0.0 P=0 :    5.81976 (c=-0.1001-0.2195i)
 Psi  41: E = -2680.4346 au  ΔE=     0.3651 au      9.934 eV    80120.7 cm**-1
   E0E0E0E0+E2- S2= 0.0 Sz= 0.0 P=0 :    65.2623 (c= 0.6765-0.4415i)
   E2-E0+E0E0E0 S2= 0.0 Sz= 0.0 P=0 :    30.2461 (c=-0.4606+0.3006i)
 Psi  42: E = -2680.4346 au  ΔE=     0.3651 au      9.934 eV    80124.9 cm**-1
   E2-E0+E0E0E0 S2= 0.0 Sz= 0.0 P=0 :    65.8022 (c= 0.5915+0.5551i)
   E0E0E0E0+E2- S2= 0.0 Sz= 0.0 P=0 :    30.0711 (c= 0.3999+0.3752i)
 Psi  43: E = -2680.4338 au  ΔE=     0.3658 au      9.955 eV    80292.0 cm**-1
   E0E0E0+E2-E0 S2= 0.0 Sz= 0.0 P=0 :    73.8531 (c= 0.1686-0.8427i)
   E0E0E2-E0+E0 S2= 0.0 Sz= 0.0 P=0 :    9.38386 (c=-0.0601+0.3004i)
   E0E0+E2-E0E0 S2= 0.0 Sz= 0.0 P=0 :    6.28177 (c= 0.0492-0.2458i)
   E0E0E0+E1E1- S2= 0.0 Sz= 0.0 P=0 :    2.71938 (c=-0.0323+0.1617i)
   E0E2-E0+E0E0 S2= 0.0 Sz= 0.0 P=0 :    2.09528 (c=-0.0284+0.1419i)
 Psi  44: E = -2680.4336 au  ΔE=     0.3661 au      9.962 eV    80347.5 cm**-1
   E0E0+E2-E0E0 S2= 0.0 Sz= 0.0 P=0 :    45.7806 (c= 0.6747+0.0504i)
   E0E2-E0+E0E0 S2= 0.0 Sz= 0.0 P=0 :    37.2564 (c=-0.6087-0.0455i)
   E0E0E0+E2-E0 S2= 0.0 Sz= 0.0 P=0 :    10.4659 (c=-0.3226-0.0241i)
 Psi  45: E = -2680.4331 au  ΔE=     0.3665 au      9.974 eV    80444.3 cm**-1
   E0E2-E0+E0E0 S2= 0.0 Sz= 0.0 P=0 :    51.0323 (c=-0.3542-0.6204i)
   E0E0+E2-E0E0 S2= 0.0 Sz= 0.0 P=0 :    26.0854 (c=-0.2532-0.4436i)
   E0E0E2-E0+E0 S2= 0.0 Sz= 0.0 P=0 :    14.1065 (c= 0.1862+0.3262i)
   E0E0E0+E2-E0 S2= 0.0 Sz= 0.0 P=0 :    2.60948 (c= 0.0801+0.1403i)
 Psi  46: E = -2680.4328 au  ΔE=     0.3669 au      9.983 eV    80517.1 cm**-1
   E0E0E2-E0+E0 S2= 0.0 Sz= 0.0 P=0 :     71.476 (c=-0.7878-0.3069i)
   E0E0+E2-E0E0 S2= 0.0 Sz= 0.0 P=0 :    14.9668 (c=-0.3605-0.1404i)
   E0E2-E0+E0E0 S2= 0.0 Sz= 0.0 P=0 :    4.19089 (c=-0.1908-0.0743i)
   E0E0E0+E2-E0 S2= 0.0 Sz= 0.0 P=0 :    4.05323 (c=-0.1876-0.0731i)
 Psi  47: E = -2680.4312 au  ΔE=     0.3685 au     10.026 eV    80868.1 cm**-1
   E0+E2-E0E0E0 S2= 0.0 Sz= 0.0 P=0 :     91.422 (c=-0.9066-0.3039i)
   E0+E1E1-E0E0 S2= 0.0 Sz= 0.0 P=0 :    2.80009 (c= 0.1587+0.0532i)
 Psi  48: E = -2680.4308 au  ΔE=     0.3688 au     10.037 eV    80950.0 cm**-1
   E0E0E0E2-E0+ S2= 0.0 Sz= 0.0 P=0 :    93.5797 (c= 0.7747-0.5793i)
   E0E0E0E1+E1- S2= 0.0 Sz= 0.0 P=0 :    2.24671 (c= 0.1200-0.0898i)
 Psi  49: E = -2680.4288 au  ΔE=     0.3709 au     10.092 eV    81398.0 cm**-1
   E0E0E0E1+E1- S2= 0.0 Sz= 0.0 P=0 :     87.127 (c= 0.7415-0.5670i)
   E0E0E0+E1E1- S2= 0.0 Sz= 0.0 P=0 :    5.62975 (c= 0.1885-0.1441i)
   E0E0E0E2-E0+ S2= 0.0 Sz= 0.0 P=0 :    2.39019 (c=-0.1228+0.0939i)
 Psi  50: E = -2680.4281 au  ΔE=     0.3716 au     10.112 eV    81555.7 cm**-1
   E1-E1+E0E0E0 S2= 0.0 Sz= 0.0 P=0 :    93.3469 (c=-0.7696+0.5841i)
   E1-E1E0+E0E0 S2= 0.0 Sz= 0.0 P=0 :     2.4626 (c= 0.1250-0.0949i)
 Psi  51: E = -2680.4273 au  ΔE=     0.3723 au     10.132 eV    81717.9 cm**-1
   E0E0E1+E1-E0 S2= 0.0 Sz= 0.0 P=0 :    87.1664 (c= 0.3628-0.8602i)
   E0E0+E1E1-E0 S2= 0.0 Sz= 0.0 P=0 :    5.66295 (c= 0.0925-0.2193i)
   E0E0E1-E1+E0 S2= 0.0 Sz= 0.0 P=0 :    2.32609 (c=-0.0593+0.1405i)
 Psi  52: E = -2680.4269 au  ΔE=     0.3728 au     10.143 eV    81809.4 cm**-1
   E0E1+E1-E0E0 S2= 0.0 Sz= 0.0 P=0 :    73.0259 (c=-0.8530-0.0521i)
   E0E1-E1+E0E0 S2= 0.0 Sz= 0.0 P=0 :    18.7784 (c= 0.4325+0.0264i)
   E0+E1E1-E0E0 S2= 0.0 Sz= 0.0 P=0 :    3.57529 (c=-0.1887-0.0115i)
 Psi  53: E = -2680.4264 au  ΔE=     0.3732 au     10.156 eV    81910.1 cm**-1
   E0E1-E1+E0E0 S2= 0.0 Sz= 0.0 P=0 :    75.3008 (c= 0.6759-0.5442i)
   E0E1+E1-E0E0 S2= 0.0 Sz= 0.0 P=0 :    17.7042 (c= 0.3277-0.2639i)
 Psi  54: E = -2680.4261 au  ΔE=     0.3735 au     10.164 eV    81980.2 cm**-1
   E0E0E1-E1+E0 S2= 0.0 Sz= 0.0 P=0 :    92.7684 (c= 0.1692+0.9482i)
   E0E0E1+E1-E0 S2= 0.0 Sz= 0.0 P=0 :    2.11355 (c= 0.0255+0.1431i)
 Psi  55: E = -2680.4235 au  ΔE=     0.3761 au     10.235 eV    82552.4 cm**-1
   E0E0E0E1-E1+ S2= 0.0 Sz= 0.0 P=0 :    62.4826 (c=-0.1510-0.7759i)
   E1+E1-E0E0E0 S2= 0.0 Sz= 0.0 P=0 :    35.2646 (c= 0.1134+0.5829i)
 Psi  56: E = -2680.4235 au  ΔE=     0.3761 au     10.235 eV    82554.8 cm**-1
   E1+E1-E0E0E0 S2= 0.0 Sz= 0.0 P=0 :     62.445 (c=-0.1286-0.7797i)
   E0E0E0E1-E1+ S2= 0.0 Sz= 0.0 P=0 :    35.2597 (c=-0.0966-0.5859i)
 Psi  57: E = -2680.4139 au  ΔE=     0.3857 au     10.497 eV    84660.0 cm**-1
   E1-E1E0+E0E0 S2= 0.0 Sz= 0.0 P=0 :    83.8025 (c= 0.7380+0.5417i)
   E1-E1E0E0+E0 S2= 0.0 Sz= 0.0 P=0 :    4.43836 (c=-0.1698-0.1247i)
   E1-E1+E0E0E0 S2= 0.0 Sz= 0.0 P=0 :    2.68959 (c= 0.1322+0.0970i)
   E1E1-E0+E0E0 S2= 0.0 Sz= 0.0 P=0 :    2.47013 (c=-0.1267-0.0930i)
   E0E1-E1E0+E0 S2= 0.0 Sz= 0.0 P=0 :    2.29827 (c=-0.1222-0.0897i)
 Psi  58: E = -2680.4124 au  ΔE=     0.3872 au     10.537 eV    84985.6 cm**-1
   E0E0E0+E1E1- S2= 0.0 Sz= 0.0 P=0 :    82.1501 (c=-0.9010-0.0983i)
   E0E0E0E1+E1- S2= 0.0 Sz= 0.0 P=0 :    6.91764 (c= 0.2615+0.0285i)
   E0E0+E0E1E1- S2= 0.0 Sz= 0.0 P=0 :    5.46639 (c= 0.2324+0.0254i)
   E0E0E0+E2-E0 S2= 0.0 Sz= 0.0 P=0 :    2.60128 (c=-0.1603-0.0175i)
 Psi  59: E = -2680.4123 au  ΔE=     0.3873 au     10.540 eV    85012.7 cm**-1
   E0E1-E1E0+E0 S2= 0.0 Sz= 0.0 P=0 :    80.4195 (c=-0.7616+0.4735i)
   E0E1E1-E0+E0 S2= 0.0 Sz= 0.0 P=0 :    3.34535 (c= 0.1553-0.0966i)
   E0E1-E1E0E0+ S2= 0.0 Sz= 0.0 P=0 :    3.14915 (c= 0.1507-0.0937i)
   E1-E0E1E0+E0 S2= 0.0 Sz= 0.0 P=0 :    2.91189 (c= 0.1449-0.0901i)
   E0E1-E1+E0E0 S2= 0.0 Sz= 0.0 P=0 :    2.63141 (c=-0.1378+0.0857i)
   E1-E1E0+E0E0 S2= 0.0 Sz= 0.0 P=0 :    2.56367 (c=-0.1360+0.0845i)
 Psi  60: E = -2680.4109 au  ΔE=     0.3888 au     10.579 eV    85326.8 cm**-1
   E0E0+E1E1-E0 S2= 0.0 Sz= 0.0 P=0 :    79.6191 (c=-0.6218+0.6400i)
   E0E0E1+E1-E0 S2= 0.0 Sz= 0.0 P=0 :    6.85803 (c= 0.1825-0.1878i)
   E0E0+E1E0E1- S2= 0.0 Sz= 0.0 P=0 :    3.85053 (c= 0.1367-0.1407i)
   E0+E0E1E1-E0 S2= 0.0 Sz= 0.0 P=0 :    3.75807 (c= 0.1351-0.1390i)
   E0E0+E2-E0E0 S2= 0.0 Sz= 0.0 P=0 :    2.25961 (c=-0.1048+0.1078i)
 Psi  61: E = -2680.4096 au  ΔE=     0.3900 au     10.613 eV    85603.5 cm**-1
   E0E0E1-E1E0+ S2= 0.0 Sz= 0.0 P=0 :    86.1673 (c= 0.8588-0.3523i)
   E0E0E1E1-E0+ S2= 0.0 Sz= 0.0 P=0 :    3.78959 (c=-0.1801+0.0739i)
   E0E1-E0E1E0+ S2= 0.0 Sz= 0.0 P=0 :    2.47509 (c=-0.1456+0.0597i)
   E0E0E1-E0+E1 S2= 0.0 Sz= 0.0 P=0 :    2.26329 (c=-0.1392+0.0571i)
   E0E0E1-E1+E0 S2= 0.0 Sz= 0.0 P=0 :    2.07846 (c= 0.1334-0.0547i)
 Psi  62: E = -2680.4082 au  ΔE=     0.3915 au     10.653 eV    85920.1 cm**-1
   E0+E1E1-E0E0 S2= 0.0 Sz= 0.0 P=0 :    85.3732 (c= 0.2646+0.8853i)
   E0E1+E1-E0E0 S2= 0.0 Sz= 0.0 P=0 :    5.53301 (c=-0.0674-0.2254i)
   E0+E1E0E1-E0 S2= 0.0 Sz= 0.0 P=0 :    3.12392 (c=-0.0506-0.1693i)
   E0+E2-E0E0E0 S2= 0.0 Sz= 0.0 P=0 :    2.20744 (c= 0.0425+0.1424i)
 Psi  63: E = -2680.4037 au  ΔE=     0.3959 au     10.773 eV    86893.7 cm**-1
   E0E1E0E0+E1- S2= 0.0 Sz= 0.0 P=0 :    36.5284 (c= 0.0862+0.5982i)
   E1E0E0E0+E1- S2= 0.0 Sz= 0.0 P=0 :    18.1305 (c= 0.0607+0.4214i)
   E0E0E1E0+E1- S2= 0.0 Sz= 0.0 P=0 :    14.8883 (c= 0.0550+0.3819i)
   E1-E0+E0E1E0 S2= 0.0 Sz= 0.0 P=0 :    11.4837 (c=-0.0483-0.3354i)
   E1-E0+E0E0E1 S2= 0.0 Sz= 0.0 P=0 :    5.88992 (c=-0.0346-0.2402i)
   E1-E0+E1E0E0 S2= 0.0 Sz= 0.0 P=0 :    3.86698 (c=-0.0281-0.1946i)
 Psi  64: E = -2680.4037 au  ΔE=     0.3960 au     10.775 eV    86903.3 cm**-1
   E1-E0+E0E1E0 S2= 0.0 Sz= 0.0 P=0 :    37.0351 (c= 0.5648+0.2266i)
   E1-E0+E0E0E1 S2= 0.0 Sz= 0.0 P=0 :    17.8371 (c= 0.3920+0.1572i)
   E1-E0+E1E0E0 S2= 0.0 Sz= 0.0 P=0 :    14.0186 (c= 0.3475+0.1394i)
   E0E1E0E0+E1- S2= 0.0 Sz= 0.0 P=0 :    10.8295 (c= 0.3054+0.1225i)
   E0E0E1E0+E1- S2= 0.0 Sz= 0.0 P=0 :    4.99858 (c= 0.2075+0.0832i)
   E1E0E0E0+E1- S2= 0.0 Sz= 0.0 P=0 :    4.99688 (c= 0.2075+0.0832i)
 Psi  65: E = -2680.4023 au  ΔE=     0.3973 au     10.812 eV    87203.9 cm**-1
   E0E0+E0E1E1- S2= 0.0 Sz= 0.0 P=0 :    51.4932 (c= 0.5122-0.5026i)
   E0E0+E0E2-E0 S2= 0.0 Sz= 0.0 P=0 :    21.8308 (c=-0.3335+0.3273i)
   E0E0+E1-E1E0 S2= 0.0 Sz= 0.0 P=0 :    9.05932 (c=-0.2148+0.2108i)
   E0E0+E1-E0E1 S2= 0.0 Sz= 0.0 P=0 :    4.59712 (c=-0.1530+0.1502i)
   E0+E0E0E1E1- S2= 0.0 Sz= 0.0 P=0 :    4.59242 (c=-0.1530+0.1501i)
   E0E0E0+E1E1- S2= 0.0 Sz= 0.0 P=0 :    3.55689 (c= 0.1346-0.1321i)
 Psi  66: E = -2680.4017 au  ΔE=     0.3979 au     10.828 eV    87332.3 cm**-1
   E1-E1E0E0+E0 S2= 0.0 Sz= 0.0 P=0 :    38.8651 (c=-0.6126+0.1154i)
   E0E1E1-E0+E0 S2= 0.0 Sz= 0.0 P=0 :    14.2033 (c=-0.3704+0.0698i)
   E1E0E1-E0+E0 S2= 0.0 Sz= 0.0 P=0 :    13.2194 (c=-0.3573+0.0673i)
   E0E2-E0E0+E0 S2= 0.0 Sz= 0.0 P=0 :     10.434 (c=-0.3174+0.0598i)
   E1-E0E1E0+E0 S2= 0.0 Sz= 0.0 P=0 :    3.70281 (c=-0.1891+0.0356i)
   E1-E1E0E0E0+ S2= 0.0 Sz= 0.0 P=0 :    3.53946 (c= 0.1849-0.0348i)
 Psi  67: E = -2680.4013 au  ΔE=     0.3984 au     10.840 eV    87429.3 cm**-1
   E0E0+E1E0E1- S2= 0.0 Sz= 0.0 P=0 :    55.8131 (c=-0.2314+0.7103i)
   E1E0E0E0+E1- S2= 0.0 Sz= 0.0 P=0 :    10.3761 (c=-0.0998+0.3063i)
   E0E0E1+E0E1- S2= 0.0 Sz= 0.0 P=0 :    10.0918 (c=-0.0984+0.3021i)
   E0+E0E1E0E1- S2= 0.0 Sz= 0.0 P=0 :    4.26373 (c= 0.0640-0.1963i)
   E0E0E1E0+E1- S2= 0.0 Sz= 0.0 P=0 :    3.72958 (c= 0.0598-0.1836i)
   E0E1E0+E1-E0 S2= 0.0 Sz= 0.0 P=0 :    3.42652 (c=-0.0573+0.1760i)
   E1E0E0+E1-E0 S2= 0.0 Sz= 0.0 P=0 :    2.83338 (c=-0.0521+0.1600i)
   E0E1E0E0+E1- S2= 0.0 Sz= 0.0 P=0 :     2.8085 (c=-0.0519+0.1593i)
   E0E0+E1E1-E0 S2= 0.0 Sz= 0.0 P=0 :    2.43086 (c=-0.0483+0.1482i)
 Psi  68: E = -2680.4010 au  ΔE=     0.3987 au     10.848 eV    87494.3 cm**-1
   E1E0E0+E1-E0 S2= 0.0 Sz= 0.0 P=0 :    31.3716 (c=-0.3643+0.4255i)
   E0E1E0+E1-E0 S2= 0.0 Sz= 0.0 P=0 :    28.0504 (c=-0.3444+0.4023i)
   E0E1-E0+E0E1 S2= 0.0 Sz= 0.0 P=0 :    8.84926 (c= 0.1935-0.2260i)
   E0E1-E0+E1E0 S2= 0.0 Sz= 0.0 P=0 :    7.53704 (c= 0.1785-0.2085i)
   E0E0+E1E0E1- S2= 0.0 Sz= 0.0 P=0 :    3.17751 (c= 0.1159-0.1354i)
 Psi  69: E = -2680.4010 au  ΔE=     0.3987 au     10.849 eV    87503.0 cm**-1
   E0E1-E0+E0E1 S2= 0.0 Sz= 0.0 P=0 :    29.7635 (c= 0.2565-0.4815i)
   E0E1-E0+E1E0 S2= 0.0 Sz= 0.0 P=0 :    23.2972 (c= 0.2269-0.4260i)
   E1-E1E0E0+E0 S2= 0.0 Sz= 0.0 P=0 :    7.45776 (c= 0.1284-0.2410i)
   E1E0E0+E1-E0 S2= 0.0 Sz= 0.0 P=0 :    6.18638 (c= 0.1169-0.2195i)
   E0E1E0+E1-E0 S2= 0.0 Sz= 0.0 P=0 :    5.29077 (c= 0.1081-0.2030i)
   E0E0+E1-E1E0 S2= 0.0 Sz= 0.0 P=0 :    4.82282 (c=-0.1032+0.1938i)
   E0E0+E1-E0E1 S2= 0.0 Sz= 0.0 P=0 :    4.70845 (c=-0.1020+0.1915i)
   E0E0+E0E1E1- S2= 0.0 Sz= 0.0 P=0 :    3.24332 (c=-0.0847+0.1590i)
 Psi  70: E = -2680.4005 au  ΔE=     0.3991 au     10.860 eV    87595.3 cm**-1
   E1-E0E1E0+E0 S2= 0.0 Sz= 0.0 P=0 :    43.2734 (c=-0.3491-0.5576i)
   E1-E0+E0E0E1 S2= 0.0 Sz= 0.0 P=0 :    19.4289 (c= 0.2339+0.3736i)
   E1-E0+E1E0E0 S2= 0.0 Sz= 0.0 P=0 :    11.1424 (c=-0.1771-0.2829i)
   E0E1E1-E0+E0 S2= 0.0 Sz= 0.0 P=0 :    6.89597 (c= 0.1394+0.2226i)
   E1-E0E1E0E0+ S2= 0.0 Sz= 0.0 P=0 :    4.42748 (c= 0.1117+0.1783i)
   E1-E0E1+E0E0 S2= 0.0 Sz= 0.0 P=0 :    4.18578 (c= 0.1086+0.1734i)
 Psi  71: E = -2680.4003 au  ΔE=     0.3993 au     10.866 eV    87638.4 cm**-1
   E0E0+E1-E0E1 S2= 0.0 Sz= 0.0 P=0 :    32.9573 (c=-0.4430-0.3651i)
   E0E0+E1-E1E0 S2= 0.0 Sz= 0.0 P=0 :    29.3234 (c=-0.4179-0.3444i)
   E0E0+E0E1E1- S2= 0.0 Sz= 0.0 P=0 :    9.56212 (c=-0.2386-0.1967i)
   E0E1-E0+E1E0 S2= 0.0 Sz= 0.0 P=0 :     3.2787 (c=-0.1397-0.1152i)
   E0E1-E0+E0E1 S2= 0.0 Sz= 0.0 P=0 :    3.19963 (c=-0.1380-0.1138i)
   E1-E1E0E0+E0 S2= 0.0 Sz= 0.0 P=0 :    2.69123 (c=-0.1266-0.1043i)
 Psi  72: E = -2680.4000 au  ΔE=     0.3996 au     10.874 eV    87702.9 cm**-1
   E1E0E1-E0+E0 S2= 0.0 Sz= 0.0 P=0 :     22.055 (c=-0.0611+0.4656i)
   E1-E1E0E0+E0 S2= 0.0 Sz= 0.0 P=0 :    16.9736 (c= 0.0536-0.4085i)
   E0E1E1-E0+E0 S2= 0.0 Sz= 0.0 P=0 :    16.7571 (c=-0.0532+0.4059i)
   E1-E0+E1E0E0 S2= 0.0 Sz= 0.0 P=0 :    7.34013 (c=-0.0352+0.2686i)
   E1-E0+E0E0E1 S2= 0.0 Sz= 0.0 P=0 :    7.11104 (c= 0.0347-0.2644i)
   E0+E1-E0E1E0 S2= 0.0 Sz= 0.0 P=0 :    3.75232 (c= 0.0252-0.1921i)
   E0+E1-E1E0E0 S2= 0.0 Sz= 0.0 P=0 :    2.84654 (c= 0.0219-0.1673i)
   E0E1-E0+E0E1 S2= 0.0 Sz= 0.0 P=0 :    2.75567 (c=-0.0216+0.1646i)
   E0E1E0+E1-E0 S2= 0.0 Sz= 0.0 P=0 :    2.11686 (c=-0.0189+0.1443i)
 Psi  73: E = -2680.3999 au  ΔE=     0.3997 au     10.878 eV    87734.2 cm**-1
   E0+E1-E0E1E0 S2= 0.0 Sz= 0.0 P=0 :      33.91 (c= 0.3427+0.4708i)
   E0+E1-E1E0E0 S2= 0.0 Sz= 0.0 P=0 :    18.8083 (c= 0.2552+0.3506i)
   E0+E1-E0E0E1 S2= 0.0 Sz= 0.0 P=0 :    12.6978 (c= 0.2097+0.2881i)
   E0+E0E2-E0E0 S2= 0.0 Sz= 0.0 P=0 :    4.80499 (c= 0.1290+0.1772i)
   E0+E0E1E1-E0 S2= 0.0 Sz= 0.0 P=0 :    4.69287 (c=-0.1275-0.1751i)
   E1E0E1-E0+E0 S2= 0.0 Sz= 0.0 P=0 :    3.90915 (c= 0.1164+0.1598i)
   E0E1E1-E0+E0 S2= 0.0 Sz= 0.0 P=0 :    2.58325 (c= 0.0946+0.1299i)
   E1-E1E0E0+E0 S2= 0.0 Sz= 0.0 P=0 :    2.37019 (c=-0.0906-0.1245i)
 Psi  74: E = -2680.3998 au  ΔE=     0.3998 au     10.880 eV    87749.2 cm**-1
   E0E1E0E1-E0+ S2= 0.0 Sz= 0.0 P=0 :    39.7332 (c=-0.5132-0.3661i)
   E0E0E1E1-E0+ S2= 0.0 Sz= 0.0 P=0 :    17.8073 (c=-0.3435-0.2451i)
   E1E0E0E1-E0+ S2= 0.0 Sz= 0.0 P=0 :    15.5207 (c=-0.3207-0.2288i)
   E0E1-E1E0E0+ S2= 0.0 Sz= 0.0 P=0 :    3.21981 (c=-0.1461-0.1042i)
   E0E0E2-E0E0+ S2= 0.0 Sz= 0.0 P=0 :    2.86258 (c=-0.1377-0.0983i)
 Psi  75: E = -2680.3997 au  ΔE=     0.4000 au     10.883 eV    87779.1 cm**-1
   E1E0E0E0+E1- S2= 0.0 Sz= 0.0 P=0 :    26.0191 (c= 0.4677+0.2036i)
   E0E0E1E0+E1- S2= 0.0 Sz= 0.0 P=0 :    25.4622 (c=-0.4626-0.2015i)
   E0E0E0+E1-E1 S2= 0.0 Sz= 0.0 P=0 :    12.4434 (c= 0.3234+0.1408i)
   E0E0+E1E0E1- S2= 0.0 Sz= 0.0 P=0 :    9.25343 (c=-0.2789-0.1214i)
   E0E0E0+E0E2- S2= 0.0 Sz= 0.0 P=0 :    8.78819 (c= 0.2718+0.1184i)
 Psi  76: E = -2680.3996 au  ΔE=     0.4000 au     10.885 eV    87794.9 cm**-1
   E1E1-E0+E0E0 S2= 0.0 Sz= 0.0 P=0 :    26.7252 (c=-0.3917-0.3374i)
   E2-E0E0+E0E0 S2= 0.0 Sz= 0.0 P=0 :    20.1807 (c=-0.3404-0.2932i)
   E1-E0E1E0+E0 S2= 0.0 Sz= 0.0 P=0 :    13.1507 (c=-0.2747-0.2367i)
   E1-E0+E1E0E0 S2= 0.0 Sz= 0.0 P=0 :    11.0923 (c= 0.2523+0.2174i)
   E1-E0+E0E0E1 S2= 0.0 Sz= 0.0 P=0 :    7.88056 (c=-0.2127-0.1832i)
   E0E1-E0+E0E1 S2= 0.0 Sz= 0.0 P=0 :     3.2451 (c=-0.1365-0.1176i)
   E0E1E0E1-E0+ S2= 0.0 Sz= 0.0 P=0 :    3.04085 (c= 0.1321+0.1138i)
 Psi  77: E = -2680.3994 au  ΔE=     0.4003 au     10.892 eV    87850.9 cm**-1
   E0E0E0+E1-E1 S2= 0.0 Sz= 0.0 P=0 :    37.1619 (c=-0.2494-0.5563i)
   E0E0E0+E0E2- S2= 0.0 Sz= 0.0 P=0 :    29.5443 (c=-0.2224-0.4960i)
   E1E0E0E0+E1- S2= 0.0 Sz= 0.0 P=0 :    11.5539 (c= 0.1391+0.3102i)
   E0E0E1E0+E1- S2= 0.0 Sz= 0.0 P=0 :    7.18496 (c=-0.1097-0.2446i)
   E0E0+E1E0E1- S2= 0.0 Sz= 0.0 P=0 :    2.22569 (c=-0.0610-0.1361i)
 Psi  78: E = -2680.3992 au  ΔE=     0.4005 au     10.898 eV    87898.8 cm**-1
   E2-E0E0+E0E0 S2= 0.0 Sz= 0.0 P=0 :    22.8453 (c= 0.0234-0.4774i)
   E1-E0+E0E0E1 S2= 0.0 Sz= 0.0 P=0 :    16.3575 (c=-0.0198+0.4040i)
   E1E1-E0+E0E0 S2= 0.0 Sz= 0.0 P=0 :    14.8718 (c= 0.0189-0.3852i)
   E1-E0E1E0+E0 S2= 0.0 Sz= 0.0 P=0 :    11.1617 (c=-0.0164+0.3337i)
   E1-E0+E1E0E0 S2= 0.0 Sz= 0.0 P=0 :    9.08648 (c= 0.0148-0.3011i)
   E1E0E1-E0+E0 S2= 0.0 Sz= 0.0 P=0 :    5.10003 (c=-0.0111+0.2256i)
   E1-E1E0E0+E0 S2= 0.0 Sz= 0.0 P=0 :     4.5625 (c= 0.0105-0.2133i)
   E1-E0+E0E1E0 S2= 0.0 Sz= 0.0 P=0 :    4.28039 (c= 0.0101-0.2066i)
   E1-E1E0+E0E0 S2= 0.0 Sz= 0.0 P=0 :    2.35954 (c= 0.0075-0.1534i)
 Psi  79: E = -2680.3983 au  ΔE=     0.4013 au     10.921 eV    88082.4 cm**-1
   E0+E0E1E1-E0 S2= 0.0 Sz= 0.0 P=0 :    46.1742 (c= 0.5993-0.3203i)
   E0+E0E2-E0E0 S2= 0.0 Sz= 0.0 P=0 :    22.3256 (c=-0.4167+0.2227i)
   E0+E1-E0E0E1 S2= 0.0 Sz= 0.0 P=0 :    11.1485 (c= 0.2945-0.1574i)
   E0+E1-E0E1E0 S2= 0.0 Sz= 0.0 P=0 :    9.87441 (c= 0.2771-0.1481i)
   E0+E0E1E0E1- S2= 0.0 Sz= 0.0 P=0 :    2.96089 (c=-0.1518+0.0811i)
 Psi  80: E = -2680.3979 au  ΔE=     0.4018 au     10.933 eV    88181.7 cm**-1
   E1E0+E1-E0E0 S2= 0.0 Sz= 0.0 P=0 :    23.2431 (c= 0.3911-0.2819i)
   E1-E0+E0E1E0 S2= 0.0 Sz= 0.0 P=0 :    18.6167 (c= 0.3500-0.2523i)
   E1-E0+E1E0E0 S2= 0.0 Sz= 0.0 P=0 :    12.4666 (c=-0.2864+0.2064i)
   E0E1E0E0+E1- S2= 0.0 Sz= 0.0 P=0 :    11.7946 (c= 0.2786-0.2008i)
   E1-E0+E0E0E1 S2= 0.0 Sz= 0.0 P=0 :    8.65373 (c=-0.2387+0.1720i)
   E0E0E1E0+E1- S2= 0.0 Sz= 0.0 P=0 :    8.61629 (c=-0.2381+0.1716i)
   E1E0E0E0+E1- S2= 0.0 Sz= 0.0 P=0 :     5.2484 (c=-0.1859+0.1339i)
   E0+E1E0E1-E0 S2= 0.0 Sz= 0.0 P=0 :    2.37476 (c= 0.1250-0.0901i)
 Psi  81: E = -2680.3978 au  ΔE=     0.4018 au     10.934 eV    88188.9 cm**-1
   E1E0+E1-E0E0 S2= 0.0 Sz= 0.0 P=0 :     21.911 (c= 0.1920+0.4269i)
   E0E1E0E0+E1- S2= 0.0 Sz= 0.0 P=0 :    19.1736 (c=-0.1796-0.3994i)
   E0+E1E0E1-E0 S2= 0.0 Sz= 0.0 P=0 :    14.4447 (c= 0.1559+0.3466i)
   E0E0E1E0+E1- S2= 0.0 Sz= 0.0 P=0 :    13.7138 (c= 0.1519+0.3377i)
   E1E0E0E0+E1- S2= 0.0 Sz= 0.0 P=0 :    9.26107 (c= 0.1248+0.2776i)
   E1E0E0+E1-E0 S2= 0.0 Sz= 0.0 P=0 :    5.19477 (c= 0.0935+0.2079i)
   E0E1+E0E1-E0 S2= 0.0 Sz= 0.0 P=0 :    3.57755 (c= 0.0776+0.1725i)
   E0E0E1-E0+E1 S2= 0.0 Sz= 0.0 P=0 :    2.59187 (c=-0.0660-0.1468i)
 Psi  82: E = -2680.3978 au  ΔE=     0.4019 au     10.936 eV    88200.7 cm**-1
   E1-E0+E0E1E0 S2= 0.0 Sz= 0.0 P=0 :    21.3302 (c= 0.4490+0.1083i)
   E1-E0+E1E0E0 S2= 0.0 Sz= 0.0 P=0 :    16.1843 (c=-0.3911-0.0944i)
   E1-E0+E0E0E1 S2= 0.0 Sz= 0.0 P=0 :    9.71839 (c=-0.3030-0.0731i)
   E0E1E0E0+E1- S2= 0.0 Sz= 0.0 P=0 :     8.9163 (c=-0.2903-0.0700i)
   E1E0+E1-E0E0 S2= 0.0 Sz= 0.0 P=0 :    8.89961 (c=-0.2900-0.0700i)
   E0E0E1E0+E1- S2= 0.0 Sz= 0.0 P=0 :    6.98167 (c= 0.2569+0.0620i)
   E0+E1E0E1-E0 S2= 0.0 Sz= 0.0 P=0 :    6.42073 (c=-0.2463-0.0594i)
   E1E0E0E0+E1- S2= 0.0 Sz= 0.0 P=0 :     3.7347 (c= 0.1879+0.0453i)
   E2-E0E0+E0E0 S2= 0.0 Sz= 0.0 P=0 :    3.23288 (c=-0.1748-0.0422i)
   E1E0E0+E1-E0 S2= 0.0 Sz= 0.0 P=0 :    2.81699 (c=-0.1632-0.0394i)
 Psi  83: E = -2680.3976 au  ΔE=     0.4020 au     10.939 eV    88229.6 cm**-1
   E0E0E1-E0+E1 S2= 0.0 Sz= 0.0 P=0 :    61.3277 (c=-0.6733-0.3999i)
   E1E0E0E1-E0+ S2= 0.0 Sz= 0.0 P=0 :    8.82948 (c=-0.2555-0.1518i)
   E0E0E1E1-E0+ S2= 0.0 Sz= 0.0 P=0 :    4.35961 (c= 0.1795+0.1066i)
   E0E1-E1E0E0+ S2= 0.0 Sz= 0.0 P=0 :    3.51159 (c= 0.1611+0.0957i)
   E0E1E0E1-E0+ S2= 0.0 Sz= 0.0 P=0 :    3.50106 (c=-0.1609-0.0956i)
   E0E0E2-E0E0+ S2= 0.0 Sz= 0.0 P=0 :    2.05765 (c= 0.1233+0.0733i)
 Psi  84: E = -2680.3976 au  ΔE=     0.4020 au     10.940 eV    88238.3 cm**-1
   E1E0+E1-E0E0 S2= 0.0 Sz= 0.0 P=0 :    32.2231 (c= 0.3264+0.4644i)
   E0+E1E0E1-E0 S2= 0.0 Sz= 0.0 P=0 :    26.7552 (c=-0.2974-0.4232i)
   E1E0E0+E1-E0 S2= 0.0 Sz= 0.0 P=0 :    10.8238 (c=-0.1892-0.2692i)
   E0E1+E0E1-E0 S2= 0.0 Sz= 0.0 P=0 :    7.03804 (c=-0.1526-0.2170i)
   E0+E1E0E0E1- S2= 0.0 Sz= 0.0 P=0 :    3.64051 (c= 0.1097+0.1561i)
   E0+E1E1-E0E0 S2= 0.0 Sz= 0.0 P=0 :    2.53502 (c=-0.0916-0.1303i)
   E0E0E1-E0+E1 S2= 0.0 Sz= 0.0 P=0 :    2.33207 (c=-0.0878-0.1249i)
 Psi  85: E = -2680.3974 au  ΔE=     0.4023 au     10.946 eV    88289.0 cm**-1
   E0E1-E1E0E0+ S2= 0.0 Sz= 0.0 P=0 :    43.8837 (c=-0.2739-0.6032i)
   E0E0E2-E0E0+ S2= 0.0 Sz= 0.0 P=0 :    12.1008 (c=-0.1438-0.3167i)
   E0E0E1-E0+E1 S2= 0.0 Sz= 0.0 P=0 :    11.9845 (c=-0.1431-0.3152i)
   E1E0E0E1-E0+ S2= 0.0 Sz= 0.0 P=0 :    8.49233 (c= 0.1205+0.2653i)
   E1-E0E1E0E0+ S2= 0.0 Sz= 0.0 P=0 :     2.6695 (c= 0.0676+0.1488i)
   E1-E0E1E0+E0 S2= 0.0 Sz= 0.0 P=0 :    2.27931 (c= 0.0624+0.1375i)
   E1E0+E1-E0E0 S2= 0.0 Sz= 0.0 P=0 :    2.07066 (c=-0.0595-0.1310i)
 Psi  86: E = -2680.3972 au  ΔE=     0.4025 au     10.952 eV    88335.3 cm**-1
   E1E0E1-E0+E0 S2= 0.0 Sz= 0.0 P=0 :    27.5828 (c=-0.4654-0.2434i)
   E0E1E1-E0+E0 S2= 0.0 Sz= 0.0 P=0 :    18.1144 (c= 0.3771+0.1973i)
   E0E2-E0E0+E0 S2= 0.0 Sz= 0.0 P=0 :    10.1986 (c= 0.2830+0.1480i)
   E0E1-E0+E0E1 S2= 0.0 Sz= 0.0 P=0 :    8.56551 (c= 0.2593+0.1357i)
   E0E1-E0+E1E0 S2= 0.0 Sz= 0.0 P=0 :    7.27509 (c=-0.2390-0.1250i)
   E0E0+E1-E0E1 S2= 0.0 Sz= 0.0 P=0 :    6.05585 (c=-0.2181-0.1141i)
   E0E0+E1-E1E0 S2= 0.0 Sz= 0.0 P=0 :    5.32772 (c= 0.2045+0.1070i)
   E0+E1E0E1-E0 S2= 0.0 Sz= 0.0 P=0 :    3.14597 (c=-0.1572-0.0822i)
 Psi  87: E = -2680.3970 au  ΔE=     0.4026 au     10.957 eV    88370.3 cm**-1
   E0E0+E1-E0E1 S2= 0.0 Sz= 0.0 P=0 :    26.4486 (c=-0.3485+0.3782i)
   E0E0+E1-E1E0 S2= 0.0 Sz= 0.0 P=0 :    23.3178 (c= 0.3272-0.3551i)
   E1E0E1-E0+E0 S2= 0.0 Sz= 0.0 P=0 :    8.12299 (c= 0.1931-0.2096i)
   E0E1E1-E0+E0 S2= 0.0 Sz= 0.0 P=0 :    6.39497 (c=-0.1714+0.1860i)
   E0E1-E0E1E0+ S2= 0.0 Sz= 0.0 P=0 :    5.75117 (c=-0.1625+0.1763i)
   E0E2-E0E0+E0 S2= 0.0 Sz= 0.0 P=0 :    5.59741 (c=-0.1603+0.1740i)
   E0E0+E0E2-E0 S2= 0.0 Sz= 0.0 P=0 :    3.09616 (c= 0.1192-0.1294i)
   E0E1-E0+E0E1 S2= 0.0 Sz= 0.0 P=0 :    2.98164 (c= 0.1170-0.1270i)
   E0E0E1-E0+E1 S2= 0.0 Sz= 0.0 P=0 :    2.59629 (c=-0.1092+0.1185i)
 Psi  88: E = -2680.3968 au  ΔE=     0.4029 au     10.963 eV    88423.1 cm**-1
   E0E1-E0E1E0+ S2= 0.0 Sz= 0.0 P=0 :    26.7116 (c= 0.0616+0.5132i)
   E0E1-E0+E0E1 S2= 0.0 Sz= 0.0 P=0 :    17.2474 (c=-0.0495-0.4123i)
   E0E0+E1-E0E1 S2= 0.0 Sz= 0.0 P=0 :    7.51284 (c=-0.0326-0.2721i)
   E0E1-E0+E1E0 S2= 0.0 Sz= 0.0 P=0 :    7.37373 (c= 0.0323+0.2696i)
   E0E0+E1-E1E0 S2= 0.0 Sz= 0.0 P=0 :    5.45148 (c= 0.0278+0.2318i)
   E0E0E0+E0E2- S2= 0.0 Sz= 0.0 P=0 :    4.75838 (c=-0.0260-0.2166i)
   E0E1-E0E1+E0 S2= 0.0 Sz= 0.0 P=0 :    4.20771 (c=-0.0244-0.2037i)
   E0E0E1E1-E0+ S2= 0.0 Sz= 0.0 P=0 :    4.08918 (c=-0.0241-0.2008i)
   E1-E0E0E1E0+ S2= 0.0 Sz= 0.0 P=0 :     3.6333 (c=-0.0227-0.1893i)
   E0E1E0+E1-E0 S2= 0.0 Sz= 0.0 P=0 :    3.07516 (c=-0.0209-0.1741i)
   E1E0E0+E1-E0 S2= 0.0 Sz= 0.0 P=0 :    2.55093 (c= 0.0190+0.1586i)
   E0E0E0+E1-E1 S2= 0.0 Sz= 0.0 P=0 :    2.29336 (c= 0.0180+0.1504i)
 Psi  89: E = -2680.3965 au  ΔE=     0.4031 au     10.970 eV    88477.2 cm**-1
   E0E0E0+E0E2- S2= 0.0 Sz= 0.0 P=0 :     21.579 (c=-0.3624-0.2906i)
   E0E0E0+E1-E1 S2= 0.0 Sz= 0.0 P=0 :    15.3367 (c= 0.3055+0.2450i)
   E0E1E0+E1-E0 S2= 0.0 Sz= 0.0 P=0 :    13.4845 (c=-0.2865-0.2297i)
   E0E1-E0E1E0+ S2= 0.0 Sz= 0.0 P=0 :    11.2617 (c=-0.2618-0.2099i)
   E1E0E0+E1-E0 S2= 0.0 Sz= 0.0 P=0 :    9.01286 (c= 0.2342+0.1878i)
   E0+E1E0E1-E0 S2= 0.0 Sz= 0.0 P=0 :    4.38802 (c=-0.1634-0.1310i)
   E0+E1-E1E0E0 S2= 0.0 Sz= 0.0 P=0 :    3.53311 (c=-0.1466-0.1176i)
   E0+E1-E0E0E1 S2= 0.0 Sz= 0.0 P=0 :    2.93601 (c= 0.1337+0.1072i)
   E0E0E1E1-E0+ S2= 0.0 Sz= 0.0 P=0 :    2.62797 (c= 0.1265+0.1014i)
 Psi  90: E = -2680.3963 au  ΔE=     0.4033 au     10.974 eV    88514.8 cm**-1
   E0E0E0+E0E2- S2= 0.0 Sz= 0.0 P=0 :    16.7527 (c=-0.1587-0.3773i)
   E0E0E0+E1-E1 S2= 0.0 Sz= 0.0 P=0 :    15.1326 (c= 0.1508+0.3586i)
   E0E0E1E1-E0+ S2= 0.0 Sz= 0.0 P=0 :    10.6165 (c=-0.1263-0.3004i)
   E0E1-E0+E1E0 S2= 0.0 Sz= 0.0 P=0 :    10.0507 (c=-0.1229-0.2922i)
   E1E0E0E1-E0+ S2= 0.0 Sz= 0.0 P=0 :    7.69443 (c= 0.1075+0.2557i)
   E0+E1-E0E0E1 S2= 0.0 Sz= 0.0 P=0 :     6.0291 (c=-0.0952-0.2263i)
   E0E1-E0+E0E1 S2= 0.0 Sz= 0.0 P=0 :    5.76411 (c= 0.0931+0.2213i)
   E0+E1-E1E0E0 S2= 0.0 Sz= 0.0 P=0 :    5.22073 (c= 0.0886+0.2106i)
   E0E1-E0E1E0+ S2= 0.0 Sz= 0.0 P=0 :    3.88416 (c= 0.0764+0.1817i)
   E0E1-E1E0E0+ S2= 0.0 Sz= 0.0 P=0 :    2.90114 (c= 0.0660+0.1570i)
   E0E1E0+E1-E0 S2= 0.0 Sz= 0.0 P=0 :     2.2574 (c= 0.0582+0.1385i)
 Psi  91: E = -2680.3963 au  ΔE=     0.4034 au     10.976 eV    88526.6 cm**-1
   E0+E1-E1E0E0 S2= 0.0 Sz= 0.0 P=0 :    28.9812 (c=-0.5323-0.0803i)
   E0+E1-E0E0E1 S2= 0.0 Sz= 0.0 P=0 :     24.895 (c= 0.4934+0.0744i)
   E0+E0E1E1-E0 S2= 0.0 Sz= 0.0 P=0 :    5.75095 (c=-0.2371-0.0358i)
   E2-E0E0+E0E0 S2= 0.0 Sz= 0.0 P=0 :    5.47217 (c=-0.2313-0.0349i)
   E0E1-E0+E1E0 S2= 0.0 Sz= 0.0 P=0 :    4.85697 (c=-0.2179-0.0329i)
   E1E1-E0+E0E0 S2= 0.0 Sz= 0.0 P=0 :    4.46719 (c= 0.2090+0.0315i)
   E0E0E1E1-E0+ S2= 0.0 Sz= 0.0 P=0 :    4.44268 (c=-0.2084-0.0314i)
   E1E0E0E1-E0+ S2= 0.0 Sz= 0.0 P=0 :    3.23841 (c= 0.1779+0.0268i)
   E0E1-E0+E0E1 S2= 0.0 Sz= 0.0 P=0 :     3.2123 (c= 0.1772+0.0267i)
   E0E1-E0E1E0+ S2= 0.0 Sz= 0.0 P=0 :    2.36675 (c= 0.1521+0.0229i)
 Psi  92: E = -2680.3960 au  ΔE=     0.4036 au     10.983 eV    88583.5 cm**-1
   E0E1E0+E1-E0 S2= 0.0 Sz= 0.0 P=0 :    23.9906 (c=-0.4506-0.1920i)
   E1E0E0+E1-E0 S2= 0.0 Sz= 0.0 P=0 :    12.5518 (c= 0.3259+0.1389i)
   E0E0E0+E1-E1 S2= 0.0 Sz= 0.0 P=0 :    7.94657 (c=-0.2593-0.1105i)
   E1E1-E0+E0E0 S2= 0.0 Sz= 0.0 P=0 :    6.44132 (c=-0.2335-0.0995i)
   E0E1-E0+E1E0 S2= 0.0 Sz= 0.0 P=0 :    5.81426 (c=-0.2218-0.0945i)
   E0E0E0+E0E2- S2= 0.0 Sz= 0.0 P=0 :    5.76044 (c= 0.2208+0.0941i)
   E2-E0E0+E0E0 S2= 0.0 Sz= 0.0 P=0 :    5.72897 (c= 0.2202+0.0938i)
   E0+E1E0E1-E0 S2= 0.0 Sz= 0.0 P=0 :    5.50615 (c=-0.2159-0.0920i)
   E0E0E1E1-E0+ S2= 0.0 Sz= 0.0 P=0 :     3.9562 (c=-0.1830-0.0780i)
   E0E1-E0+E0E1 S2= 0.0 Sz= 0.0 P=0 :    2.98973 (c= 0.1591+0.0678i)
   E1E0E0E1-E0+ S2= 0.0 Sz= 0.0 P=0 :    2.15799 (c= 0.1351+0.0576i)
   E0+E1-E0E0E1 S2= 0.0 Sz= 0.0 P=0 :    2.14681 (c=-0.1348-0.0574i)
 Psi  93: E = -2680.3960 au  ΔE=     0.4037 au     10.985 eV    88596.4 cm**-1
   E1E1-E0+E0E0 S2= 0.0 Sz= 0.0 P=0 :    34.3955 (c= 0.1565-0.5652i)
   E2-E0E0+E0E0 S2= 0.0 Sz= 0.0 P=0 :     28.664 (c=-0.1429+0.5160i)
   E0E1E0+E1-E0 S2= 0.0 Sz= 0.0 P=0 :    5.63823 (c=-0.0634+0.2288i)
   E0+E1-E0E0E1 S2= 0.0 Sz= 0.0 P=0 :    4.61629 (c=-0.0573+0.2071i)
   E0+E1-E1E0E0 S2= 0.0 Sz= 0.0 P=0 :    3.73493 (c= 0.0516-0.1862i)
   E1E0E0+E1-E0 S2= 0.0 Sz= 0.0 P=0 :    2.96211 (c= 0.0459-0.1659i)
 Psi  94: E = -2680.3956 au  ΔE=     0.4041 au     10.995 eV    88681.4 cm**-1
   E0E1-E0E1E0+ S2= 0.0 Sz= 0.0 P=0 :    20.3839 (c=-0.2365-0.3846i)
   E1E0E0E1-E0+ S2= 0.0 Sz= 0.0 P=0 :    18.2224 (c= 0.2237+0.3636i)
   E0E1-E1E0E0+ S2= 0.0 Sz= 0.0 P=0 :    14.3128 (c= 0.1982+0.3222i)
   E0E1-E0+E1E0 S2= 0.0 Sz= 0.0 P=0 :    11.6563 (c= 0.1789+0.2908i)
   E0E0E1E1-E0+ S2= 0.0 Sz= 0.0 P=0 :    9.43314 (c=-0.1609-0.2616i)
   E0E0E1-E1E0+ S2= 0.0 Sz= 0.0 P=0 :    3.46198 (c=-0.0975-0.1585i)
   E1-E0E0E1E0+ S2= 0.0 Sz= 0.0 P=0 :    3.17161 (c= 0.0933+0.1517i)
   E0E0E1-E0+E1 S2= 0.0 Sz= 0.0 P=0 :    2.77839 (c=-0.0873-0.1420i)
   E0E1-E0+E0E1 S2= 0.0 Sz= 0.0 P=0 :    2.74109 (c=-0.0867-0.1410i)
   E0E1E0E1-E0+ S2= 0.0 Sz= 0.0 P=0 :     2.7118 (c=-0.0863-0.1403i)
 Psi  95: E = -2680.3944 au  ΔE=     0.4052 au     11.027 eV    88936.7 cm**-1
   E0E2-E0E0+E0 S2= 0.0 Sz= 0.0 P=0 :    59.2039 (c= 0.5123-0.5741i)
   E0E1E1-E0+E0 S2= 0.0 Sz= 0.0 P=0 :    20.9235 (c=-0.3045+0.3413i)
   E1E0E1-E0+E0 S2= 0.0 Sz= 0.0 P=0 :    5.19809 (c= 0.1518-0.1701i)
   E1-E1E0E0+E0 S2= 0.0 Sz= 0.0 P=0 :    4.58216 (c=-0.1425+0.1597i)
 Psi  96: E = -2680.3942 au  ΔE=     0.4055 au     11.034 eV    88995.4 cm**-1
   E0E1E0E1-E0+ S2= 0.0 Sz= 0.0 P=0 :    35.9372 (c=-0.5848-0.1320i)
   E1E0E0E1-E0+ S2= 0.0 Sz= 0.0 P=0 :    24.8468 (c= 0.4862+0.1098i)
   E0E0E1E1-E0+ S2= 0.0 Sz= 0.0 P=0 :    15.5649 (c= 0.3848+0.0869i)
   E0E0E2-E0E0+ S2= 0.0 Sz= 0.0 P=0 :     10.134 (c= 0.3105+0.0701i)
   E0E1-E1E0E0+ S2= 0.0 Sz= 0.0 P=0 :    3.40029 (c=-0.1799-0.0406i)
 Psi  97: E = -2680.3941 au  ΔE=     0.4055 au     11.035 eV    89003.4 cm**-1
   E0+E1-E0E1E0 S2= 0.0 Sz= 0.0 P=0 :    42.1182 (c=-0.6474-0.0447i)
   E0+E1-E0E0E1 S2= 0.0 Sz= 0.0 P=0 :    28.5578 (c= 0.5331+0.0368i)
   E0+E1-E1E0E0 S2= 0.0 Sz= 0.0 P=0 :    20.5448 (c= 0.4522+0.0312i)
   E0+E0E2-E0E0 S2= 0.0 Sz= 0.0 P=0 :    2.54397 (c= 0.1591+0.0110i)
   E0+E0E1E1-E0 S2= 0.0 Sz= 0.0 P=0 :    2.19575 (c= 0.1478+0.0102i)
 Psi  98: E = -2680.3937 au  ΔE=     0.4059 au     11.046 eV    89091.5 cm**-1
   E0E0+E0E2-E0 S2= 0.0 Sz= 0.0 P=0 :    66.7118 (c=-0.5907-0.5641i)
   E0E0+E0E1E1- S2= 0.0 Sz= 0.0 P=0 :    13.0479 (c=-0.2612-0.2495i)
   E0E0+E1-E1E0 S2= 0.0 Sz= 0.0 P=0 :    9.45078 (c= 0.2223+0.2123i)
   E0+E0E0E1E1- S2= 0.0 Sz= 0.0 P=0 :    5.81256 (c= 0.1744+0.1665i)
 Psi  99: E = -2680.3919 au  ΔE=     0.4078 au     11.096 eV    89493.0 cm**-1
   E0E0E2-E0E0+ S2= 0.0 Sz= 0.0 P=0 :    64.2355 (c=-0.4956+0.6299i)
   E0E0E1E1-E0+ S2= 0.0 Sz= 0.0 P=0 :    15.8397 (c= 0.2461-0.3128i)
   E1-E0E1E0E0+ S2= 0.0 Sz= 0.0 P=0 :    6.88701 (c=-0.1623+0.2062i)
   E0E1-E1E0E0+ S2= 0.0 Sz= 0.0 P=0 :     5.1807 (c= 0.1407-0.1789i)
   E0E1E0E1-E0+ S2= 0.0 Sz= 0.0 P=0 :    3.86158 (c=-0.1215+0.1544i)
 Psi 100: E = -2680.3914 au  ΔE=     0.4082 au     11.109 eV    89596.2 cm**-1
   E0+E0E2-E0E0 S2= 0.0 Sz= 0.0 P=0 :    45.8164 (c= 0.6314+0.2439i)
   E0+E0E1E0E1- S2= 0.0 Sz= 0.0 P=0 :    24.6235 (c=-0.4629-0.1788i)
   E0+E0E0E1E1- S2= 0.0 Sz= 0.0 P=0 :    8.35844 (c=-0.2697-0.1042i)
   E0+E0E1E1-E0 S2= 0.0 Sz= 0.0 P=0 :    6.30876 (c= 0.2343+0.0905i)
   E0+E1-E1E0E0 S2= 0.0 Sz= 0.0 P=0 :    5.96937 (c=-0.2279-0.0880i)
   E0E0E1+E0E1- S2= 0.0 Sz= 0.0 P=0 :    2.71792 (c=-0.1538-0.0594i)
 Psi 101: E = -2680.3908 au  ΔE=     0.4089 au     11.126 eV    89737.0 cm**-1
   E0+E0E0E1E1- S2= 0.0 Sz= 0.0 P=0 :    58.9572 (c= 0.2240+0.7344i)
   E0+E1E0E0E1- S2= 0.0 Sz= 0.0 P=0 :    15.2298 (c=-0.1138-0.3733i)
   E0E0+E0E1E1- S2= 0.0 Sz= 0.0 P=0 :    7.66893 (c= 0.0808+0.2649i)
   E0+E0E0E2-E0 S2= 0.0 Sz= 0.0 P=0 :    5.82876 (c=-0.0704-0.2309i)
   E0+E0E2-E0E0 S2= 0.0 Sz= 0.0 P=0 :    3.52525 (c= 0.0548+0.1796i)
   E0+E0E1E0E1- S2= 0.0 Sz= 0.0 P=0 :    2.30811 (c=-0.0443-0.1453i)
 Psi 102: E = -2680.3904 au  ΔE=     0.4093 au     11.137 eV    89827.7 cm**-1
   E1-E1E0E0E0+ S2= 0.0 Sz= 0.0 P=0 :    71.3111 (c=-0.0650-0.8420i)
   E1-E0E1E0E0+ S2= 0.0 Sz= 0.0 P=0 :      11.15 (c=-0.0257-0.3329i)
   E1-E1E0E0+E0 S2= 0.0 Sz= 0.0 P=0 :    7.13964 (c=-0.0206-0.2664i)
   E1-E0E1+E0E0 S2= 0.0 Sz= 0.0 P=0 :    2.37594 (c= 0.0119+0.1537i)
   E0E2-E0E0E0+ S2= 0.0 Sz= 0.0 P=0 :    2.37528 (c=-0.0119-0.1537i)
 Psi 103: E = -2680.3901 au  ΔE=     0.4095 au     11.143 eV    89876.9 cm**-1
   E0+E1E0E0E1- S2= 0.0 Sz= 0.0 P=0 :    63.4136 (c= 0.7925-0.0781i)
   E0+E0E0E1E1- S2= 0.0 Sz= 0.0 P=0 :    11.4207 (c= 0.3363-0.0331i)
   E0+E1E0E1-E0 S2= 0.0 Sz= 0.0 P=0 :    5.35218 (c= 0.2302-0.0227i)
   E0E1+E0E0E1- S2= 0.0 Sz= 0.0 P=0 :    4.31858 (c= 0.2068-0.0204i)
   E0+E0E2-E0E0 S2= 0.0 Sz= 0.0 P=0 :    4.28208 (c= 0.2059-0.0203i)
   E0E1+E0E1-E0 S2= 0.0 Sz= 0.0 P=0 :    3.09583 (c= 0.1751-0.0172i)
   E0+E0E1E1-E0 S2= 0.0 Sz= 0.0 P=0 :    2.82143 (c= 0.1672-0.0165i)
 Psi 104: E = -2680.3896 au  ΔE=     0.4100 au     11.157 eV    89986.3 cm**-1
   E1-E0E0E1E0+ S2= 0.0 Sz= 0.0 P=0 :    49.3772 (c=-0.7020-0.0311i)
   E1-E0E1E0E0+ S2= 0.0 Sz= 0.0 P=0 :    15.4299 (c=-0.3924-0.0174i)
   E1-E0E1+E0E0 S2= 0.0 Sz= 0.0 P=0 :    9.45468 (c= 0.3072+0.0136i)
   E1-E1E0E0E0+ S2= 0.0 Sz= 0.0 P=0 :    8.72809 (c= 0.2951+0.0131i)
   E0E1-E0E1E0+ S2= 0.0 Sz= 0.0 P=0 :    5.70919 (c=-0.2387-0.0106i)
   E0E1-E1E0E0+ S2= 0.0 Sz= 0.0 P=0 :    3.29352 (c=-0.1813-0.0080i)
 Psi 105: E = -2680.3892 au  ΔE=     0.4104 au     11.168 eV    90077.4 cm**-1
   E1-E0E1+E0E0 S2= 0.0 Sz= 0.0 P=0 :    56.3868 (c=-0.6628+0.3530i)
   E1-E0E0E1E0+ S2= 0.0 Sz= 0.0 P=0 :    25.0148 (c=-0.4414+0.2351i)
   E1-E0E1E0E0+ S2= 0.0 Sz= 0.0 P=0 :    5.20949 (c= 0.2015-0.1073i)
   E1-E1E0E0E0+ S2= 0.0 Sz= 0.0 P=0 :    3.12125 (c=-0.1559+0.0830i)
   E0E1-E0E1E0+ S2= 0.0 Sz= 0.0 P=0 :    2.58519 (c=-0.1419+0.0756i)
   E1-E0+E1E0E0 S2= 0.0 Sz= 0.0 P=0 :    2.36263 (c=-0.1357+0.0723i)
 Psi 106: E = -2680.3891 au  ΔE=     0.4105 au     11.172 eV    90104.3 cm**-1
   E0+E0E1E0E1- S2= 0.0 Sz= 0.0 P=0 :     35.183 (c= 0.2418+0.5416i)
   E0E0E1+E0E1- S2= 0.0 Sz= 0.0 P=0 :    30.7357 (c= 0.2260+0.5062i)
   E0+E0E1E1-E0 S2= 0.0 Sz= 0.0 P=0 :    14.3973 (c= 0.1547+0.3465i)
   E0+E0E2-E0E0 S2= 0.0 Sz= 0.0 P=0 :    11.7966 (c= 0.1400+0.3136i)
   E0+E1E0E0E1- S2= 0.0 Sz= 0.0 P=0 :    3.31355 (c=-0.0742-0.1662i)
 Psi 107: E = -2680.3881 au  ΔE=     0.4115 au     11.198 eV    90315.6 cm**-1
   E1-E0E1E0E0+ S2= 0.0 Sz= 0.0 P=0 :    44.2851 (c= 0.5971-0.2938i)
   E1-E0E1+E0E0 S2= 0.0 Sz= 0.0 P=0 :    22.8648 (c= 0.4291-0.2111i)
   E1-E0E0E1E0+ S2= 0.0 Sz= 0.0 P=0 :     8.9297 (c=-0.2681+0.1319i)
   E1-E0E1E0+E0 S2= 0.0 Sz= 0.0 P=0 :    8.28362 (c= 0.2582-0.1271i)
   E0E1-E1E0E0+ S2= 0.0 Sz= 0.0 P=0 :    6.20152 (c= 0.2234-0.1099i)
   E1-E1E0E0E0+ S2= 0.0 Sz= 0.0 P=0 :    3.85273 (c=-0.1761+0.0867i)
 Psi 108: E = -2680.3873 au  ΔE=     0.4124 au     11.222 eV    90509.0 cm**-1
   E0E1-E0E1+E0 S2= 0.0 Sz= 0.0 P=0 :    82.6993 (c=-0.3323+0.8465i)
   E0E1-E0E1E0+ S2= 0.0 Sz= 0.0 P=0 :    7.37889 (c=-0.0993+0.2529i)
   E1-E0E0E1+E0 S2= 0.0 Sz= 0.0 P=0 :    3.92654 (c= 0.0724-0.1845i)
   E0E1-E0+E1E0 S2= 0.0 Sz= 0.0 P=0 :    3.18788 (c=-0.0652+0.1662i)
 Psi 109: E = -2680.3872 au  ΔE=     0.4125 au     11.224 eV    90524.7 cm**-1
   E0E0E1+E0E1- S2= 0.0 Sz= 0.0 P=0 :    50.9282 (c=-0.6471+0.3010i)
   E0+E0E1E0E1- S2= 0.0 Sz= 0.0 P=0 :    25.1221 (c= 0.4545-0.2114i)
   E0E0+E1E0E1- S2= 0.0 Sz= 0.0 P=0 :    15.1304 (c= 0.3527-0.1641i)
   E0+E0E1E1-E0 S2= 0.0 Sz= 0.0 P=0 :    3.94914 (c= 0.1802-0.0838i)
 Psi 110: E = -2680.3860 au  ΔE=     0.4137 au     11.256 eV    90788.6 cm**-1
   E0E1+E0E1-E0 S2= 0.0 Sz= 0.0 P=0 :    74.8359 (c=-0.4747+0.7232i)
   E0+E1E0E1-E0 S2= 0.0 Sz= 0.0 P=0 :    17.1187 (c= 0.2271-0.3459i)
   E0E1+E0E0E1- S2= 0.0 Sz= 0.0 P=0 :    4.24538 (c= 0.1131-0.1722i)
   E0E1E0+E1-E0 S2= 0.0 Sz= 0.0 P=0 :    2.10061 (c=-0.0795+0.1212i)
 Psi 111: E = -2680.3854 au  ΔE=     0.4143 au     11.273 eV    90924.3 cm**-1
   E1+E0E1-E0E0 S2= 0.0 Sz= 0.0 P=0 :     93.686 (c=-0.2973+0.9211i)
   E1E0+E1-E0E0 S2= 0.0 Sz= 0.0 P=0 :     3.0177 (c=-0.0534+0.1653i)
   E1+E0E0E1-E0 S2= 0.0 Sz= 0.0 P=0 :    2.71489 (c= 0.0506-0.1568i)
 Psi 112: E = -2680.3853 au  ΔE=     0.4143 au     11.274 eV    90929.4 cm**-1
   E0E0E1-E0E1+ S2= 0.0 Sz= 0.0 P=0 :    93.4034 (c= 0.3997-0.8799i)
   E0E0E1-E0+E1 S2= 0.0 Sz= 0.0 P=0 :    3.23027 (c= 0.0743-0.1636i)
   E0E1-E0E0E1+ S2= 0.0 Sz= 0.0 P=0 :    2.72358 (c=-0.0683+0.1503i)
 Psi 113: E = -2680.3835 au  ΔE=     0.4161 au     11.323 eV    91325.8 cm**-1
   E2-E0E0E0+E0 S2= 0.0 Sz= 0.0 P=0 :    86.6245 (c= 0.7782-0.5105i)
   E2-E0E0E0E0+ S2= 0.0 Sz= 0.0 P=0 :    8.47644 (c=-0.2434+0.1597i)
   E2-E0E0+E0E0 S2= 0.0 Sz= 0.0 P=0 :    4.22744 (c= 0.1719-0.1128i)
 Psi 114: E = -2680.3835 au  ΔE=     0.4161 au     11.324 eV    91330.7 cm**-1
   E0E0+E0E0E2- S2= 0.0 Sz= 0.0 P=0 :    86.5687 (c=-0.8743+0.3181i)
   E0+E0E0E0E2- S2= 0.0 Sz= 0.0 P=0 :    8.48065 (c= 0.2737-0.0996i)
   E0E0E0+E0E2- S2= 0.0 Sz= 0.0 P=0 :    4.21023 (c=-0.1928+0.0702i)
 Psi 115: E = -2680.3788 au  ΔE=     0.4208 au     11.451 eV    92360.2 cm**-1
   E0E2-E0E0E0+ S2= 0.0 Sz= 0.0 P=0 :    93.2861 (c=-0.7310-0.6313i)
   E0E2-E0E0+E0 S2= 0.0 Sz= 0.0 P=0 :    3.19297 (c=-0.1352-0.1168i)
   E1-E1E0E0E0+ S2= 0.0 Sz= 0.0 P=0 :    2.48139 (c= 0.1192+0.1030i)
 Psi 116: E = -2680.3781 au  ΔE=     0.4215 au     11.470 eV    92511.9 cm**-1
   E0+E0E0E2-E0 S2= 0.0 Sz= 0.0 P=0 :    88.3449 (c=-0.5462+0.7650i)
   E0+E0E0E1E1- S2= 0.0 Sz= 0.0 P=0 :    7.12065 (c=-0.1551+0.2172i)
   E0E0+E0E2-E0 S2= 0.0 Sz= 0.0 P=0 :    3.08928 (c=-0.1021+0.1430i)
 Psi 117: E = -2680.3752 au  ΔE=     0.4245 au     11.550 eV    93158.6 cm**-1
   E1-E0E0E1+E0 S2= 0.0 Sz= 0.0 P=0 :    91.5142 (c= 0.7385-0.6081i)
   E0E1-E0E1+E0 S2= 0.0 Sz= 0.0 P=0 :    3.29005 (c= 0.1400-0.1153i)
   E1-E0E0E1E0+ S2= 0.0 Sz= 0.0 P=0 :    2.34806 (c= 0.1183-0.0974i)
   E1-E0E0+E1E0 S2= 0.0 Sz= 0.0 P=0 :    2.21585 (c=-0.1149+0.0946i)
 Psi 118: E = -2680.3746 au  ΔE=     0.4251 au     11.567 eV    93292.3 cm**-1
   E0E0+E1-E0+E1- S2= 0.0 Sz= 0.0 P=0 :    88.9534 (c= 0.6911-0.6418i)
   E0E1+E0E0E1- S2= 0.0 Sz= 0.0 P=0 :    4.53054 (c= 0.1560-0.1448i)
 Psi 119: E = -2680.3743 au  ΔE=     0.4254 au     11.575 eV    93355.9 cm**-1
   E0E1+E0E0E1- S2= 0.0 Sz= 0.0 P=0 :     81.711 (c= 0.5934+0.6819i)
   E0+E1E0E0E1- S2= 0.0 Sz= 0.0 P=0 :    6.74842 (c=-0.1705-0.1960i)
   E0E0+E1-E0+E1- S2= 0.0 Sz= 0.0 P=0 :    5.02664 (c=-0.1472-0.1691i)
   E0E1+E0E1-E0 S2= 0.0 Sz= 0.0 P=0 :    3.03563 (c= 0.1144+0.1314i)
   E0E1E0+E0E1- S2= 0.0 Sz= 0.0 P=0 :    2.06694 (c=-0.0944-0.1085i)
 Psi 120: E = -2680.3742 au  ΔE=     0.4255 au     11.577 eV    93376.9 cm**-1
   E1-E0+E1-E0+E0 S2= 0.0 Sz= 0.0 P=0 :    92.5833 (c=-0.6574-0.7026i)
 Psi 121: E = -2680.3730 au  ΔE=     0.4266 au     11.609 eV    93634.1 cm**-1
   E2-E0E0E0E0+ S2= 0.0 Sz= 0.0 P=0 :    90.8132 (c=-0.9200+0.2485i)
   E2-E0E0E0+E0 S2= 0.0 Sz= 0.0 P=0 :    8.37355 (c=-0.2794+0.0755i)
 Psi 122: E = -2680.3730 au  ΔE=     0.4267 au     11.610 eV    93638.9 cm**-1
   E0+E0E0E0E2- S2= 0.0 Sz= 0.0 P=0 :    90.6973 (c=-0.7957-0.5233i)
   E0E0+E0E0E2- S2= 0.0 Sz= 0.0 P=0 :    8.38327 (c=-0.2419-0.1591i)
 Psi 123: E = -2680.3723 au  ΔE=     0.4273 au     11.628 eV    93787.2 cm**-1
   E0E1-E0E0E1+ S2= 0.0 Sz= 0.0 P=0 :    82.1977 (c=-0.2211+0.8792i)
   E1-E0E0E0E1+ S2= 0.0 Sz= 0.0 P=0 :    12.3151 (c= 0.0856-0.3403i)
   E0E0E1-E0E1+ S2= 0.0 Sz= 0.0 P=0 :    2.59719 (c=-0.0393+0.1563i)
   E0E1-E0E0+E1 S2= 0.0 Sz= 0.0 P=0 :    2.39374 (c= 0.0377-0.1500i)
 Psi 124: E = -2680.3723 au  ΔE=     0.4273 au     11.629 eV    93790.7 cm**-1
   E1+E0E0E1-E0 S2= 0.0 Sz= 0.0 P=0 :    82.1402 (c=-0.4004+0.8131i)
   E1+E0E0E0E1- S2= 0.0 Sz= 0.0 P=0 :    12.3265 (c= 0.1551-0.3150i)
   E1+E0E1-E0E0 S2= 0.0 Sz= 0.0 P=0 :    2.59175 (c=-0.0711+0.1444i)
   E1E0+E0E1-E0 S2= 0.0 Sz= 0.0 P=0 :     2.3471 (c= 0.0677-0.1374i)
 Psi 125: E = -2680.3710 au  ΔE=     0.4287 au     11.665 eV    94088.4 cm**-1
   E0+E1-E0+E1-E0 S2= 0.0 Sz= 0.0 P=0 :    94.5039 (c=-0.9375-0.2570i)
 Psi 126: E = -2680.3706 au  ΔE=     0.4291 au     11.676 eV    94169.8 cm**-1
   E0E1-E0+E1-E0+ S2= 0.0 Sz= 0.0 P=0 :    93.2156 (c=-0.6412+0.7218i)
 Psi 127: E = -2680.3654 au  ΔE=     0.4342 au     11.815 eV    95298.2 cm**-1
   E1-E0E0E0E1+ S2= 0.0 Sz= 0.0 P=0 :    82.8076 (c=-0.5575+0.7192i)
   E0E1-E0E0E1+ S2= 0.0 Sz= 0.0 P=0 :    11.5997 (c=-0.2086+0.2692i)
   E1-E0E0+E0E1 S2= 0.0 Sz= 0.0 P=0 :    2.63589 (c=-0.0995+0.1283i)
 Psi 128: E = -2680.3654 au  ΔE=     0.4342 au     11.816 eV    95301.8 cm**-1
   E1+E0E0E0E1- S2= 0.0 Sz= 0.0 P=0 :    82.7064 (c= 0.8808-0.2262i)
   E1+E0E0E1-E0 S2= 0.0 Sz= 0.0 P=0 :    11.6096 (c= 0.3300-0.0848i)
   E1E0E0+E0E1- S2= 0.0 Sz= 0.0 P=0 :    2.69275 (c= 0.1589-0.0408i)
 Psi 129: E = -2680.3641 au  ΔE=     0.4355 au     11.851 eV    95582.7 cm**-1
   E1E0E0+E0E1- S2= 0.0 Sz= 0.0 P=0 :    59.6503 (c= 0.6521-0.4138i)
   E0E1E0+E0E1- S2= 0.0 Sz= 0.0 P=0 :    29.6215 (c= 0.4595-0.2916i)
   E1+E0E0E0E1- S2= 0.0 Sz= 0.0 P=0 :    3.47653 (c=-0.1574+0.0999i)
   E0+E1-E0+E0E1- S2= 0.0 Sz= 0.0 P=0 :    2.57844 (c=-0.1356+0.0860i)
 Psi 130: E = -2680.3641 au  ΔE=     0.4356 au     11.852 eV    95592.6 cm**-1
   E1-E0E0+E0E1 S2= 0.0 Sz= 0.0 P=0 :     60.608 (c= 0.3698-0.6851i)
   E1-E0E0+E1E0 S2= 0.0 Sz= 0.0 P=0 :    28.9555 (c= 0.2556-0.4735i)
   E1-E0E0E0E1+ S2= 0.0 Sz= 0.0 P=0 :    3.37887 (c=-0.0873+0.1618i)
   E1-E0E0+E1-E0+ S2= 0.0 Sz= 0.0 P=0 :    2.43906 (c=-0.0742+0.1374i)
 Psi 131: E = -2680.3604 au  ΔE=     0.4392 au     11.952 eV    96399.9 cm**-1
   E0+E0E1-E0E1 S2= 0.0 Sz= 0.0 P=0 :    38.1748 (c= 0.4769-0.3928i)
   E0+E0E1-E1E0 S2= 0.0 Sz= 0.0 P=0 :    26.3594 (c= 0.3963-0.3264i)
   E0E0+E0E1-E1 S2= 0.0 Sz= 0.0 P=0 :    23.0597 (c= 0.3707-0.3053i)
   E1E0+E0E1-E0 S2= 0.0 Sz= 0.0 P=0 :    3.24617 (c=-0.1391+0.1145i)
   E0+E0E1-E0+E1- S2= 0.0 Sz= 0.0 P=0 :    2.95353 (c=-0.1327+0.1093i)
   E0+E0E0E1-E1 S2= 0.0 Sz= 0.0 P=0 :    2.70573 (c=-0.1270+0.1046i)
 Psi 132: E = -2680.3603 au  ΔE=     0.4393 au     11.955 eV    96421.7 cm**-1
   E1E0E1-E0E0+ S2= 0.0 Sz= 0.0 P=0 :    44.4989 (c= 0.1689-0.6453i)
   E0E1E1-E0E0+ S2= 0.0 Sz= 0.0 P=0 :    28.9866 (c= 0.1363-0.5209i)
   E1E1-E0E0+E0 S2= 0.0 Sz= 0.0 P=0 :    15.5913 (c= 0.1000-0.3820i)
   E1-E0+E1-E0E0+ S2= 0.0 Sz= 0.0 P=0 :    3.25587 (c=-0.0457+0.1746i)
   E1E1-E0E0E0+ S2= 0.0 Sz= 0.0 P=0 :    2.38348 (c=-0.0391+0.1494i)
 Psi 133: E = -2680.3601 au  ΔE=     0.4396 au     11.961 eV    96474.4 cm**-1
   E0E0+E0E1-E1 S2= 0.0 Sz= 0.0 P=0 :    47.7212 (c=-0.0435+0.6894i)
   E0+E0E1-E0E1 S2= 0.0 Sz= 0.0 P=0 :    13.8095 (c= 0.0234-0.3709i)
   E0+E0E1-E1E0 S2= 0.0 Sz= 0.0 P=0 :    13.3014 (c= 0.0230-0.3640i)
   E1E0+E0E1-E0 S2= 0.0 Sz= 0.0 P=0 :      12.59 (c= 0.0224-0.3541i)
   E0E1E0+E0E1- S2= 0.0 Sz= 0.0 P=0 :     5.5565 (c=-0.0149+0.2353i)
 Psi 134: E = -2680.3599 au  ΔE=     0.4397 au     11.966 eV    96508.5 cm**-1
   E1E1-E0E0+E0 S2= 0.0 Sz= 0.0 P=0 :    49.6796 (c= 0.6897-0.1453i)
   E0E1-E0E0+E1 S2= 0.0 Sz= 0.0 P=0 :    13.6848 (c=-0.3620+0.0763i)
   E1-E0E0+E1E0 S2= 0.0 Sz= 0.0 P=0 :    9.87177 (c= 0.3074-0.0648i)
   E1E0E1-E0E0+ S2= 0.0 Sz= 0.0 P=0 :    9.04285 (c=-0.2943+0.0620i)
   E0E1E1-E0E0+ S2= 0.0 Sz= 0.0 P=0 :    8.43937 (c=-0.2843+0.0599i)
   E1-E0E0+E0E1 S2= 0.0 Sz= 0.0 P=0 :     3.4002 (c=-0.1804+0.0380i)
 Psi 135: E = -2680.3598 au  ΔE=     0.4398 au     11.968 eV    96530.9 cm**-1
   E0E1E0+E0E1- S2= 0.0 Sz= 0.0 P=0 :    54.7696 (c=-0.1342+0.7278i)
   E1E0E0+E0E1- S2= 0.0 Sz= 0.0 P=0 :    27.2745 (c= 0.0947-0.5136i)
   E0E0+E0E1-E1 S2= 0.0 Sz= 0.0 P=0 :    11.1338 (c= 0.0605-0.3281i)
 Psi 136: E = -2680.3597 au  ΔE=     0.4399 au     11.970 eV    96547.7 cm**-1
   E1-E0E0+E1E0 S2= 0.0 Sz= 0.0 P=0 :    51.3602 (c= 0.5786+0.4229i)
   E1-E0E0+E0E1 S2= 0.0 Sz= 0.0 P=0 :    25.0377 (c=-0.4040-0.2953i)
   E1E1-E0E0+E0 S2= 0.0 Sz= 0.0 P=0 :    16.6611 (c=-0.3295-0.2409i)
 Psi 137: E = -2680.3589 au  ΔE=     0.4407 au     11.993 eV    96728.8 cm**-1
   E1E0+E0E1-E0 S2= 0.0 Sz= 0.0 P=0 :    76.0706 (c= 0.7617-0.4249i)
   E0E0+E0E1-E1 S2= 0.0 Sz= 0.0 P=0 :    12.3485 (c= 0.3069-0.1712i)
   E1E0E0+E0E1- S2= 0.0 Sz= 0.0 P=0 :    2.97841 (c=-0.1507+0.0841i)
   E0E1E0+E0E1- S2= 0.0 Sz= 0.0 P=0 :    2.50064 (c= 0.1381-0.0770i)
   E1+E0E0E1-E0 S2= 0.0 Sz= 0.0 P=0 :    2.37567 (c= 0.1346-0.0751i)
 Psi 138: E = -2680.3588 au  ΔE=     0.4408 au     11.996 eV    96750.5 cm**-1
   E0E1-E0E0+E1 S2= 0.0 Sz= 0.0 P=0 :    76.3184 (c=-0.7598+0.4312i)
   E1E1-E0E0+E0 S2= 0.0 Sz= 0.0 P=0 :    11.9174 (c=-0.3002+0.1704i)
   E1-E0E0+E0E1 S2= 0.0 Sz= 0.0 P=0 :    2.82763 (c= 0.1462-0.0830i)
   E0E1-E0E0E1+ S2= 0.0 Sz= 0.0 P=0 :    2.43985 (c=-0.1359+0.0771i)
   E1-E0E0+E1E0 S2= 0.0 Sz= 0.0 P=0 :    2.38439 (c=-0.1343+0.0762i)
 Psi 139: E = -2680.3568 au  ΔE=     0.4429 au     12.051 eV    97196.5 cm**-1
   E0+E1-E0E0+E1- S2= 0.0 Sz= 0.0 P=0 :    85.2235 (c= 0.7343-0.5595i)
   E1-E0+E0E1-E0+ S2= 0.0 Sz= 0.0 P=0 :     6.8127 (c= 0.2076-0.1582i)
   E0+E1-E0+E0E1- S2= 0.0 Sz= 0.0 P=0 :     3.0258 (c=-0.1384+0.1054i)
 Psi 140: E = -2680.3568 au  ΔE=     0.4429 au     12.052 eV    97202.5 cm**-1
   E1-E0+E0E1-E0+ S2= 0.0 Sz= 0.0 P=0 :    85.6289 (c= 0.8939-0.2392i)
   E0+E1-E0E0+E1- S2= 0.0 Sz= 0.0 P=0 :    6.80007 (c=-0.2519+0.0674i)
   E1-E0E0+E1-E0+ S2= 0.0 Sz= 0.0 P=0 :    2.90081 (c=-0.1645+0.0440i)
 Psi 141: E = -2680.3564 au  ΔE=     0.4432 au     12.061 eV    97277.3 cm**-1
   E0+E0E1-E1E0 S2= 0.0 Sz= 0.0 P=0 :     54.935 (c=-0.2483+0.6984i)
   E0+E0E1-E0E1 S2= 0.0 Sz= 0.0 P=0 :     41.726 (c= 0.2164-0.6086i)
 Psi 142: E = -2680.3563 au  ΔE=     0.4433 au     12.064 eV    97303.1 cm**-1
   E0E1E1-E0E0+ S2= 0.0 Sz= 0.0 P=0 :    56.8851 (c=-0.4719-0.5884i)
   E1E0E1-E0E0+ S2= 0.0 Sz= 0.0 P=0 :    39.8037 (c= 0.3947+0.4922i)
 Psi 143: E = -2680.3464 au  ΔE=     0.4533 au     12.334 eV    99481.9 cm**-1
   E1-E0+E0E0+E1- S2= 0.0 Sz= 0.0 P=0 :    98.3819 (c=-0.6876-0.7148i)
 Psi 144: E = -2680.3459 au  ΔE=     0.4537 au     12.347 eV    99582.8 cm**-1
   E1E0+E0E0E1- S2= 0.0 Sz= 0.0 P=0 :     91.556 (c=-0.5683+0.7698i)
   E1E0+E0E1-E0 S2= 0.0 Sz= 0.0 P=0 :    3.00323 (c=-0.1029+0.1394i)
   E1E0E0+E0E1- S2= 0.0 Sz= 0.0 P=0 :    2.99784 (c=-0.1028+0.1393i)
 Psi 145: E = -2680.3459 au  ΔE=     0.4538 au     12.349 eV    99597.6 cm**-1
   E1-E0E0E0+E1 S2= 0.0 Sz= 0.0 P=0 :    91.1512 (c= 0.8169-0.4942i)
   E0E1-E0E0+E1 S2= 0.0 Sz= 0.0 P=0 :    3.00144 (c= 0.1482-0.0897i)
   E1-E0E0+E0E1 S2= 0.0 Sz= 0.0 P=0 :     2.8646 (c= 0.1448-0.0876i)
 Psi 146: E = -2680.3428 au  ΔE=     0.4568 au     12.431 eV   100264.7 cm**-1
   E0+E0E0E1-E1 S2= 0.0 Sz= 0.0 P=0 :     88.652 (c= 0.0847+0.9377i)
   E0+E0E1-E0+E1- S2= 0.0 Sz= 0.0 P=0 :     5.4647 (c=-0.0210-0.2328i)
   E0E0+E0E1-E1 S2= 0.0 Sz= 0.0 P=0 :    2.87603 (c= 0.0153+0.1689i)
 Psi 147: E = -2680.3427 au  ΔE=     0.4569 au     12.433 eV   100281.5 cm**-1
   E1E1-E0E0E0+ S2= 0.0 Sz= 0.0 P=0 :    86.5581 (c= 0.5260+0.7674i)
   E1-E0+E1-E0E0+ S2= 0.0 Sz= 0.0 P=0 :    7.33587 (c=-0.1531-0.2234i)
   E1E1-E0E0+E0 S2= 0.0 Sz= 0.0 P=0 :    2.81719 (c= 0.0949+0.1384i)
 Psi 148: E = -2680.3414 au  ΔE=     0.4582 au     12.469 eV   100569.9 cm**-1
   E0+E1-E0+E0E1- S2= 0.0 Sz= 0.0 P=0 :    55.3275 (c= 0.0041+0.7438i)
   E0+E0E1-E0+E1- S2= 0.0 Sz= 0.0 P=0 :    35.7705 (c=-0.0033-0.5981i)
   E0+E0E0E1-E1 S2= 0.0 Sz= 0.0 P=0 :    3.41545 (c=-0.0010-0.1848i)
 Psi 149: E = -2680.3413 au  ΔE=     0.4584 au     12.473 eV   100604.4 cm**-1
   E1-E0E0+E1-E0+ S2= 0.0 Sz= 0.0 P=0 :    54.6615 (c= 0.1485-0.7243i)
   E1-E0+E1-E0E0+ S2= 0.0 Sz= 0.0 P=0 :    34.3428 (c=-0.1177+0.5741i)
   E1E1-E0E0E0+ S2= 0.0 Sz= 0.0 P=0 :    4.91753 (c=-0.0445+0.2172i)
 Psi 150: E = -2680.3404 au  ΔE=     0.4592 au     12.496 eV   100784.8 cm**-1
   E0+E0E1-E0+E1- S2= 0.0 Sz= 0.0 P=0 :    51.9276 (c= 0.6217-0.3643i)
   E0+E1-E0+E0E1- S2= 0.0 Sz= 0.0 P=0 :    36.4212 (c= 0.5207-0.3051i)
   E0+E1-E0E0+E1- S2= 0.0 Sz= 0.0 P=0 :    5.08283 (c= 0.1945-0.1140i)
 Psi 151: E = -2680.3401 au  ΔE=     0.4595 au     12.504 eV   100852.1 cm**-1
   E1-E0+E1-E0E0+ S2= 0.0 Sz= 0.0 P=0 :    51.2335 (c=-0.7081+0.1042i)
   E1-E0E0+E1-E0+ S2= 0.0 Sz= 0.0 P=0 :    36.2359 (c=-0.5955+0.0877i)
   E1-E0+E0E1-E0+ S2= 0.0 Sz= 0.0 P=0 :    4.84033 (c=-0.2177+0.0320i)
   E1E1-E0E0E0+ S2= 0.0 Sz= 0.0 P=0 :    2.04191 (c=-0.1414+0.0208i)
 Psi 152: E = -2680.3387 au  ΔE=     0.4609 au     12.543 eV   101166.0 cm**-1
   E0+E1-E0E1-E0+ S2= 0.0 Sz= 0.0 P=0 :    98.4935 (c=-0.1648-0.9787i)
 Psi 153: E = -2680.3272 au  ΔE=     0.4725 au     12.857 eV   103696.1 cm**-1
   E1-E0+E0+E1-E0 S2= 0.0 Sz= 0.0 P=0 :    94.9934 (c= 0.4442-0.8675i)
   E0E1-E0+E0+E1- S2= 0.0 Sz= 0.0 P=0 :    4.03181 (c=-0.0915+0.1787i)
 Psi 154: E = -2680.3272 au  ΔE=     0.4725 au     12.857 eV   103696.2 cm**-1
   E0E1-E0+E0+E1- S2= 0.0 Sz= 0.0 P=0 :    94.9928 (c=-0.4427+0.8683i)
   E1-E0+E0+E1-E0 S2= 0.0 Sz= 0.0 P=0 :     4.0312 (c=-0.0912+0.1789i)
 Psi 155: E = -2680.3240 au  ΔE=     0.4757 au     12.944 eV   104397.0 cm**-1
   E0E0+E1-E1-E0+ S2= 0.0 Sz= 0.0 P=0 :    65.9835 (c=-0.5775-0.5713i)
   E0+E1-E1-E0+E0 S2= 0.0 Sz= 0.0 P=0 :    32.9211 (c=-0.4079-0.4035i)
 Psi 156: E = -2680.3240 au  ΔE=     0.4757 au     12.944 eV   104397.0 cm**-1
   E0+E1-E1-E0+E0 S2= 0.0 Sz= 0.0 P=0 :     65.985 (c= 0.5339-0.6122i)
   E0E0+E1-E1-E0+ S2= 0.0 Sz= 0.0 P=0 :    32.9226 (c=-0.3772+0.4324i)
 Psi 157: E = -2680.2840 au  ΔE=     0.5156 au     14.031 eV   113169.9 cm**-1
   E1-E0E0+E0+E1- S2= 0.0 Sz= 0.0 P=0 :    49.7051 (c=-0.5139+0.4827i)
   E1-E0+E0+E0E1- S2= 0.0 Sz= 0.0 P=0 :    49.6988 (c= 0.5139-0.4826i)
 Psi 158: E = -2680.2838 au  ΔE=     0.5159 au     14.038 eV   113220.2 cm**-1
   E1-E0+E0+E0E1- S2= 0.0 Sz= 0.0 P=0 :    49.4566 (c=-0.6600-0.2428i)
   E1-E0E0+E0+E1- S2= 0.0 Sz= 0.0 P=0 :    49.4503 (c=-0.6600-0.2428i)
 Psi 159: E = -2680.2768 au  ΔE=     0.5228 au     14.226 eV   114742.1 cm**-1
   E0+E0E1-E1-E0+ S2= 0.0 Sz= 0.0 P=0 :    49.6432 (c=-0.6219-0.3311i)
   E0+E1-E1-E0E0+ S2= 0.0 Sz= 0.0 P=0 :    49.6422 (c= 0.6219+0.3311i)
 Psi 160: E = -2680.2767 au  ΔE=     0.5229 au     14.230 eV   114769.9 cm**-1
   E0+E1-E1-E0E0+ S2= 0.0 Sz= 0.0 P=0 :    49.4894 (c=-0.4627+0.5299i)
   E0+E0E1-E1-E0+ S2= 0.0 Sz= 0.0 P=0 :    49.4885 (c=-0.4627+0.5299i)
 Psi 161: E = -2680.2714 au  ΔE=     0.5283 au     14.375 eV   115945.1 cm**-1
   E0E0+E2--E0+E0 S2= 0.0 Sz= 0.0 P=0 :    99.4284 (c=-0.9659-0.2476i)
 Psi 162: E = -2680.2696 au  ΔE=     0.5300 au     14.422 eV   116321.8 cm**-1
   E0E0E0+E2--E0+ S2= 0.0 Sz= 0.0 P=0 :    56.0238 (c= 0.7035-0.2557i)
   E0+E2--E0+E0E0 S2= 0.0 Sz= 0.0 P=0 :    43.6132 (c= 0.6207-0.2256i)
 Psi 163: E = -2680.2696 au  ΔE=     0.5300 au     14.422 eV   116321.8 cm**-1
   E0+E2--E0+E0E0 S2= 0.0 Sz= 0.0 P=0 :    56.0251 (c=-0.0938+0.7426i)
   E0E0E0+E2--E0+ S2= 0.0 Sz= 0.0 P=0 :    43.6145 (c= 0.0828-0.6552i)
 Psi 164: E = -2680.2656 au  ΔE=     0.5341 au     14.533 eV   117215.2 cm**-1
   E1-E0++E1-E0E0 S2= 0.0 Sz= 0.0 P=0 :    57.9066 (c=-0.0242+0.7606i)
   E0E0E1-E0++E1- S2= 0.0 Sz= 0.0 P=0 :    41.8532 (c= 0.0206-0.6466i)
 Psi 165: E = -2680.2656 au  ΔE=     0.5341 au     14.533 eV   117215.2 cm**-1
   E0E0E1-E0++E1- S2= 0.0 Sz= 0.0 P=0 :    57.9055 (c= 0.1730+0.7410i)
   E1-E0++E1-E0E0 S2= 0.0 Sz= 0.0 P=0 :    41.8522 (c= 0.1471+0.6300i)
 Psi 166: E = -2680.2643 au  ΔE=     0.5354 au     14.569 eV   117503.0 cm**-1
   E0E1-E0++E1-E0 S2= 0.0 Sz= 0.0 P=0 :    99.6104 (c=-0.7518+0.6564i)
 Psi 167: E = -2680.2393 au  ΔE=     0.5603 au     15.248 eV   122979.7 cm**-1
   E1-E1-E0+E0E0+ S2= 0.0 Sz= 0.0 P=0 :    95.8843 (c= 0.4465+0.8715i)
   E1-E1-E0+E0+E0 S2= 0.0 Sz= 0.0 P=0 :    3.56435 (c=-0.0861-0.1680i)
 Psi 168: E = -2680.2392 au  ΔE=     0.5604 au     15.250 eV   122997.3 cm**-1
   E0+E0E0+E1-E1- S2= 0.0 Sz= 0.0 P=0 :    95.9828 (c=-0.6645-0.7199i)
   E0E0+E0+E1-E1- S2= 0.0 Sz= 0.0 P=0 :    3.57402 (c= 0.1282+0.1389i)
 Psi 169: E = -2680.2380 au  ΔE=     0.5617 au     15.283 eV   123268.3 cm**-1
   E1-E0E1-E0+E0+ S2= 0.0 Sz= 0.0 P=0 :    97.7754 (c=-0.6648+0.7320i)
 Psi 170: E = -2680.2379 au  ΔE=     0.5617 au     15.285 eV   123284.5 cm**-1
   E0+E0+E1-E0E1- S2= 0.0 Sz= 0.0 P=0 :    97.8778 (c=-0.7203-0.6781i)
 Psi 171: E = -2680.2233 au  ΔE=     0.5764 au     15.684 eV   126497.6 cm**-1
   E1-E1-E0+E0+E0 S2= 0.0 Sz= 0.0 P=0 :    95.7532 (c=-0.8119-0.5463i)
   E1-E1-E0+E0E0+ S2= 0.0 Sz= 0.0 P=0 :    3.57863 (c=-0.1570-0.1056i)
 Psi 172: E = -2680.2232 au  ΔE=     0.5764 au     15.686 eV   126512.5 cm**-1
   E0E0+E0+E1-E1- S2= 0.0 Sz= 0.0 P=0 :    95.7103 (c= 0.8877-0.4112i)
   E0+E0E0+E1-E1- S2= 0.0 Sz= 0.0 P=0 :    3.58139 (c= 0.1717-0.0795i)
 Psi 173: E = -2680.2194 au  ΔE=     0.5803 au     15.790 eV   127353.3 cm**-1
   E0E1-E1-E0+E0+ S2= 0.0 Sz= 0.0 P=0 :    97.6723 (c= 0.9681+0.1987i)
 Psi 174: E = -2680.2193 au  ΔE=     0.5803 au     15.792 eV   127368.2 cm**-1
   E0+E0+E1-E1-E0 S2= 0.0 Sz= 0.0 P=0 :    97.6319 (c=-0.1064+0.9823i)
 Psi 175: E = -2680.2076 au  ΔE=     0.5921 au     16.111 eV   129945.6 cm**-1
   E0+E2--E0E0+E0 S2= 0.0 Sz= 0.0 P=0 :    55.4051 (c=-0.5104+0.5418i)
   E0E0+E0E2--E0+ S2= 0.0 Sz= 0.0 P=0 :    42.2162 (c= 0.4456-0.4729i)
 Psi 176: E = -2680.2076 au  ΔE=     0.5921 au     16.111 eV   129945.6 cm**-1
   E0E0+E0E2--E0+ S2= 0.0 Sz= 0.0 P=0 :    55.4251 (c= 0.7077-0.2312i)
   E0+E2--E0E0+E0 S2= 0.0 Sz= 0.0 P=0 :    42.2363 (c= 0.6178-0.2018i)
 Psi 177: E = -2680.2070 au  ΔE=     0.5926 au     16.126 eV   130063.0 cm**-1
   E0E0+E2--E0E0+ S2= 0.0 Sz= 0.0 P=0 :    49.8225 (c=-0.6803+0.1882i)
   E0+E0E2--E0+E0 S2= 0.0 Sz= 0.0 P=0 :    49.6654 (c= 0.6792-0.1879i)
 Psi 178: E = -2680.2070 au  ΔE=     0.5926 au     16.127 eV   130069.0 cm**-1
   E0+E0E2--E0+E0 S2= 0.0 Sz= 0.0 P=0 :      49.44 (c= 0.5071-0.4871i)
   E0E0+E2--E0E0+ S2= 0.0 Sz= 0.0 P=0 :    49.2828 (c= 0.5063-0.4863i)
 Psi 179: E = -2680.2038 au  ΔE=     0.5959 au     16.214 eV   130776.4 cm**-1
   E1-E0E0++E1-E0 S2= 0.0 Sz= 0.0 P=0 :    44.9064 (c=-0.5553+0.3751i)
   E0E1-E0++E0E1- S2= 0.0 Sz= 0.0 P=0 :     44.715 (c= 0.5541-0.3743i)
   E1-E0++E0E1-E0 S2= 0.0 Sz= 0.0 P=0 :    5.09447 (c= 0.1870-0.1263i)
   E0E1-E0E0++E1- S2= 0.0 Sz= 0.0 P=0 :    5.07426 (c=-0.1867+0.1261i)
 Psi 180: E = -2680.2038 au  ΔE=     0.5959 au     16.215 eV   130779.9 cm**-1
   E0E1-E0++E0E1- S2= 0.0 Sz= 0.0 P=0 :    43.3938 (c=-0.6585-0.0187i)
   E1-E0E0++E1-E0 S2= 0.0 Sz= 0.0 P=0 :    43.2102 (c=-0.6571-0.0187i)
   E0E1-E0E0++E1- S2= 0.0 Sz= 0.0 P=0 :     6.3674 (c= 0.2522+0.0072i)
   E1-E0++E0E1-E0 S2= 0.0 Sz= 0.0 P=0 :    6.33948 (c= 0.2517+0.0072i)
 Psi 181: E = -2680.2036 au  ΔE=     0.5960 au     16.218 eV   130809.5 cm**-1
   E0E1-E0E0++E1- S2= 0.0 Sz= 0.0 P=0 :    44.2825 (c=-0.5792-0.3276i)
   E1-E0++E0E1-E0 S2= 0.0 Sz= 0.0 P=0 :    43.9338 (c= 0.5769+0.3264i)
   E0E1-E0++E0E1- S2= 0.0 Sz= 0.0 P=0 :    5.17994 (c=-0.1981-0.1121i)
   E1-E0E0++E1-E0 S2= 0.0 Sz= 0.0 P=0 :    5.12995 (c= 0.1971+0.1115i)
 Psi 182: E = -2680.2036 au  ΔE=     0.5960 au     16.218 eV   130809.9 cm**-1
   E1-E0++E0E1-E0 S2= 0.0 Sz= 0.0 P=0 :    43.0173 (c=-0.6140-0.2307i)
   E0E1-E0E0++E1- S2= 0.0 Sz= 0.0 P=0 :     42.661 (c=-0.6114-0.2298i)
   E1-E0E0++E1-E0 S2= 0.0 Sz= 0.0 P=0 :    6.43167 (c=-0.2374-0.0892i)
   E0E1-E0++E0E1- S2= 0.0 Sz= 0.0 P=0 :    6.38954 (c=-0.2366-0.0889i)
 Psi 183: E = -2680.1840 au  ΔE=     0.6157 au     16.753 eV   135120.6 cm**-1
   E1-E0E0E0++E1- S2= 0.0 Sz= 0.0 P=0 :     72.695 (c= 0.7792-0.3462i)
   E1-E0++E0E0E1- S2= 0.0 Sz= 0.0 P=0 :    25.8112 (c= 0.4643-0.2063i)
 Psi 184: E = -2680.1840 au  ΔE=     0.6157 au     16.753 eV   135120.6 cm**-1
   E1-E0++E0E0E1- S2= 0.0 Sz= 0.0 P=0 :    72.6951 (c=-0.5416-0.6585i)
   E1-E0E0E0++E1- S2= 0.0 Sz= 0.0 P=0 :    25.8113 (c= 0.3227+0.3924i)
 Psi 185: E = -2680.1839 au  ΔE=     0.6157 au     16.755 eV   135137.4 cm**-1
   E0+E2--E0E0E0+ S2= 0.0 Sz= 0.0 P=0 :    84.1499 (c= 0.9171-0.0213i)
   E0+E0E0E2--E0+ S2= 0.0 Sz= 0.0 P=0 :     14.131 (c= 0.3758-0.0087i)
 Psi 186: E = -2680.1839 au  ΔE=     0.6157 au     16.755 eV   135137.5 cm**-1
   E0+E0E0E2--E0+ S2= 0.0 Sz= 0.0 P=0 :      84.15 (c=-0.3808+0.8346i)
   E0+E2--E0E0E0+ S2= 0.0 Sz= 0.0 P=0 :     14.131 (c= 0.1560-0.3420i)
 Psi 187: E = -2680.1732 au  ΔE=     0.6264 au     17.046 eV   137485.0 cm**-1
   E2--E0+E0E0+E0 S2= 0.0 Sz= 0.0 P=0 :    69.8019 (c=-0.1951-0.8124i)
   E2--E0+E0E0E0+ S2= 0.0 Sz= 0.0 P=0 :     26.006 (c= 0.1191+0.4959i)
   E2--E0+E0+E0E0 S2= 0.0 Sz= 0.0 P=0 :    4.06084 (c= 0.0471+0.1959i)
 Psi 188: E = -2680.1732 au  ΔE=     0.6265 au     17.047 eV   137493.5 cm**-1
   E0E0+E0E0+E2-- S2= 0.0 Sz= 0.0 P=0 :    69.7954 (c= 0.0301+0.8349i)
   E0+E0E0E0+E2-- S2= 0.0 Sz= 0.0 P=0 :    25.9928 (c=-0.0183-0.5095i)
   E0E0E0+E0+E2-- S2= 0.0 Sz= 0.0 P=0 :    4.06315 (c=-0.0073-0.2014i)
 Psi 189: E = -2680.1667 au  ΔE=     0.6330 au     17.224 eV   138920.2 cm**-1
   E2--E0+E0E0E0+ S2= 0.0 Sz= 0.0 P=0 :    72.7185 (c=-0.0277+0.8523i)
   E2--E0+E0E0+E0 S2= 0.0 Sz= 0.0 P=0 :    21.4349 (c=-0.0150+0.4627i)
   E2--E0+E0+E0E0 S2= 0.0 Sz= 0.0 P=0 :    5.67852 (c= 0.0077-0.2382i)
 Psi 190: E = -2680.1666 au  ΔE=     0.6330 au     17.225 eV   138928.8 cm**-1
   E0+E0E0E0+E2-- S2= 0.0 Sz= 0.0 P=0 :    72.7123 (c= 0.1583-0.8379i)
   E0E0+E0E0+E2-- S2= 0.0 Sz= 0.0 P=0 :    21.4193 (c= 0.0859-0.4548i)
   E0E0E0+E0+E2-- S2= 0.0 Sz= 0.0 P=0 :    5.68317 (c=-0.0443+0.2343i)
 Psi 191: E = -2680.1659 au  ΔE=     0.6337 au     17.245 eV   139087.6 cm**-1
   E0E2--E0+E0E0+ S2= 0.0 Sz= 0.0 P=0 :    89.6554 (c= 0.5399-0.7779i)
   E0E2--E0+E0+E0 S2= 0.0 Sz= 0.0 P=0 :     9.9902 (c=-0.1802+0.2597i)
 Psi 192: E = -2680.1659 au  ΔE=     0.6338 au     17.246 eV   139096.0 cm**-1
   E0+E0E0+E2--E0 S2= 0.0 Sz= 0.0 P=0 :    89.6339 (c= 0.8760+0.3590i)
   E0E0+E0+E2--E0 S2= 0.0 Sz= 0.0 P=0 :    9.99554 (c=-0.2925-0.1199i)
 Psi 193: E = -2680.1613 au  ΔE=     0.6384 au     17.371 eV   140108.0 cm**-1
   E1-E0E1-E0++E0 S2= 0.0 Sz= 0.0 P=0 :    95.6998 (c= 0.8446+0.4935i)
   E0E1-E1-E0++E0 S2= 0.0 Sz= 0.0 P=0 :    3.92748 (c=-0.1711-0.1000i)
 Psi 194: E = -2680.1612 au  ΔE=     0.6384 au     17.373 eV   140120.8 cm**-1
   E0E0++E1-E0E1- S2= 0.0 Sz= 0.0 P=0 :    95.6731 (c=-0.3756-0.9031i)
   E0E0++E1-E1-E0 S2= 0.0 Sz= 0.0 P=0 :    3.92894 (c= 0.0761+0.1830i)
 Psi 195: E = -2680.1600 au  ΔE=     0.6397 au     17.406 eV   140388.9 cm**-1
   E2--E0+E0+E0E0 S2= 0.0 Sz= 0.0 P=0 :    89.4461 (c= 0.2128-0.9215i)
   E2--E0+E0E0+E0 S2= 0.0 Sz= 0.0 P=0 :    8.65941 (c= 0.0662-0.2867i)
 Psi 196: E = -2680.1600 au  ΔE=     0.6397 au     17.407 eV   140396.7 cm**-1
   E0E0E0+E0+E2-- S2= 0.0 Sz= 0.0 P=0 :    89.4256 (c=-0.8442+0.4262i)
   E0E0+E0E0+E2-- S2= 0.0 Sz= 0.0 P=0 :    8.66442 (c=-0.2628+0.1327i)
 Psi 197: E = -2680.1586 au  ΔE=     0.6411 au     17.445 eV   140700.6 cm**-1
   E1-E0E0E1-E0++ S2= 0.0 Sz= 0.0 P=0 :     58.909 (c= 0.4672-0.6090i)
   E0E1-E0E1-E0++ S2= 0.0 Sz= 0.0 P=0 :    39.6562 (c=-0.3833+0.4996i)
 Psi 198: E = -2680.1585 au  ΔE=     0.6411 au     17.446 eV   140713.5 cm**-1
   E0++E1-E0E0E1- S2= 0.0 Sz= 0.0 P=0 :    58.8785 (c= 0.3948-0.6579i)
   E0++E1-E0E1-E0 S2= 0.0 Sz= 0.0 P=0 :    39.6602 (c=-0.3240+0.5400i)
 Psi 199: E = -2680.1560 au  ΔE=     0.6436 au     17.514 eV   141259.5 cm**-1
   E0E2--E0+E0+E0 S2= 0.0 Sz= 0.0 P=0 :    88.8761 (c=-0.5279+0.7811i)
   E0E2--E0+E0E0+ S2= 0.0 Sz= 0.0 P=0 :    10.0399 (c=-0.1774+0.2625i)

--------------------------------------------------------------------------------------------------
                     ABSORPTION SPECTRUM VIA TRANSITION ELECTRIC DIPOLE MOMENTS                   
--------------------------------------------------------------------------------------------------
       Transition        Energy     Energy  Wavelength fosc(D2)      D2      |DX|    |DY|    |DZ| 
                          (eV)      (cm-1)    (nm)                 (au**2)   (au)    (au)    (au)  
--------------------------------------------------------------------------------------------------
  Psi   0 -> Psi   1    4.946939   39899.7   250.6   1.650772215  13.62049  0.0000  3.6904  0.0347
  Psi   0 -> Psi   2    5.007977   40392.0   247.6   0.000000009   0.00000  0.0000  0.0003  0.0000
  Psi   0 -> Psi   3    5.068993   40884.2   244.6   0.114864798   0.92493  0.0000  0.9617  0.0002
  Psi   0 -> Psi   4    5.115054   41255.7   242.4   0.000000000   0.00000  0.0000  0.0000  0.0000
  Psi   0 -> Psi   5    5.142928   41480.5   241.1   0.011161289   0.08858  0.0000  0.2976  0.0023
  Psi   0 -> Psi   6    6.316235   50943.8   196.3   0.001974735   0.01276  0.0000  0.0722  0.0869
  Psi   0 -> Psi   7    6.319770   50972.3   196.2   0.002480232   0.01602  0.0000  0.0807  0.0975
  Psi   0 -> Psi   8    6.337249   51113.3   195.6   0.000240281   0.00155  0.0000  0.0246  0.0307
  Psi   0 -> Psi   9    6.346634   51189.0   195.4   0.001231065   0.00792  0.0000  0.0551  0.0698
  Psi   0 -> Psi  10    6.358805   51287.2   195.0   0.000637343   0.00409  0.0000  0.0394  0.0504
  Psi   0 -> Psi  11    6.366432   51348.7   194.7   0.006960652   0.04463  0.0000  0.1291  0.1672
  Psi   0 -> Psi  12    6.415188   51741.9   193.3   0.002097891   0.01335  0.0000  0.0684  0.0931
  Psi   0 -> Psi  13    6.417783   51762.9   193.2   0.003364926   0.02140  0.0000  0.0864  0.1181
  Psi   0 -> Psi  14    7.331345   59131.2   169.1   0.000044710   0.00025  0.0000  0.0045  0.0151
  Psi   0 -> Psi  15    7.334249   59154.7   169.0   0.000034198   0.00019  0.0000  0.0048  0.0129
  Psi   0 -> Psi  16    7.364760   59400.7   168.3   0.000013644   0.00008  0.0000  0.0025  0.0083
  Psi   0 -> Psi  17    7.369730   59440.8   168.2   0.000013619   0.00008  0.0000  0.0029  0.0082
  Psi   0 -> Psi  18    7.446803   60062.5   166.5   0.000019215   0.00011  0.0000  0.0027  0.0099
  Psi   0 -> Psi  19    7.448385   60075.2   166.5   0.000015768   0.00009  0.0000  0.0030  0.0088
  Psi   0 -> Psi  20    7.744927   62467.0   160.1   0.000002136   0.00001  0.0000  0.0007  0.0033
  Psi   0 -> Psi  21    7.745362   62470.5   160.1   0.000001396   0.00001  0.0000  0.0008  0.0026
  Psi   0 -> Psi  22    7.835526   63197.7   158.2   0.000000934   0.00000  0.0000  0.0005  0.0022
  Psi   0 -> Psi  23    7.836771   63207.8   158.2   0.000000631   0.00000  0.0000  0.0005  0.0017
  Psi   0 -> Psi  24    7.864791   63433.8   157.6   0.000002922   0.00002  0.0000  0.0039  0.0000
  Psi   0 -> Psi  25    7.866500   63447.5   157.6   0.000000000   0.00000  0.0000  0.0000  0.0000
  Psi   0 -> Psi  26    7.878649   63545.5   157.4   0.000000000   0.00000  0.0000  0.0000  0.0000
  Psi   0 -> Psi  27    7.887680   63618.4   157.2   0.000114844   0.00059  0.0000  0.0244  0.0001
  Psi   0 -> Psi  28    8.050235   64929.5   154.0   0.000000084   0.00000  0.0000  0.0002  0.0006
  Psi   0 -> Psi  29    8.057238   64986.0   153.9   0.000000148   0.00000  0.0000  0.0001  0.0009
  Psi   0 -> Psi  30    8.415129   67872.5   147.3   0.000000000   0.00000  0.0000  0.0000  0.0000
  Psi   0 -> Psi  31    9.408150   75881.8   131.8   0.000000000   0.00000  0.0000  0.0000  0.0000
  Psi   0 -> Psi  32    9.474933   76420.4   130.9   0.000007251   0.00003  0.0000  0.0056  0.0002
  Psi   0 -> Psi  33    9.523585   76812.8   130.2   0.000000000   0.00000  0.0000  0.0000  0.0000
  Psi   0 -> Psi  34    9.530079   76865.2   130.1   0.000000001   0.00000  0.0000  0.0000  0.0000
  Psi   0 -> Psi  35    9.558591   77095.2   129.7   0.000001582   0.00001  0.0000  0.0026  0.0000
  Psi   0 -> Psi  36    9.577706   77249.3   129.5   0.000000253   0.00000  0.0000  0.0010  0.0003
  Psi   0 -> Psi  37    9.603125   77454.4   129.1   0.000000000   0.00000  0.0000  0.0000  0.0000
  Psi   0 -> Psi  38    9.636212   77721.2   128.7   0.000000002   0.00000  0.0000  0.0001  0.0000
  Psi   0 -> Psi  39    9.662780   77935.5   128.3   0.000000085   0.00000  0.0000  0.0006  0.0002
  Psi   0 -> Psi  40    9.711125   78325.4   127.7   0.000000003   0.00000  0.0000  0.0001  0.0001
  Psi   0 -> Psi  41    9.933714   80120.7   124.8   0.000137950   0.00057  0.0000  0.0214  0.0104
  Psi   0 -> Psi  42    9.934231   80124.9   124.8   0.000003850   0.00002  0.0000  0.0036  0.0018
  Psi   0 -> Psi  43    9.954942   80292.0   124.5   0.000154994   0.00064  0.0000  0.0229  0.0106
  Psi   0 -> Psi  44    9.961828   80347.5   124.5   0.000072973   0.00030  0.0000  0.0157  0.0073
  Psi   0 -> Psi  45    9.973833   80444.3   124.3   0.000000071   0.00000  0.0000  0.0005  0.0003
  Psi   0 -> Psi  46    9.982855   80517.1   124.2   0.000011405   0.00005  0.0000  0.0062  0.0030
  Psi   0 -> Psi  47   10.026376   80868.1   123.7   0.000049595   0.00020  0.0000  0.0130  0.0058
  Psi   0 -> Psi  48   10.036530   80950.0   123.5   0.000044310   0.00018  0.0000  0.0122  0.0056
  Psi   0 -> Psi  49   10.092068   81398.0   122.9   0.000002405   0.00001  0.0000  0.0031  0.0005
  Psi   0 -> Psi  50   10.111627   81555.7   122.6   0.000008547   0.00003  0.0000  0.0056  0.0017
  Psi   0 -> Psi  51   10.131737   81717.9   122.4   0.000009845   0.00004  0.0000  0.0060  0.0018
  Psi   0 -> Psi  52   10.143079   81809.4   122.2   0.000011846   0.00005  0.0000  0.0066  0.0020
  Psi   0 -> Psi  53   10.155562   81910.1   122.1   0.000002627   0.00001  0.0000  0.0030  0.0012
  Psi   0 -> Psi  54   10.164263   81980.2   122.0   0.000008442   0.00003  0.0000  0.0055  0.0019
  Psi   0 -> Psi  55   10.235197   82552.4   121.1   0.000026037   0.00010  0.0000  0.0099  0.0026
  Psi   0 -> Psi  56   10.235500   82554.8   121.1   0.000000499   0.00000  0.0000  0.0014  0.0003
  Psi   0 -> Psi  57   10.496516   84660.0   118.1   0.000001357   0.00001  0.0000  0.0023  0.0004
  Psi   0 -> Psi  58   10.536877   84985.6   117.7   0.000004389   0.00002  0.0000  0.0041  0.0007
  Psi   0 -> Psi  59   10.540240   85012.7   117.6   0.000002128   0.00001  0.0000  0.0028  0.0005
  Psi   0 -> Psi  60   10.579187   85326.8   117.2   0.000003593   0.00001  0.0000  0.0037  0.0006
  Psi   0 -> Psi  61   10.613493   85603.5   116.8   0.000002007   0.00001  0.0000  0.0027  0.0006
  Psi   0 -> Psi  62   10.652741   85920.1   116.4   0.000003323   0.00001  0.0000  0.0035  0.0005
  Psi   0 -> Psi  63   10.773454   86893.7   115.1   0.000003255   0.00001  0.0000  0.0029  0.0019
  Psi   0 -> Psi  64   10.774640   86903.3   115.1   0.000000276   0.00000  0.0000  0.0009  0.0005
  Psi   0 -> Psi  65   10.811917   87203.9   114.7   0.000000083   0.00000  0.0000  0.0004  0.0004
  Psi   0 -> Psi  66   10.827835   87332.3   114.5   0.000000157   0.00000  0.0000  0.0006  0.0004
  Psi   0 -> Psi  67   10.839856   87429.3   114.4   0.000000370   0.00000  0.0000  0.0012  0.0002
  Psi   0 -> Psi  68   10.847919   87494.3   114.3   0.000002747   0.00001  0.0000  0.0023  0.0022
  Psi   0 -> Psi  69   10.848997   87503.0   114.3   0.000000738   0.00000  0.0000  0.0014  0.0009
  Psi   0 -> Psi  70   10.860446   87595.3   114.2   0.000000154   0.00000  0.0000  0.0008  0.0000
  Psi   0 -> Psi  71   10.865791   87638.4   114.1   0.000001907   0.00001  0.0000  0.0018  0.0020
  Psi   0 -> Psi  72   10.873783   87702.9   114.0   0.000001906   0.00001  0.0000  0.0019  0.0019
  Psi   0 -> Psi  73   10.877665   87734.2   114.0   0.000000102   0.00000  0.0000  0.0006  0.0002
  Psi   0 -> Psi  74   10.879520   87749.2   114.0   0.000001267   0.00000  0.0000  0.0020  0.0009
  Psi   0 -> Psi  75   10.883225   87779.1   113.9   0.000000097   0.00000  0.0000  0.0001  0.0006
  Psi   0 -> Psi  76   10.885189   87794.9   113.9   0.000000382   0.00000  0.0000  0.0012  0.0002
  Psi   0 -> Psi  77   10.892135   87850.9   113.8   0.000001818   0.00001  0.0000  0.0018  0.0019
  Psi   0 -> Psi  78   10.898070   87898.8   113.8   0.000000480   0.00000  0.0000  0.0009  0.0010
  Psi   0 -> Psi  79   10.920833   88082.4   113.5   0.000000139   0.00000  0.0000  0.0006  0.0004
  Psi   0 -> Psi  80   10.933148   88181.7   113.4   0.000000218   0.00000  0.0000  0.0007  0.0006
  Psi   0 -> Psi  81   10.934036   88188.9   113.4   0.000001408   0.00001  0.0000  0.0016  0.0016
  Psi   0 -> Psi  82   10.935506   88200.7   113.4   0.000000193   0.00000  0.0000  0.0005  0.0007
  Psi   0 -> Psi  83   10.939080   88229.6   113.3   0.000000604   0.00000  0.0000  0.0012  0.0010
  Psi   0 -> Psi  84   10.940169   88238.3   113.3   0.000000509   0.00000  0.0000  0.0007  0.0012
  Psi   0 -> Psi  85   10.946454   88289.0   113.3   0.000000001   0.00000  0.0000  0.0000  0.0000
  Psi   0 -> Psi  86   10.952196   88335.3   113.2   0.000000006   0.00000  0.0000  0.0001  0.0001
  Psi   0 -> Psi  87   10.956534   88370.3   113.2   0.000000680   0.00000  0.0000  0.0005  0.0015
  Psi   0 -> Psi  88   10.963078   88423.1   113.1   0.000000072   0.00000  0.0000  0.0002  0.0005
  Psi   0 -> Psi  89   10.969788   88477.2   113.0   0.000000112   0.00000  0.0000  0.0003  0.0006
  Psi   0 -> Psi  90   10.974440   88514.8   113.0   0.000001910   0.00001  0.0000  0.0008  0.0025
  Psi   0 -> Psi  91   10.975913   88526.6   113.0   0.000000250   0.00000  0.0000  0.0000  0.0010
  Psi   0 -> Psi  92   10.982966   88583.5   112.9   0.000000003   0.00000  0.0000  0.0000  0.0001
  Psi   0 -> Psi  93   10.984569   88596.4   112.9   0.000001286   0.00000  0.0000  0.0008  0.0020
  Psi   0 -> Psi  94   10.995095   88681.4   112.8   0.000000046   0.00000  0.0000  0.0004  0.0001
  Psi   0 -> Psi  95   11.026748   88936.7   112.4   0.000000419   0.00000  0.0000  0.0002  0.0012
  Psi   0 -> Psi  96   11.034027   88995.4   112.4   0.000000238   0.00000  0.0000  0.0009  0.0003
  Psi   0 -> Psi  97   11.035027   89003.4   112.4   0.000000367   0.00000  0.0000  0.0008  0.0008
  Psi   0 -> Psi  98   11.045951   89091.5   112.2   0.000000290   0.00000  0.0000  0.0005  0.0009
  Psi   0 -> Psi  99   11.095724   89493.0   111.7   0.000000352   0.00000  0.0000  0.0002  0.0011
  Psi   0 -> Psi 100   11.108524   89596.2   111.6   0.000000194   0.00000  0.0000  0.0002  0.0008
  Psi   0 -> Psi 101   11.125980   89737.0   111.4   0.000000040   0.00000  0.0000  0.0002  0.0003
  Psi   0 -> Psi 102   11.137221   89827.7   111.3   0.000000001   0.00000  0.0000  0.0001  0.0000
  Psi   0 -> Psi 103   11.143324   89876.9   111.3   0.000000011   0.00000  0.0000  0.0002  0.0001
  Psi   0 -> Psi 104   11.156887   89986.3   111.1   0.000000009   0.00000  0.0000  0.0000  0.0002
  Psi   0 -> Psi 105   11.168189   90077.4   111.0   0.000000033   0.00000  0.0000  0.0002  0.0003
  Psi   0 -> Psi 106   11.171518   90104.3   111.0   0.000000003   0.00000  0.0000  0.0001  0.0000
  Psi   0 -> Psi 107   11.197712   90315.6   110.7   0.000000050   0.00000  0.0000  0.0002  0.0004
  Psi   0 -> Psi 108   11.221695   90509.0   110.5   0.000000077   0.00000  0.0000  0.0002  0.0005
  Psi   0 -> Psi 109   11.223636   90524.7   110.5   0.000000074   0.00000  0.0000  0.0003  0.0004
  Psi   0 -> Psi 110   11.256359   90788.6   110.1   0.000000056   0.00000  0.0000  0.0002  0.0004
  Psi   0 -> Psi 111   11.273182   90924.3   110.0   0.000000059   0.00000  0.0000  0.0001  0.0004
  Psi   0 -> Psi 112   11.273816   90929.4   110.0   0.000000065   0.00000  0.0000  0.0002  0.0005
  Psi   0 -> Psi 113   11.322965   91325.8   109.5   0.000000006   0.00000  0.0000  0.0001  0.0001
  Psi   0 -> Psi 114   11.323572   91330.7   109.5   0.000000004   0.00000  0.0000  0.0001  0.0001
  Psi   0 -> Psi 115   11.451210   92360.2   108.3   0.000000004   0.00000  0.0000  0.0001  0.0000
  Psi   0 -> Psi 116   11.470028   92511.9   108.1   0.000000003   0.00000  0.0000  0.0001  0.0000
  Psi   0 -> Psi 117   11.550208   93158.6   107.3   0.000000003   0.00000  0.0000  0.0001  0.0000
  Psi   0 -> Psi 118   11.566779   93292.3   107.2   0.000000053   0.00000  0.0000  0.0004  0.0002
  Psi   0 -> Psi 119   11.574669   93355.9   107.1   0.000000011   0.00000  0.0000  0.0002  0.0000
  Psi   0 -> Psi 120   11.577275   93376.9   107.1   0.000000058   0.00000  0.0000  0.0004  0.0002
  Psi   0 -> Psi 121   11.609155   93634.1   106.8   0.000000000   0.00000  0.0000  0.0000  0.0000
  Psi   0 -> Psi 122   11.609754   93638.9   106.8   0.000000000   0.00000  0.0000  0.0000  0.0000
  Psi   0 -> Psi 123   11.628136   93787.2   106.6   0.000000002   0.00000  0.0000  0.0001  0.0000
  Psi   0 -> Psi 124   11.628570   93790.7   106.6   0.000000001   0.00000  0.0000  0.0001  0.0000
  Psi   0 -> Psi 125   11.665478   94088.4   106.3   0.000000043   0.00000  0.0000  0.0004  0.0001
  Psi   0 -> Psi 126   11.675571   94169.8   106.2   0.000000041   0.00000  0.0000  0.0004  0.0001
  Psi   0 -> Psi 127   11.815484   95298.2   104.9   0.000000000   0.00000  0.0000  0.0000  0.0000
  Psi   0 -> Psi 128   11.815921   95301.8   104.9   0.000000000   0.00000  0.0000  0.0000  0.0000
  Psi   0 -> Psi 129   11.850759   95582.7   104.6   0.000000025   0.00000  0.0000  0.0003  0.0001
  Psi   0 -> Psi 130   11.851982   95592.6   104.6   0.000000019   0.00000  0.0000  0.0002  0.0001
  Psi   0 -> Psi 131   11.952070   96399.9   103.7   0.000000043   0.00000  0.0000  0.0003  0.0002
  Psi   0 -> Psi 132   11.954780   96421.7   103.7   0.000000032   0.00000  0.0000  0.0003  0.0002
  Psi   0 -> Psi 133   11.961315   96474.4   103.7   0.000000001   0.00000  0.0000  0.0000  0.0000
  Psi   0 -> Psi 134   11.965540   96508.5   103.6   0.000000001   0.00000  0.0000  0.0000  0.0001
  Psi   0 -> Psi 135   11.968311   96530.9   103.6   0.000000000   0.00000  0.0000  0.0000  0.0000
  Psi   0 -> Psi 136   11.970403   96547.7   103.6   0.000000000   0.00000  0.0000  0.0000  0.0000
  Psi   0 -> Psi 137   11.992848   96728.8   103.4   0.000000028   0.00000  0.0000  0.0003  0.0002
  Psi   0 -> Psi 138   11.995539   96750.5   103.4   0.000000020   0.00000  0.0000  0.0002  0.0002
  Psi   0 -> Psi 139   12.050845   97196.5   102.9   0.000000009   0.00000  0.0000  0.0002  0.0001
  Psi   0 -> Psi 140   12.051582   97202.5   102.9   0.000000030   0.00000  0.0000  0.0003  0.0001
  Psi   0 -> Psi 141   12.060856   97277.3   102.8   0.000000003   0.00000  0.0000  0.0000  0.0001
  Psi   0 -> Psi 142   12.064058   97303.1   102.8   0.000000003   0.00000  0.0000  0.0000  0.0001
  Psi   0 -> Psi 143   12.334194   99481.9   100.5   0.000000000   0.00000  0.0000  0.0000  0.0000
  Psi   0 -> Psi 144   12.346705   99582.8   100.4   0.000000001   0.00000  0.0000  0.0000  0.0000
  Psi   0 -> Psi 145   12.348537   99597.6   100.4   0.000000000   0.00000  0.0000  0.0000  0.0000
  Psi   0 -> Psi 146   12.431251  100264.7    99.7   0.000000000   0.00000  0.0000  0.0000  0.0000
  Psi   0 -> Psi 147   12.433326  100281.5    99.7   0.000000000   0.00000  0.0000  0.0000  0.0000
  Psi   0 -> Psi 148   12.469091  100569.9    99.4   0.000000000   0.00000  0.0000  0.0000  0.0000
  Psi   0 -> Psi 149   12.473360  100604.4    99.4   0.000000000   0.00000  0.0000  0.0000  0.0000
  Psi   0 -> Psi 150   12.495733  100784.8    99.2   0.000000005   0.00000  0.0000  0.0001  0.0000
  Psi   0 -> Psi 151   12.504079  100852.1    99.2   0.000000005   0.00000  0.0000  0.0001  0.0000
  Psi   0 -> Psi 152   12.542999  101166.0    98.8   0.000000000   0.00000  0.0000  0.0000  0.0000
  Psi   0 -> Psi 153   12.856694  103696.1    96.4   0.000000000   0.00000  0.0000  0.0000  0.0000
  Psi   0 -> Psi 154   12.856695  103696.2    96.4   0.000000000   0.00000  0.0000  0.0000  0.0000
  Psi   0 -> Psi 155   12.943584  104397.0    95.8   0.000000000   0.00000  0.0000  0.0000  0.0000
  Psi   0 -> Psi 156   12.943588  104397.0    95.8   0.000000000   0.00000  0.0000  0.0000  0.0000
  Psi   0 -> Psi 157   14.031291  113169.9    88.4   0.000000000   0.00000  0.0000  0.0000  0.0000
  Psi   0 -> Psi 158   14.037523  113220.2    88.3   0.000000000   0.00000  0.0000  0.0000  0.0000
  Psi   0 -> Psi 159   14.226218  114742.1    87.2   0.000000000   0.00000  0.0000  0.0000  0.0000
  Psi   0 -> Psi 160   14.229667  114769.9    87.1   0.000000000   0.00000  0.0000  0.0000  0.0000
  Psi   0 -> Psi 161   14.375369  115945.1    86.2   0.000000000   0.00000  0.0000  0.0000  0.0000
  Psi   0 -> Psi 162   14.422073  116321.8    86.0   0.000000000   0.00000  0.0000  0.0000  0.0000
  Psi   0 -> Psi 163   14.422077  116321.8    86.0   0.000000000   0.00000  0.0000  0.0000  0.0000
  Psi   0 -> Psi 164   14.532847  117215.2    85.3   0.000000000   0.00000  0.0000  0.0000  0.0000
  Psi   0 -> Psi 165   14.532850  117215.2    85.3   0.000000000   0.00000  0.0000  0.0000  0.0000
  Psi   0 -> Psi 166   14.568531  117503.0    85.1   0.000000000   0.00000  0.0000  0.0000  0.0000
  Psi   0 -> Psi 167   15.247548  122979.7    81.3   0.000000000   0.00000  0.0000  0.0000  0.0000
  Psi   0 -> Psi 168   15.249738  122997.3    81.3   0.000000000   0.00000  0.0000  0.0000  0.0000
  Psi   0 -> Psi 169   15.283339  123268.3    81.1   0.000000000   0.00000  0.0000  0.0000  0.0000
  Psi   0 -> Psi 170   15.285343  123284.5    81.1   0.000000000   0.00000  0.0000  0.0000  0.0000
  Psi   0 -> Psi 171   15.683710  126497.6    79.1   0.000000000   0.00000  0.0000  0.0000  0.0000
  Psi   0 -> Psi 172   15.685568  126512.5    79.0   0.000000000   0.00000  0.0000  0.0000  0.0000
  Psi   0 -> Psi 173   15.789812  127353.3    78.5   0.000000000   0.00000  0.0000  0.0000  0.0000
  Psi   0 -> Psi 174   15.791660  127368.2    78.5   0.000000000   0.00000  0.0000  0.0000  0.0000
  Psi   0 -> Psi 175   16.111210  129945.6    77.0   0.000000000   0.00000  0.0000  0.0000  0.0000
  Psi   0 -> Psi 176   16.111213  129945.6    77.0   0.000000000   0.00000  0.0000  0.0000  0.0000
  Psi   0 -> Psi 177   16.125768  130063.0    76.9   0.000000000   0.00000  0.0000  0.0000  0.0000
  Psi   0 -> Psi 178   16.126508  130069.0    76.9   0.000000000   0.00000  0.0000  0.0000  0.0000
  Psi   0 -> Psi 179   16.214222  130776.4    76.5   0.000000000   0.00000  0.0000  0.0000  0.0000
  Psi   0 -> Psi 180   16.214655  130779.9    76.5   0.000000000   0.00000  0.0000  0.0000  0.0000
  Psi   0 -> Psi 181   16.218318  130809.5    76.4   0.000000000   0.00000  0.0000  0.0000  0.0000
  Psi   0 -> Psi 182   16.218375  130809.9    76.4   0.000000000   0.00000  0.0000  0.0000  0.0000
  Psi   0 -> Psi 183   16.752828  135120.6    74.0   0.000000000   0.00000  0.0000  0.0000  0.0000
  Psi   0 -> Psi 184   16.752831  135120.6    74.0   0.000000000   0.00000  0.0000  0.0000  0.0000
  Psi   0 -> Psi 185   16.754921  135137.4    74.0   0.000000000   0.00000  0.0000  0.0000  0.0000
  Psi   0 -> Psi 186   16.754923  135137.5    74.0   0.000000000   0.00000  0.0000  0.0000  0.0000
  Psi   0 -> Psi 187   17.045983  137485.0    72.7   0.000000000   0.00000  0.0000  0.0000  0.0000
  Psi   0 -> Psi 188   17.047039  137493.5    72.7   0.000000000   0.00000  0.0000  0.0000  0.0000
  Psi   0 -> Psi 189   17.223922  138920.2    72.0   0.000000000   0.00000  0.0000  0.0000  0.0000
  Psi   0 -> Psi 190   17.224992  138928.8    72.0   0.000000000   0.00000  0.0000  0.0000  0.0000
  Psi   0 -> Psi 191   17.244680  139087.6    71.9   0.000000000   0.00000  0.0000  0.0000  0.0000
  Psi   0 -> Psi 192   17.245720  139096.0    71.9   0.000000000   0.00000  0.0000  0.0000  0.0000
  Psi   0 -> Psi 193   17.371189  140108.0    71.4   0.000000000   0.00000  0.0000  0.0000  0.0000
  Psi   0 -> Psi 194   17.372774  140120.8    71.4   0.000000000   0.00000  0.0000  0.0000  0.0000
  Psi   0 -> Psi 195   17.406022  140388.9    71.2   0.000000000   0.00000  0.0000  0.0000  0.0000
  Psi   0 -> Psi 196   17.406984  140396.7    71.2   0.000000000   0.00000  0.0000  0.0000  0.0000
  Psi   0 -> Psi 197   17.444667  140700.6    71.1   0.000000000   0.00000  0.0000  0.0000  0.0000
  Psi   0 -> Psi 198   17.446267  140713.5    71.1   0.000000000   0.00000  0.0000  0.0000  0.0000
  Psi   0 -> Psi 199   17.513958  141259.5    70.8   0.000000000   0.00000  0.0000  0.0000  0.0000

       *** SymbolicCI terminated normally ***
Total time:  0 days  7 hours 16 minutes 21 seconds  75 msec
