 $$$$$$\$$\     $$\$$\      $$\$$$$$$$\  $$$$$$\ $$\      $$$$$$\ $$$$$$\
$$  __$$\$$\   $$  $$$\    $$$ $$  __$$\$$  __$$\$$ |     \_$$  _$$  __$$\
$$ /  \__\$$\ $$  /$$$$\  $$$$ $$ |  $$ $$ /  $$ $$ |       $$ | $$ /  \__|
\$$$$$$\  \$$$$  / $$\$$\$$ $$ $$$$$$$\ $$ |  $$ $$ |       $$ | $$ |
 \____$$\  \$$  /  $$ \$$$  $$ $$  __$$\$$ |  $$ $$ |       $$ | $$ |
$$\   $$ |  $$ |   $$ |\$  /$$ $$ |  $$ $$ |  $$ $$ |       $$ | $$ |  $$\
\$$$$$$  |  $$ |   $$ | \_/ $$ $$$$$$$  |$$$$$$  $$$$$$$$\$$$$$$\\$$$$$$  |
 \______/   \__|   \__|     \__\_______/ \______/\________\______|\______/

                               $$$$$$\ $$$$$$\
                              $$  __$$\\_$$  _|
                              $$ /  \__| $$ |
                              $$ |       $$ |
                              $$ |       $$ |
                              $$ |  $$\  $$ |
                              \$$$$$$  $$$$$$\
                               \______/\______|    


           #######################################################
           #                        -***-                        #
           #   Institute of Physical and Theoretical Chemistry   #
           #            Core code : Johannes Greiner             #
           #  Institut für Physikalische und Theoretische Chemie #
           #         Emil-Fischer-Straße 42, Hubland Nord        #
           #                  D-97074 Würzburg                   #
           #                       Germany                       #
           #                                                     #
           #                  All rights reserved                #
           #                        -***-                        #
           #######################################################

                   Program Version 0.2-4-g201315d

Multi-threading enabled. Program will use 40 threads.

--------------
Fragment: anth
--------------

Multiplicity        ...             1   
Charge              ...             0   
Number of Electrons ...            94   
Energy (Hartree)    ...      0.000000   
Number of Atoms     ...            24   
Number of Sites     ...             4   


---------
Aggregate
---------

Number of Sides           ...   16   
Number of Basis Functions ... 2240   
Number of Atoms           ...   96   
Dimension of Hamiltonian  ...  117   

Starting calculation of integrals
Finished calculation of integrals

-------
Timings
-------

Integral                   ...                                 Duration        %   
                           ...                                                     
Non Relativistic Integrals ...   5 hours 15 minutes 45 seconds 893 msec   100.0%   
Overlap                    ...   0 hours  0 minutes  0 seconds 754 msec     0.0%   
Kinetic                    ...   0 hours  0 minutes  8 seconds 443 msec     0.0%   
Nuclear                    ...   0 hours  0 minutes 17 seconds 407 msec     0.1%   
G Core                     ...   0 hours  0 minutes  7 seconds 826 msec     0.0%   
Electron-Electron          ...   5 hours 14 minutes 43 seconds   3 msec    99.7%   
Dipoles                    ...   0 hours  0 minutes 28 seconds 458 msec     0.2%   

Starting processing state names
Finished processing state names
Measured time:   0 hours  0 minutes  0 seconds   0 msec

Starting building Hamiltonian
Finished building Hamiltonian
Measured time:   0 hours  0 minutes  0 seconds   2 msec

Starting writing Hamiltonian to disk
Finished writing Hamiltonian to disk
Measured time:   0 hours  0 minutes  0 seconds   7 msec

Starting diagonalizing Hamiltonian
Finished diagonalizing Hamiltonian
Measured time:   0 hours  0 minutes  0 seconds   3 msec


-----------------------
Adiabatic Wavefunctions
-----------------------

 Psi   0: E = -2144.5912 au  ΔE=     0.0000 au      0.000 eV        0.0 cm**-1 <S**2> =   0.000
   E0E0E0E0 S2= 0.0 Sz= 0.0 P=0 :    94.3803 (c= 0.9715 0.0000i)
 Psi   1: E = -2144.4435 au  ΔE=     0.1477 au      4.020 eV    32421.9 cm**-1 <S**2> =   0.000
   E0E1E0E0 S2= 0.0 Sz= 0.0 P=0 :    27.1339 (c= 0.5209 0.0000i)
   E0E0E1E0 S2= 0.0 Sz= 0.0 P=0 :    27.1339 (c=-0.5209 0.0000i)
   E0E1-E0+E0 S2= 0.0 Sz= 0.0 P=0 :    7.40392 (c= 0.2721 0.0000i)
   E0E0+E1-E0 S2= 0.0 Sz= 0.0 P=0 :    7.40392 (c=-0.2721 0.0000i)
   E1E0E0E0 S2= 0.0 Sz= 0.0 P=0 :    6.29491 (c=-0.2509 0.0000i)
   E0E0E0E1 S2= 0.0 Sz= 0.0 P=0 :    6.29491 (c= 0.2509 0.0000i)
   E1-E0+E0E0 S2= 0.0 Sz= 0.0 P=0 :    5.62226 (c=-0.2371 0.0000i)
   E0E0E0+E1- S2= 0.0 Sz= 0.0 P=0 :    5.62226 (c= 0.2371 0.0000i)
   E0E0E1-E0+ S2= 0.0 Sz= 0.0 P=0 :    2.68236 (c=-0.1638 0.0000i)
   E0+E1-E0E0 S2= 0.0 Sz= 0.0 P=0 :    2.68236 (c= 0.1638 0.0000i)
 Psi   2: E = -2144.4311 au  ΔE=     0.1602 au      4.358 eV    35151.8 cm**-1 <S**2> =   0.000
   E1E0E0E0 S2= 0.0 Sz= 0.0 P=0 :    20.3391 (c= 0.4510-0.0000i)
   E0E0E0E1 S2= 0.0 Sz= 0.0 P=0 :    20.3391 (c= 0.4510-0.0000i)
   E0E0E1E0 S2= 0.0 Sz= 0.0 P=0 :    13.6937 (c=-0.3700-0.0000i)
   E0E1E0E0 S2= 0.0 Sz= 0.0 P=0 :    13.6937 (c=-0.3700-0.0000i)
   E1-E0+E0E0 S2= 0.0 Sz= 0.0 P=0 :     11.231 (c= 0.3351-0.0000i)
   E0E0E0+E1- S2= 0.0 Sz= 0.0 P=0 :     11.231 (c= 0.3351-0.0000i)
   E0E0E1-E0+ S2= 0.0 Sz= 0.0 P=0 :    4.26044 (c=-0.2064-0.0000i)
   E0+E1-E0E0 S2= 0.0 Sz= 0.0 P=0 :    4.26043 (c=-0.2064-0.0000i)
 Psi   3: E = -2144.4128 au  ΔE=     0.1784 au      4.854 eV    39151.7 cm**-1 <S**2> =   0.000
   E0E0E0E1 S2= 0.0 Sz= 0.0 P=0 :    30.7854 (c=-0.5548 0.0000i)
   E1E0E0E0 S2= 0.0 Sz= 0.0 P=0 :    30.7854 (c= 0.5548 0.0000i)
   E0E1-E0+E0 S2= 0.0 Sz= 0.0 P=0 :    7.42474 (c= 0.2725 0.0000i)
   E0E0+E1-E0 S2= 0.0 Sz= 0.0 P=0 :    7.42474 (c=-0.2725 0.0000i)
   E0E1E0E0 S2= 0.0 Sz= 0.0 P=0 :    6.19669 (c= 0.2489 0.0000i)
   E0E0E1E0 S2= 0.0 Sz= 0.0 P=0 :    6.19669 (c=-0.2489 0.0000i)
   E1-E0+E0E0 S2= 0.0 Sz= 0.0 P=0 :     4.1746 (c= 0.2043 0.0000i)
   E0E0E0+E1- S2= 0.0 Sz= 0.0 P=0 :     4.1746 (c=-0.2043 0.0000i)
 Psi   4: E = -2144.3981 au  ΔE=     0.1932 au      5.256 eV    42395.8 cm**-1 <S**2> =   0.000
   E0E1-E0+E0 S2= 0.0 Sz= 0.0 P=0 :    16.9338 (c=-0.4115 0.0000i)
   E0E0+E1-E0 S2= 0.0 Sz= 0.0 P=0 :    16.9338 (c=-0.4115 0.0000i)
   E1-E0+E0E0 S2= 0.0 Sz= 0.0 P=0 :    13.9941 (c= 0.3741 0.0000i)
   E0E0E0+E1- S2= 0.0 Sz= 0.0 P=0 :    13.9941 (c= 0.3741 0.0000i)
   E1E0E0E0 S2= 0.0 Sz= 0.0 P=0 :    6.28857 (c=-0.2508 0.0000i)
   E0E0E0E1 S2= 0.0 Sz= 0.0 P=0 :    6.28857 (c=-0.2508 0.0000i)
   E1-E0E0+E0 S2= 0.0 Sz= 0.0 P=0 :    5.82857 (c= 0.2414 0.0000i)
   E0E0+E0E1- S2= 0.0 Sz= 0.0 P=0 :    5.82856 (c= 0.2414 0.0000i)
   E0+E1-E0E0 S2= 0.0 Sz= 0.0 P=0 :      4.487 (c= 0.2118 0.0000i)
   E0E0E1-E0+ S2= 0.0 Sz= 0.0 P=0 :      4.487 (c= 0.2118 0.0000i)
 Psi   5: E = -2144.3948 au  ΔE=     0.1964 au      5.344 eV    43102.4 cm**-1 <S**2> =   0.000
   E0E1E0E0 S2= 0.0 Sz= 0.0 P=0 :    20.6703 (c= 0.4546 0.0000i)
   E0E0E1E0 S2= 0.0 Sz= 0.0 P=0 :    20.6703 (c= 0.4546 0.0000i)
   E1E0E0E0 S2= 0.0 Sz= 0.0 P=0 :    18.4853 (c= 0.4299 0.0000i)
   E0E0E0E1 S2= 0.0 Sz= 0.0 P=0 :    18.4853 (c= 0.4299 0.0000i)
   E0E1-E0+E0 S2= 0.0 Sz= 0.0 P=0 :    8.97682 (c=-0.2996 0.0000i)
   E0E0+E1-E0 S2= 0.0 Sz= 0.0 P=0 :    8.97682 (c=-0.2996 0.0000i)
 Psi   6: E = -2144.3934 au  ΔE=     0.1978 au      5.383 eV    43419.4 cm**-1 <S**2> =   0.000
   E0E0E0+E1- S2= 0.0 Sz= 0.0 P=0 :    33.7505 (c= 0.5810 0.0000i)
   E1-E0+E0E0 S2= 0.0 Sz= 0.0 P=0 :    33.7505 (c=-0.5810 0.0000i)
   E0E0E1-E0+ S2= 0.0 Sz= 0.0 P=0 :      7.343 (c= 0.2710 0.0000i)
   E0+E1-E0E0 S2= 0.0 Sz= 0.0 P=0 :      7.343 (c=-0.2710 0.0000i)
   E0E0E0E1 S2= 0.0 Sz= 0.0 P=0 :    4.82348 (c=-0.2196 0.0000i)
   E1E0E0E0 S2= 0.0 Sz= 0.0 P=0 :    4.82348 (c= 0.2196 0.0000i)
   E0E0+E0E1- S2= 0.0 Sz= 0.0 P=0 :    2.70804 (c= 0.1646 0.0000i)
   E1-E0E0+E0 S2= 0.0 Sz= 0.0 P=0 :    2.70804 (c=-0.1646 0.0000i)
 Psi   7: E = -2144.3856 au  ΔE=     0.2056 au      5.594 eV    45118.4 cm**-1 <S**2> =   0.000
   E0E1-E0+E0 S2= 0.0 Sz= 0.0 P=0 :    17.3607 (c=-0.4167 0.0000i)
   E0E0+E1-E0 S2= 0.0 Sz= 0.0 P=0 :    17.3607 (c=-0.4167 0.0000i)
   E0E0E0+E1- S2= 0.0 Sz= 0.0 P=0 :    17.1015 (c=-0.4135 0.0000i)
   E1-E0+E0E0 S2= 0.0 Sz= 0.0 P=0 :    17.1015 (c=-0.4135 0.0000i)
   E0E0E1E0 S2= 0.0 Sz= 0.0 P=0 :    8.71421 (c=-0.2952 0.0000i)
   E0E1E0E0 S2= 0.0 Sz= 0.0 P=0 :     8.7142 (c=-0.2952 0.0000i)
   E0E0E1-E0+ S2= 0.0 Sz= 0.0 P=0 :    6.26404 (c=-0.2503 0.0000i)
   E0+E1-E0E0 S2= 0.0 Sz= 0.0 P=0 :    6.26404 (c=-0.2503 0.0000i)
 Psi   8: E = -2144.3785 au  ΔE=     0.2127 au      5.788 eV    46681.3 cm**-1 <S**2> =   0.000
   E0E0+E1-E0 S2= 0.0 Sz= 0.0 P=0 :    24.4524 (c= 0.4945 0.0000i)
   E0E1-E0+E0 S2= 0.0 Sz= 0.0 P=0 :    24.4524 (c=-0.4945 0.0000i)
   E0E1E0E0 S2= 0.0 Sz= 0.0 P=0 :    11.2611 (c= 0.3356 0.0000i)
   E0E0E1E0 S2= 0.0 Sz= 0.0 P=0 :    11.2611 (c=-0.3356 0.0000i)
   E1-E0E0+E0 S2= 0.0 Sz= 0.0 P=0 :    8.40395 (c= 0.2899 0.0000i)
   E0E0+E0E1- S2= 0.0 Sz= 0.0 P=0 :    8.40395 (c=-0.2899 0.0000i)
 Psi   9: E = -2144.3713 au  ΔE=     0.2199 au      5.984 eV    48261.5 cm**-1 <S**2> =   0.000
   E0E0E1-E0+ S2= 0.0 Sz= 0.0 P=0 :    32.8776 (c=-0.5734-0.0000i)
   E0+E1-E0E0 S2= 0.0 Sz= 0.0 P=0 :    32.8775 (c= 0.5734-0.0000i)
   E0E0E0E1 S2= 0.0 Sz= 0.0 P=0 :    5.94025 (c=-0.2437-0.0000i)
   E1E0E0E0 S2= 0.0 Sz= 0.0 P=0 :    5.94024 (c= 0.2437-0.0000i)
   E0E1-E0E0+ S2= 0.0 Sz= 0.0 P=0 :    4.55927 (c= 0.2135-0.0000i)
   E0+E0E1-E0 S2= 0.0 Sz= 0.0 P=0 :    4.55927 (c=-0.2135-0.0000i)
   E0E0E1E0 S2= 0.0 Sz= 0.0 P=0 :    2.16867 (c= 0.1473-0.0000i)
   E0E1E0E0 S2= 0.0 Sz= 0.0 P=0 :    2.16866 (c=-0.1473-0.0000i)
   E0E0E0+E1- S2= 0.0 Sz= 0.0 P=0 :    2.09179 (c= 0.1446-0.0000i)
   E1-E0+E0E0 S2= 0.0 Sz= 0.0 P=0 :    2.09179 (c=-0.1446-0.0000i)
 Psi  10: E = -2144.3696 au  ΔE=     0.2216 au      6.030 eV    48631.9 cm**-1 <S**2> =   0.000
   E0+E1-E0E0 S2= 0.0 Sz= 0.0 P=0 :    30.4188 (c=-0.5515 0.0000i)
   E0E0E1-E0+ S2= 0.0 Sz= 0.0 P=0 :    30.4187 (c=-0.5515 0.0000i)
   E0E1E0E0 S2= 0.0 Sz= 0.0 P=0 :    6.42807 (c= 0.2535 0.0000i)
   E0E0E1E0 S2= 0.0 Sz= 0.0 P=0 :    6.42807 (c= 0.2535 0.0000i)
   E1E0E0E0 S2= 0.0 Sz= 0.0 P=0 :    4.24222 (c=-0.2060 0.0000i)
   E0E0E0E1 S2= 0.0 Sz= 0.0 P=0 :    4.24221 (c=-0.2060 0.0000i)
   E0+E0E1-E0 S2= 0.0 Sz= 0.0 P=0 :    4.15273 (c= 0.2038 0.0000i)
   E0E1-E0E0+ S2= 0.0 Sz= 0.0 P=0 :    4.15273 (c= 0.2038 0.0000i)
   E1-E0+E0E0 S2= 0.0 Sz= 0.0 P=0 :    3.31543 (c= 0.1821 0.0000i)
   E0E0E0+E1- S2= 0.0 Sz= 0.0 P=0 :    3.31543 (c= 0.1821 0.0000i)
 Psi  11: E = -2144.3488 au  ΔE=     0.2424 au      6.596 eV    53197.6 cm**-1 <S**2> =   0.000
   E1-E0E0+E0 S2= 0.0 Sz= 0.0 P=0 :    31.7077 (c= 0.5631 0.0000i)
   E0E0+E0E1- S2= 0.0 Sz= 0.0 P=0 :    31.7077 (c= 0.5631 0.0000i)
   E1-E0E0E0+ S2= 0.0 Sz= 0.0 P=0 :    9.39761 (c= 0.3066 0.0000i)
   E0+E0E0E1- S2= 0.0 Sz= 0.0 P=0 :    9.39759 (c= 0.3066 0.0000i)
   E0E1-E0+E0 S2= 0.0 Sz= 0.0 P=0 :    5.17012 (c= 0.2274 0.0000i)
   E0E0+E1-E0 S2= 0.0 Sz= 0.0 P=0 :    5.17011 (c= 0.2274 0.0000i)
   E1-E0+E0E0 S2= 0.0 Sz= 0.0 P=0 :    3.09106 (c=-0.1758 0.0000i)
   E0E0E0+E1- S2= 0.0 Sz= 0.0 P=0 :    3.09106 (c=-0.1758 0.0000i)
 Psi  12: E = -2144.3455 au  ΔE=     0.2457 au      6.686 eV    53926.1 cm**-1 <S**2> =   0.000
   E0E0+E0E1- S2= 0.0 Sz= 0.0 P=0 :    28.1353 (c= 0.5304-0.0000i)
   E1-E0E0+E0 S2= 0.0 Sz= 0.0 P=0 :    28.1352 (c=-0.5304-0.0000i)
   E0E0+E1-E0 S2= 0.0 Sz= 0.0 P=0 :    7.62048 (c= 0.2761-0.0000i)
   E0E1-E0+E0 S2= 0.0 Sz= 0.0 P=0 :    7.62047 (c=-0.2761-0.0000i)
   E0+E0E0E1- S2= 0.0 Sz= 0.0 P=0 :    7.06873 (c= 0.2659-0.0000i)
   E1-E0E0E0+ S2= 0.0 Sz= 0.0 P=0 :    7.06872 (c=-0.2659-0.0000i)
   E0E0E0+E1- S2= 0.0 Sz= 0.0 P=0 :    4.07143 (c=-0.2018-0.0000i)
   E1-E0+E0E0 S2= 0.0 Sz= 0.0 P=0 :    4.07143 (c= 0.2018-0.0000i)
   E0E0E1E0 S2= 0.0 Sz= 0.0 P=0 :    2.56178 (c=-0.1601-0.0000i)
   E0E1E0E0 S2= 0.0 Sz= 0.0 P=0 :    2.56178 (c= 0.1601-0.0000i)
 Psi  13: E = -2144.3340 au  ΔE=     0.2573 au      7.000 eV    56461.9 cm**-1 <S**2> =   0.000
   E0E1-E0E0+ S2= 0.0 Sz= 0.0 P=0 :    26.5514 (c=-0.5153 0.0000i)
   E0+E0E1-E0 S2= 0.0 Sz= 0.0 P=0 :    26.5504 (c= 0.5153 0.0000i)
   E1-E0E0E0+ S2= 0.0 Sz= 0.0 P=0 :    13.7292 (c= 0.3705 0.0000i)
   E0+E0E0E1- S2= 0.0 Sz= 0.0 P=0 :    13.7287 (c=-0.3705 0.0000i)
   E1-E0E0+E0 S2= 0.0 Sz= 0.0 P=0 :    4.81225 (c=-0.2194 0.0000i)
   E0E0+E0E1- S2= 0.0 Sz= 0.0 P=0 :    4.81204 (c= 0.2194 0.0000i)
   E0E0E1-E0+ S2= 0.0 Sz= 0.0 P=0 :    3.51974 (c=-0.1876 0.0000i)
   E0+E1-E0E0 S2= 0.0 Sz= 0.0 P=0 :     3.5196 (c= 0.1876 0.0000i)
 Psi  14: E = -2144.3337 au  ΔE=     0.2575 au      7.007 eV    56512.6 cm**-1 <S**2> =   0.000
   E0+E0E1-E0 S2= 0.0 Sz= 0.0 P=0 :    26.5999 (c= 0.5158 0.0000i)
   E0E1-E0E0+ S2= 0.0 Sz= 0.0 P=0 :    26.5989 (c= 0.5157 0.0000i)
   E0+E0E0E1- S2= 0.0 Sz= 0.0 P=0 :    11.8144 (c=-0.3437 0.0000i)
   E1-E0E0E0+ S2= 0.0 Sz= 0.0 P=0 :    11.8139 (c=-0.3437 0.0000i)
   E0E0+E0E1- S2= 0.0 Sz= 0.0 P=0 :    6.37831 (c= 0.2526 0.0000i)
   E1-E0E0+E0 S2= 0.0 Sz= 0.0 P=0 :     6.3781 (c= 0.2525 0.0000i)
   E0+E1-E0E0 S2= 0.0 Sz= 0.0 P=0 :    3.71827 (c= 0.1928 0.0000i)
   E0E0E1-E0+ S2= 0.0 Sz= 0.0 P=0 :    3.71813 (c= 0.1928 0.0000i)
 Psi  15: E = -2144.3287 au  ΔE=     0.2626 au      7.145 eV    57624.9 cm**-1 <S**2> =   0.000
   E0E0E2E0 S2= 0.0 Sz= 0.0 P=0 :     52.189 (c=-0.7224 0.0000i)
   E0E0E1+E1- S2= 0.0 Sz= 0.0 P=0 :    7.25506 (c= 0.2694 0.0000i)
   E0E0+E2-E0 S2= 0.0 Sz= 0.0 P=0 :    7.00881 (c= 0.2647 0.0000i)
   E0E1-E1+E0 S2= 0.0 Sz= 0.0 P=0 :    5.17747 (c= 0.2275 0.0000i)
   E0E1E1E0 S2= 0.0 Sz= 0.0 P=0 :    4.50986 (c= 0.2124 0.0000i)
   E0E2E0E0 S2= 0.0 Sz= 0.0 P=0 :    4.48539 (c=-0.2118 0.0000i)
   E0E0E2-E0+ S2= 0.0 Sz= 0.0 P=0 :    3.61583 (c= 0.1902 0.0000i)
   E2E0E0E0 S2= 0.0 Sz= 0.0 P=0 :    3.17686 (c= 0.1782 0.0000i)
   E0E0E1E1 S2= 0.0 Sz= 0.0 P=0 :    2.09335 (c= 0.1447 0.0000i)
 Psi  16: E = -2144.3282 au  ΔE=     0.2630 au      7.158 eV    57729.4 cm**-1 <S**2> =   0.000
   E0E2E0E0 S2= 0.0 Sz= 0.0 P=0 :    55.6963 (c=-0.7463 0.0000i)
   E0E0E2E0 S2= 0.0 Sz= 0.0 P=0 :    6.95849 (c= 0.2638 0.0000i)
   E1-E1+E0E0 S2= 0.0 Sz= 0.0 P=0 :     6.5315 (c= 0.2556 0.0000i)
   E0E1+E1-E0 S2= 0.0 Sz= 0.0 P=0 :    5.14977 (c= 0.2269 0.0000i)
   E0E2-E0+E0 S2= 0.0 Sz= 0.0 P=0 :    4.98926 (c= 0.2234 0.0000i)
   E0+E2-E0E0 S2= 0.0 Sz= 0.0 P=0 :    4.50004 (c= 0.2121 0.0000i)
   E0E0E0E2 S2= 0.0 Sz= 0.0 P=0 :    3.81531 (c= 0.1953 0.0000i)
   E1E1E0E0 S2= 0.0 Sz= 0.0 P=0 :    2.64057 (c= 0.1625 0.0000i)
 Psi  17: E = -2144.3175 au  ΔE=     0.2737 au      7.447 eV    60067.0 cm**-1 <S**2> =   0.000
   E2E0E0E0 S2= 0.0 Sz= 0.0 P=0 :    37.0717 (c=-0.6089 0.0000i)
   E0E0E0E2 S2= 0.0 Sz= 0.0 P=0 :    36.6308 (c= 0.6052 0.0000i)
   E2-E0+E0E0 S2= 0.0 Sz= 0.0 P=0 :    5.42371 (c= 0.2329 0.0000i)
   E0E0E0+E2- S2= 0.0 Sz= 0.0 P=0 :    5.32229 (c=-0.2307 0.0000i)
   E0E2E0E0 S2= 0.0 Sz= 0.0 P=0 :    3.38958 (c= 0.1841 0.0000i)
   E0E0E2E0 S2= 0.0 Sz= 0.0 P=0 :     3.2999 (c=-0.1817 0.0000i)
   E1+E1-E0E0 S2= 0.0 Sz= 0.0 P=0 :    2.62155 (c= 0.1619 0.0000i)
   E0E0E1-E1+ S2= 0.0 Sz= 0.0 P=0 :    2.60089 (c=-0.1613 0.0000i)
 Psi  18: E = -2144.3129 au  ΔE=     0.2783 au      7.573 eV    61084.1 cm**-1 <S**2> =   0.000
   E0E0E0E2 S2= 0.0 Sz= 0.0 P=0 :    33.0729 (c= 0.5751-0.0000i)
   E2E0E0E0 S2= 0.0 Sz= 0.0 P=0 :    32.9486 (c= 0.5740-0.0000i)
   E0E0E0+E2- S2= 0.0 Sz= 0.0 P=0 :    7.44638 (c=-0.2729-0.0000i)
   E2-E0+E0E0 S2= 0.0 Sz= 0.0 P=0 :    7.36834 (c=-0.2714-0.0000i)
   E1+E1-E0E0 S2= 0.0 Sz= 0.0 P=0 :    3.25178 (c=-0.1803-0.0000i)
   E0E0E1-E1+ S2= 0.0 Sz= 0.0 P=0 :    3.23255 (c=-0.1798-0.0000i)
   E1E1E0E0 S2= 0.0 Sz= 0.0 P=0 :    3.08487 (c=-0.1756-0.0000i)
   E0E0E1E1 S2= 0.0 Sz= 0.0 P=0 :    3.04433 (c=-0.1745-0.0000i)
 Psi  19: E = -2144.3069 au  ΔE=     0.2843 au      7.737 eV    62402.8 cm**-1 <S**2> =   0.000
   E1-E0E0E0+ S2= 0.0 Sz= 0.0 P=0 :    28.2233 (c=-0.5313-0.0000i)
   E0+E0E0E1- S2= 0.0 Sz= 0.0 P=0 :    28.2225 (c=-0.5312-0.0000i)
   E0E1-E0E0+ S2= 0.0 Sz= 0.0 P=0 :    16.1288 (c=-0.4016-0.0000i)
   E0+E0E1-E0 S2= 0.0 Sz= 0.0 P=0 :    16.1283 (c=-0.4016-0.0000i)
   E1-E0E0+E0 S2= 0.0 Sz= 0.0 P=0 :    3.73007 (c= 0.1931-0.0000i)
   E0E0+E0E1- S2= 0.0 Sz= 0.0 P=0 :    3.72995 (c= 0.1931-0.0000i)
 Psi  20: E = -2144.3066 au  ΔE=     0.2847 au      7.746 eV    62477.1 cm**-1 <S**2> =   0.000
   E0+E0E0E1- S2= 0.0 Sz= 0.0 P=0 :    27.3974 (c=-0.5234 0.0000i)
   E1-E0E0E0+ S2= 0.0 Sz= 0.0 P=0 :    27.3965 (c= 0.5234 0.0000i)
   E0+E0E1-E0 S2= 0.0 Sz= 0.0 P=0 :    16.0738 (c=-0.4009 0.0000i)
   E0E1-E0E0+ S2= 0.0 Sz= 0.0 P=0 :    16.0733 (c= 0.4009 0.0000i)
   E0E0+E0E1- S2= 0.0 Sz= 0.0 P=0 :    3.94722 (c= 0.1987 0.0000i)
   E1-E0E0+E0 S2= 0.0 Sz= 0.0 P=0 :    3.94711 (c=-0.1987 0.0000i)
 Psi  21: E = -2144.2927 au  ΔE=     0.2985 au      8.122 eV    65511.6 cm**-1 <S**2> =   0.000
   E1E0E1E0 S2= 0.0 Sz= 0.0 P=0 :    12.8126 (c=-0.3579 0.0000i)
   E0E1E0E1 S2= 0.0 Sz= 0.0 P=0 :    12.4738 (c=-0.3532 0.0000i)
   E1E0E0E1 S2= 0.0 Sz= 0.0 P=0 :    10.5838 (c= 0.3253 0.0000i)
   E0E1E1E0 S2= 0.0 Sz= 0.0 P=0 :    6.48761 (c= 0.2547 0.0000i)
   E1-E0+E0E1 S2= 0.0 Sz= 0.0 P=0 :    6.23898 (c= 0.2498 0.0000i)
   E1-E0+E1E0 S2= 0.0 Sz= 0.0 P=0 :     6.0859 (c=-0.2467 0.0000i)
   E1E0E0+E1- S2= 0.0 Sz= 0.0 P=0 :    5.82306 (c= 0.2413 0.0000i)
   E0E1E0+E1- S2= 0.0 Sz= 0.0 P=0 :    4.87914 (c=-0.2209 0.0000i)
   E0E2E0E0 S2= 0.0 Sz= 0.0 P=0 :    3.90792 (c= 0.1977 0.0000i)
   E0E0E2E0 S2= 0.0 Sz= 0.0 P=0 :    3.51592 (c= 0.1875 0.0000i)
   E1-E0+E1-E0+ S2= 0.0 Sz= 0.0 P=0 :    3.16675 (c=-0.1780 0.0000i)
   E1E0E1-E0+ S2= 0.0 Sz= 0.0 P=0 :    2.95964 (c=-0.1720 0.0000i)
   E0E1E1-E0+ S2= 0.0 Sz= 0.0 P=0 :     2.7649 (c= 0.1663 0.0000i)
   E0+E1-E0E1 S2= 0.0 Sz= 0.0 P=0 :    2.73469 (c=-0.1654 0.0000i)
   E0+E1-E1E0 S2= 0.0 Sz= 0.0 P=0 :    2.41591 (c= 0.1554 0.0000i)
   E0+E1-E0+E1- S2= 0.0 Sz= 0.0 P=0 :    2.37397 (c=-0.1541 0.0000i)
 Psi  22: E = -2144.2780 au  ΔE=     0.3132 au      8.524 eV    68746.9 cm**-1 <S**2> =   0.000
   E0E0+E1E1- S2= 0.0 Sz= 0.0 P=0 :    19.1798 (c= 0.4379 0.0000i)
   E0E0+E2-E0 S2= 0.0 Sz= 0.0 P=0 :    11.1192 (c=-0.3335 0.0000i)
   E0E0E1+E1- S2= 0.0 Sz= 0.0 P=0 :    9.72258 (c=-0.3118 0.0000i)
   E0E1-E1+E0 S2= 0.0 Sz= 0.0 P=0 :     6.3529 (c= 0.2520 0.0000i)
   E0E0E2E0 S2= 0.0 Sz= 0.0 P=0 :    6.27101 (c=-0.2504 0.0000i)
   E0E1+E1-E0 S2= 0.0 Sz= 0.0 P=0 :    4.30204 (c=-0.2074 0.0000i)
   E1-E1E0+E0 S2= 0.0 Sz= 0.0 P=0 :    3.43373 (c= 0.1853 0.0000i)
   E0E1E0+E1- S2= 0.0 Sz= 0.0 P=0 :    3.14494 (c= 0.1773 0.0000i)
   E0E2-E0+E0 S2= 0.0 Sz= 0.0 P=0 :    2.81775 (c= 0.1679 0.0000i)
   E1-E1+E0E0 S2= 0.0 Sz= 0.0 P=0 :    2.57159 (c= 0.1604 0.0000i)
   E1-E0+E1E0 S2= 0.0 Sz= 0.0 P=0 :    2.35188 (c=-0.1534 0.0000i)
   E0E0+E1-E1 S2= 0.0 Sz= 0.0 P=0 :    2.34118 (c=-0.1530 0.0000i)
   E1E0E1E0 S2= 0.0 Sz= 0.0 P=0 :    2.32802 (c=-0.1526 0.0000i)
 Psi  23: E = -2144.2737 au  ΔE=     0.3175 au      8.639 eV    69680.5 cm**-1 <S**2> =   0.000
   E0E1E0E1 S2= 0.0 Sz= 0.0 P=0 :    16.2502 (c= 0.4031-0.0000i)
   E1E0E1E0 S2= 0.0 Sz= 0.0 P=0 :    13.0372 (c=-0.3611-0.0000i)
   E0E0E1E1 S2= 0.0 Sz= 0.0 P=0 :    8.50452 (c=-0.2916-0.0000i)
   E0E1-E0+E1 S2= 0.0 Sz= 0.0 P=0 :    6.29425 (c= 0.2509-0.0000i)
   E0E0+E2-E0 S2= 0.0 Sz= 0.0 P=0 :    6.14963 (c= 0.2480-0.0000i)
   E1E1E0E0 S2= 0.0 Sz= 0.0 P=0 :    4.82777 (c= 0.2197-0.0000i)
   E1E0+E1-E0 S2= 0.0 Sz= 0.0 P=0 :    3.60682 (c=-0.1899-0.0000i)
   E0E2E0E0 S2= 0.0 Sz= 0.0 P=0 :    3.26369 (c= 0.1807-0.0000i)
   E1E1-E0+E0 S2= 0.0 Sz= 0.0 P=0 :    2.87666 (c= 0.1696-0.0000i)
   E1-E0+E0E1 S2= 0.0 Sz= 0.0 P=0 :    2.77052 (c=-0.1664-0.0000i)
   E0E1-E1E0+ S2= 0.0 Sz= 0.0 P=0 :    2.48034 (c=-0.1575-0.0000i)
   E0E0E2-E0+ S2= 0.0 Sz= 0.0 P=0 :    2.28239 (c=-0.1511-0.0000i)
   E0E1E1-E0+ S2= 0.0 Sz= 0.0 P=0 :    2.19445 (c=-0.1481-0.0000i)
   E0E0+E1-E1 S2= 0.0 Sz= 0.0 P=0 :    2.09781 (c=-0.1448-0.0000i)
 Psi  24: E = -2144.2718 au  ΔE=     0.3195 au      8.693 eV    70113.1 cm**-1 <S**2> =   0.000
   E1-E1+E0E0 S2= 0.0 Sz= 0.0 P=0 :    17.4634 (c= 0.4179 0.0000i)
   E0E0E1+E1- S2= 0.0 Sz= 0.0 P=0 :    14.5175 (c= 0.3810 0.0000i)
   E0E1+E1-E0 S2= 0.0 Sz= 0.0 P=0 :    10.3556 (c=-0.3218 0.0000i)
   E2-E0+E0E0 S2= 0.0 Sz= 0.0 P=0 :     7.0066 (c= 0.2647 0.0000i)
   E0E1E1E0 S2= 0.0 Sz= 0.0 P=0 :    6.09299 (c=-0.2468 0.0000i)
   E0E0E0+E2- S2= 0.0 Sz= 0.0 P=0 :    5.73917 (c= 0.2396 0.0000i)
   E0+E1E1-E0 S2= 0.0 Sz= 0.0 P=0 :    3.53804 (c= 0.1881 0.0000i)
   E0E1-E1+E0 S2= 0.0 Sz= 0.0 P=0 :    3.52267 (c=-0.1877 0.0000i)
   E2E0E0E0 S2= 0.0 Sz= 0.0 P=0 :    3.40811 (c= 0.1846 0.0000i)
   E1-E1E0+E0 S2= 0.0 Sz= 0.0 P=0 :    3.05996 (c= 0.1749 0.0000i)
   E0E0E0E2 S2= 0.0 Sz= 0.0 P=0 :     2.9729 (c= 0.1724 0.0000i)
   E1E1E0E0 S2= 0.0 Sz= 0.0 P=0 :    2.89325 (c= 0.1701 0.0000i)
   E0E0+E1E1- S2= 0.0 Sz= 0.0 P=0 :    2.85297 (c=-0.1689 0.0000i)
 Psi  25: E = -2144.2697 au  ΔE=     0.3215 au      8.749 eV    70561.6 cm**-1 <S**2> =   0.000
   E0E2-E0+E0 S2= 0.0 Sz= 0.0 P=0 :    20.9139 (c= 0.4573 0.0000i)
   E1-E1E0+E0 S2= 0.0 Sz= 0.0 P=0 :    8.68417 (c= 0.2947 0.0000i)
   E0+E2-E0E0 S2= 0.0 Sz= 0.0 P=0 :    8.19861 (c=-0.2863 0.0000i)
   E0E0+E2-E0 S2= 0.0 Sz= 0.0 P=0 :    7.77555 (c= 0.2788 0.0000i)
   E0E1E1E0 S2= 0.0 Sz= 0.0 P=0 :    6.34176 (c= 0.2518 0.0000i)
   E1E1E0E0 S2= 0.0 Sz= 0.0 P=0 :    4.53229 (c=-0.2129 0.0000i)
   E0E0+E1E1- S2= 0.0 Sz= 0.0 P=0 :    4.37752 (c=-0.2092 0.0000i)
   E0+E1E1-E0 S2= 0.0 Sz= 0.0 P=0 :    4.03063 (c= 0.2008 0.0000i)
   E1-E0+E1E0 S2= 0.0 Sz= 0.0 P=0 :     3.5412 (c=-0.1882 0.0000i)
   E1E0E0E1 S2= 0.0 Sz= 0.0 P=0 :    3.47379 (c=-0.1864 0.0000i)
   E1E0+E1-E0 S2= 0.0 Sz= 0.0 P=0 :    2.84032 (c= 0.1685 0.0000i)
   E0E0E2-E0+ S2= 0.0 Sz= 0.0 P=0 :    2.77282 (c=-0.1665 0.0000i)
   E0E0E1E1 S2= 0.0 Sz= 0.0 P=0 :     2.6057 (c=-0.1614 0.0000i)
 Psi  26: E = -2144.2665 au  ΔE=     0.3247 au      8.835 eV    71257.4 cm**-1 <S**2> =   0.000
   E2-E0+E0E0 S2= 0.0 Sz= 0.0 P=0 :    21.6489 (c= 0.4653 0.0000i)
   E0E0E0+E2- S2= 0.0 Sz= 0.0 P=0 :     19.307 (c=-0.4394 0.0000i)
   E0E0+E2-E0 S2= 0.0 Sz= 0.0 P=0 :    9.32898 (c= 0.3054 0.0000i)
   E1-E1+E0E0 S2= 0.0 Sz= 0.0 P=0 :    7.85881 (c= 0.2803 0.0000i)
   E0E0E1+E1- S2= 0.0 Sz= 0.0 P=0 :    7.17762 (c=-0.2679 0.0000i)
   E0E2-E0+E0 S2= 0.0 Sz= 0.0 P=0 :    6.15119 (c=-0.2480 0.0000i)
   E1E0E1E0 S2= 0.0 Sz= 0.0 P=0 :    2.70856 (c= 0.1646 0.0000i)
   E0E1E0E1 S2= 0.0 Sz= 0.0 P=0 :    2.39742 (c=-0.1548 0.0000i)
   E2E0E0E0 S2= 0.0 Sz= 0.0 P=0 :    2.39462 (c= 0.1547 0.0000i)
   E0E0E0E2 S2= 0.0 Sz= 0.0 P=0 :    2.38774 (c=-0.1545 0.0000i)
   E1+E1-E0E0 S2= 0.0 Sz= 0.0 P=0 :    2.34044 (c=-0.1530 0.0000i)
 Psi  27: E = -2144.2617 au  ΔE=     0.3295 au      8.966 eV    72314.5 cm**-1 <S**2> =   0.000
   E2-E0+E0E0 S2= 0.0 Sz= 0.0 P=0 :    33.1895 (c=-0.5761 0.0000i)
   E0E0E0+E2- S2= 0.0 Sz= 0.0 P=0 :    8.07338 (c=-0.2841 0.0000i)
   E0E1-E1+E0 S2= 0.0 Sz= 0.0 P=0 :    5.86106 (c=-0.2421 0.0000i)
   E1-E1+E0E0 S2= 0.0 Sz= 0.0 P=0 :    5.45609 (c= 0.2336 0.0000i)
   E1+E1-E0E0 S2= 0.0 Sz= 0.0 P=0 :    4.65988 (c= 0.2159 0.0000i)
   E2-E0E0+E0 S2= 0.0 Sz= 0.0 P=0 :    4.06135 (c=-0.2015 0.0000i)
   E1-E1E0+E0 S2= 0.0 Sz= 0.0 P=0 :    3.21707 (c= 0.1794 0.0000i)
   E0E2-E0+E0 S2= 0.0 Sz= 0.0 P=0 :    3.14956 (c=-0.1775 0.0000i)
   E0E1E1E0 S2= 0.0 Sz= 0.0 P=0 :    2.80448 (c=-0.1675 0.0000i)
   E0E0E2-E0+ S2= 0.0 Sz= 0.0 P=0 :    2.72433 (c= 0.1651 0.0000i)
   E0E0+E2-E0 S2= 0.0 Sz= 0.0 P=0 :     2.6494 (c= 0.1628 0.0000i)
   E2E0E0E0 S2= 0.0 Sz= 0.0 P=0 :    2.28031 (c=-0.1510 0.0000i)
   E0E1E0+E1- S2= 0.0 Sz= 0.0 P=0 :    2.23043 (c= 0.1493 0.0000i)
   E1-E0+E1-E0+ S2= 0.0 Sz= 0.0 P=0 :    2.21402 (c=-0.1488 0.0000i)
   E1-E0+E1E0 S2= 0.0 Sz= 0.0 P=0 :      2.056 (c=-0.1434 0.0000i)
   E0E0E1-E1+ S2= 0.0 Sz= 0.0 P=0 :    2.04154 (c= 0.1429 0.0000i)
 Psi  28: E = -2144.2612 au  ΔE=     0.3300 au      8.980 eV    72427.2 cm**-1 <S**2> =   0.000
   E0E0E0+E2- S2= 0.0 Sz= 0.0 P=0 :    27.8008 (c= 0.5273 0.0000i)
   E0E1+E1-E0 S2= 0.0 Sz= 0.0 P=0 :    9.42341 (c= 0.3070 0.0000i)
   E0E0E1+E1- S2= 0.0 Sz= 0.0 P=0 :    8.30646 (c=-0.2882 0.0000i)
   E0E2-E0+E0 S2= 0.0 Sz= 0.0 P=0 :    6.07033 (c=-0.2464 0.0000i)
   E1-E0+E1E0 S2= 0.0 Sz= 0.0 P=0 :    4.24711 (c=-0.2061 0.0000i)
   E0E0E0E2 S2= 0.0 Sz= 0.0 P=0 :    3.49451 (c= 0.1869 0.0000i)
   E1E0E0+E1- S2= 0.0 Sz= 0.0 P=0 :    3.35758 (c=-0.1832 0.0000i)
   E0E0+E0E2- S2= 0.0 Sz= 0.0 P=0 :    3.29315 (c= 0.1815 0.0000i)
   E1-E0+E1-E0+ S2= 0.0 Sz= 0.0 P=0 :     3.0402 (c=-0.1744 0.0000i)
   E1E0E0E1 S2= 0.0 Sz= 0.0 P=0 :    2.89252 (c=-0.1701 0.0000i)
   E0E0+E2-E0 S2= 0.0 Sz= 0.0 P=0 :    2.81924 (c= 0.1679 0.0000i)
   E0E0E1-E1+ S2= 0.0 Sz= 0.0 P=0 :     2.7537 (c=-0.1659 0.0000i)
   E0E1E0+E1- S2= 0.0 Sz= 0.0 P=0 :    2.69657 (c= 0.1642 0.0000i)
   E0+E1-E0+E1- S2= 0.0 Sz= 0.0 P=0 :     2.6726 (c= 0.1635 0.0000i)
   E0+E1E1-E0 S2= 0.0 Sz= 0.0 P=0 :    2.13133 (c=-0.1460 0.0000i)
 Psi  29: E = -2144.2600 au  ΔE=     0.3312 au      9.013 eV    72692.2 cm**-1 <S**2> =   0.000
   E0E2-E0+E0 S2= 0.0 Sz= 0.0 P=0 :    10.5398 (c= 0.3247 0.0000i)
   E1-E1+E0E0 S2= 0.0 Sz= 0.0 P=0 :    9.47872 (c=-0.3079 0.0000i)
   E0E0+E2-E0 S2= 0.0 Sz= 0.0 P=0 :    7.11875 (c= 0.2668 0.0000i)
   E0E0E1+E1- S2= 0.0 Sz= 0.0 P=0 :    5.69415 (c=-0.2386 0.0000i)
   E1E1-E0+E0 S2= 0.0 Sz= 0.0 P=0 :    5.20175 (c= 0.2281 0.0000i)
   E0+E2-E0E0 S2= 0.0 Sz= 0.0 P=0 :    5.14224 (c= 0.2268 0.0000i)
   E0E1+E1-E0 S2= 0.0 Sz= 0.0 P=0 :    4.41512 (c=-0.2101 0.0000i)
   E1E1E0E0 S2= 0.0 Sz= 0.0 P=0 :    4.38462 (c= 0.2094 0.0000i)
   E0E0+E1-E1 S2= 0.0 Sz= 0.0 P=0 :    4.14936 (c= 0.2037 0.0000i)
   E1-E0+E1E0 S2= 0.0 Sz= 0.0 P=0 :    3.87014 (c= 0.1967 0.0000i)
   E0E0E1E1 S2= 0.0 Sz= 0.0 P=0 :    3.71808 (c= 0.1928 0.0000i)
   E0E1E0+E1- S2= 0.0 Sz= 0.0 P=0 :    3.71713 (c= 0.1928 0.0000i)
   E0E0E2-E0+ S2= 0.0 Sz= 0.0 P=0 :     3.4941 (c= 0.1869 0.0000i)
 Psi  30: E = -2144.2590 au  ΔE=     0.3322 au      9.041 eV    72920.0 cm**-1 <S**2> =   0.000
   E1E0E0E1 S2= 0.0 Sz= 0.0 P=0 :    16.6996 (c= 0.4087 0.0000i)
   E0E0E1+E1- S2= 0.0 Sz= 0.0 P=0 :    9.48168 (c=-0.3079 0.0000i)
   E0E0+E2-E0 S2= 0.0 Sz= 0.0 P=0 :    7.33301 (c= 0.2708 0.0000i)
   E0E0E0+E2- S2= 0.0 Sz= 0.0 P=0 :    6.90794 (c= 0.2628 0.0000i)
   E0+E1E1-E0 S2= 0.0 Sz= 0.0 P=0 :    4.93079 (c= 0.2221 0.0000i)
   E0E2E0E0 S2= 0.0 Sz= 0.0 P=0 :    4.80234 (c=-0.2191 0.0000i)
   E1E0E0+E1- S2= 0.0 Sz= 0.0 P=0 :    3.66933 (c= 0.1916 0.0000i)
   E0E1+E1-E0 S2= 0.0 Sz= 0.0 P=0 :    3.38369 (c=-0.1839 0.0000i)
   E0E1-E0+E1 S2= 0.0 Sz= 0.0 P=0 :    3.36396 (c= 0.1834 0.0000i)
   E0E0E2E0 S2= 0.0 Sz= 0.0 P=0 :    2.98621 (c=-0.1728 0.0000i)
   E1-E1E0+E0 S2= 0.0 Sz= 0.0 P=0 :    2.84495 (c=-0.1687 0.0000i)
   E0+E2-E0E0 S2= 0.0 Sz= 0.0 P=0 :    2.70119 (c=-0.1644 0.0000i)
   E0E0E1E1 S2= 0.0 Sz= 0.0 P=0 :    2.50478 (c=-0.1583 0.0000i)
   E0E1+E0E1- S2= 0.0 Sz= 0.0 P=0 :    2.01993 (c= 0.1421 0.0000i)
 Psi  31: E = -2144.2556 au  ΔE=     0.3356 au      9.133 eV    73666.5 cm**-1 <S**2> =   0.000
   E1-E0+E1-E0+ S2= 0.0 Sz= 0.0 P=0 :    14.4415 (c=-0.3800-0.0000i)
   E1-E0+E0E1 S2= 0.0 Sz= 0.0 P=0 :     12.089 (c= 0.3477-0.0000i)
   E1-E1+E0E0 S2= 0.0 Sz= 0.0 P=0 :    10.2888 (c=-0.3208-0.0000i)
   E1E0E0E1 S2= 0.0 Sz= 0.0 P=0 :    6.14615 (c= 0.2479-0.0000i)
   E0E1E0+E1- S2= 0.0 Sz= 0.0 P=0 :    4.92966 (c= 0.2220-0.0000i)
   E0+E2-E0E0 S2= 0.0 Sz= 0.0 P=0 :    4.91067 (c= 0.2216-0.0000i)
   E0E0E1+E1- S2= 0.0 Sz= 0.0 P=0 :    4.90823 (c= 0.2215-0.0000i)
   E0+E1-E0+E1- S2= 0.0 Sz= 0.0 P=0 :    4.78607 (c= 0.2188-0.0000i)
   E2-E0+E0E0 S2= 0.0 Sz= 0.0 P=0 :    3.83279 (c= 0.1958-0.0000i)
   E0E0E1E1 S2= 0.0 Sz= 0.0 P=0 :    3.72267 (c=-0.1929-0.0000i)
   E1E0E1-E0+ S2= 0.0 Sz= 0.0 P=0 :    3.65351 (c=-0.1911-0.0000i)
   E0E1E1E0 S2= 0.0 Sz= 0.0 P=0 :    2.58611 (c=-0.1608-0.0000i)
   E1E0E0+E1- S2= 0.0 Sz= 0.0 P=0 :    2.52737 (c=-0.1590-0.0000i)
   E1-E0E1E0+ S2= 0.0 Sz= 0.0 P=0 :     2.0277 (c=-0.1424-0.0000i)
 Psi  32: E = -2144.2547 au  ΔE=     0.3366 au      9.158 eV    73867.1 cm**-1 <S**2> =   0.000
   E0E1-E1+E0 S2= 0.0 Sz= 0.0 P=0 :    25.5356 (c= 0.5053 0.0000i)
   E0E1+E1-E0 S2= 0.0 Sz= 0.0 P=0 :    11.5571 (c=-0.3400 0.0000i)
   E0E0E2-E0+ S2= 0.0 Sz= 0.0 P=0 :    9.82277 (c=-0.3134 0.0000i)
   E0+E2-E0E0 S2= 0.0 Sz= 0.0 P=0 :    7.21178 (c= 0.2685 0.0000i)
   E1E1E0E0 S2= 0.0 Sz= 0.0 P=0 :    4.64513 (c= 0.2155 0.0000i)
   E1-E0E1+E0 S2= 0.0 Sz= 0.0 P=0 :    4.56513 (c=-0.2137 0.0000i)
   E0E2-E0+E0 S2= 0.0 Sz= 0.0 P=0 :    4.19674 (c=-0.2049 0.0000i)
   E1-E1E0+E0 S2= 0.0 Sz= 0.0 P=0 :    3.98699 (c=-0.1997 0.0000i)
   E0E0E1E1 S2= 0.0 Sz= 0.0 P=0 :     2.5891 (c=-0.1609 0.0000i)
   E0E1+E0E1- S2= 0.0 Sz= 0.0 P=0 :    2.14079 (c= 0.1463 0.0000i)
   E0E0+E2-E0 S2= 0.0 Sz= 0.0 P=0 :    2.06945 (c= 0.1439 0.0000i)
   E1+E1-E0E0 S2= 0.0 Sz= 0.0 P=0 :    2.05298 (c= 0.1433 0.0000i)
 Psi  33: E = -2144.2511 au  ΔE=     0.3401 au      9.256 eV    74654.2 cm**-1 <S**2> =   0.000
   E0+E2-E0E0 S2= 0.0 Sz= 0.0 P=0 :    16.3892 (c= 0.4048 0.0000i)
   E1E0E1E0 S2= 0.0 Sz= 0.0 P=0 :    11.9397 (c= 0.3455 0.0000i)
   E1-E1E0+E0 S2= 0.0 Sz= 0.0 P=0 :    6.17792 (c= 0.2486 0.0000i)
   E0E1E0E1 S2= 0.0 Sz= 0.0 P=0 :     6.0945 (c=-0.2469 0.0000i)
   E0E1-E1E0+ S2= 0.0 Sz= 0.0 P=0 :    5.36093 (c=-0.2315 0.0000i)
   E0+E1E1-E0 S2= 0.0 Sz= 0.0 P=0 :     4.3517 (c=-0.2086 0.0000i)
   E0E0E2E0 S2= 0.0 Sz= 0.0 P=0 :    3.89295 (c=-0.1973 0.0000i)
   E0E2E0E0 S2= 0.0 Sz= 0.0 P=0 :      3.487 (c= 0.1867 0.0000i)
   E0E1-E1+E0 S2= 0.0 Sz= 0.0 P=0 :    3.38554 (c=-0.1840 0.0000i)
   E1-E1+E0E0 S2= 0.0 Sz= 0.0 P=0 :    3.14325 (c= 0.1773 0.0000i)
   E0E0E2-E0+ S2= 0.0 Sz= 0.0 P=0 :    3.02801 (c=-0.1740 0.0000i)
   E0E1E0+E1- S2= 0.0 Sz= 0.0 P=0 :    2.63252 (c=-0.1623 0.0000i)
   E0E0+E1E1- S2= 0.0 Sz= 0.0 P=0 :    2.32844 (c= 0.1526 0.0000i)
   E0+E1-E0+E1- S2= 0.0 Sz= 0.0 P=0 :    2.26614 (c=-0.1505 0.0000i)
   E1E0E1-E0+ S2= 0.0 Sz= 0.0 P=0 :    2.00341 (c= 0.1415 0.0000i)
 Psi  34: E = -2144.2487 au  ΔE=     0.3425 au      9.320 eV    75168.4 cm**-1 <S**2> =   0.000
   E1E0E0E1 S2= 0.0 Sz= 0.0 P=0 :     11.736 (c= 0.3426 0.0000i)
   E0E1E1E0 S2= 0.0 Sz= 0.0 P=0 :    11.2486 (c=-0.3354 0.0000i)
   E0E1+E1-E0 S2= 0.0 Sz= 0.0 P=0 :     8.6171 (c= 0.2935 0.0000i)
   E0E1-E1+E0 S2= 0.0 Sz= 0.0 P=0 :    8.60818 (c= 0.2934 0.0000i)
   E0E2-E0+E0 S2= 0.0 Sz= 0.0 P=0 :    5.90729 (c= 0.2430 0.0000i)
   E0E0E2-E0+ S2= 0.0 Sz= 0.0 P=0 :    5.86095 (c=-0.2421 0.0000i)
   E1-E0+E1E0 S2= 0.0 Sz= 0.0 P=0 :    4.20145 (c= 0.2050 0.0000i)
   E0E1E0+E1- S2= 0.0 Sz= 0.0 P=0 :    3.88925 (c= 0.1972 0.0000i)
   E0+E2-E0E0 S2= 0.0 Sz= 0.0 P=0 :     3.8391 (c=-0.1959 0.0000i)
   E1-E1E0+E0 S2= 0.0 Sz= 0.0 P=0 :    3.35123 (c= 0.1831 0.0000i)
   E0E1E1-E0+ S2= 0.0 Sz= 0.0 P=0 :    3.18856 (c=-0.1786 0.0000i)
   E1-E0+E1-E0+ S2= 0.0 Sz= 0.0 P=0 :    2.91605 (c= 0.1708 0.0000i)
   E1-E1+E0E0 S2= 0.0 Sz= 0.0 P=0 :    2.66411 (c= 0.1632 0.0000i)
   E0E1+E0E1- S2= 0.0 Sz= 0.0 P=0 :    2.25012 (c=-0.1500 0.0000i)
   E0+E1-E1E0 S2= 0.0 Sz= 0.0 P=0 :    2.22116 (c=-0.1490 0.0000i)
   E0E1-E0+E1 S2= 0.0 Sz= 0.0 P=0 :    2.19071 (c=-0.1480 0.0000i)
 Psi  35: E = -2144.2483 au  ΔE=     0.3429 au      9.332 eV    75264.1 cm**-1 <S**2> =   0.000
   E0E0E2-E0+ S2= 0.0 Sz= 0.0 P=0 :    13.4311 (c= 0.3665 0.0000i)
   E0+E1-E0+E1- S2= 0.0 Sz= 0.0 P=0 :    10.1369 (c=-0.3184 0.0000i)
   E0E1E0E1 S2= 0.0 Sz= 0.0 P=0 :    9.65212 (c= 0.3107 0.0000i)
   E0E1-E1E0+ S2= 0.0 Sz= 0.0 P=0 :    6.28853 (c= 0.2508 0.0000i)
   E0E1E1E0 S2= 0.0 Sz= 0.0 P=0 :    6.13862 (c=-0.2478 0.0000i)
   E1E0E0+E1- S2= 0.0 Sz= 0.0 P=0 :    5.97433 (c= 0.2444 0.0000i)
   E0+E2-E0E0 S2= 0.0 Sz= 0.0 P=0 :    4.25697 (c= 0.2063 0.0000i)
   E1E1E0E0 S2= 0.0 Sz= 0.0 P=0 :    4.17636 (c=-0.2044 0.0000i)
   E0+E0E1E1- S2= 0.0 Sz= 0.0 P=0 :    3.42741 (c=-0.1851 0.0000i)
   E1-E0E1E0+ S2= 0.0 Sz= 0.0 P=0 :    2.62798 (c=-0.1621 0.0000i)
   E0+E1E0E1- S2= 0.0 Sz= 0.0 P=0 :    2.62048 (c= 0.1619 0.0000i)
   E0E0+E1E1- S2= 0.0 Sz= 0.0 P=0 :    2.32216 (c=-0.1524 0.0000i)
   E0+E1E1-E0 S2= 0.0 Sz= 0.0 P=0 :    2.19516 (c=-0.1482 0.0000i)
 Psi  36: E = -2144.2429 au  ΔE=     0.3483 au      9.478 eV    76442.2 cm**-1 <S**2> =   0.000
   E0E0E1E1 S2= 0.0 Sz= 0.0 P=0 :    10.0133 (c= 0.3164 0.0000i)
   E0E1E1-E0+ S2= 0.0 Sz= 0.0 P=0 :    9.43516 (c=-0.3072 0.0000i)
   E1-E0+E1E0 S2= 0.0 Sz= 0.0 P=0 :    9.04558 (c=-0.3008 0.0000i)
   E1E1E0E0 S2= 0.0 Sz= 0.0 P=0 :    8.04633 (c=-0.2837 0.0000i)
   E0E0E1-E1+ S2= 0.0 Sz= 0.0 P=0 :    8.02721 (c= 0.2833 0.0000i)
   E0E0E2-E0+ S2= 0.0 Sz= 0.0 P=0 :     5.1769 (c=-0.2275 0.0000i)
   E0+E2-E0E0 S2= 0.0 Sz= 0.0 P=0 :     5.1387 (c= 0.2267 0.0000i)
   E1+E1-E0E0 S2= 0.0 Sz= 0.0 P=0 :    5.06242 (c=-0.2250 0.0000i)
   E0E1-E1E0+ S2= 0.0 Sz= 0.0 P=0 :    3.87221 (c=-0.1968 0.0000i)
   E1-E1E0+E0 S2= 0.0 Sz= 0.0 P=0 :    2.47066 (c= 0.1572 0.0000i)
   E0E1E0+E1- S2= 0.0 Sz= 0.0 P=0 :    2.43536 (c= 0.1561 0.0000i)
   E1E0+E1-E0 S2= 0.0 Sz= 0.0 P=0 :    2.34693 (c= 0.1532 0.0000i)
 Psi  37: E = -2144.2422 au  ΔE=     0.3490 au      9.497 eV    76600.4 cm**-1 <S**2> =   0.000
   E1-E0+E0E1 S2= 0.0 Sz= 0.0 P=0 :    9.90616 (c=-0.3147 0.0000i)
   E0+E1-E1E0 S2= 0.0 Sz= 0.0 P=0 :    9.11733 (c= 0.3019 0.0000i)
   E1E0E0+E1- S2= 0.0 Sz= 0.0 P=0 :    8.39337 (c=-0.2897 0.0000i)
   E1-E0+E0+E1- S2= 0.0 Sz= 0.0 P=0 :    7.05499 (c=-0.2656 0.0000i)
   E0E1E0+E1- S2= 0.0 Sz= 0.0 P=0 :    6.41579 (c= 0.2533 0.0000i)
   E1-E1+E0E0 S2= 0.0 Sz= 0.0 P=0 :    5.91819 (c= 0.2433 0.0000i)
   E0+E1-E0E1 S2= 0.0 Sz= 0.0 P=0 :    5.10053 (c=-0.2258 0.0000i)
   E1E0E1-E0+ S2= 0.0 Sz= 0.0 P=0 :    4.64042 (c=-0.2154 0.0000i)
   E1E1E0E0 S2= 0.0 Sz= 0.0 P=0 :    4.47426 (c=-0.2115 0.0000i)
   E1+E1-E0E0 S2= 0.0 Sz= 0.0 P=0 :    4.14038 (c=-0.2035 0.0000i)
   E0E0E1+E1- S2= 0.0 Sz= 0.0 P=0 :    3.98461 (c= 0.1996 0.0000i)
   E0E1E1-E0+ S2= 0.0 Sz= 0.0 P=0 :    3.87476 (c= 0.1968 0.0000i)
   E0E1E1E0 S2= 0.0 Sz= 0.0 P=0 :    2.90736 (c= 0.1705 0.0000i)
   E0+E1-E1-E0+ S2= 0.0 Sz= 0.0 P=0 :    2.17588 (c= 0.1475 0.0000i)
 Psi  38: E = -2144.2366 au  ΔE=     0.3546 au      9.649 eV    77821.3 cm**-1 <S**2> =   0.000
   E0E0E2-E0+ S2= 0.0 Sz= 0.0 P=0 :    15.9426 (c= 0.3993 0.0000i)
   E0+E1-E0+E1- S2= 0.0 Sz= 0.0 P=0 :    10.7159 (c= 0.3274 0.0000i)
   E1E0E0E1 S2= 0.0 Sz= 0.0 P=0 :    7.82746 (c= 0.2798 0.0000i)
   E1-E0+E1-E0+ S2= 0.0 Sz= 0.0 P=0 :    7.26229 (c= 0.2695 0.0000i)
   E1-E1E0E0+ S2= 0.0 Sz= 0.0 P=0 :    6.74327 (c=-0.2597 0.0000i)
   E1-E1+E0E0 S2= 0.0 Sz= 0.0 P=0 :    3.81868 (c= 0.1954 0.0000i)
   E0E2-E0+E0 S2= 0.0 Sz= 0.0 P=0 :    3.71698 (c= 0.1928 0.0000i)
   E0E2E0E0 S2= 0.0 Sz= 0.0 P=0 :    3.69513 (c= 0.1922 0.0000i)
   E0E1E1E0 S2= 0.0 Sz= 0.0 P=0 :    3.15077 (c= 0.1775 0.0000i)
   E0E0E2E0 S2= 0.0 Sz= 0.0 P=0 :    3.13091 (c= 0.1769 0.0000i)
   E0+E2-E0E0 S2= 0.0 Sz= 0.0 P=0 :    3.07986 (c= 0.1755 0.0000i)
   E1E1-E0+E0 S2= 0.0 Sz= 0.0 P=0 :    2.85416 (c=-0.1689 0.0000i)
   E1-E0E1E0+ S2= 0.0 Sz= 0.0 P=0 :    2.41413 (c= 0.1554 0.0000i)
   E0E0E1E1 S2= 0.0 Sz= 0.0 P=0 :    2.02806 (c=-0.1424 0.0000i)
 Psi  39: E = -2144.2350 au  ΔE=     0.3562 au      9.692 eV    78171.7 cm**-1 <S**2> =   0.000
   E0E0E1-E1+ S2= 0.0 Sz= 0.0 P=0 :    28.4151 (c= 0.5331-0.0000i)
   E1-E1E0+E0 S2= 0.0 Sz= 0.0 P=0 :    10.0625 (c=-0.3172-0.0000i)
   E1-E0+E1-E0+ S2= 0.0 Sz= 0.0 P=0 :    5.95608 (c=-0.2441-0.0000i)
   E1E1-E0+E0 S2= 0.0 Sz= 0.0 P=0 :    4.92363 (c=-0.2219-0.0000i)
   E1+E1-E0E0 S2= 0.0 Sz= 0.0 P=0 :    4.35555 (c= 0.2087-0.0000i)
   E0E1-E1E0+ S2= 0.0 Sz= 0.0 P=0 :    4.13764 (c=-0.2034-0.0000i)
   E0E2-E0+E0 S2= 0.0 Sz= 0.0 P=0 :    3.72403 (c= 0.1930-0.0000i)
   E0E0E0E2 S2= 0.0 Sz= 0.0 P=0 :    3.64223 (c= 0.1908-0.0000i)
   E0E0E2-E0+ S2= 0.0 Sz= 0.0 P=0 :    3.47438 (c=-0.1864-0.0000i)
   E0E1-E0E1+ S2= 0.0 Sz= 0.0 P=0 :    2.90849 (c=-0.1705-0.0000i)
   E1-E1+E0E0 S2= 0.0 Sz= 0.0 P=0 :    2.02387 (c= 0.1423-0.0000i)
 Psi  40: E = -2144.2337 au  ΔE=     0.3575 au      9.728 eV    78460.0 cm**-1 <S**2> =   0.000
   E1+E1-E0E0 S2= 0.0 Sz= 0.0 P=0 :    24.4867 (c=-0.4948 0.0000i)
   E1-E1E0+E0 S2= 0.0 Sz= 0.0 P=0 :    10.2552 (c=-0.3202 0.0000i)
   E0E2-E0+E0 S2= 0.0 Sz= 0.0 P=0 :    7.91448 (c= 0.2813 0.0000i)
   E0E0E1-E1+ S2= 0.0 Sz= 0.0 P=0 :    7.43239 (c=-0.2726 0.0000i)
   E1E0+E1-E0 S2= 0.0 Sz= 0.0 P=0 :    3.77662 (c=-0.1943 0.0000i)
   E2-E0E0+E0 S2= 0.0 Sz= 0.0 P=0 :    3.55743 (c=-0.1886 0.0000i)
   E1E1-E0+E0 S2= 0.0 Sz= 0.0 P=0 :    3.09245 (c=-0.1759 0.0000i)
   E1-E1+E0E0 S2= 0.0 Sz= 0.0 P=0 :    3.08728 (c= 0.1757 0.0000i)
   E1E0E0E1 S2= 0.0 Sz= 0.0 P=0 :     2.8746 (c=-0.1695 0.0000i)
   E2E0E0E0 S2= 0.0 Sz= 0.0 P=0 :    2.56318 (c=-0.1601 0.0000i)
   E0+E1-E0E1 S2= 0.0 Sz= 0.0 P=0 :     2.5092 (c= 0.1584 0.0000i)
 Psi  41: E = -2144.2332 au  ΔE=     0.3580 au      9.741 eV    78567.4 cm**-1 <S**2> =   0.000
   E1+E1-E0E0 S2= 0.0 Sz= 0.0 P=0 :    12.8882 (c=-0.3590 0.0000i)
   E0E0+E0E2- S2= 0.0 Sz= 0.0 P=0 :    7.96683 (c= 0.2823 0.0000i)
   E0E1-E0+E1 S2= 0.0 Sz= 0.0 P=0 :    7.83994 (c= 0.2800 0.0000i)
   E0E0+E2-E0 S2= 0.0 Sz= 0.0 P=0 :    7.69219 (c=-0.2773 0.0000i)
   E0+E0E1E1- S2= 0.0 Sz= 0.0 P=0 :    6.34501 (c=-0.2519 0.0000i)
   E1E0E0+E1- S2= 0.0 Sz= 0.0 P=0 :     5.7095 (c=-0.2389 0.0000i)
   E0E0E2-E0+ S2= 0.0 Sz= 0.0 P=0 :    4.43127 (c= 0.2105 0.0000i)
   E0E0+E1-E1 S2= 0.0 Sz= 0.0 P=0 :    4.22003 (c= 0.2054 0.0000i)
   E0E0+E1E1- S2= 0.0 Sz= 0.0 P=0 :    3.98262 (c=-0.1996 0.0000i)
   E0E0E1E1 S2= 0.0 Sz= 0.0 P=0 :    3.50667 (c=-0.1873 0.0000i)
   E1E1E0E0 S2= 0.0 Sz= 0.0 P=0 :    3.32494 (c= 0.1823 0.0000i)
   E0E1-E1+E0 S2= 0.0 Sz= 0.0 P=0 :    2.46056 (c= 0.1569 0.0000i)
   E1-E0+E0E1 S2= 0.0 Sz= 0.0 P=0 :    2.44739 (c= 0.1564 0.0000i)
   E0E1-E1E0+ S2= 0.0 Sz= 0.0 P=0 :    2.43682 (c=-0.1561 0.0000i)
 Psi  42: E = -2144.2324 au  ΔE=     0.3588 au      9.763 eV    78745.4 cm**-1 <S**2> =   0.000
   E0E0E1-E1+ S2= 0.0 Sz= 0.0 P=0 :    19.8325 (c=-0.4453 0.0000i)
   E1+E1-E0E0 S2= 0.0 Sz= 0.0 P=0 :    15.6914 (c= 0.3961 0.0000i)
   E0E0+E1-E1 S2= 0.0 Sz= 0.0 P=0 :    7.14525 (c= 0.2673 0.0000i)
   E1-E0+E1E0 S2= 0.0 Sz= 0.0 P=0 :    5.12859 (c=-0.2265 0.0000i)
   E0E0E1E1 S2= 0.0 Sz= 0.0 P=0 :    4.90733 (c= 0.2215 0.0000i)
   E0E1E0+E1- S2= 0.0 Sz= 0.0 P=0 :     4.8191 (c= 0.2195 0.0000i)
   E1E1-E0+E0 S2= 0.0 Sz= 0.0 P=0 :    4.16185 (c=-0.2040 0.0000i)
   E0E1-E0E1+ S2= 0.0 Sz= 0.0 P=0 :    3.83505 (c= 0.1958 0.0000i)
   E1E1E0E0 S2= 0.0 Sz= 0.0 P=0 :    3.76955 (c=-0.1942 0.0000i)
   E0E0E0+E2- S2= 0.0 Sz= 0.0 P=0 :    3.74875 (c=-0.1936 0.0000i)
   E1+E0E1-E0 S2= 0.0 Sz= 0.0 P=0 :    2.97036 (c=-0.1723 0.0000i)
   E2-E0+E0E0 S2= 0.0 Sz= 0.0 P=0 :     2.2242 (c= 0.1491 0.0000i)
   E0+E0E1E1- S2= 0.0 Sz= 0.0 P=0 :    2.17855 (c=-0.1476 0.0000i)
   E0E0E0E2 S2= 0.0 Sz= 0.0 P=0 :    2.11915 (c=-0.1456 0.0000i)
 Psi  43: E = -2144.2318 au  ΔE=     0.3594 au      9.779 eV    78875.0 cm**-1 <S**2> =   0.000
   E0E0+E1-E1 S2= 0.0 Sz= 0.0 P=0 :    11.2225 (c= 0.3350-0.0000i)
   E1-E0+E0E1 S2= 0.0 Sz= 0.0 P=0 :    10.4745 (c=-0.3236-0.0000i)
   E0E0+E0E2- S2= 0.0 Sz= 0.0 P=0 :    6.12146 (c= 0.2474-0.0000i)
   E0+E1-E1E0 S2= 0.0 Sz= 0.0 P=0 :    5.67304 (c=-0.2382-0.0000i)
   E1E0E0+E1- S2= 0.0 Sz= 0.0 P=0 :    5.22562 (c= 0.2286-0.0000i)
   E1E0E1-E0+ S2= 0.0 Sz= 0.0 P=0 :    5.15086 (c=-0.2270-0.0000i)
   E0+E0E2-E0 S2= 0.0 Sz= 0.0 P=0 :    4.95399 (c=-0.2226-0.0000i)
   E0+E1-E0+E1- S2= 0.0 Sz= 0.0 P=0 :    4.30025 (c= 0.2074-0.0000i)
   E1-E1E0E0+ S2= 0.0 Sz= 0.0 P=0 :    3.91805 (c= 0.1979-0.0000i)
   E0+E0E1E1- S2= 0.0 Sz= 0.0 P=0 :    3.89401 (c= 0.1973-0.0000i)
   E0+E1-E0E1 S2= 0.0 Sz= 0.0 P=0 :    3.76604 (c= 0.1941-0.0000i)
   E0E1-E0+E1 S2= 0.0 Sz= 0.0 P=0 :    3.60475 (c= 0.1899-0.0000i)
   E1-E0E0+E1 S2= 0.0 Sz= 0.0 P=0 :    3.34765 (c=-0.1830-0.0000i)
   E0+E2-E0E0 S2= 0.0 Sz= 0.0 P=0 :    3.09428 (c= 0.1759-0.0000i)
   E0E1-E1+E0 S2= 0.0 Sz= 0.0 P=0 :    2.32948 (c= 0.1526-0.0000i)
   E0E1E1-E0+ S2= 0.0 Sz= 0.0 P=0 :    2.29808 (c= 0.1516-0.0000i)
   E0E1E0+E1- S2= 0.0 Sz= 0.0 P=0 :    2.13194 (c=-0.1460-0.0000i)
   E1-E0+E1-E0+ S2= 0.0 Sz= 0.0 P=0 :    2.05686 (c=-0.1434-0.0000i)
 Psi  44: E = -2144.2280 au  ΔE=     0.3632 au      9.883 eV    79710.9 cm**-1 <S**2> =   0.000
   E2-E0E0+E0 S2= 0.0 Sz= 0.0 P=0 :     27.333 (c= 0.5228-0.0000i)
   E1E1-E0+E0 S2= 0.0 Sz= 0.0 P=0 :    8.64284 (c= 0.2940-0.0000i)
   E0E1+E0E1- S2= 0.0 Sz= 0.0 P=0 :    7.78014 (c=-0.2789-0.0000i)
   E1-E1E0+E0 S2= 0.0 Sz= 0.0 P=0 :    7.36676 (c=-0.2714-0.0000i)
   E0+E1E0E1- S2= 0.0 Sz= 0.0 P=0 :    7.00143 (c= 0.2646-0.0000i)
   E1E0+E1-E0 S2= 0.0 Sz= 0.0 P=0 :    6.57371 (c= 0.2564-0.0000i)
   E1E1E0E0 S2= 0.0 Sz= 0.0 P=0 :    4.87004 (c=-0.2207-0.0000i)
   E2-E0E0E0+ S2= 0.0 Sz= 0.0 P=0 :    4.67055 (c= 0.2161-0.0000i)
   E1-E1+E0E0 S2= 0.0 Sz= 0.0 P=0 :    3.44619 (c= 0.1856-0.0000i)
   E2-E0+E0E0 S2= 0.0 Sz= 0.0 P=0 :    3.30305 (c=-0.1817-0.0000i)
   E1-E1E0E0+ S2= 0.0 Sz= 0.0 P=0 :    2.19226 (c=-0.1481-0.0000i)
 Psi  45: E = -2144.2258 au  ΔE=     0.3654 au      9.944 eV    80201.7 cm**-1 <S**2> =   0.000
   E0E0+E0E2- S2= 0.0 Sz= 0.0 P=0 :    18.1453 (c=-0.4260 0.0000i)
   E0+E1E0E1- S2= 0.0 Sz= 0.0 P=0 :    11.2922 (c= 0.3360 0.0000i)
   E0E1+E0E1- S2= 0.0 Sz= 0.0 P=0 :    11.2667 (c=-0.3357 0.0000i)
   E2-E0E0+E0 S2= 0.0 Sz= 0.0 P=0 :    7.24881 (c=-0.2692 0.0000i)
   E0E1+E1-E0 S2= 0.0 Sz= 0.0 P=0 :    5.51954 (c=-0.2349 0.0000i)
   E0E0E1E1 S2= 0.0 Sz= 0.0 P=0 :    5.26339 (c= 0.2294 0.0000i)
   E1E0E0+E1- S2= 0.0 Sz= 0.0 P=0 :    4.96742 (c=-0.2229 0.0000i)
   E1-E0E1E0+ S2= 0.0 Sz= 0.0 P=0 :    3.55551 (c= 0.1886 0.0000i)
   E0+E0E0E2- S2= 0.0 Sz= 0.0 P=0 :    2.76609 (c=-0.1663 0.0000i)
   E0E0+E1-E1 S2= 0.0 Sz= 0.0 P=0 :    2.50596 (c=-0.1583 0.0000i)
   E0E1-E1E0+ S2= 0.0 Sz= 0.0 P=0 :    2.47614 (c=-0.1574 0.0000i)
 Psi  46: E = -2144.2249 au  ΔE=     0.3664 au      9.969 eV    80407.3 cm**-1 <S**2> =   0.000
   E0E1-E0+E1 S2= 0.0 Sz= 0.0 P=0 :    9.61089 (c= 0.3100 0.0000i)
   E0E0+E0E2- S2= 0.0 Sz= 0.0 P=0 :    7.31988 (c=-0.2706 0.0000i)
   E0E1-E1E0+ S2= 0.0 Sz= 0.0 P=0 :    6.90928 (c=-0.2629 0.0000i)
   E0E0E1E1 S2= 0.0 Sz= 0.0 P=0 :    6.81581 (c= 0.2611 0.0000i)
   E0E1-E1+E0 S2= 0.0 Sz= 0.0 P=0 :    5.18197 (c= 0.2276 0.0000i)
   E0+E1E0E1- S2= 0.0 Sz= 0.0 P=0 :    4.69044 (c=-0.2166 0.0000i)
   E1-E0E1+E0 S2= 0.0 Sz= 0.0 P=0 :     4.2712 (c=-0.2067 0.0000i)
   E2-E0E0+E0 S2= 0.0 Sz= 0.0 P=0 :    3.65404 (c= 0.1912 0.0000i)
   E0E0E2E0 S2= 0.0 Sz= 0.0 P=0 :    3.53666 (c= 0.1881 0.0000i)
   E0E1+E1-E0 S2= 0.0 Sz= 0.0 P=0 :    3.33614 (c= 0.1827 0.0000i)
   E1E1E0E0 S2= 0.0 Sz= 0.0 P=0 :    2.95286 (c= 0.1718 0.0000i)
   E0+E1-E0+E1- S2= 0.0 Sz= 0.0 P=0 :    2.91008 (c=-0.1706 0.0000i)
   E1E0E1E0 S2= 0.0 Sz= 0.0 P=0 :    2.89232 (c= 0.1701 0.0000i)
   E0+E0E1E1- S2= 0.0 Sz= 0.0 P=0 :    2.64565 (c= 0.1627 0.0000i)
   E0E0+E2-E0 S2= 0.0 Sz= 0.0 P=0 :    2.61085 (c= 0.1616 0.0000i)
   E0E1+E0E1- S2= 0.0 Sz= 0.0 P=0 :    2.51033 (c= 0.1584 0.0000i)
   E0E0E2-E0+ S2= 0.0 Sz= 0.0 P=0 :    2.33757 (c= 0.1529 0.0000i)
   E1-E1E0+E0 S2= 0.0 Sz= 0.0 P=0 :    2.00483 (c=-0.1416 0.0000i)
 Psi  47: E = -2144.2226 au  ΔE=     0.3687 au     10.032 eV    80911.0 cm**-1 <S**2> =   0.000
   E0+E0E1E1- S2= 0.0 Sz= 0.0 P=0 :    18.7191 (c= 0.4327 0.0000i)
   E1-E0E1+E0 S2= 0.0 Sz= 0.0 P=0 :    8.94009 (c=-0.2990 0.0000i)
   E1-E0E1E0+ S2= 0.0 Sz= 0.0 P=0 :    8.03869 (c=-0.2835 0.0000i)
   E0+E0E2-E0 S2= 0.0 Sz= 0.0 P=0 :    7.13872 (c=-0.2672 0.0000i)
   E0E1+E0E1- S2= 0.0 Sz= 0.0 P=0 :    6.33364 (c=-0.2517 0.0000i)
   E0+E1-E0E1 S2= 0.0 Sz= 0.0 P=0 :    5.98327 (c=-0.2446 0.0000i)
   E0+E1E0E1- S2= 0.0 Sz= 0.0 P=0 :    5.82577 (c= 0.2414 0.0000i)
   E1E0E0+E1- S2= 0.0 Sz= 0.0 P=0 :    3.14595 (c=-0.1774 0.0000i)
   E0E0+E1-E1 S2= 0.0 Sz= 0.0 P=0 :    3.07804 (c= 0.1754 0.0000i)
   E0E0+E0E2- S2= 0.0 Sz= 0.0 P=0 :    3.00184 (c= 0.1733 0.0000i)
   E0E0+E2-E0 S2= 0.0 Sz= 0.0 P=0 :    2.91944 (c= 0.1709 0.0000i)
   E0E1-E1+E0 S2= 0.0 Sz= 0.0 P=0 :    2.33038 (c=-0.1527 0.0000i)
 Psi  48: E = -2144.2214 au  ΔE=     0.3698 au     10.063 eV    81162.0 cm**-1 <S**2> =   0.000
   E1E0+E1-E0 S2= 0.0 Sz= 0.0 P=0 :    14.0783 (c=-0.3752 0.0000i)
   E2-E0E0+E0 S2= 0.0 Sz= 0.0 P=0 :     8.0326 (c= 0.2834 0.0000i)
   E0E1+E1-E0 S2= 0.0 Sz= 0.0 P=0 :    5.76451 (c=-0.2401 0.0000i)
   E1E1E0E0 S2= 0.0 Sz= 0.0 P=0 :    5.64492 (c=-0.2376 0.0000i)
   E1E0+E0E1- S2= 0.0 Sz= 0.0 P=0 :    5.58639 (c= 0.2364 0.0000i)
   E0E1E0E1 S2= 0.0 Sz= 0.0 P=0 :    5.21078 (c=-0.2283 0.0000i)
   E0E0E1E1 S2= 0.0 Sz= 0.0 P=0 :    5.15036 (c=-0.2269 0.0000i)
   E0E1E0+E1- S2= 0.0 Sz= 0.0 P=0 :    4.26837 (c= 0.2066 0.0000i)
   E0+E1E0E1- S2= 0.0 Sz= 0.0 P=0 :    3.91793 (c= 0.1979 0.0000i)
   E1+E0E1-E0 S2= 0.0 Sz= 0.0 P=0 :    3.46837 (c=-0.1862 0.0000i)
   E0E0E1+E1- S2= 0.0 Sz= 0.0 P=0 :    2.73591 (c= 0.1654 0.0000i)
   E0E0+E0E2- S2= 0.0 Sz= 0.0 P=0 :     2.4385 (c=-0.1562 0.0000i)
   E1+E0E0E1- S2= 0.0 Sz= 0.0 P=0 :    2.32991 (c= 0.1526 0.0000i)
   E0E2E0E0 S2= 0.0 Sz= 0.0 P=0 :    2.30762 (c=-0.1519 0.0000i)
   E1E0E0E1 S2= 0.0 Sz= 0.0 P=0 :    2.29531 (c=-0.1515 0.0000i)
   E0E0+E2-E0 S2= 0.0 Sz= 0.0 P=0 :    2.09946 (c= 0.1449 0.0000i)
   E1E0E1-E0+ S2= 0.0 Sz= 0.0 P=0 :    2.08725 (c= 0.1445 0.0000i)
 Psi  49: E = -2144.2188 au  ΔE=     0.3724 au     10.134 eV    81738.5 cm**-1 <S**2> =   0.000
   E1E0E1E0 S2= 0.0 Sz= 0.0 P=0 :    11.6535 (c=-0.3414 0.0000i)
   E1E0E0E1 S2= 0.0 Sz= 0.0 P=0 :    10.4925 (c=-0.3239 0.0000i)
   E2-E0E0+E0 S2= 0.0 Sz= 0.0 P=0 :    9.11025 (c=-0.3018 0.0000i)
   E1-E0+E0E1 S2= 0.0 Sz= 0.0 P=0 :    8.88006 (c= 0.2980 0.0000i)
   E0E1E1E0 S2= 0.0 Sz= 0.0 P=0 :    6.11017 (c=-0.2472 0.0000i)
   E0+E0E1E1- S2= 0.0 Sz= 0.0 P=0 :    5.50044 (c= 0.2345 0.0000i)
   E1E0+E1-E0 S2= 0.0 Sz= 0.0 P=0 :    5.37705 (c= 0.2319 0.0000i)
   E1-E0+E1E0 S2= 0.0 Sz= 0.0 P=0 :    4.65905 (c= 0.2158 0.0000i)
   E1E1E0E0 S2= 0.0 Sz= 0.0 P=0 :    4.12987 (c=-0.2032 0.0000i)
   E0+E1-E1E0 S2= 0.0 Sz= 0.0 P=0 :    3.69365 (c= 0.1922 0.0000i)
   E0E1-E1+E0 S2= 0.0 Sz= 0.0 P=0 :    2.78088 (c= 0.1668 0.0000i)
   E0E0E1E1 S2= 0.0 Sz= 0.0 P=0 :    2.55491 (c=-0.1598 0.0000i)
   E0+E0E2-E0 S2= 0.0 Sz= 0.0 P=0 :    2.35469 (c=-0.1534 0.0000i)
   E0E1E0E1 S2= 0.0 Sz= 0.0 P=0 :    2.34617 (c=-0.1532 0.0000i)
   E1+E1-E0E0 S2= 0.0 Sz= 0.0 P=0 :    2.09963 (c= 0.1449 0.0000i)
   E2-E0E0E0+ S2= 0.0 Sz= 0.0 P=0 :    2.09323 (c=-0.1447 0.0000i)
   E1-E0E1E0+ S2= 0.0 Sz= 0.0 P=0 :    2.00287 (c= 0.1415 0.0000i)
 Psi  50: E = -2144.2177 au  ΔE=     0.3735 au     10.163 eV    81973.7 cm**-1 <S**2> =   0.000
   E1-E0E1+E0 S2= 0.0 Sz= 0.0 P=0 :    15.8803 (c=-0.3985 0.0000i)
   E0E0+E0E2- S2= 0.0 Sz= 0.0 P=0 :     12.173 (c=-0.3489 0.0000i)
   E0E1E0E1 S2= 0.0 Sz= 0.0 P=0 :     8.7965 (c=-0.2966 0.0000i)
   E1-E0E1E0+ S2= 0.0 Sz= 0.0 P=0 :    8.09396 (c=-0.2845 0.0000i)
   E1-E0+E0E1 S2= 0.0 Sz= 0.0 P=0 :    7.98376 (c=-0.2826 0.0000i)
   E0E0+E1E1- S2= 0.0 Sz= 0.0 P=0 :    4.99502 (c=-0.2235 0.0000i)
   E0E1E1E0 S2= 0.0 Sz= 0.0 P=0 :    3.76067 (c=-0.1939 0.0000i)
   E0E1-E1+E0 S2= 0.0 Sz= 0.0 P=0 :    3.21719 (c=-0.1794 0.0000i)
   E0E0E2E0 S2= 0.0 Sz= 0.0 P=0 :    2.81227 (c=-0.1677 0.0000i)
   E0E0E1+E1- S2= 0.0 Sz= 0.0 P=0 :    2.43992 (c=-0.1562 0.0000i)
   E0+E1E0E1- S2= 0.0 Sz= 0.0 P=0 :    2.35228 (c=-0.1534 0.0000i)
   E0E0E0+E2- S2= 0.0 Sz= 0.0 P=0 :    2.32599 (c= 0.1525 0.0000i)
   E0E0+E2-E0 S2= 0.0 Sz= 0.0 P=0 :    2.18594 (c=-0.1478 0.0000i)
   E1E0E1E0 S2= 0.0 Sz= 0.0 P=0 :    2.15015 (c=-0.1466 0.0000i)
   E0+E0E0E2- S2= 0.0 Sz= 0.0 P=0 :    2.09761 (c=-0.1448 0.0000i)
 Psi  51: E = -2144.2170 au  ΔE=     0.3743 au     10.184 eV    82139.1 cm**-1 <S**2> =   0.000
   E0E0+E1E1- S2= 0.0 Sz= 0.0 P=0 :    21.4329 (c=-0.4630 0.0000i)
   E0+E0E2-E0 S2= 0.0 Sz= 0.0 P=0 :    13.9827 (c=-0.3739 0.0000i)
   E1E0+E1-E0 S2= 0.0 Sz= 0.0 P=0 :    10.0722 (c=-0.3174 0.0000i)
   E0E0E1+E1- S2= 0.0 Sz= 0.0 P=0 :    7.59326 (c=-0.2756 0.0000i)
   E0+E0E1E1- S2= 0.0 Sz= 0.0 P=0 :    5.64643 (c= 0.2376 0.0000i)
   E1E0E0+E1- S2= 0.0 Sz= 0.0 P=0 :    5.46446 (c=-0.2338 0.0000i)
   E0+E1-E0E1 S2= 0.0 Sz= 0.0 P=0 :    2.82837 (c=-0.1682 0.0000i)
   E0+E1-E0+E1- S2= 0.0 Sz= 0.0 P=0 :    2.61399 (c=-0.1617 0.0000i)
   E0E1E1-E0+ S2= 0.0 Sz= 0.0 P=0 :    2.33547 (c=-0.1528 0.0000i)
   E2-E0E0+E0 S2= 0.0 Sz= 0.0 P=0 :    2.30579 (c= 0.1518 0.0000i)
   E0E1-E0+E1 S2= 0.0 Sz= 0.0 P=0 :    2.25075 (c=-0.1500 0.0000i)
 Psi  52: E = -2144.2155 au  ΔE=     0.3757 au     10.223 eV    82450.7 cm**-1 <S**2> =   0.000
   E0E1E0+E1- S2= 0.0 Sz= 0.0 P=0 :     15.401 (c= 0.3924 0.0000i)
   E1-E0+E1E0 S2= 0.0 Sz= 0.0 P=0 :    10.5256 (c=-0.3244 0.0000i)
   E1-E0E1E0+ S2= 0.0 Sz= 0.0 P=0 :    7.90797 (c= 0.2812 0.0000i)
   E0E1E1-E0+ S2= 0.0 Sz= 0.0 P=0 :    7.18692 (c= 0.2681 0.0000i)
   E1E0E0+E1- S2= 0.0 Sz= 0.0 P=0 :    5.52324 (c= 0.2350 0.0000i)
   E1-E1E0E0+ S2= 0.0 Sz= 0.0 P=0 :    5.22983 (c=-0.2287 0.0000i)
   E1E0+E1-E0 S2= 0.0 Sz= 0.0 P=0 :    4.52925 (c= 0.2128 0.0000i)
   E1-E0E1+E0 S2= 0.0 Sz= 0.0 P=0 :     4.4082 (c= 0.2100 0.0000i)
   E1E1E0E0 S2= 0.0 Sz= 0.0 P=0 :    4.32921 (c= 0.2081 0.0000i)
   E0E0+E1E1- S2= 0.0 Sz= 0.0 P=0 :     4.1728 (c=-0.2043 0.0000i)
   E0+E0E2-E0 S2= 0.0 Sz= 0.0 P=0 :    3.77335 (c=-0.1943 0.0000i)
   E1-E0E0+E1 S2= 0.0 Sz= 0.0 P=0 :    2.94016 (c=-0.1715 0.0000i)
   E0E1-E1E0+ S2= 0.0 Sz= 0.0 P=0 :    2.21385 (c= 0.1488 0.0000i)
   E0+E1-E0+E1- S2= 0.0 Sz= 0.0 P=0 :    2.03283 (c=-0.1426 0.0000i)
 Psi  53: E = -2144.2132 au  ΔE=     0.3780 au     10.287 eV    82967.6 cm**-1 <S**2> =   0.000
   E0E1-E0+E1 S2= 0.0 Sz= 0.0 P=0 :     11.827 (c= 0.3439 0.0000i)
   E1-E0E1E0+ S2= 0.0 Sz= 0.0 P=0 :    9.52587 (c=-0.3086 0.0000i)
   E0E1E1E0 S2= 0.0 Sz= 0.0 P=0 :    7.68606 (c= 0.2772 0.0000i)
   E1-E0+E1E0 S2= 0.0 Sz= 0.0 P=0 :    6.79302 (c= 0.2606 0.0000i)
   E0E2-E0E0+ S2= 0.0 Sz= 0.0 P=0 :    5.55335 (c=-0.2357 0.0000i)
   E1E0E1-E0+ S2= 0.0 Sz= 0.0 P=0 :    4.49149 (c= 0.2119 0.0000i)
   E1-E0E1+E0 S2= 0.0 Sz= 0.0 P=0 :    4.24466 (c= 0.2060 0.0000i)
   E0E1-E1E0+ S2= 0.0 Sz= 0.0 P=0 :    3.99498 (c= 0.1999 0.0000i)
   E1-E0+E0E1 S2= 0.0 Sz= 0.0 P=0 :    3.94451 (c= 0.1986 0.0000i)
   E0E0+E1-E1 S2= 0.0 Sz= 0.0 P=0 :    3.85088 (c= 0.1962 0.0000i)
   E0E0+E0E2- S2= 0.0 Sz= 0.0 P=0 :    3.66654 (c=-0.1915 0.0000i)
   E0E1-E0E1+ S2= 0.0 Sz= 0.0 P=0 :    3.56057 (c= 0.1887 0.0000i)
   E0E0+E1E1- S2= 0.0 Sz= 0.0 P=0 :    2.67972 (c=-0.1637 0.0000i)
   E0E0E1E1 S2= 0.0 Sz= 0.0 P=0 :    2.54718 (c= 0.1596 0.0000i)
 Psi  54: E = -2144.2123 au  ΔE=     0.3789 au     10.310 eV    83153.1 cm**-1 <S**2> =   0.000
   E1-E1E0E0+ S2= 0.0 Sz= 0.0 P=0 :    15.7925 (c=-0.3974 0.0000i)
   E0E2-E0E0+ S2= 0.0 Sz= 0.0 P=0 :     9.9359 (c=-0.3152 0.0000i)
   E0E1E0+E1- S2= 0.0 Sz= 0.0 P=0 :    9.86462 (c=-0.3141 0.0000i)
   E1E0E1-E0+ S2= 0.0 Sz= 0.0 P=0 :    9.68984 (c=-0.3113 0.0000i)
   E0E1E1E0 S2= 0.0 Sz= 0.0 P=0 :    8.85105 (c=-0.2975 0.0000i)
   E0E1-E1E0+ S2= 0.0 Sz= 0.0 P=0 :    6.96235 (c= 0.2639 0.0000i)
   E1-E0E1+E0 S2= 0.0 Sz= 0.0 P=0 :    5.11079 (c= 0.2261 0.0000i)
   E1E0E0+E1- S2= 0.0 Sz= 0.0 P=0 :    4.60726 (c=-0.2146 0.0000i)
   E1-E0E0+E1 S2= 0.0 Sz= 0.0 P=0 :    2.74618 (c=-0.1657 0.0000i)
   E0E0+E1E1- S2= 0.0 Sz= 0.0 P=0 :    2.08479 (c= 0.1444 0.0000i)
   E1-E0+E0+E1- S2= 0.0 Sz= 0.0 P=0 :    2.00894 (c= 0.1417 0.0000i)
 Psi  55: E = -2144.2091 au  ΔE=     0.3822 au     10.399 eV    83874.5 cm**-1 <S**2> =   0.000
   E0+E1E1-E0 S2= 0.0 Sz= 0.0 P=0 :    16.6777 (c=-0.4084 0.0000i)
   E0E1+E0E1- S2= 0.0 Sz= 0.0 P=0 :    14.9291 (c= 0.3864 0.0000i)
   E1E1-E0+E0 S2= 0.0 Sz= 0.0 P=0 :    7.11954 (c= 0.2668 0.0000i)
   E1-E1E0E0+ S2= 0.0 Sz= 0.0 P=0 :    6.68031 (c=-0.2585 0.0000i)
   E1-E0E1+E0 S2= 0.0 Sz= 0.0 P=0 :    5.79562 (c=-0.2407 0.0000i)
   E0+E2-E0E0 S2= 0.0 Sz= 0.0 P=0 :    4.72391 (c=-0.2173 0.0000i)
   E1E0E1-E0+ S2= 0.0 Sz= 0.0 P=0 :    4.52523 (c=-0.2127 0.0000i)
   E0+E1E0E1- S2= 0.0 Sz= 0.0 P=0 :    3.73359 (c= 0.1932 0.0000i)
   E0E1E1-E0+ S2= 0.0 Sz= 0.0 P=0 :    2.83815 (c= 0.1685 0.0000i)
   E0+E1-E0+E1- S2= 0.0 Sz= 0.0 P=0 :    2.49407 (c=-0.1579 0.0000i)
   E0E0+E1-E1 S2= 0.0 Sz= 0.0 P=0 :    2.48801 (c=-0.1577 0.0000i)
   E0E1-E1E0+ S2= 0.0 Sz= 0.0 P=0 :    2.40521 (c=-0.1551 0.0000i)
   E2-E0E0+E0 S2= 0.0 Sz= 0.0 P=0 :    2.39213 (c=-0.1547 0.0000i)
   E1E0E1E0 S2= 0.0 Sz= 0.0 P=0 :    2.36318 (c= 0.1537 0.0000i)
   E0+E1-E0E1 S2= 0.0 Sz= 0.0 P=0 :    2.32127 (c= 0.1524 0.0000i)
 Psi  56: E = -2144.2069 au  ΔE=     0.3843 au     10.458 eV    84348.2 cm**-1 <S**2> =   0.000
   E0+E1E1-E0 S2= 0.0 Sz= 0.0 P=0 :    16.4382 (c= 0.4054 0.0000i)
   E1-E1E0E0+ S2= 0.0 Sz= 0.0 P=0 :    8.58987 (c=-0.2931 0.0000i)
   E0E1+E0E1- S2= 0.0 Sz= 0.0 P=0 :    5.98941 (c=-0.2447 0.0000i)
   E0E0+E1-E1 S2= 0.0 Sz= 0.0 P=0 :    5.75502 (c=-0.2399 0.0000i)
   E0+E2-E0E0 S2= 0.0 Sz= 0.0 P=0 :    5.17643 (c= 0.2275 0.0000i)
   E0E1-E1E0+ S2= 0.0 Sz= 0.0 P=0 :    4.95473 (c=-0.2226 0.0000i)
   E1E0+E0E1- S2= 0.0 Sz= 0.0 P=0 :    4.63531 (c= 0.2153 0.0000i)
   E1-E0E1+E0 S2= 0.0 Sz= 0.0 P=0 :    4.44649 (c=-0.2109 0.0000i)
   E1-E1E0+E0 S2= 0.0 Sz= 0.0 P=0 :    4.10014 (c= 0.2025 0.0000i)
   E0E2-E0E0+ S2= 0.0 Sz= 0.0 P=0 :     3.9871 (c=-0.1997 0.0000i)
   E0E1E1-E0+ S2= 0.0 Sz= 0.0 P=0 :    3.60474 (c= 0.1899 0.0000i)
   E1-E0+E1E0 S2= 0.0 Sz= 0.0 P=0 :    3.51676 (c= 0.1875 0.0000i)
   E0+E1E0E1- S2= 0.0 Sz= 0.0 P=0 :    3.07253 (c=-0.1753 0.0000i)
   E1E0E1-E0+ S2= 0.0 Sz= 0.0 P=0 :    2.64113 (c=-0.1625 0.0000i)
   E1E0+E1-E0 S2= 0.0 Sz= 0.0 P=0 :    2.09346 (c=-0.1447 0.0000i)
 Psi  57: E = -2144.2066 au  ΔE=     0.3846 au     10.466 eV    84416.4 cm**-1 <S**2> =   0.000
   E0E0+E1-E1 S2= 0.0 Sz= 0.0 P=0 :    17.4677 (c=-0.4179 0.0000i)
   E0E1-E0E1+ S2= 0.0 Sz= 0.0 P=0 :    12.2156 (c= 0.3495 0.0000i)
   E0E2-E0E0+ S2= 0.0 Sz= 0.0 P=0 :    8.95921 (c= 0.2993 0.0000i)
   E1-E0E0E1+ S2= 0.0 Sz= 0.0 P=0 :    7.99469 (c=-0.2827 0.0000i)
   E0E0E1E1 S2= 0.0 Sz= 0.0 P=0 :    6.42237 (c= 0.2534 0.0000i)
   E0E1-E1E0+ S2= 0.0 Sz= 0.0 P=0 :    5.72705 (c= 0.2393 0.0000i)
   E0E0+E0E2- S2= 0.0 Sz= 0.0 P=0 :    4.65972 (c= 0.2159 0.0000i)
   E1-E0+E1-E0+ S2= 0.0 Sz= 0.0 P=0 :    4.31328 (c= 0.2077 0.0000i)
   E0E1-E0+E1 S2= 0.0 Sz= 0.0 P=0 :    3.28322 (c= 0.1812 0.0000i)
   E1E0E1-E0+ S2= 0.0 Sz= 0.0 P=0 :    2.76524 (c= 0.1663 0.0000i)
   E0E0E2-E0+ S2= 0.0 Sz= 0.0 P=0 :    2.68415 (c=-0.1638 0.0000i)
   E1-E0E0+E1 S2= 0.0 Sz= 0.0 P=0 :    2.62977 (c=-0.1622 0.0000i)
   E0E1E1-E0+ S2= 0.0 Sz= 0.0 P=0 :    2.41313 (c= 0.1553 0.0000i)
 Psi  58: E = -2144.2051 au  ΔE=     0.3861 au     10.507 eV    84748.6 cm**-1 <S**2> =   0.000
   E1-E0+E1-E0+ S2= 0.0 Sz= 0.0 P=0 :    14.1917 (c=-0.3767 0.0000i)
   E0E0+E1-E1 S2= 0.0 Sz= 0.0 P=0 :    12.5201 (c=-0.3538 0.0000i)
   E0E2-E0E0+ S2= 0.0 Sz= 0.0 P=0 :    11.2177 (c=-0.3349 0.0000i)
   E0E1E0E1 S2= 0.0 Sz= 0.0 P=0 :    8.49092 (c=-0.2914 0.0000i)
   E0E1E1-E0+ S2= 0.0 Sz= 0.0 P=0 :    5.78371 (c=-0.2405 0.0000i)
   E1-E0+E0E1 S2= 0.0 Sz= 0.0 P=0 :    4.94225 (c=-0.2223 0.0000i)
   E1-E0+E0+E1- S2= 0.0 Sz= 0.0 P=0 :    4.13031 (c=-0.2032 0.0000i)
   E1E0E1-E0+ S2= 0.0 Sz= 0.0 P=0 :    3.33396 (c= 0.1826 0.0000i)
   E0E0+E0E2- S2= 0.0 Sz= 0.0 P=0 :    2.75242 (c= 0.1659 0.0000i)
   E0E1-E1E0+ S2= 0.0 Sz= 0.0 P=0 :    2.49132 (c=-0.1578 0.0000i)
   E1-E0E0+E1 S2= 0.0 Sz= 0.0 P=0 :    2.24328 (c=-0.1498 0.0000i)
   E1E1-E0E0+ S2= 0.0 Sz= 0.0 P=0 :    2.17067 (c=-0.1473 0.0000i)
   E1E0E1E0 S2= 0.0 Sz= 0.0 P=0 :    2.15032 (c=-0.1466 0.0000i)
   E1-E0E0E1+ S2= 0.0 Sz= 0.0 P=0 :     2.0489 (c=-0.1431 0.0000i)
 Psi  59: E = -2144.2034 au  ΔE=     0.3878 au     10.552 eV    85108.9 cm**-1 <S**2> =   0.000
   E1E1-E0+E0 S2= 0.0 Sz= 0.0 P=0 :    28.2937 (c= 0.5319 0.0000i)
   E0+E1-E0E1 S2= 0.0 Sz= 0.0 P=0 :     9.2932 (c=-0.3048 0.0000i)
   E1-E1E0+E0 S2= 0.0 Sz= 0.0 P=0 :    7.96044 (c=-0.2821 0.0000i)
   E1+E0E1-E0 S2= 0.0 Sz= 0.0 P=0 :    5.47419 (c=-0.2340 0.0000i)
   E1+E0E0E1- S2= 0.0 Sz= 0.0 P=0 :    5.41686 (c= 0.2327 0.0000i)
   E2-E0E0+E0 S2= 0.0 Sz= 0.0 P=0 :    5.36035 (c=-0.2315 0.0000i)
   E2-E0E0E0+ S2= 0.0 Sz= 0.0 P=0 :    4.04096 (c=-0.2010 0.0000i)
   E1E1E0E0 S2= 0.0 Sz= 0.0 P=0 :    3.99163 (c=-0.1998 0.0000i)
   E1-E0+E1-E0+ S2= 0.0 Sz= 0.0 P=0 :     3.3717 (c=-0.1836 0.0000i)
   E1E0E1-E0+ S2= 0.0 Sz= 0.0 P=0 :    3.33591 (c= 0.1826 0.0000i)
   E1E0+E0E1- S2= 0.0 Sz= 0.0 P=0 :    2.42802 (c= 0.1558 0.0000i)
 Psi  60: E = -2144.2013 au  ΔE=     0.3899 au     10.609 eV    85568.2 cm**-1 <S**2> =   0.000
   E0+E1-E0+E1- S2= 0.0 Sz= 0.0 P=0 :    27.7321 (c=-0.5266 0.0000i)
   E0+E1-E1E0 S2= 0.0 Sz= 0.0 P=0 :     10.682 (c=-0.3268 0.0000i)
   E0+E1-E0E1 S2= 0.0 Sz= 0.0 P=0 :    9.57098 (c= 0.3094 0.0000i)
   E1-E0+E0+E1- S2= 0.0 Sz= 0.0 P=0 :    6.00998 (c=-0.2452 0.0000i)
   E0+E1E1-E0 S2= 0.0 Sz= 0.0 P=0 :    5.36373 (c= 0.2316 0.0000i)
   E1E0E0+E1- S2= 0.0 Sz= 0.0 P=0 :    4.79979 (c=-0.2191 0.0000i)
   E0+E0E1E1- S2= 0.0 Sz= 0.0 P=0 :    4.16209 (c=-0.2040 0.0000i)
   E0+E1-E1-E0+ S2= 0.0 Sz= 0.0 P=0 :    3.99915 (c=-0.2000 0.0000i)
   E0+E2-E0E0 S2= 0.0 Sz= 0.0 P=0 :    3.76848 (c= 0.1941 0.0000i)
   E0+E0E2-E0 S2= 0.0 Sz= 0.0 P=0 :    3.14512 (c=-0.1773 0.0000i)
   E1E0E0E1 S2= 0.0 Sz= 0.0 P=0 :    2.04022 (c= 0.1428 0.0000i)
   E1E1E0E0 S2= 0.0 Sz= 0.0 P=0 :    2.03623 (c=-0.1427 0.0000i)
 Psi  61: E = -2144.1978 au  ΔE=     0.3934 au     10.706 eV    86350.7 cm**-1 <S**2> =   0.000
   E1-E0E0E1+ S2= 0.0 Sz= 0.0 P=0 :    10.9862 (c= 0.3315 0.0000i)
   E1+E0E0E1- S2= 0.0 Sz= 0.0 P=0 :    9.31833 (c=-0.3053 0.0000i)
   E0E1E1-E0+ S2= 0.0 Sz= 0.0 P=0 :    8.54976 (c= 0.2924 0.0000i)
   E1E0E1-E0+ S2= 0.0 Sz= 0.0 P=0 :    8.11152 (c= 0.2848 0.0000i)
   E0E1-E0E1+ S2= 0.0 Sz= 0.0 P=0 :    7.72946 (c=-0.2780 0.0000i)
   E0+E1-E1E0 S2= 0.0 Sz= 0.0 P=0 :    6.23124 (c=-0.2496 0.0000i)
   E1+E0E1-E0 S2= 0.0 Sz= 0.0 P=0 :    5.59499 (c= 0.2365 0.0000i)
   E0+E1-E0E1 S2= 0.0 Sz= 0.0 P=0 :     4.7183 (c=-0.2172 0.0000i)
   E0E1-E0+E1 S2= 0.0 Sz= 0.0 P=0 :    3.78838 (c= 0.1946 0.0000i)
   E1E0E1E0 S2= 0.0 Sz= 0.0 P=0 :    2.83699 (c=-0.1684 0.0000i)
   E1E1-E0E0+ S2= 0.0 Sz= 0.0 P=0 :    2.66821 (c=-0.1633 0.0000i)
   E0E0E1E1 S2= 0.0 Sz= 0.0 P=0 :    2.39178 (c= 0.1547 0.0000i)
   E1-E1E0E0+ S2= 0.0 Sz= 0.0 P=0 :    2.31477 (c=-0.1521 0.0000i)
   E1E0+E1-E0 S2= 0.0 Sz= 0.0 P=0 :    2.17713 (c=-0.1476 0.0000i)
   E0E2-E0E0+ S2= 0.0 Sz= 0.0 P=0 :    2.05721 (c= 0.1434 0.0000i)
   E0E1E0E1 S2= 0.0 Sz= 0.0 P=0 :    2.01927 (c= 0.1421 0.0000i)
 Psi  62: E = -2144.1969 au  ΔE=     0.3943 au     10.730 eV    86546.0 cm**-1 <S**2> =   0.000
   E0+E1-E1E0 S2= 0.0 Sz= 0.0 P=0 :     13.031 (c=-0.3610 0.0000i)
   E1E0E1-E0+ S2= 0.0 Sz= 0.0 P=0 :    11.5192 (c=-0.3394 0.0000i)
   E0+E1-E0E1 S2= 0.0 Sz= 0.0 P=0 :    11.4564 (c=-0.3385 0.0000i)
   E1E0E0E1 S2= 0.0 Sz= 0.0 P=0 :    8.01878 (c=-0.2832 0.0000i)
   E1-E0+E1-E0+ S2= 0.0 Sz= 0.0 P=0 :    4.90827 (c= 0.2215 0.0000i)
   E0E1E1E0 S2= 0.0 Sz= 0.0 P=0 :    3.95351 (c= 0.1988 0.0000i)
   E0E1E1-E0+ S2= 0.0 Sz= 0.0 P=0 :    3.88797 (c=-0.1972 0.0000i)
   E0+E0E2-E0 S2= 0.0 Sz= 0.0 P=0 :     3.5379 (c=-0.1881 0.0000i)
   E0+E0E0E2- S2= 0.0 Sz= 0.0 P=0 :    3.43259 (c= 0.1853 0.0000i)
   E1E1-E0E0+ S2= 0.0 Sz= 0.0 P=0 :    3.40421 (c= 0.1845 0.0000i)
   E0+E0E1-E1 S2= 0.0 Sz= 0.0 P=0 :    3.09861 (c= 0.1760 0.0000i)
   E1-E0E0+E1 S2= 0.0 Sz= 0.0 P=0 :    2.86974 (c= 0.1694 0.0000i)
   E1-E0E1E0+ S2= 0.0 Sz= 0.0 P=0 :     2.8555 (c=-0.1690 0.0000i)
   E2-E0E0E0+ S2= 0.0 Sz= 0.0 P=0 :    2.64838 (c= 0.1627 0.0000i)
   E1-E0E1+E0 S2= 0.0 Sz= 0.0 P=0 :    2.35374 (c= 0.1534 0.0000i)
   E0E1-E0E1+ S2= 0.0 Sz= 0.0 P=0 :    2.19852 (c= 0.1483 0.0000i)
 Psi  63: E = -2144.1957 au  ΔE=     0.3955 au     10.762 eV    86801.6 cm**-1 <S**2> =   0.000
   E1+E0E0E1- S2= 0.0 Sz= 0.0 P=0 :    24.5048 (c=-0.4950 0.0000i)
   E1+E0E1-E0 S2= 0.0 Sz= 0.0 P=0 :    22.8269 (c= 0.4778 0.0000i)
   E1E0+E1-E0 S2= 0.0 Sz= 0.0 P=0 :    10.3416 (c=-0.3216 0.0000i)
   E1-E0E0E1+ S2= 0.0 Sz= 0.0 P=0 :    4.34032 (c=-0.2083 0.0000i)
   E1+E1-E0E0 S2= 0.0 Sz= 0.0 P=0 :    3.97142 (c= 0.1993 0.0000i)
   E1E1-E0+E0 S2= 0.0 Sz= 0.0 P=0 :    3.49224 (c= 0.1869 0.0000i)
   E1E0E1E0 S2= 0.0 Sz= 0.0 P=0 :    3.41961 (c= 0.1849 0.0000i)
   E0E1-E0+E1 S2= 0.0 Sz= 0.0 P=0 :    2.86092 (c=-0.1691 0.0000i)
   E1E1E0E0 S2= 0.0 Sz= 0.0 P=0 :    2.61308 (c=-0.1617 0.0000i)
   E0E1-E0E1+ S2= 0.0 Sz= 0.0 P=0 :    2.52076 (c= 0.1588 0.0000i)
 Psi  64: E = -2144.1932 au  ΔE=     0.3980 au     10.831 eV    87356.2 cm**-1 <S**2> =   0.000
   E1-E0E0E1+ S2= 0.0 Sz= 0.0 P=0 :    13.6775 (c= 0.3698 0.0000i)
   E0E1-E1E0+ S2= 0.0 Sz= 0.0 P=0 :    13.3197 (c= 0.3650 0.0000i)
   E0E2-E0E0+ S2= 0.0 Sz= 0.0 P=0 :    11.5933 (c=-0.3405 0.0000i)
   E0E1-E0E1+ S2= 0.0 Sz= 0.0 P=0 :    10.9309 (c=-0.3306 0.0000i)
   E0E1-E0+E1 S2= 0.0 Sz= 0.0 P=0 :    10.5313 (c= 0.3245 0.0000i)
   E1-E1E0E0+ S2= 0.0 Sz= 0.0 P=0 :    10.1722 (c= 0.3189 0.0000i)
   E1-E0E0+E1 S2= 0.0 Sz= 0.0 P=0 :    4.03165 (c=-0.2008 0.0000i)
   E1E1-E0E0+ S2= 0.0 Sz= 0.0 P=0 :    2.61426 (c= 0.1617 0.0000i)
   E0E1E0E1 S2= 0.0 Sz= 0.0 P=0 :    2.20661 (c=-0.1485 0.0000i)
 Psi  65: E = -2144.1920 au  ΔE=     0.3992 au     10.862 eV    87609.9 cm**-1 <S**2> =   0.000
   E1-E0E1E0+ S2= 0.0 Sz= 0.0 P=0 :    15.7669 (c= 0.3971 0.0000i)
   E1-E0E1+E0 S2= 0.0 Sz= 0.0 P=0 :    13.2028 (c=-0.3634 0.0000i)
   E0E2-E0E0+ S2= 0.0 Sz= 0.0 P=0 :    6.51747 (c=-0.2553 0.0000i)
   E1-E0+E1E0 S2= 0.0 Sz= 0.0 P=0 :    5.54008 (c= 0.2354 0.0000i)
   E0+E0E0E2- S2= 0.0 Sz= 0.0 P=0 :    5.47587 (c= 0.2340 0.0000i)
   E0E1E0E1 S2= 0.0 Sz= 0.0 P=0 :    3.71886 (c= 0.1928 0.0000i)
   E2-E0E0E0+ S2= 0.0 Sz= 0.0 P=0 :     3.1508 (c=-0.1775 0.0000i)
   E0+E0E1-E1 S2= 0.0 Sz= 0.0 P=0 :    3.14703 (c= 0.1774 0.0000i)
   E1-E1E0E0+ S2= 0.0 Sz= 0.0 P=0 :    3.12425 (c= 0.1768 0.0000i)
   E1E0E1E0 S2= 0.0 Sz= 0.0 P=0 :    2.63707 (c=-0.1624 0.0000i)
   E0E1-E1+E0 S2= 0.0 Sz= 0.0 P=0 :    2.48016 (c=-0.1575 0.0000i)
   E2-E0E0+E0 S2= 0.0 Sz= 0.0 P=0 :    2.28029 (c= 0.1510 0.0000i)
   E1E1-E0E0+ S2= 0.0 Sz= 0.0 P=0 :    2.25903 (c=-0.1503 0.0000i)
   E1-E0+E0E1 S2= 0.0 Sz= 0.0 P=0 :    2.21373 (c= 0.1488 0.0000i)
   E0E0+E0E2- S2= 0.0 Sz= 0.0 P=0 :    2.20548 (c=-0.1485 0.0000i)
 Psi  66: E = -2144.1886 au  ΔE=     0.4026 au     10.956 eV    88364.5 cm**-1 <S**2> =   0.000
   E2-E0E0E0+ S2= 0.0 Sz= 0.0 P=0 :    62.3348 (c=-0.7895 0.0000i)
   E2-E0E0+E0 S2= 0.0 Sz= 0.0 P=0 :    11.7505 (c= 0.3428 0.0000i)
   E0+E0E0E2- S2= 0.0 Sz= 0.0 P=0 :    4.50804 (c=-0.2123 0.0000i)
   E1E0E1-E0+ S2= 0.0 Sz= 0.0 P=0 :    4.10115 (c=-0.2025 0.0000i)
   E1-E0+E1-E0+ S2= 0.0 Sz= 0.0 P=0 :    2.31916 (c= 0.1523 0.0000i)
   E1E1-E0E0+ S2= 0.0 Sz= 0.0 P=0 :    2.24292 (c=-0.1498 0.0000i)
 Psi  67: E = -2144.1876 au  ΔE=     0.4036 au     10.983 eV    88583.6 cm**-1 <S**2> =   0.000
   E0+E0E0E2- S2= 0.0 Sz= 0.0 P=0 :    57.3562 (c= 0.7573 0.0000i)
   E0E0+E0E2- S2= 0.0 Sz= 0.0 P=0 :    9.98678 (c=-0.3160 0.0000i)
   E0+E1-E0E1 S2= 0.0 Sz= 0.0 P=0 :    6.60674 (c= 0.2570 0.0000i)
   E0+E1-E1E0 S2= 0.0 Sz= 0.0 P=0 :    5.52416 (c= 0.2350 0.0000i)
   E2-E0E0E0+ S2= 0.0 Sz= 0.0 P=0 :    3.79184 (c=-0.1947 0.0000i)
 Psi  68: E = -2144.1847 au  ΔE=     0.4065 au     11.062 eV    89224.4 cm**-1 <S**2> =   0.000
   E0E1+E0E1- S2= 0.0 Sz= 0.0 P=0 :    22.3866 (c= 0.4731 0.0000i)
   E0+E1E0E1- S2= 0.0 Sz= 0.0 P=0 :    18.5329 (c= 0.4305 0.0000i)
   E1+E0E1-E0 S2= 0.0 Sz= 0.0 P=0 :    9.62026 (c= 0.3102 0.0000i)
   E0+E1E1-E0 S2= 0.0 Sz= 0.0 P=0 :    9.14347 (c= 0.3024 0.0000i)
   E1E0+E0E1- S2= 0.0 Sz= 0.0 P=0 :    8.46893 (c= 0.2910 0.0000i)
   E1+E0E0E1- S2= 0.0 Sz= 0.0 P=0 :    4.82664 (c= 0.2197 0.0000i)
   E0E1+E1-E0 S2= 0.0 Sz= 0.0 P=0 :    4.21415 (c= 0.2053 0.0000i)
   E0+E1-E1E0 S2= 0.0 Sz= 0.0 P=0 :    2.98679 (c= 0.1728 0.0000i)
   E0E1E0+E1- S2= 0.0 Sz= 0.0 P=0 :    2.88082 (c=-0.1697 0.0000i)
   E0+E1-E0+E1- S2= 0.0 Sz= 0.0 P=0 :    2.38486 (c= 0.1544 0.0000i)
 Psi  69: E = -2144.1831 au  ΔE=     0.4081 au     11.105 eV    89567.2 cm**-1 <S**2> =   0.000
   E1-E0+E0+E1- S2= 0.0 Sz= 0.0 P=0 :    29.2986 (c= 0.5413 0.0000i)
   E0E2-E0E0+ S2= 0.0 Sz= 0.0 P=0 :    9.73864 (c=-0.3121 0.0000i)
   E1E0+E0E1- S2= 0.0 Sz= 0.0 P=0 :    8.85145 (c=-0.2975 0.0000i)
   E0E1E1-E0+ S2= 0.0 Sz= 0.0 P=0 :    7.66646 (c= 0.2769 0.0000i)
   E0+E0E2-E0 S2= 0.0 Sz= 0.0 P=0 :    4.39453 (c=-0.2096 0.0000i)
   E0E1-E1E0+ S2= 0.0 Sz= 0.0 P=0 :    4.36725 (c=-0.2090 0.0000i)
   E1-E1E0E0+ S2= 0.0 Sz= 0.0 P=0 :     3.9879 (c= 0.1997 0.0000i)
   E1+E0E1-E0 S2= 0.0 Sz= 0.0 P=0 :    3.02979 (c=-0.1741 0.0000i)
   E0+E0E1E1- S2= 0.0 Sz= 0.0 P=0 :    2.98879 (c=-0.1729 0.0000i)
   E0+E1E0E1- S2= 0.0 Sz= 0.0 P=0 :    2.13604 (c= 0.1462 0.0000i)
   E1-E0+E0E1 S2= 0.0 Sz= 0.0 P=0 :    2.08675 (c=-0.1445 0.0000i)
 Psi  70: E = -2144.1808 au  ΔE=     0.4104 au     11.168 eV    90079.7 cm**-1 <S**2> =   0.000
   E1-E0E0+E1 S2= 0.0 Sz= 0.0 P=0 :    22.8984 (c= 0.4785 0.0000i)
   E0E1-E0E1+ S2= 0.0 Sz= 0.0 P=0 :     17.531 (c= 0.4187 0.0000i)
   E1-E0E0E1+ S2= 0.0 Sz= 0.0 P=0 :    8.88114 (c= 0.2980 0.0000i)
   E0E2-E0E0+ S2= 0.0 Sz= 0.0 P=0 :    6.81384 (c=-0.2610 0.0000i)
   E0E1E1-E0+ S2= 0.0 Sz= 0.0 P=0 :    4.95194 (c= 0.2225 0.0000i)
   E1-E1E0E0+ S2= 0.0 Sz= 0.0 P=0 :    3.98643 (c= 0.1997 0.0000i)
   E0+E0E2-E0 S2= 0.0 Sz= 0.0 P=0 :     3.1128 (c= 0.1764 0.0000i)
   E1-E0+E1E0 S2= 0.0 Sz= 0.0 P=0 :     3.0646 (c=-0.1751 0.0000i)
   E1-E0+E0+E1- S2= 0.0 Sz= 0.0 P=0 :    2.70445 (c=-0.1645 0.0000i)
   E1E0+E0E1- S2= 0.0 Sz= 0.0 P=0 :    2.64654 (c= 0.1627 0.0000i)
   E0+E0E1E1- S2= 0.0 Sz= 0.0 P=0 :    2.61749 (c= 0.1618 0.0000i)
 Psi  71: E = -2144.1781 au  ΔE=     0.4131 au     11.241 eV    90668.5 cm**-1 <S**2> =   0.000
   E0+E0E2-E0 S2= 0.0 Sz= 0.0 P=0 :    24.4502 (c=-0.4945 0.0000i)
   E0+E0E1E1- S2= 0.0 Sz= 0.0 P=0 :    18.9421 (c=-0.4352 0.0000i)
   E1E0+E0E1- S2= 0.0 Sz= 0.0 P=0 :    13.9702 (c= 0.3738 0.0000i)
   E0+E1E0E1- S2= 0.0 Sz= 0.0 P=0 :    10.5663 (c=-0.3251 0.0000i)
   E0+E1E1-E0 S2= 0.0 Sz= 0.0 P=0 :     6.7193 (c=-0.2592 0.0000i)
   E1+E0E1-E0 S2= 0.0 Sz= 0.0 P=0 :     4.0794 (c= 0.2020 0.0000i)
   E0E0+E1E1- S2= 0.0 Sz= 0.0 P=0 :    2.40963 (c= 0.1552 0.0000i)
   E1+E0E0E1- S2= 0.0 Sz= 0.0 P=0 :    2.35042 (c= 0.1533 0.0000i)
   E0+E1-E1E0 S2= 0.0 Sz= 0.0 P=0 :    2.00376 (c= 0.1416 0.0000i)
 Psi  72: E = -2144.1774 au  ΔE=     0.4138 au     11.260 eV    90817.7 cm**-1 <S**2> =   0.000
   E1-E0E0E1+ S2= 0.0 Sz= 0.0 P=0 :    14.2552 (c=-0.3776-0.0000i)
   E0E1-E0E1+ S2= 0.0 Sz= 0.0 P=0 :    10.4872 (c=-0.3238-0.0000i)
   E1+E0E0E1- S2= 0.0 Sz= 0.0 P=0 :    5.80231 (c= 0.2409-0.0000i)
   E1E0+E0E1- S2= 0.0 Sz= 0.0 P=0 :     5.5983 (c= 0.2366-0.0000i)
   E0+E0E2-E0 S2= 0.0 Sz= 0.0 P=0 :    5.55702 (c= 0.2357-0.0000i)
   E1+E0E1-E0 S2= 0.0 Sz= 0.0 P=0 :    5.16362 (c= 0.2272-0.0000i)
   E0E1E1-E0+ S2= 0.0 Sz= 0.0 P=0 :    5.07809 (c= 0.2253-0.0000i)
   E1-E0E1E0+ S2= 0.0 Sz= 0.0 P=0 :    4.16998 (c=-0.2042-0.0000i)
   E0+E1-E1E0 S2= 0.0 Sz= 0.0 P=0 :    4.14762 (c=-0.2037-0.0000i)
   E0+E0E1E1- S2= 0.0 Sz= 0.0 P=0 :    4.11347 (c= 0.2028-0.0000i)
   E1-E0+E1-E0+ S2= 0.0 Sz= 0.0 P=0 :    3.94756 (c= 0.1987-0.0000i)
   E0+E1-E0+E1- S2= 0.0 Sz= 0.0 P=0 :    3.81479 (c=-0.1953-0.0000i)
   E0+E1E0E1- S2= 0.0 Sz= 0.0 P=0 :    3.11347 (c=-0.1765-0.0000i)
   E1E0E0+E1- S2= 0.0 Sz= 0.0 P=0 :    2.95519 (c=-0.1719-0.0000i)
   E0E2-E0E0+ S2= 0.0 Sz= 0.0 P=0 :    2.94771 (c=-0.1717-0.0000i)
   E1-E0E0+E1 S2= 0.0 Sz= 0.0 P=0 :    2.77429 (c=-0.1666-0.0000i)
   E0E1-E1E0+ S2= 0.0 Sz= 0.0 P=0 :    2.42742 (c=-0.1558-0.0000i)
   E1-E1E0E0+ S2= 0.0 Sz= 0.0 P=0 :    2.20426 (c= 0.1485-0.0000i)
 Psi  73: E = -2144.1732 au  ΔE=     0.4181 au     11.376 eV    91754.0 cm**-1 <S**2> =   0.000
   E1-E0+E0+E1- S2= 0.0 Sz= 0.0 P=0 :    28.4399 (c=-0.5333 0.0000i)
   E1-E0E0E1+ S2= 0.0 Sz= 0.0 P=0 :    7.84546 (c=-0.2801 0.0000i)
   E1-E0+E1E0 S2= 0.0 Sz= 0.0 P=0 :    6.22155 (c=-0.2494 0.0000i)
   E0E1E0+E1- S2= 0.0 Sz= 0.0 P=0 :    4.84082 (c=-0.2200 0.0000i)
   E0E1-E0E1+ S2= 0.0 Sz= 0.0 P=0 :    4.82464 (c=-0.2197 0.0000i)
   E1-E0+E1-E0+ S2= 0.0 Sz= 0.0 P=0 :    4.76799 (c= 0.2184 0.0000i)
   E1E0E0+E1- S2= 0.0 Sz= 0.0 P=0 :    3.18431 (c= 0.1784 0.0000i)
   E0+E1-E1-E0+ S2= 0.0 Sz= 0.0 P=0 :    3.14531 (c= 0.1774 0.0000i)
   E0+E1-E0+E1- S2= 0.0 Sz= 0.0 P=0 :    3.06658 (c= 0.1751 0.0000i)
   E1+E0E0E1- S2= 0.0 Sz= 0.0 P=0 :    3.00761 (c=-0.1734 0.0000i)
   E1-E0+E0E1 S2= 0.0 Sz= 0.0 P=0 :    2.85447 (c= 0.1690 0.0000i)
   E0E1E1-E0+ S2= 0.0 Sz= 0.0 P=0 :    2.56264 (c= 0.1601 0.0000i)
   E0E1E1E0 S2= 0.0 Sz= 0.0 P=0 :     2.2772 (c=-0.1509 0.0000i)
   E0E2-E0E0+ S2= 0.0 Sz= 0.0 P=0 :     2.1932 (c=-0.1481 0.0000i)
   E1+E0E1-E0 S2= 0.0 Sz= 0.0 P=0 :    2.11392 (c=-0.1454 0.0000i)
 Psi  74: E = -2144.1653 au  ΔE=     0.4259 au     11.589 eV    93469.5 cm**-1 <S**2> =   0.000
   E1+E0E0E1- S2= 0.0 Sz= 0.0 P=0 :     33.805 (c=-0.5814 0.0000i)
   E1E0+E0E1- S2= 0.0 Sz= 0.0 P=0 :    33.2877 (c= 0.5770 0.0000i)
   E1+E0E1-E0 S2= 0.0 Sz= 0.0 P=0 :     16.939 (c=-0.4116 0.0000i)
   E1E0+E1-E0 S2= 0.0 Sz= 0.0 P=0 :    5.92982 (c= 0.2435 0.0000i)
   E1E0E0+E1- S2= 0.0 Sz= 0.0 P=0 :    2.81523 (c=-0.1678 0.0000i)
 Psi  75: E = -2144.1616 au  ΔE=     0.4296 au     11.691 eV    94295.5 cm**-1 <S**2> =   0.000
   E1-E0E0+E1 S2= 0.0 Sz= 0.0 P=0 :    37.5605 (c=-0.6129-0.0000i)
   E1-E0E0E1+ S2= 0.0 Sz= 0.0 P=0 :    21.4196 (c= 0.4628-0.0000i)
   E0E1-E0E1+ S2= 0.0 Sz= 0.0 P=0 :    9.81719 (c= 0.3133-0.0000i)
   E1-E0E1E0+ S2= 0.0 Sz= 0.0 P=0 :    8.60254 (c=-0.2933-0.0000i)
   E0E1-E0+E1 S2= 0.0 Sz= 0.0 P=0 :    6.44929 (c=-0.2540-0.0000i)
   E1-E0+E0E1 S2= 0.0 Sz= 0.0 P=0 :    3.25193 (c= 0.1803-0.0000i)
   E0E1-E1E0+ S2= 0.0 Sz= 0.0 P=0 :    2.89096 (c=-0.1700-0.0000i)
 Psi  76: E = -2144.1554 au  ΔE=     0.4358 au     11.859 eV    95652.8 cm**-1 <S**2> =   0.000
   E0+E0E1-E1 S2= 0.0 Sz= 0.0 P=0 :    73.8899 (c=-0.8596-0.0000i)
   E0+E0E0E2- S2= 0.0 Sz= 0.0 P=0 :      6.094 (c= 0.2469-0.0000i)
   E0+E1-E0E1 S2= 0.0 Sz= 0.0 P=0 :    4.74326 (c=-0.2178-0.0000i)
   E0E0+E1-E1 S2= 0.0 Sz= 0.0 P=0 :    4.35572 (c= 0.2087-0.0000i)
   E0+E1-E1-E0+ S2= 0.0 Sz= 0.0 P=0 :    3.35071 (c= 0.1830-0.0000i)
 Psi  77: E = -2144.1529 au  ΔE=     0.4383 au     11.927 eV    96197.2 cm**-1 <S**2> =   0.000
   E1E1-E0E0+ S2= 0.0 Sz= 0.0 P=0 :    68.8853 (c=-0.8300 0.0000i)
   E2-E0E0E0+ S2= 0.0 Sz= 0.0 P=0 :    5.61514 (c= 0.2370 0.0000i)
   E1-E1E0E0+ S2= 0.0 Sz= 0.0 P=0 :    4.49558 (c= 0.2120 0.0000i)
   E1E0E1-E0+ S2= 0.0 Sz= 0.0 P=0 :    4.21272 (c=-0.2052 0.0000i)
   E1E1-E0+E0 S2= 0.0 Sz= 0.0 P=0 :    4.03835 (c= 0.2010 0.0000i)
   E0+E1-E1-E0+ S2= 0.0 Sz= 0.0 P=0 :    3.00812 (c= 0.1734 0.0000i)
 Psi  78: E = -2144.1500 au  ΔE=     0.4412 au     12.006 eV    96837.5 cm**-1 <S**2> =   0.000
   E1-E0++E1-E0 S2= 0.0 Sz= 0.0 P=0 :    54.7024 (c= 0.7396 0.0000i)
   E0E1-E0++E1- S2= 0.0 Sz= 0.0 P=0 :    30.9453 (c= 0.5563 0.0000i)
   E1-E0++E0E1- S2= 0.0 Sz= 0.0 P=0 :    3.01704 (c=-0.1737 0.0000i)
 Psi  79: E = -2144.1500 au  ΔE=     0.4412 au     12.007 eV    96839.3 cm**-1 <S**2> =   0.000
   E0E1-E0++E1- S2= 0.0 Sz= 0.0 P=0 :    54.1759 (c= 0.7360-0.0000i)
   E1-E0++E1-E0 S2= 0.0 Sz= 0.0 P=0 :    30.2119 (c=-0.5497-0.0000i)
   E1-E0E0++E1- S2= 0.0 Sz= 0.0 P=0 :    2.97572 (c=-0.1725-0.0000i)
 Psi  80: E = -2144.1422 au  ΔE=     0.4491 au     12.220 eV    98558.1 cm**-1 <S**2> =   0.000
   E0+E1-E1-E0+ S2= 0.0 Sz= 0.0 P=0 :    72.1017 (c= 0.8491 0.0000i)
   E1E0E1-E0+ S2= 0.0 Sz= 0.0 P=0 :    5.47786 (c= 0.2340 0.0000i)
   E0+E1-E0E1 S2= 0.0 Sz= 0.0 P=0 :    5.09495 (c= 0.2257 0.0000i)
   E0E1E1-E0+ S2= 0.0 Sz= 0.0 P=0 :    2.58989 (c=-0.1609 0.0000i)
   E0+E1-E1E0 S2= 0.0 Sz= 0.0 P=0 :    2.44638 (c=-0.1564 0.0000i)
 Psi  81: E = -2144.1376 au  ΔE=     0.4536 au     12.343 eV    99549.8 cm**-1 <S**2> =   0.000
   E0+E2--E0+E0 S2= 0.0 Sz= 0.0 P=0 :    53.2382 (c= 0.7296 0.0000i)
   E0E0+E2--E0+ S2= 0.0 Sz= 0.0 P=0 :    36.2404 (c=-0.6020 0.0000i)
 Psi  82: E = -2144.1375 au  ΔE=     0.4537 au     12.346 eV    99578.0 cm**-1 <S**2> =   0.000
   E0E0+E2--E0+ S2= 0.0 Sz= 0.0 P=0 :    51.6257 (c=-0.7185 0.0000i)
   E0+E2--E0+E0 S2= 0.0 Sz= 0.0 P=0 :    35.0381 (c=-0.5919 0.0000i)
 Psi  83: E = -2144.0889 au  ΔE=     0.5024 au     13.670 eV   110255.8 cm**-1 <S**2> =   0.000
   E1-E0E0++E1- S2= 0.0 Sz= 0.0 P=0 :     46.981 (c= 0.6854-0.0000i)
   E1-E0++E0E1- S2= 0.0 Sz= 0.0 P=0 :    46.0406 (c=-0.6785-0.0000i)
   E0E1-E0++E1- S2= 0.0 Sz= 0.0 P=0 :    2.30232 (c= 0.1517-0.0000i)
   E1-E0++E1-E0 S2= 0.0 Sz= 0.0 P=0 :    2.24963 (c=-0.1500-0.0000i)
 Psi  84: E = -2144.0868 au  ΔE=     0.5044 au     13.726 eV   110708.5 cm**-1 <S**2> =   0.000
   E1-E0++E0E1- S2= 0.0 Sz= 0.0 P=0 :    46.0805 (c=-0.6788 0.0000i)
   E1-E0E0++E1- S2= 0.0 Sz= 0.0 P=0 :    45.1147 (c=-0.6717 0.0000i)
   E1-E0++E1-E0 S2= 0.0 Sz= 0.0 P=0 :    2.20878 (c=-0.1486 0.0000i)
   E0E1-E0++E1- S2= 0.0 Sz= 0.0 P=0 :    2.15826 (c=-0.1469 0.0000i)
 Psi  85: E = -2144.0663 au  ΔE=     0.5249 au     14.283 eV   115201.5 cm**-1 <S**2> =   0.000
   E1-E1-E0+E0+ S2= 0.0 Sz= 0.0 P=0 :    61.9341 (c= 0.7870 0.0000i)
   E1-E1-E0++E0 S2= 0.0 Sz= 0.0 P=0 :    17.4336 (c=-0.4175 0.0000i)
   E0E2--E0+E0+ S2= 0.0 Sz= 0.0 P=0 :    11.1593 (c=-0.3341 0.0000i)
   E0E2--E0++E0 S2= 0.0 Sz= 0.0 P=0 :    5.39715 (c= 0.2323 0.0000i)
 Psi  86: E = -2144.0648 au  ΔE=     0.5264 au     14.324 eV   115532.9 cm**-1 <S**2> =   0.000
   E0+E0+E1-E1- S2= 0.0 Sz= 0.0 P=0 :      61.35 (c= 0.7833 0.0000i)
   E0E0++E1-E1- S2= 0.0 Sz= 0.0 P=0 :    17.8452 (c=-0.4224 0.0000i)
   E0+E0+E2--E0 S2= 0.0 Sz= 0.0 P=0 :    11.4458 (c=-0.3383 0.0000i)
   E0E0++E2--E0 S2= 0.0 Sz= 0.0 P=0 :    5.88097 (c= 0.2425 0.0000i)
 Psi  87: E = -2144.0580 au  ΔE=     0.5332 au     14.509 eV   117022.5 cm**-1 <S**2> =   0.000
   E0+E2--E0E0+ S2= 0.0 Sz= 0.0 P=0 :    47.6478 (c=-0.6903-0.0000i)
   E0+E0E2--E0+ S2= 0.0 Sz= 0.0 P=0 :    47.4156 (c= 0.6886-0.0000i)
 Psi  88: E = -2144.0569 au  ΔE=     0.5343 au     14.539 eV   117264.8 cm**-1 <S**2> =   0.000
   E2--E0+E0+E0 S2= 0.0 Sz= 0.0 P=0 :    56.8642 (c=-0.7541 0.0000i)
   E2--E0++E0E0 S2= 0.0 Sz= 0.0 P=0 :    21.3644 (c= 0.4622 0.0000i)
   E2--E0+E0E0+ S2= 0.0 Sz= 0.0 P=0 :    18.1624 (c=-0.4262 0.0000i)
 Psi  89: E = -2144.0560 au  ΔE=     0.5352 au     14.565 eV   117470.7 cm**-1 <S**2> =   0.000
   E0E0+E0+E2-- S2= 0.0 Sz= 0.0 P=0 :    51.5151 (c= 0.7177-0.0000i)
   E0E0E0++E2-- S2= 0.0 Sz= 0.0 P=0 :    20.8577 (c=-0.4567-0.0000i)
   E0+E0E0+E2-- S2= 0.0 Sz= 0.0 P=0 :    16.1795 (c= 0.4022-0.0000i)
   E0+E2--E0E0+ S2= 0.0 Sz= 0.0 P=0 :    5.46701 (c= 0.2338-0.0000i)
   E0+E0E2--E0+ S2= 0.0 Sz= 0.0 P=0 :     3.2278 (c= 0.1797-0.0000i)
 Psi  90: E = -2144.0557 au  ΔE=     0.5355 au     14.573 eV   117535.8 cm**-1 <S**2> =   0.000
   E0+E0E2--E0+ S2= 0.0 Sz= 0.0 P=0 :    43.1539 (c=-0.6569-0.0000i)
   E0+E2--E0E0+ S2= 0.0 Sz= 0.0 P=0 :    41.3255 (c=-0.6428-0.0000i)
   E0E0+E0+E2-- S2= 0.0 Sz= 0.0 P=0 :     5.3628 (c= 0.2316-0.0000i)
   E0E0E0++E2-- S2= 0.0 Sz= 0.0 P=0 :     2.1965 (c=-0.1482-0.0000i)
 Psi  91: E = -2144.0307 au  ΔE=     0.5606 au     15.253 eV   123026.6 cm**-1 <S**2> =   0.000
   E2--E0+E0E0+ S2= 0.0 Sz= 0.0 P=0 :    68.4566 (c=-0.8274 0.0000i)
   E2--E0++E0E0 S2= 0.0 Sz= 0.0 P=0 :    24.9353 (c=-0.4994 0.0000i)
   E2--E0+E0+E0 S2= 0.0 Sz= 0.0 P=0 :    2.75515 (c= 0.1660 0.0000i)
 Psi  92: E = -2144.0294 au  ΔE=     0.5618 au     15.287 eV   123298.9 cm**-1 <S**2> =   0.000
   E0+E0E0+E2-- S2= 0.0 Sz= 0.0 P=0 :    68.4884 (c= 0.8276 0.0000i)
   E0E0E0++E2-- S2= 0.0 Sz= 0.0 P=0 :    27.0018 (c= 0.5196 0.0000i)
 Psi  93: E = -2144.0252 au  ΔE=     0.5660 au     15.403 eV   124232.3 cm**-1 <S**2> =   0.000
   E0E2--E0++E0 S2= 0.0 Sz= 0.0 P=0 :    39.2706 (c=-0.6267 0.0000i)
   E1-E1-E0++E0 S2= 0.0 Sz= 0.0 P=0 :    28.8025 (c= 0.5367 0.0000i)
   E1-E1-E0+E0+ S2= 0.0 Sz= 0.0 P=0 :    26.0996 (c= 0.5109 0.0000i)
 Psi  94: E = -2144.0245 au  ΔE=     0.5668 au     15.422 eV   124388.3 cm**-1 <S**2> =   0.000
   E0E0++E2--E0 S2= 0.0 Sz= 0.0 P=0 :    41.6471 (c= 0.6453 0.0000i)
   E0E0++E1-E1- S2= 0.0 Sz= 0.0 P=0 :    27.2797 (c=-0.5223 0.0000i)
   E0+E0+E1-E1- S2= 0.0 Sz= 0.0 P=0 :     27.027 (c=-0.5199 0.0000i)
 Psi  95: E = -2144.0182 au  ΔE=     0.5730 au     15.591 eV   125753.1 cm**-1 <S**2> =   0.000
   E1-E0E1-E0++ S2= 0.0 Sz= 0.0 P=0 :    47.3677 (c=-0.6882 0.0000i)
   E0E1-E1-E0++ S2= 0.0 Sz= 0.0 P=0 :    36.8479 (c= 0.6070 0.0000i)
   E0E0E2--E0++ S2= 0.0 Sz= 0.0 P=0 :    11.5137 (c=-0.3393 0.0000i)
 Psi  96: E = -2144.0173 au  ΔE=     0.5740 au     15.618 eV   125968.8 cm**-1 <S**2> =   0.000
   E0++E1-E0E1- S2= 0.0 Sz= 0.0 P=0 :    47.6051 (c= 0.6900 0.0000i)
   E0++E1-E1-E0 S2= 0.0 Sz= 0.0 P=0 :    37.5028 (c=-0.6124 0.0000i)
   E0++E2--E0E0 S2= 0.0 Sz= 0.0 P=0 :     12.601 (c= 0.3550 0.0000i)
 Psi  97: E = -2144.0141 au  ΔE=     0.5771 au     15.705 eV   126666.3 cm**-1 <S**2> =   0.000
   E0E2--E0+E0+ S2= 0.0 Sz= 0.0 P=0 :    50.8671 (c= 0.7132 0.0000i)
   E1-E1-E0++E0 S2= 0.0 Sz= 0.0 P=0 :    33.4987 (c=-0.5788 0.0000i)
   E0E2--E0++E0 S2= 0.0 Sz= 0.0 P=0 :    9.12118 (c=-0.3020 0.0000i)
 Psi  98: E = -2144.0130 au  ΔE=     0.5782 au     15.735 eV   126910.4 cm**-1 <S**2> =   0.000
   E0+E0+E2--E0 S2= 0.0 Sz= 0.0 P=0 :     51.464 (c= 0.7174-0.0000i)
   E0E0++E1-E1- S2= 0.0 Sz= 0.0 P=0 :    36.3144 (c=-0.6026-0.0000i)
   E0E0++E2--E0 S2= 0.0 Sz= 0.0 P=0 :    9.06959 (c=-0.3012-0.0000i)
 Psi  99: E = -2144.0098 au  ΔE=     0.5814 au     15.822 eV   127609.9 cm**-1 <S**2> =   0.000
   E2--E0++E0E0 S2= 0.0 Sz= 0.0 P=0 :    49.7539 (c=-0.7054-0.0000i)
   E2--E0+E0+E0 S2= 0.0 Sz= 0.0 P=0 :    37.1206 (c=-0.6093-0.0000i)
   E2--E0+E0E0+ S2= 0.0 Sz= 0.0 P=0 :    9.51826 (c= 0.3085-0.0000i)
 Psi 100: E = -2144.0091 au  ΔE=     0.5821 au     15.839 eV   127749.8 cm**-1 <S**2> =   0.000
   E0E0E0++E2-- S2= 0.0 Sz= 0.0 P=0 :    48.3769 (c=-0.6955-0.0000i)
   E0E0+E0+E2-- S2= 0.0 Sz= 0.0 P=0 :    38.7002 (c=-0.6221-0.0000i)
   E0+E0E0+E2-- S2= 0.0 Sz= 0.0 P=0 :    10.8364 (c= 0.3292-0.0000i)
 Psi 101: E = -2143.9990 au  ΔE=     0.5922 au     16.116 eV   129982.2 cm**-1 <S**2> =   0.000
   E1-E0E1-E0++ S2= 0.0 Sz= 0.0 P=0 :    42.1528 (c=-0.6493 0.0000i)
   E0E0E2--E0++ S2= 0.0 Sz= 0.0 P=0 :    40.9319 (c= 0.6398 0.0000i)
   E0E1-E1-E0++ S2= 0.0 Sz= 0.0 P=0 :    15.2254 (c=-0.3902 0.0000i)
 Psi 102: E = -2143.9984 au  ΔE=     0.5929 au     16.133 eV   130117.6 cm**-1 <S**2> =   0.000
   E0++E1-E0E1- S2= 0.0 Sz= 0.0 P=0 :    42.8587 (c= 0.6547-0.0000i)
   E0++E2--E0E0 S2= 0.0 Sz= 0.0 P=0 :    41.6158 (c=-0.6451-0.0000i)
   E0++E1-E1-E0 S2= 0.0 Sz= 0.0 P=0 :    13.7341 (c= 0.3706-0.0000i)
 Psi 103: E = -2143.9784 au  ΔE=     0.6128 au     16.676 eV   134497.2 cm**-1 <S**2> =   0.000
   E0E2--E0++E0 S2= 0.0 Sz= 0.0 P=0 :    43.1885 (c= 0.6572 0.0000i)
   E0E2--E0+E0+ S2= 0.0 Sz= 0.0 P=0 :    32.2125 (c= 0.5676 0.0000i)
   E1-E1-E0++E0 S2= 0.0 Sz= 0.0 P=0 :    15.7212 (c= 0.3965 0.0000i)
   E1-E1-E0+E0+ S2= 0.0 Sz= 0.0 P=0 :    6.40501 (c= 0.2531 0.0000i)
 Psi 104: E = -2143.9776 au  ΔE=     0.6136 au     16.697 eV   134671.6 cm**-1 <S**2> =   0.000
   E0E0++E2--E0 S2= 0.0 Sz= 0.0 P=0 :    41.9814 (c=-0.6479-0.0000i)
   E0+E0+E2--E0 S2= 0.0 Sz= 0.0 P=0 :    33.2769 (c=-0.5769-0.0000i)
   E0E0++E1-E1- S2= 0.0 Sz= 0.0 P=0 :    15.7434 (c=-0.3968-0.0000i)
   E0+E0+E1-E1- S2= 0.0 Sz= 0.0 P=0 :     6.6532 (c=-0.2579-0.0000i)
 Psi 105: E = -2143.9673 au  ΔE=     0.6239 au     16.976 eV   136924.3 cm**-1 <S**2> =   0.000
   E0E0E2--E0++ S2= 0.0 Sz= 0.0 P=0 :     45.797 (c=-0.6767 0.0000i)
   E0E1-E1-E0++ S2= 0.0 Sz= 0.0 P=0 :    45.4795 (c=-0.6744 0.0000i)
   E1-E0E1-E0++ S2= 0.0 Sz= 0.0 P=0 :    6.74717 (c=-0.2598 0.0000i)
 Psi 106: E = -2143.9668 au  ΔE=     0.6244 au     16.991 eV   137042.0 cm**-1 <S**2> =   0.000
   E0++E1-E1-E0 S2= 0.0 Sz= 0.0 P=0 :     46.484 (c= 0.6818 0.0000i)
   E0++E2--E0E0 S2= 0.0 Sz= 0.0 P=0 :    44.6355 (c= 0.6681 0.0000i)
   E0++E1-E0E1- S2= 0.0 Sz= 0.0 P=0 :    7.04235 (c= 0.2654 0.0000i)
 Psi 107: E = -2143.9047 au  ΔE=     0.6866 au     18.682 eV   150684.0 cm**-1 <S**2> =   0.000
   E2--E0E0+E0+ S2= 0.0 Sz= 0.0 P=0 :    87.0726 (c= 0.9331-0.0000i)
   E2--E0E0++E0 S2= 0.0 Sz= 0.0 P=0 :    8.85133 (c=-0.2975-0.0000i)
 Psi 108: E = -2143.9046 au  ΔE=     0.6866 au     18.684 eV   150695.6 cm**-1 <S**2> =   0.000
   E0+E0+E0E2-- S2= 0.0 Sz= 0.0 P=0 :    86.9954 (c= 0.9327 0.0000i)
   E0E0++E0E2-- S2= 0.0 Sz= 0.0 P=0 :    8.85175 (c=-0.2975 0.0000i)
 Psi 109: E = -2143.8787 au  ΔE=     0.7125 au     19.387 eV   156370.2 cm**-1 <S**2> =   0.000
   E1-E1-E0E0++ S2= 0.0 Sz= 0.0 P=0 :    88.8615 (c= 0.9427 0.0000i)
   E0E2--E0E0++ S2= 0.0 Sz= 0.0 P=0 :    6.81572 (c=-0.2611 0.0000i)
   E2--E0E0E0++ S2= 0.0 Sz= 0.0 P=0 :    2.10097 (c=-0.1449 0.0000i)
 Psi 110: E = -2143.8787 au  ΔE=     0.7125 au     19.388 eV   156375.7 cm**-1 <S**2> =   0.000
   E0++E0E1-E1- S2= 0.0 Sz= 0.0 P=0 :    88.8224 (c=-0.9425 0.0000i)
   E0++E0E2--E0 S2= 0.0 Sz= 0.0 P=0 :    6.81323 (c= 0.2610 0.0000i)
   E0++E0E0E2-- S2= 0.0 Sz= 0.0 P=0 :    2.10367 (c= 0.1450 0.0000i)
 Psi 111: E = -2143.8420 au  ΔE=     0.7492 au     20.388 eV   164438.6 cm**-1 <S**2> =   0.000
   E2--E0E0++E0 S2= 0.0 Sz= 0.0 P=0 :     88.835 (c=-0.9425 0.0000i)
   E2--E0E0+E0+ S2= 0.0 Sz= 0.0 P=0 :    8.56494 (c=-0.2927 0.0000i)
 Psi 112: E = -2143.8420 au  ΔE=     0.7493 au     20.389 eV   164445.4 cm**-1 <S**2> =   0.000
   E0E0++E0E2-- S2= 0.0 Sz= 0.0 P=0 :    88.7947 (c= 0.9423-0.0000i)
   E0+E0+E0E2-- S2= 0.0 Sz= 0.0 P=0 :    8.56296 (c= 0.2926-0.0000i)
 Psi 113: E = -2143.8032 au  ΔE=     0.7880 au     21.442 eV   172940.2 cm**-1 <S**2> =   0.000
   E0E2--E0E0++ S2= 0.0 Sz= 0.0 P=0 :    90.8481 (c=-0.9531 0.0000i)
   E1-E1-E0E0++ S2= 0.0 Sz= 0.0 P=0 :    6.18697 (c=-0.2487 0.0000i)
 Psi 114: E = -2143.8032 au  ΔE=     0.7880 au     21.443 eV   172945.8 cm**-1 <S**2> =   0.000
   E0++E0E2--E0 S2= 0.0 Sz= 0.0 P=0 :    90.8175 (c= 0.9530-0.0000i)
   E0++E0E1-E1- S2= 0.0 Sz= 0.0 P=0 :    6.18377 (c= 0.2487-0.0000i)
 Psi 115: E = -2143.7491 au  ΔE=     0.8421 au     22.916 eV   184828.4 cm**-1 <S**2> =   0.000
   E2--E0E0E0++ S2= 0.0 Sz= 0.0 P=0 :    95.2843 (c=-0.9761 0.0000i)
   E1-E1-E0E0++ S2= 0.0 Sz= 0.0 P=0 :     2.7547 (c=-0.1660 0.0000i)
 Psi 116: E = -2143.7491 au  ΔE=     0.8421 au     22.916 eV   184828.5 cm**-1 <S**2> =   0.000
   E0++E0E0E2-- S2= 0.0 Sz= 0.0 P=0 :    95.2822 (c= 0.9761 0.0000i)
   E0++E0E1-E1- S2= 0.0 Sz= 0.0 P=0 :    2.75529 (c= 0.1660 0.0000i)

--------------------------------------------------------------------------------------------------
                     ABSORPTION SPECTRUM VIA TRANSITION ELECTRIC DIPOLE MOMENTS                   
--------------------------------------------------------------------------------------------------
       Transition        Energy     Energy  Wavelength fosc(D2)      D2      |DX|    |DY|    |DZ| 
                          (eV)      (cm-1)    (nm)                 (au**2)   (au)    (au)    (au)  
--------------------------------------------------------------------------------------------------
  Psi   0 -> Psi   1    4.019811   32421.9   308.4   0.000000000   0.00000  0.0000  0.0000  0.0000
  Psi   0 -> Psi   2    4.358266   35151.8   284.5   0.009121747   0.08543  0.0000  0.2923  0.0000
  Psi   0 -> Psi   3    4.854193   39151.7   255.4   0.000000000   0.00000  0.0000  0.0000  0.0000
  Psi   0 -> Psi   4    5.256416   42395.8   235.9   0.119697286   0.92947  0.0000  0.9641  0.0000
  Psi   0 -> Psi   5    5.344016   43102.4   232.0   1.114289983   8.51085  0.0000  2.9173  0.0000
  Psi   0 -> Psi   6    5.383329   43419.4   230.3   0.000000008   0.00000  0.0000  0.0002  0.0000
  Psi   0 -> Psi   7    5.593979   45118.4   221.6   0.177786434   1.29724  0.0000  1.1390  0.0000
  Psi   0 -> Psi   8    5.787746   46681.3   214.2   0.000000004   0.00000  0.0000  0.0002  0.0000
  Psi   0 -> Psi   9    5.983674   48261.5   207.2   0.000000001   0.00000  0.0000  0.0001  0.0000
  Psi   0 -> Psi  10    6.029594   48631.9   205.6   0.003231861   0.02188  0.0000  0.1479  0.0000
  Psi   0 -> Psi  11    6.595669   53197.6   188.0   0.000000029   0.00000  0.0000  0.0004  0.0000
  Psi   0 -> Psi  12    6.685984   53926.1   185.4   0.000000051   0.00000  0.0000  0.0006  0.0000
  Psi   0 -> Psi  13    7.000387   56461.9   177.1   0.000000066   0.00000  0.0000  0.0006  0.0000
  Psi   0 -> Psi  14    7.006678   56512.6   177.0   0.000010074   0.00006  0.0000  0.0077  0.0000
  Psi   0 -> Psi  15    7.144582   57624.9   173.5   0.000012947   0.00007  0.0000  0.0000  0.0086
  Psi   0 -> Psi  16    7.157539   57729.4   173.2   0.000009413   0.00005  0.0000  0.0000  0.0073
  Psi   0 -> Psi  17    7.447363   60067.0   166.5   0.000022455   0.00012  0.0000  0.0000  0.0111
  Psi   0 -> Psi  18    7.573471   61084.1   163.7   0.000000555   0.00000  0.0000  0.0000  0.0017
  Psi   0 -> Psi  19    7.736970   62402.8   160.2   0.000000502   0.00000  0.0000  0.0016  0.0000
  Psi   0 -> Psi  20    7.746175   62477.1   160.1   0.000000008   0.00000  0.0000  0.0002  0.0000
  Psi   0 -> Psi  21    8.122404   65511.6   152.6   0.000000652   0.00000  0.0000  0.0000  0.0018
  Psi   0 -> Psi  22    8.523540   68746.9   145.5   0.001622907   0.00777  0.0000  0.0000  0.0882
  Psi   0 -> Psi  23    8.639284   69680.5   143.5   0.000223486   0.00106  0.0000  0.0000  0.0325
  Psi   0 -> Psi  24    8.692928   70113.1   142.6   0.000045297   0.00021  0.0000  0.0000  0.0146
  Psi   0 -> Psi  25    8.748533   70561.6   141.7   0.000112000   0.00052  0.0000  0.0000  0.0229
  Psi   0 -> Psi  26    8.834800   71257.4   140.3   0.000620575   0.00287  0.0000  0.0000  0.0535
  Psi   0 -> Psi  27    8.965868   72314.5   138.3   0.000175918   0.00080  0.0000  0.0000  0.0283
  Psi   0 -> Psi  28    8.979840   72427.2   138.1   0.000427912   0.00195  0.0000  0.0000  0.0441
  Psi   0 -> Psi  29    9.012697   72692.2   137.6   0.000004958   0.00002  0.0000  0.0000  0.0047
  Psi   0 -> Psi  30    9.040929   72920.0   137.1   0.000028903   0.00013  0.0000  0.0000  0.0114
  Psi   0 -> Psi  31    9.133484   73666.5   135.7   0.000204426   0.00091  0.0000  0.0000  0.0302
  Psi   0 -> Psi  32    9.158364   73867.1   135.4   0.000131607   0.00059  0.0000  0.0000  0.0242
  Psi   0 -> Psi  33    9.255944   74654.2   134.0   0.000098709   0.00044  0.0000  0.0000  0.0209
  Psi   0 -> Psi  34    9.319697   75168.4   133.0   0.000026516   0.00012  0.0000  0.0000  0.0108
  Psi   0 -> Psi  35    9.331565   75264.1   132.9   0.000177773   0.00078  0.0000  0.0000  0.0279
  Psi   0 -> Psi  36    9.477628   76442.2   130.8   0.000010947   0.00005  0.0000  0.0000  0.0069
  Psi   0 -> Psi  37    9.497249   76600.4   130.5   0.000000001   0.00000  0.0000  0.0000  0.0001
  Psi   0 -> Psi  38    9.648614   77821.3   128.5   0.000145885   0.00062  0.0000  0.0000  0.0248
  Psi   0 -> Psi  39    9.692065   78171.7   127.9   0.000176600   0.00074  0.0000  0.0000  0.0273
  Psi   0 -> Psi  40    9.727810   78460.0   127.5   0.000061915   0.00026  0.0000  0.0000  0.0161
  Psi   0 -> Psi  41    9.741128   78567.4   127.3   0.000303412   0.00127  0.0000  0.0000  0.0357
  Psi   0 -> Psi  42    9.763190   78745.4   127.0   0.000000185   0.00000  0.0000  0.0000  0.0009
  Psi   0 -> Psi  43    9.779266   78875.0   126.8   0.000012823   0.00005  0.0000  0.0000  0.0073
  Psi   0 -> Psi  44    9.882902   79710.9   125.5   0.000000646   0.00000  0.0000  0.0000  0.0016
  Psi   0 -> Psi  45    9.943754   80201.7   124.7   0.000008875   0.00004  0.0000  0.0000  0.0060
  Psi   0 -> Psi  46    9.969248   80407.3   124.4   0.000001333   0.00001  0.0000  0.0000  0.0023
  Psi   0 -> Psi  47   10.031689   80911.0   123.6   0.000009174   0.00004  0.0000  0.0000  0.0061
  Psi   0 -> Psi  48   10.062810   81162.0   123.2   0.000002459   0.00001  0.0000  0.0000  0.0032
  Psi   0 -> Psi  49   10.134296   81738.5   122.3   0.000012634   0.00005  0.0000  0.0000  0.0071
  Psi   0 -> Psi  50   10.163446   81973.7   122.0   0.000002525   0.00001  0.0000  0.0000  0.0032
  Psi   0 -> Psi  51   10.183963   82139.1   121.7   0.000048756   0.00020  0.0000  0.0000  0.0140
  Psi   0 -> Psi  52   10.222590   82450.7   121.3   0.000023842   0.00010  0.0000  0.0000  0.0098
  Psi   0 -> Psi  53   10.286675   82967.6   120.5   0.000018904   0.00008  0.0000  0.0000  0.0087
  Psi   0 -> Psi  54   10.309678   83153.1   120.3   0.000000937   0.00000  0.0000  0.0000  0.0019
  Psi   0 -> Psi  55   10.399125   83874.5   119.2   0.000003188   0.00001  0.0000  0.0000  0.0035
  Psi   0 -> Psi  56   10.457847   84348.2   118.6   0.000032032   0.00013  0.0000  0.0000  0.0112
  Psi   0 -> Psi  57   10.466305   84416.4   118.5   0.000004646   0.00002  0.0000  0.0000  0.0043
  Psi   0 -> Psi  58   10.507498   84748.6   118.0   0.000004999   0.00002  0.0000  0.0000  0.0044
  Psi   0 -> Psi  59   10.552170   85108.9   117.5   0.000000538   0.00000  0.0000  0.0000  0.0014
  Psi   0 -> Psi  60   10.609119   85568.2   116.9   0.000032628   0.00013  0.0000  0.0000  0.0112
  Psi   0 -> Psi  61   10.706135   86350.7   115.8   0.000017305   0.00007  0.0000  0.0000  0.0081
  Psi   0 -> Psi  62   10.730349   86546.0   115.5   0.000000282   0.00000  0.0000  0.0000  0.0010
  Psi   0 -> Psi  63   10.762030   86801.6   115.2   0.000000200   0.00000  0.0000  0.0000  0.0009
  Psi   0 -> Psi  64   10.830797   87356.2   114.5   0.000007193   0.00003  0.0000  0.0000  0.0052
  Psi   0 -> Psi  65   10.862252   87609.9   114.1   0.000002060   0.00001  0.0000  0.0000  0.0028
  Psi   0 -> Psi  66   10.955813   88364.5   113.2   0.000000429   0.00000  0.0000  0.0000  0.0013
  Psi   0 -> Psi  67   10.982972   88583.6   112.9   0.000002315   0.00001  0.0000  0.0000  0.0029
  Psi   0 -> Psi  68   11.062419   89224.4   112.1   0.000027079   0.00010  0.0000  0.0000  0.0100
  Psi   0 -> Psi  69   11.104928   89567.2   111.6   0.000000057   0.00000  0.0000  0.0000  0.0005
  Psi   0 -> Psi  70   11.168464   90079.7   111.0   0.000002321   0.00001  0.0000  0.0000  0.0029
  Psi   0 -> Psi  71   11.241469   90668.5   110.3   0.000000927   0.00000  0.0000  0.0000  0.0018
  Psi   0 -> Psi  72   11.259973   90817.7   110.1   0.000002592   0.00001  0.0000  0.0000  0.0031
  Psi   0 -> Psi  73   11.376054   91754.0   109.0   0.000000346   0.00000  0.0000  0.0000  0.0011
  Psi   0 -> Psi  74   11.588751   93469.5   107.0   0.000000493   0.00000  0.0000  0.0000  0.0013
  Psi   0 -> Psi  75   11.691165   94295.5   106.0   0.000000596   0.00000  0.0000  0.0000  0.0014
  Psi   0 -> Psi  76   11.859440   95652.8   104.5   0.000000000   0.00000  0.0000  0.0000  0.0000
  Psi   0 -> Psi  77   11.926945   96197.2   104.0   0.000000004   0.00000  0.0000  0.0000  0.0001
  Psi   0 -> Psi  78   12.006328   96837.5   103.3   0.000000031   0.00000  0.0000  0.0000  0.0003
  Psi   0 -> Psi  79   12.006558   96839.3   103.3   0.000000114   0.00000  0.0000  0.0000  0.0006
  Psi   0 -> Psi  80   12.219657   98558.1   101.5   0.000000000   0.00000  0.0000  0.0000  0.0000
  Psi   0 -> Psi  81   12.342607   99549.8   100.5   0.000000061   0.00000  0.0000  0.0000  0.0004
  Psi   0 -> Psi  82   12.346112   99578.0   100.4   0.000000004   0.00000  0.0000  0.0000  0.0001
  Psi   0 -> Psi  83   13.669983  110255.8    90.7   0.000000032   0.00000  0.0000  0.0000  0.0003
  Psi   0 -> Psi  84   13.726115  110708.5    90.3   0.000000000   0.00000  0.0000  0.0000  0.0000
  Psi   0 -> Psi  85   14.283173  115201.5    86.8   0.000000012   0.00000  0.0000  0.0000  0.0002
  Psi   0 -> Psi  86   14.324263  115532.9    86.6   0.000000000   0.00000  0.0000  0.0000  0.0000
  Psi   0 -> Psi  87   14.508958  117022.5    85.5   0.000000002   0.00000  0.0000  0.0000  0.0001
  Psi   0 -> Psi  88   14.538999  117264.8    85.3   0.000000024   0.00000  0.0000  0.0000  0.0003
  Psi   0 -> Psi  89   14.564520  117470.7    85.1   0.000000004   0.00000  0.0000  0.0000  0.0001
  Psi   0 -> Psi  90   14.572588  117535.8    85.1   0.000000000   0.00000  0.0000  0.0000  0.0000
  Psi   0 -> Psi  91   15.253363  123026.6    81.3   0.000000014   0.00000  0.0000  0.0000  0.0002
  Psi   0 -> Psi  92   15.287124  123298.9    81.1   0.000000008   0.00000  0.0000  0.0000  0.0001
  Psi   0 -> Psi  93   15.402860  124232.3    80.5   0.000000012   0.00000  0.0000  0.0000  0.0002
  Psi   0 -> Psi  94   15.422201  124388.3    80.4   0.000000003   0.00000  0.0000  0.0000  0.0001
  Psi   0 -> Psi  95   15.591407  125753.1    79.5   0.000000007   0.00000  0.0000  0.0000  0.0001
  Psi   0 -> Psi  96   15.618154  125968.8    79.4   0.000000000   0.00000  0.0000  0.0000  0.0000
  Psi   0 -> Psi  97   15.704626  126666.3    78.9   0.000000008   0.00000  0.0000  0.0000  0.0001
  Psi   0 -> Psi  98   15.734893  126910.4    78.8   0.000000004   0.00000  0.0000  0.0000  0.0001
  Psi   0 -> Psi  99   15.821619  127609.9    78.4   0.000000004   0.00000  0.0000  0.0000  0.0001
  Psi   0 -> Psi 100   15.838969  127749.8    78.3   0.000000012   0.00000  0.0000  0.0000  0.0002
  Psi   0 -> Psi 101   16.115750  129982.2    76.9   0.000000005   0.00000  0.0000  0.0000  0.0001
  Psi   0 -> Psi 102   16.132534  130117.6    76.9   0.000000001   0.00000  0.0000  0.0000  0.0001
  Psi   0 -> Psi 103   16.675537  134497.2    74.4   0.000000002   0.00000  0.0000  0.0000  0.0001
  Psi   0 -> Psi 104   16.697167  134671.6    74.3   0.000000009   0.00000  0.0000  0.0000  0.0001
  Psi   0 -> Psi 105   16.976457  136924.3    73.0   0.000000001   0.00000  0.0000  0.0000  0.0001
  Psi   0 -> Psi 106   16.991053  137042.0    73.0   0.000000006   0.00000  0.0000  0.0000  0.0001
  Psi   0 -> Psi 107   18.682448  150684.0    66.4   0.000000000   0.00000  0.0000  0.0000  0.0000
  Psi   0 -> Psi 108   18.683883  150695.6    66.4   0.000000000   0.00000  0.0000  0.0000  0.0000
  Psi   0 -> Psi 109   19.387451  156370.2    64.0   0.000000000   0.00000  0.0000  0.0000  0.0000
  Psi   0 -> Psi 110   19.388127  156375.7    63.9   0.000000000   0.00000  0.0000  0.0000  0.0000
  Psi   0 -> Psi 111   20.387805  164438.6    60.8   0.000000000   0.00000  0.0000  0.0000  0.0000
  Psi   0 -> Psi 112   20.388643  164445.4    60.8   0.000000000   0.00000  0.0000  0.0000  0.0000
  Psi   0 -> Psi 113   21.441869  172940.2    57.8   0.000000000   0.00000  0.0000  0.0000  0.0000
  Psi   0 -> Psi 114   21.442559  172945.8    57.8   0.000000000   0.00000  0.0000  0.0000  0.0000
  Psi   0 -> Psi 115   22.915815  184828.4    54.1   0.000000000   0.00000  0.0000  0.0000  0.0000
  Psi   0 -> Psi 116   22.915836  184828.5    54.1   0.000000000   0.00000  0.0000  0.0000  0.0000

       *** SymbolicCI terminated normally ***
Total time:  0 days  5 hours 15 minutes 48 seconds 583 msec
