 $$$$$$\$$\     $$\$$\      $$\$$$$$$$\  $$$$$$\ $$\      $$$$$$\ $$$$$$\
$$  __$$\$$\   $$  $$$\    $$$ $$  __$$\$$  __$$\$$ |     \_$$  _$$  __$$\
$$ /  \__\$$\ $$  /$$$$\  $$$$ $$ |  $$ $$ /  $$ $$ |       $$ | $$ /  \__|
\$$$$$$\  \$$$$  / $$\$$\$$ $$ $$$$$$$\ $$ |  $$ $$ |       $$ | $$ |
 \____$$\  \$$  /  $$ \$$$  $$ $$  __$$\$$ |  $$ $$ |       $$ | $$ |
$$\   $$ |  $$ |   $$ |\$  /$$ $$ |  $$ $$ |  $$ $$ |       $$ | $$ |  $$\
\$$$$$$  |  $$ |   $$ | \_/ $$ $$$$$$$  |$$$$$$  $$$$$$$$\$$$$$$\\$$$$$$  |
 \______/   \__|   \__|     \__\_______/ \______/\________\______|\______/

                               $$$$$$\ $$$$$$\
                              $$  __$$\\_$$  _|
                              $$ /  \__| $$ |
                              $$ |       $$ |
                              $$ |       $$ |
                              $$ |  $$\  $$ |
                              \$$$$$$  $$$$$$\
                               \______/\______|    


           #######################################################
           #                        -***-                        #
           #   Institute of Physical and Theoretical Chemistry   #
           #            Core code : Johannes Greiner             #
           #  Institut für Physikalische und Theoretische Chemie #
           #         Emil-Fischer-Straße 42, Hubland Nord        #
           #                  D-97074 Würzburg                   #
           #                       Germany                       #
           #                                                     #
           #                  All rights reserved                #
           #                        -***-                        #
           #######################################################

                   Program Version 0.2

Multi-threading enabled. Program will use 10 threads.

----------------
Fragment: ethene
----------------

SCF calculation not needed.
Multiplicity        ...             1   
Charge              ...             0   
Number of Electrons ...            16   
Energy (Hartree)    ...      0.000000   
Number of Atoms     ...             6   
Number of Sites     ...             4   


---------
Aggregate
---------

Number of Sides           ...   4   
Number of Basis Functions ... 116   
Number of Atoms           ...   6   
Dimension of Hamiltonian  ...   3   

Starting calculation of integrals
Finished calculation of integrals

-------
Timings
-------

Integral                   ...                                 Duration        %   
                           ...                                                     
Non Relativistic Integrals ...   0 hours  0 minutes  0 seconds 247 msec   100.0%   
Overlap                    ...   0 hours  0 minutes  0 seconds   0 msec     0.4%   
Kinetic                    ...   0 hours  0 minutes  0 seconds   0 msec     0.4%   
Nuclear                    ...   0 hours  0 minutes  0 seconds   1 msec     0.7%   
G Core                     ...   0 hours  0 minutes  0 seconds   0 msec     0.1%   
Electron-Electron          ...   0 hours  0 minutes  0 seconds 242 msec    98.0%   
Dipoles                    ...   0 hours  0 minutes  0 seconds   1 msec     0.4%   

Starting processing state names
Finished processing state names
Measured time:   0 hours  0 minutes  0 seconds   0 msec

Starting building Hamiltonian
Finished building Hamiltonian
Measured time:   0 hours  0 minutes  0 seconds   0 msec

Starting adding correlation correction
Finished adding correlation correction
Measured time:   0 hours  0 minutes  0 seconds   0 msec

Starting diagonalizing Hamiltonian
Finished diagonalizing Hamiltonian
Measured time:   0 hours  0 minutes  0 seconds   0 msec


-----------------------
Adiabatic Wavefunctions
-----------------------

 Psi   0: E =   -78.4132 au  ΔE=     0.0000 au      0.000 eV        0.0 cm**-1 <S**2> =   0.000
   20 S2= 0.0 Sz= 0.0 P=0 :    96.4182 (c= 0.9819 0.0000i)
   02 S2= 0.0 Sz= 0.0 P=0 :    3.58178 (c=-0.1893 0.0000i)
 Psi   1: E =   -78.1052 au  ΔE=     0.3081 au      8.383 eV    67611.2 cm**-1 <S**2> =   0.000
   11 S2= 0.0 Sz= 0.0 P=0 :        100 (c=-1.0000 0.0000i)
 Psi   2: E =   -77.8999 au  ΔE=     0.5133 au     13.968 eV   112662.1 cm**-1 <S**2> =   0.000
   02 S2= 0.0 Sz= 0.0 P=0 :    96.4182 (c=-0.9819 0.0000i)
   20 S2= 0.0 Sz= 0.0 P=0 :    3.58178 (c=-0.1893 0.0000i)

--------------------------------------------------------------------------------------------------
                     ABSORPTION SPECTRUM VIA TRANSITION ELECTRIC DIPOLE MOMENTS                   
--------------------------------------------------------------------------------------------------
       Transition        Energy     Energy  Wavelength fosc(D2)      D2      |DX|    |DY|    |DZ| 
                          (eV)      (cm-1)    (nm)                 (au**2)   (au)    (au)    (au)  
--------------------------------------------------------------------------------------------------
  Psi   0 -> Psi   1    8.382728   67611.2   147.9   0.481340571   2.34374  1.5309  0.0000  0.0000
  Psi   0 -> Psi   2   13.968325  112662.1    88.8   0.000000000   0.00000  0.0000  0.0000  0.0000

       *** SymbolicCI terminated normally ***
Total time:  0 days  0 hours  0 minutes  0 seconds 297 msec
